2025-05-05 10:02:17,763 INFO  Services_GIS_ServicesMenu - Submenu clicked
2025-05-05 10:02:17,775 INFO  Services_GIS_ServicesMenu - BIM Services Sub Menu Validated
2025-05-05 10:02:19,054 INFO  Services_GIS_ServicesMenu - URL Entered
2025-05-05 10:02:19,209 INFO  Services_GIS_ServicesMenu - Mousehover to the Service Menu
2025-05-05 10:02:19,739 INFO  Services_GIS_ServicesMenu - Mousehover to the GIS Services SubMenu
2025-05-05 10:02:21,968 INFO  Services_GIS_ServicesMenu - Submenu clicked
2025-05-05 10:02:21,982 INFO  Services_GIS_ServicesMenu - Digital Photogrammetry Services Sub Menu Validated
2025-05-05 10:02:22,765 INFO  Services_GIS_ServicesMenu - URL Entered
2025-05-05 10:02:23,314 INFO  Services_GIS_ServicesMenu - Mousehover to the Service Menu
2025-05-05 10:02:23,372 INFO  Services_GIS_ServicesMenu - Mousehover to the GIS Services SubMenu
2025-05-05 10:02:25,012 INFO  Services_GIS_ServicesMenu - Submenu clicked
2025-05-05 10:02:25,041 INFO  Services_GIS_ServicesMenu - LiDAR Services Sub Menu Validated
2025-05-05 10:02:26,099 INFO  Services_GIS_ServicesMenu - URL Entered
2025-05-05 10:02:26,579 INFO  Services_GIS_ServicesMenu - Mousehover to the Service Menu
2025-05-05 10:02:26,667 INFO  Services_GIS_ServicesMenu - Mousehover to the GIS Services SubMenu
2025-05-05 10:02:29,788 INFO  Services_GIS_ServicesMenu - Submenu clicked
2025-05-05 10:02:29,815 INFO  Services_GIS_ServicesMenu - Mobile LiDAR Sub Menu Validated
2025-05-05 10:02:30,688 INFO  Services_GIS_ServicesMenu - URL Entered
2025-05-05 10:02:31,203 INFO  Services_GIS_ServicesMenu - Mousehover to the Service Menu
2025-05-05 10:02:31,280 INFO  Services_GIS_ServicesMenu - Mousehover to the GIS Services SubMenu
2025-05-05 10:02:34,390 INFO  Services_GIS_ServicesMenu - Submenu clicked
2025-05-05 10:02:34,404 INFO  Services_GIS_ServicesMenu - Orthophoto Process Sub Menu Validated
