2025-05-05 10:01:35,112 INFO  Services_HireOurDedicatedDevelopers - Submenu clicked
2025-05-05 10:01:35,133 INFO  Services_HireOurDedicatedDevelopers - Hire Our Android Developer Sub Menu Validated
2025-05-05 10:01:35,424 INFO  Services_HireOurDedicatedDevelopers - URL Entered
2025-05-05 10:01:35,701 INFO  Services_HireOurDedicatedDevelopers - Mousehover to the Service Menu
2025-05-05 10:01:36,595 INFO  Services_HireOurDedicatedDevelopers -  MouseOver to Hire Our Dedicated Developers Submenu
2025-05-05 10:01:37,434 INFO  Services_HireOurDedicatedDevelopers - Submenu clicked
2025-05-05 10:01:37,450 INFO  Services_HireOurDedicatedDevelopers - Hire Our iOS Developers Sub Menu Validated
2025-05-05 10:01:37,712 INFO  Services_HireOurDedicatedDevelopers - URL Entered
2025-05-05 10:01:37,937 INFO  Services_HireOurDedicatedDevelopers - Mousehover to the Service Menu
2025-05-05 10:01:38,412 INFO  Services_HireOurDedicatedDevelopers -  MouseOver to Hire Our Dedicated Developers Submenu
2025-05-05 10:01:39,059 INFO  Services_HireOurDedicatedDevelopers - Submenu clicked
2025-05-05 10:01:39,077 INFO  Services_HireOurDedicatedDevelopers - Hire Our WordPress Developers Sub Menu Validated
2025-05-05 10:01:39,383 INFO  Services_HireOurDedicatedDevelopers - URL Entered
2025-05-05 10:01:39,879 INFO  Services_HireOurDedicatedDevelopers - Mousehover to the Service Menu
2025-05-05 10:01:40,170 INFO  Services_HireOurDedicatedDevelopers -  MouseOver to Hire Our Dedicated Developers Submenu
2025-05-05 10:01:40,821 INFO  Services_HireOurDedicatedDevelopers - Submenu clicked
2025-05-05 10:01:40,838 INFO  Services_HireOurDedicatedDevelopers - Hire Our PHP Developers Sub Menu Validated
2025-05-05 10:01:41,121 INFO  Services_HireOurDedicatedDevelopers - URL Entered
2025-05-05 10:01:41,622 INFO  Services_HireOurDedicatedDevelopers - Mousehover to the Service Menu
2025-05-05 10:01:41,841 INFO  Services_HireOurDedicatedDevelopers -  MouseOver to Hire Our Dedicated Developers Submenu
2025-05-05 10:01:42,602 INFO  Services_HireOurDedicatedDevelopers - Submenu clicked
2025-05-05 10:01:42,618 INFO  Services_HireOurDedicatedDevelopers - Hire Our .NET Developers Sub Menu Validated
