2025-05-05 09:55:36,351 INFO  Forms_Validation - Submenu clicked
2025-05-05 09:55:38,453 INFO  Forms_Validation - Name of the company Field Validated
2025-05-05 09:55:41,355 INFO  Forms_Validation - Number of employees is Validated
2025-05-05 09:55:44,152 INFO  Forms_Validation - Company Type is Validated
2025-05-05 09:55:46,906 INFO  Forms_Validation - Industry Experience Field is Validated
2025-05-05 09:55:54,741 INFO  Forms_Validation - TEch Expertise is Validated
2025-05-05 09:55:54,841 INFO  Forms_Validation - Tax ID Field Validated
2025-05-05 09:55:55,990 INFO  Forms_Validation - Registration Number Field Validated
2025-05-05 09:55:56,190 INFO  Forms_Validation - Address Field Validated
2025-05-05 09:55:56,321 INFO  Forms_Validation - City Field Validated
2025-05-05 09:55:56,442 INFO  Forms_Validation - Website Field Validated
2025-05-05 09:55:56,588 INFO  Forms_Validation - Portfolio URL Field Validated
2025-05-05 09:55:56,717 INFO  Forms_Validation - Name of the Contact person Field Validated
2025-05-05 09:55:56,828 INFO  Forms_Validation - Job title of contact person Field Validated
2025-05-05 09:55:56,953 INFO  Forms_Validation - Contact Number Field Validated
2025-05-05 09:55:57,077 INFO  Forms_Validation - Whatsapp  Field Validated
2025-05-05 09:55:57,225 INFO  Forms_Validation - Email field Field Validated
2025-05-05 09:55:57,375 INFO  Forms_Validation - Bank Details Field Validated
2025-05-05 09:55:57,491 INFO  Forms_Validation - Any Relevant Certificate Field Validated
2025-05-05 09:55:57,603 INFO  Forms_Validation - Decision Maker Field Validated
2025-05-05 09:55:57,753 INFO  Forms_Validation - Decision maker Email Field Validated
2025-05-05 09:55:58,017 INFO  Forms_Validation - Brief Description about the company Field Validated
2025-05-05 09:55:58,017 INFO  Forms_Validation - Vendor Registration form Validated
