2025-05-05 10:00:26,957 INFO  Services_MobileAppMarketingAgency_Menu - Submenu clicked
2025-05-05 10:00:28,474 INFO  Services_MobileAppMarketingAgency_Menu - App Store Optimization Services Sub Menu Validated
2025-05-05 10:00:28,783 INFO  Services_MobileAppMarketingAgency_Menu - URL Entered
2025-05-05 10:00:28,980 INFO  Services_MobileAppMarketingAgency_Menu - Mousehover to the Service Menu
2025-05-05 10:00:29,669 INFO  Services_MobileAppMarketingAgency_Menu - Mousehover to the Mobile App Marketing Agency Submenu
2025-05-05 10:00:32,506 INFO  Services_MobileAppMarketingAgency_Menu - Submenu clicked
2025-05-05 10:00:34,011 INFO  Services_MobileAppMarketingAgency_Menu - Localization Sub Menu Validated
2025-05-05 10:00:34,318 INFO  Services_MobileAppMarketingAgency_Menu - URL Entered
2025-05-05 10:00:34,549 INFO  Services_MobileAppMarketingAgency_Menu - Mousehover to the Service Menu
2025-05-05 10:00:35,160 INFO  Services_MobileAppMarketingAgency_Menu - Mousehover to the Mobile App Marketing Agency Submenu
2025-05-05 10:00:37,727 INFO  Services_MobileAppMarketingAgency_Menu - Submenu clicked
2025-05-05 10:00:39,245 INFO  Services_MobileAppMarketingAgency_Menu - User Engagement Sub Menu Validated
2025-05-05 10:00:39,540 INFO  Services_MobileAppMarketingAgency_Menu - URL Entered
2025-05-05 10:00:40,041 INFO  Services_MobileAppMarketingAgency_Menu - Mousehover to the Service Menu
2025-05-05 10:00:40,242 INFO  Services_MobileAppMarketingAgency_Menu - Mousehover to the Mobile App Marketing Agency Submenu
2025-05-05 10:00:42,872 INFO  Services_MobileAppMarketingAgency_Menu - Submenu clicked
2025-05-05 10:00:44,407 INFO  Services_MobileAppMarketingAgency_Menu - Android Apps Marketing Sub Menu Validated
2025-05-05 10:00:44,750 INFO  Services_MobileAppMarketingAgency_Menu - URL Entered
2025-05-05 10:00:44,952 INFO  Services_MobileAppMarketingAgency_Menu - Mousehover to the Service Menu
2025-05-05 10:00:45,427 INFO  Services_MobileAppMarketingAgency_Menu - Mousehover to the Mobile App Marketing Agency Submenu
2025-05-05 10:00:48,908 INFO  Services_MobileAppMarketingAgency_Menu - Submenu clicked
2025-05-05 10:00:50,438 INFO  Services_MobileAppMarketingAgency_Menu - iPhone Apps Marketing Sub Menu Validated
2025-05-05 10:00:50,874 INFO  Services_MobileAppMarketingAgency_Menu - URL Entered
2025-05-05 10:00:51,366 INFO  Services_MobileAppMarketingAgency_Menu - Mousehover to the Service Menu
2025-05-05 10:00:51,797 INFO  Services_MobileAppMarketingAgency_Menu - Mousehover to the Mobile App Marketing Agency Submenu
2025-05-05 10:00:55,228 INFO  Services_MobileAppMarketingAgency_Menu - Submenu clicked
2025-05-05 10:00:56,760 INFO  Services_MobileAppMarketingAgency_Menu - Free Consulations Service Sub Menu Validated
2025-05-05 10:00:57,351 INFO  Services_MobileAppMarketingAgency_Menu - URL Entered
2025-05-05 10:00:57,535 INFO  Services_MobileAppMarketingAgency_Menu - Mousehover to the Service Menu
2025-05-05 10:00:58,088 INFO  Services_MobileAppMarketingAgency_Menu - Mousehover to the Mobile App Marketing Agency Submenu
2025-05-05 10:01:01,270 INFO  Services_MobileAppMarketingAgency_Menu - Submenu clicked
2025-05-05 10:01:02,800 INFO  Services_MobileAppMarketingAgency_Menu - Mobile App Ads Campaign Management Sub Menu Validated
2025-05-05 10:01:03,100 INFO  Services_MobileAppMarketingAgency_Menu - URL Entered
2025-05-05 10:01:03,557 INFO  Services_MobileAppMarketingAgency_Menu - Mousehover to the Service Menu
2025-05-05 10:01:03,707 INFO  Services_MobileAppMarketingAgency_Menu - Mousehover to the Mobile App Marketing Agency Submenu
2025-05-05 10:01:06,485 INFO  Services_MobileAppMarketingAgency_Menu - Submenu clicked
2025-05-05 10:01:08,016 INFO  Services_MobileAppMarketingAgency_Menu - Mobile Games Marketing Sub Menu Validated
2025-05-05 10:01:08,390 INFO  Services_MobileAppMarketingAgency_Menu - URL Entered
2025-05-05 10:01:08,579 INFO  Services_MobileAppMarketingAgency_Menu - Mousehover to the Service Menu
2025-05-05 10:01:09,303 INFO  Services_MobileAppMarketingAgency_Menu - Mousehover to the Mobile App Marketing Agency Submenu
2025-05-05 10:01:11,971 INFO  Services_MobileAppMarketingAgency_Menu - Submenu clicked
2025-05-05 10:01:13,472 INFO  Services_MobileAppMarketingAgency_Menu - Mobile Pre Launch Activities Sub Menu Validated
2025-05-05 10:01:13,844 INFO  Services_MobileAppMarketingAgency_Menu - URL Entered
2025-05-05 10:01:14,090 INFO  Services_MobileAppMarketingAgency_Menu - Mousehover to the Service Menu
2025-05-05 10:01:14,800 INFO  Services_MobileAppMarketingAgency_Menu - Mousehover to the Mobile App Marketing Agency Submenu
2025-05-05 10:01:17,447 INFO  Services_MobileAppMarketingAgency_Menu - Submenu clicked
2025-05-05 10:01:18,950 INFO  Services_MobileAppMarketingAgency_Menu - Mobile App Market Research Sub Menu Validated
2025-05-05 10:01:19,350 INFO  Services_MobileAppMarketingAgency_Menu - URL Entered
2025-05-05 10:01:19,844 INFO  Services_MobileAppMarketingAgency_Menu - Mousehover to the Service Menu
2025-05-05 10:01:20,032 INFO  Services_MobileAppMarketingAgency_Menu - Mousehover to the Mobile App Marketing Agency Submenu
2025-05-05 10:01:22,760 INFO  Services_MobileAppMarketingAgency_Menu - Submenu clicked
2025-05-05 10:01:24,283 INFO  Services_MobileAppMarketingAgency_Menu - Mobile App Growth Marketing Sub Menu Validated
2025-05-05 10:01:24,688 INFO  Services_MobileAppMarketingAgency_Menu - URL Entered
2025-05-05 10:01:24,904 INFO  Services_MobileAppMarketingAgency_Menu - Mousehover to the Service Menu
2025-05-05 10:01:25,644 INFO  Services_MobileAppMarketingAgency_Menu - Mousehover to the Mobile App Marketing Agency Submenu
2025-05-05 10:01:28,343 INFO  Services_MobileAppMarketingAgency_Menu - Submenu clicked
2025-05-05 10:01:29,847 INFO  Services_MobileAppMarketingAgency_Menu - Mobile App Prototype Sub Menu Validated
