2025-05-05 09:56:14,041 INFO  Header_Services_Submenu - Submenu clicked
2025-05-05 09:56:14,074 INFO  Header_Services_Submenu - Mobile App Marketing Agency Sub Menu Validated
2025-05-05 09:56:14,401 INFO  Header_Services_Submenu - URL Entered
2025-05-05 09:56:14,912 INFO  Header_Services_Submenu - Mousehover to the Service Menu
2025-05-05 09:56:15,849 INFO  Header_Services_Submenu - Submenu clicked
2025-05-05 09:56:15,918 INFO  Header_Services_Submenu - Hire Our Didicated Developers Sub Menu Validated
2025-05-05 09:56:16,233 INFO  Header_Services_Submenu - URL Entered
2025-05-05 09:56:16,731 INFO  Header_Services_Submenu - Mousehover to the Service Menu
2025-05-05 09:56:16,840 INFO  Header_Services_Submenu - Submenu clicked
2025-05-05 09:56:16,841 INFO  Header_Services_Submenu - Web Design and Development Sub Menu Not Clickable
2025-05-05 09:56:17,424 INFO  Header_Services_Submenu - URL Entered
2025-05-05 09:56:17,632 INFO  Header_Services_Submenu - Mousehover to the Service Menu
2025-05-05 09:56:18,612 INFO  Header_Services_Submenu - Submenu clicked
2025-05-05 09:56:18,672 INFO  Header_Services_Submenu - Business Consulting Services Sub Menu Validated
2025-05-05 09:56:19,043 INFO  Header_Services_Submenu - URL Entered
2025-05-05 09:56:19,304 INFO  Header_Services_Submenu - Mousehover to the Service Menu
2025-05-05 09:56:20,206 INFO  Header_Services_Submenu - Submenu clicked
2025-05-05 09:56:30,900 INFO  Header_Services_Submenu - URL Entered
2025-05-05 09:56:31,453 INFO  Header_Services_Submenu - Mousehover to the Service Menu
2025-05-05 09:56:34,790 INFO  Header_Services_Submenu - Submenu clicked
2025-05-05 09:56:34,814 INFO  Header_Services_Submenu - GIS Services Sub Menu Validated
