2025-05-05 09:58:26,330 INFO  Home_Page_Footer_Menu - iOS App Development Menu clicked
2025-05-05 09:58:26,348 INFO  Home_Page_Footer_Menu - iOS App Development Menu Validated
2025-05-05 09:58:26,685 INFO  Home_Page_Footer_Menu - URL Entered
2025-05-05 09:58:27,942 INFO  Home_Page_Footer_Menu - Android App Development Menu clicked
2025-05-05 09:58:27,959 INFO  Home_Page_Footer_Menu - Android App Development Menu Validated
2025-05-05 09:58:28,291 INFO  Home_Page_Footer_Menu - URL Entered
2025-05-05 09:58:29,890 INFO  Home_Page_Footer_Menu - Mobile Games Marketing Menu clicked
2025-05-05 09:58:29,907 INFO  Home_Page_Footer_Menu - Mobile Games Marketing Menu Validated
2025-05-05 09:58:30,373 INFO  Home_Page_Footer_Menu - URL Entered
2025-05-05 09:58:32,712 INFO  Home_Page_Footer_Menu - App Store Optimization Services Menu clicked
2025-05-05 09:58:32,743 INFO  Home_Page_Footer_Menu - App Store Optimization Services Menu Validated
2025-05-05 09:58:33,077 INFO  Home_Page_Footer_Menu - URL Entered
2025-05-05 09:58:34,474 INFO  Home_Page_Footer_Menu - IoT Development Services Menu clicked
2025-05-05 09:58:34,501 INFO  Home_Page_Footer_Menu - IoT Development Services Menu Validated
2025-05-05 09:58:34,856 INFO  Home_Page_Footer_Menu - URL Entered
2025-05-05 09:58:35,699 INFO  Home_Page_Footer_Menu - AI Services Menu clicked
2025-05-05 09:58:46,550 INFO  Home_Page_Footer_Menu - URL Entered
2025-05-05 09:58:48,063 INFO  Home_Page_Footer_Menu - GIS Services Menu clicked
2025-05-05 09:58:48,084 INFO  Home_Page_Footer_Menu - GIS Services Menu Validated
2025-05-05 09:58:49,317 INFO  Home_Page_Footer_Menu - URL Entered
2025-05-05 09:58:51,037 INFO  Home_Page_Footer_Menu - Web App Development Menu clicked
2025-05-05 09:58:51,076 INFO  Home_Page_Footer_Menu - Web App Development Menu Validated
2025-05-05 09:58:51,439 INFO  Home_Page_Footer_Menu - URL Entered
2025-05-05 09:58:52,800 INFO  Home_Page_Footer_Menu - Wallet Integration Menu clicked
2025-05-05 09:58:52,812 INFO  Home_Page_Footer_Menu - Wallet Integration Menu Validated
2025-05-05 09:58:53,168 INFO  Home_Page_Footer_Menu - URL Entered
2025-05-05 09:58:54,429 INFO  Home_Page_Footer_Menu - Conversion Rate Optimization Services Menu clicked
2025-05-05 09:58:54,449 INFO  Home_Page_Footer_Menu - Conversion Rate Optimization Services Menu Validated
2025-05-05 09:58:54,837 INFO  Home_Page_Footer_Menu - URL Entered
2025-05-05 09:58:56,230 INFO  Home_Page_Footer_Menu - Performance Marketing Services Menu clicked
2025-05-05 09:58:56,392 INFO  Home_Page_Footer_Menu -  Performance Marketing Services Menu Validated
2025-05-05 09:58:56,740 INFO  Home_Page_Footer_Menu - URL Entered
2025-05-05 09:58:56,983 INFO  Home_Page_Footer_Menu - School Management Software Menu clicked
2025-05-05 09:58:59,094 INFO  Home_Page_Footer_Menu - School Management Software Menu Validated
2025-05-05 09:58:59,678 INFO  Home_Page_Footer_Menu - URL Entered
2025-05-05 09:58:59,884 INFO  Home_Page_Footer_Menu - Intelligent Business Process Automation Software Menu clicked
2025-05-05 09:59:01,189 INFO  Home_Page_Footer_Menu - Intelligent Business Process Automation Software Menu Validated
