2025-05-05 10:00:05,475 INFO  Services_DigitalMarketingMenu - Submenu clicked
2025-05-05 10:00:05,495 INFO  Services_DigitalMarketingMenu - PPC Management & Strategy Sub Menu Validated
2025-05-05 10:00:05,861 INFO  Services_DigitalMarketingMenu - URL Entered
2025-05-05 10:00:06,351 INFO  Services_DigitalMarketingMenu - Mousehover to the Service Menu
2025-05-05 10:00:06,428 INFO  Services_DigitalMarketingMenu - Mousehover to the Digital Marketing Submenu
2025-05-05 10:00:07,092 INFO  Services_DigitalMarketingMenu - Submenu clicked
2025-05-05 10:00:07,147 INFO  Services_DigitalMarketingMenu - Social Media Management & Strategy Sub Menu Validated
2025-05-05 10:00:07,473 INFO  Services_DigitalMarketingMenu - URL Entered
2025-05-05 10:00:07,735 INFO  Services_DigitalMarketingMenu - Mousehover to the Service Menu
2025-05-05 10:00:08,113 INFO  Services_DigitalMarketingMenu - Mousehover to the Digital Marketing Submenu
2025-05-05 10:00:09,273 INFO  Services_DigitalMarketingMenu - Submenu clicked
2025-05-05 10:00:09,293 INFO  Services_DigitalMarketingMenu - Conversion Rate Optimization Services Sub Menu Validated
2025-05-05 10:00:09,654 INFO  Services_DigitalMarketingMenu - URL Entered
2025-05-05 10:00:09,924 INFO  Services_DigitalMarketingMenu - Mousehover to the Service Menu
2025-05-05 10:00:10,346 INFO  Services_DigitalMarketingMenu - Mousehover to the Digital Marketing Submenu
2025-05-05 10:00:11,558 INFO  Services_DigitalMarketingMenu - Submenu clicked
2025-05-05 10:00:11,574 INFO  Services_DigitalMarketingMenu - Multilingual SEO Sub Menu Validated
2025-05-05 10:00:11,924 INFO  Services_DigitalMarketingMenu - URL Entered
2025-05-05 10:00:12,415 INFO  Services_DigitalMarketingMenu - Mousehover to the Service Menu
2025-05-05 10:00:12,502 INFO  Services_DigitalMarketingMenu - Mousehover to the Digital Marketing Submenu
2025-05-05 10:00:13,141 INFO  Services_DigitalMarketingMenu - Submenu clicked
2025-05-05 10:00:13,158 INFO  Services_DigitalMarketingMenu - Google Search Optimization Sub Menu Validated
2025-05-05 10:00:13,528 INFO  Services_DigitalMarketingMenu - URL Entered
2025-05-05 10:00:14,025 INFO  Services_DigitalMarketingMenu - Mousehover to the Service Menu
2025-05-05 10:00:14,099 INFO  Services_DigitalMarketingMenu - Mousehover to the Digital Marketing Submenu
2025-05-05 10:00:14,687 INFO  Services_DigitalMarketingMenu - Submenu clicked
2025-05-05 10:00:14,711 INFO  Services_DigitalMarketingMenu - Google Grants Sub Menu Validated
2025-05-05 10:00:15,092 INFO  Services_DigitalMarketingMenu - URL Entered
2025-05-05 10:00:15,582 INFO  Services_DigitalMarketingMenu - Mousehover to the Service Menu
2025-05-05 10:00:15,658 INFO  Services_DigitalMarketingMenu - Mousehover to the Digital Marketing Submenu
2025-05-05 10:00:16,782 INFO  Services_DigitalMarketingMenu - Submenu clicked
2025-05-05 10:00:16,803 INFO  Services_DigitalMarketingMenu - Inbound marketing services Sub Menu Validated
2025-05-05 10:00:17,186 INFO  Services_DigitalMarketingMenu - URL Entered
2025-05-05 10:00:17,677 INFO  Services_DigitalMarketingMenu - Mousehover to the Service Menu
2025-05-05 10:00:17,747 INFO  Services_DigitalMarketingMenu - Mousehover to the Digital Marketing Submenu
2025-05-05 10:00:18,368 INFO  Services_DigitalMarketingMenu - Submenu clicked
2025-05-05 10:00:18,391 INFO  Services_DigitalMarketingMenu - DV360 Traffic Management Services Sub Menu Validated
2025-05-05 10:00:18,735 INFO  Services_DigitalMarketingMenu - URL Entered
2025-05-05 10:00:19,222 INFO  Services_DigitalMarketingMenu - Mousehover to the Service Menu
2025-05-05 10:00:19,350 INFO  Services_DigitalMarketingMenu - Mousehover to the Digital Marketing Submenu
2025-05-05 10:00:20,076 INFO  Services_DigitalMarketingMenu - Submenu clicked
2025-05-05 10:00:20,094 INFO  Services_DigitalMarketingMenu - Account Based Marketing Services Sub Menu Validated
