2025-05-05 10:02:04,185 INFO  Services_WebDesignAndDevelopment_CMS_Submenu - Drupal Development Submenu clicked
2025-05-05 10:02:04,203 INFO  Services_WebDesignAndDevelopment_CMS_Submenu - Drupal Development Sub Menu Validated
2025-05-05 10:02:04,591 INFO  Services_WebDesignAndDevelopment_CMS_Submenu - URL Entered
2025-05-05 10:02:04,785 INFO  Services_WebDesignAndDevelopment_CMS_Submenu - Mousehover to the Service Menu
2025-05-05 10:02:05,290 INFO  Services_WebDesignAndDevelopment_CMS_Submenu - MouseOver to Web Design & Development Submenu
2025-05-05 10:02:05,536 INFO  Services_WebDesignAndDevelopment_CMS_Submenu - MouseOver to Content Management System Submenu
2025-05-05 10:02:06,177 INFO  Services_WebDesignAndDevelopment_CMS_Submenu - Joomla! Development Submenu clicked
2025-05-05 10:02:06,207 INFO  Services_WebDesignAndDevelopment_CMS_Submenu - Joomla! Development Sub Menu Validated
2025-05-05 10:02:06,494 INFO  Services_WebDesignAndDevelopment_CMS_Submenu - URL Entered
2025-05-05 10:02:06,715 INFO  Services_WebDesignAndDevelopment_CMS_Submenu - Mousehover to the Service Menu
2025-05-05 10:02:07,230 INFO  Services_WebDesignAndDevelopment_CMS_Submenu - MouseOver to Web Design & Development Submenu
2025-05-05 10:02:07,399 INFO  Services_WebDesignAndDevelopment_CMS_Submenu - MouseOver to Content Management System Submenu
2025-05-05 10:02:07,996 INFO  Services_WebDesignAndDevelopment_CMS_Submenu - Magento Development Submenu clicked
2025-05-05 10:02:08,015 INFO  Services_WebDesignAndDevelopment_CMS_Submenu - Magento Development Sub Menu Validated
2025-05-05 10:02:08,334 INFO  Services_WebDesignAndDevelopment_CMS_Submenu - URL Entered
2025-05-05 10:02:08,818 INFO  Services_WebDesignAndDevelopment_CMS_Submenu - Mousehover to the Service Menu
2025-05-05 10:02:09,021 INFO  Services_WebDesignAndDevelopment_CMS_Submenu - MouseOver to Web Design & Development Submenu
2025-05-05 10:02:09,193 INFO  Services_WebDesignAndDevelopment_CMS_Submenu - MouseOver to Content Management System Submenu
2025-05-05 10:02:09,867 INFO  Services_WebDesignAndDevelopment_CMS_Submenu - Woocommerce Submenu clicked
2025-05-05 10:02:09,903 INFO  Services_WebDesignAndDevelopment_CMS_Submenu - Woocommerce Sub Menu Validated
2025-05-05 10:02:10,259 INFO  Services_WebDesignAndDevelopment_CMS_Submenu - URL Entered
2025-05-05 10:02:10,743 INFO  Services_WebDesignAndDevelopment_CMS_Submenu - Mousehover to the Service Menu
2025-05-05 10:02:10,943 INFO  Services_WebDesignAndDevelopment_CMS_Submenu - MouseOver to Web Design & Development Submenu
2025-05-05 10:02:11,230 INFO  Services_WebDesignAndDevelopment_CMS_Submenu - MouseOver to Content Management System Submenu
2025-05-05 10:02:11,772 INFO  Services_WebDesignAndDevelopment_CMS_Submenu - WordPress Development Submenu clicked
2025-05-05 10:02:11,791 INFO  Services_WebDesignAndDevelopment_CMS_Submenu - WordPress Development Sub Menu Validated
