2025-05-05 09:59:18,480 INFO  Services_MobileAppDevelopmentMenu - Submenu clicked
2025-05-05 09:59:18,493 INFO  Services_MobileAppDevelopmentMenu - Android App Development Sub Menu Validated
2025-05-05 09:59:18,773 INFO  Services_MobileAppDevelopmentMenu - URL Entered
2025-05-05 09:59:18,985 INFO  Services_MobileAppDevelopmentMenu - Mousehover to the Service Menu
2025-05-05 09:59:19,910 INFO  Services_MobileAppDevelopmentMenu - Mousehover to the Mobile App development Submenu
2025-05-05 09:59:20,649 INFO  Services_MobileAppDevelopmentMenu - Submenu clicked
2025-05-05 09:59:20,702 INFO  Services_MobileAppDevelopmentMenu - Enterprise Mobile Application Development Sub Menu Validated
2025-05-05 09:59:21,007 INFO  Services_MobileAppDevelopmentMenu - URL Entered
2025-05-05 09:59:21,499 INFO  Services_MobileAppDevelopmentMenu - Mousehover to the Service Menu
2025-05-05 09:59:21,699 INFO  Services_MobileAppDevelopmentMenu - Mousehover to the Mobile App development Submenu
2025-05-05 09:59:38,623 INFO  Services_MobileAppDevelopmentMenu - Submenu clicked
2025-05-05 09:59:38,698 INFO  Services_MobileAppDevelopmentMenu - Startup App Development Sub Menu Validated
2025-05-05 09:59:39,227 INFO  Services_MobileAppDevelopmentMenu - URL Entered
2025-05-05 09:59:39,456 INFO  Services_MobileAppDevelopmentMenu - Mousehover to the Service Menu
2025-05-05 09:59:40,142 INFO  Services_MobileAppDevelopmentMenu - Mousehover to the Mobile App development Submenu
2025-05-05 09:59:40,837 INFO  Services_MobileAppDevelopmentMenu - Submenu clicked
2025-05-05 09:59:40,894 INFO  Services_MobileAppDevelopmentMenu - iOS App Development Sub Menu Validated
2025-05-05 09:59:41,199 INFO  Services_MobileAppDevelopmentMenu - URL Entered
2025-05-05 09:59:41,497 INFO  Services_MobileAppDevelopmentMenu - Mousehover to the Service Menu
2025-05-05 09:59:41,854 INFO  Services_MobileAppDevelopmentMenu - Mousehover to the Mobile App development Submenu
2025-05-05 09:59:43,652 INFO  Services_MobileAppDevelopmentMenu - Submenu clicked
2025-05-05 09:59:43,676 INFO  Services_MobileAppDevelopmentMenu - Blockchain Development Sub Menu Validated
