2024-11-29 13:19:15,207 INFO  Header_About_Us_SubMenu - Submenu clicked
2024-11-29 13:19:15,721 INFO  Header_About_Us_SubMenu - Meet the Team Sub Menu Validated
2024-11-29 13:19:16,262 INFO  Header_About_Us_SubMenu - URL Entered
2024-11-29 13:19:16,292 INFO  Header_About_Us_SubMenu - Submenu clicked
2024-11-29 13:19:16,863 INFO  Header_About_Us_SubMenu - Our Clients Sub Menu Validated
2024-11-29 13:19:17,361 INFO  Header_About_Us_SubMenu - URL Entered
2024-11-29 13:19:17,394 INFO  Header_About_Us_SubMenu - Submenu clicked
2024-11-29 13:19:17,930 INFO  Header_About_Us_SubMenu - Products Sub Menu Validated
2024-11-29 13:19:18,405 INFO  Header_About_Us_SubMenu - URL Entered
2024-11-29 13:19:18,437 INFO  Header_About_Us_SubMenu - Submenu clicked
2024-11-29 13:19:18,950 INFO  Header_About_Us_SubMenu - Become Our Representative Sub Menu Validated
2024-11-29 13:19:19,452 INFO  Header_About_Us_SubMenu - URL Entered
2024-11-29 13:19:19,479 INFO  Header_About_Us_SubMenu - Submenu clicked
2024-11-29 13:19:20,021 INFO  Header_About_Us_SubMenu - Business Models Sub Menu Validated
2024-11-29 13:19:20,530 INFO  Header_About_Us_SubMenu - URL Entered
2024-11-29 13:19:20,560 INFO  Header_About_Us_SubMenu - Submenu clicked
2024-11-29 13:19:23,290 INFO  Header_About_Us_SubMenu - Awards Sub Menu Validated
2024-11-29 13:19:23,871 INFO  Header_About_Us_SubMenu - URL Entered
2024-11-29 13:19:23,903 INFO  Header_About_Us_SubMenu - Submenu clicked
2024-11-29 13:19:24,422 INFO  Header_About_Us_SubMenu - Partner With Us Sub Menu Validated
2024-11-29 13:19:24,916 INFO  Header_About_Us_SubMenu - URL Entered
2024-11-29 13:19:24,949 INFO  Header_About_Us_SubMenu - Submenu clicked
2024-11-29 13:19:25,514 INFO  Header_About_Us_SubMenu - Testimonials Sub Menu Validated
2024-11-29 13:19:26,041 INFO  Header_About_Us_SubMenu - URL Entered
2024-11-29 13:19:26,071 INFO  Header_About_Us_SubMenu - Submenu clicked
2024-11-29 13:19:26,588 INFO  Header_About_Us_SubMenu - Vendor Registration Sub Menu Validated
2024-11-29 13:19:27,071 INFO  Header_About_Us_SubMenu - URL Entered
2024-11-29 13:19:27,107 INFO  Header_About_Us_SubMenu - Submenu clicked
2024-11-29 13:19:29,768 INFO  Header_About_Us_SubMenu - Technologies Sub Menu Validated
2024-11-29 13:19:30,276 INFO  Header_About_Us_SubMenu - URL Entered
2024-11-29 13:19:30,305 INFO  Header_About_Us_SubMenu - Submenu clicked
2024-11-29 13:19:30,839 INFO  Header_About_Us_SubMenu - Methodology Sub Menu Validated
2024-11-29 13:19:31,286 INFO  Header_About_Us_SubMenu - URL Entered
2024-11-29 13:19:31,324 INFO  Header_About_Us_SubMenu - Submenu clicked
2024-11-29 13:19:31,869 INFO  Header_About_Us_SubMenu - Alliances Sub Menu Validated
2024-11-29 13:19:32,374 INFO  Header_About_Us_SubMenu - URL Entered
2024-11-29 13:19:32,401 INFO  Header_About_Us_SubMenu - Submenu clicked
2024-11-29 13:19:35,569 INFO  Header_About_Us_SubMenu - Infrastructure Sub Menu Validated
2024-11-29 13:19:36,105 INFO  Header_About_Us_SubMenu - URL Entered
2024-11-29 13:19:36,130 INFO  Header_About_Us_SubMenu - Submenu clicked
2024-11-29 13:19:36,679 INFO  Header_About_Us_SubMenu - Group Companies Sub Menu Validated
