2024-11-29 13:17:35,717 INFO  Header_Services_Submenu - Submenu clicked
2024-11-29 13:17:36,751 INFO  Header_Services_Submenu - Mobile App Marketing Agency Sub Menu Validated
2024-11-29 13:17:37,138 INFO  Header_Services_Submenu - URL Entered
2024-11-29 13:17:37,269 INFO  Header_Services_Submenu - Mousehover to the Service Menu
2024-11-29 13:17:37,298 INFO  Header_Services_Submenu - Submenu clicked
2024-11-29 13:17:37,888 INFO  Header_Services_Submenu - Hire Our Didicated Developers Sub Menu Validated
2024-11-29 13:17:38,164 INFO  Header_Services_Submenu - URL Entered
2024-11-29 13:17:38,344 INFO  Header_Services_Submenu - Mousehover to the Service Menu
2024-11-29 13:17:38,434 INFO  Header_Services_Submenu - Submenu clicked
2024-11-29 13:17:38,434 INFO  Header_Services_Submenu - Web Design and Development Sub Menu Not Clickable
2024-11-29 13:17:38,894 INFO  Header_Services_Submenu - URL Entered
2024-11-29 13:17:39,048 INFO  Header_Services_Submenu - Mousehover to the Service Menu
2024-11-29 13:17:39,081 INFO  Header_Services_Submenu - Submenu clicked
2024-11-29 13:17:39,628 INFO  Header_Services_Submenu - Business Consulting Services Sub Menu Validated
2024-11-29 13:17:40,361 INFO  Header_Services_Submenu - URL Entered
2024-11-29 13:17:40,588 INFO  Header_Services_Submenu - Mousehover to the Service Menu
2024-11-29 13:17:40,659 INFO  Header_Services_Submenu - Submenu clicked
2024-11-29 13:17:41,679 INFO  Header_Services_Submenu - AI Services Sub Menu Validated
2024-11-29 13:17:42,223 INFO  Header_Services_Submenu - URL Entered
2024-11-29 13:17:42,373 INFO  Header_Services_Submenu - Mousehover to the Service Menu
2024-11-29 13:17:43,268 INFO  Header_Services_Submenu - URL Entered
2024-11-29 13:17:43,417 INFO  Header_Services_Submenu - Mousehover to the Service Menu
2024-11-29 13:17:43,453 INFO  Header_Services_Submenu - Submenu clicked
2024-11-29 13:17:44,031 INFO  Header_Services_Submenu - Blockchain Development Sub Menu Validated
2024-11-29 13:17:44,746 INFO  Header_Services_Submenu - URL Entered
2024-11-29 13:17:44,916 INFO  Header_Services_Submenu - Mousehover to the Service Menu
