2024-11-29 13:23:08,611 INFO  Services_MobileAppMarketingAgency_Menu - Submenu clicked
2024-11-29 13:23:10,125 INFO  Services_MobileAppMarketingAgency_Menu - Android Apps Marketing Sub Menu Validated
2024-11-29 13:23:10,369 INFO  Services_MobileAppMarketingAgency_Menu - URL Entered
2024-11-29 13:23:10,518 INFO  Services_MobileAppMarketingAgency_Menu - Mousehover to the Service Menu
2024-11-29 13:23:10,532 INFO  Services_MobileAppMarketingAgency_Menu - Mousehover to the Mobile App Marketing Agency Submenu
2024-11-29 13:23:10,553 INFO  Services_MobileAppMarketingAgency_Menu - Submenu clicked
2024-11-29 13:23:12,065 INFO  Services_MobileAppMarketingAgency_Menu - iPhone Apps Marketing Sub Menu Validated
2024-11-29 13:23:12,311 INFO  Services_MobileAppMarketingAgency_Menu - URL Entered
2024-11-29 13:23:12,454 INFO  Services_MobileAppMarketingAgency_Menu - Mousehover to the Service Menu
2024-11-29 13:23:12,466 INFO  Services_MobileAppMarketingAgency_Menu - Mousehover to the Mobile App Marketing Agency Submenu
2024-11-29 13:23:12,482 INFO  Services_MobileAppMarketingAgency_Menu - Submenu clicked
2024-11-29 13:23:14,002 INFO  Services_MobileAppMarketingAgency_Menu - Free Consulations Service Sub Menu Validated
2024-11-29 13:23:14,282 INFO  Services_MobileAppMarketingAgency_Menu - URL Entered
2024-11-29 13:23:14,424 INFO  Services_MobileAppMarketingAgency_Menu - Mousehover to the Service Menu
2024-11-29 13:23:14,429 INFO  Services_MobileAppMarketingAgency_Menu - Mousehover to the Mobile App Marketing Agency Submenu
2024-11-29 13:23:14,446 INFO  Services_MobileAppMarketingAgency_Menu - Submenu clicked
2024-11-29 13:23:15,962 INFO  Services_MobileAppMarketingAgency_Menu - Mobile App Ads Campaign Management Sub Menu Validated
2024-11-29 13:23:16,123 INFO  Services_MobileAppMarketingAgency_Menu - URL Entered
2024-11-29 13:23:16,263 INFO  Services_MobileAppMarketingAgency_Menu - Mousehover to the Service Menu
2024-11-29 13:23:16,271 INFO  Services_MobileAppMarketingAgency_Menu - Mousehover to the Mobile App Marketing Agency Submenu
2024-11-29 13:23:16,289 INFO  Services_MobileAppMarketingAgency_Menu - Submenu clicked
2024-11-29 13:23:17,803 INFO  Services_MobileAppMarketingAgency_Menu - Mobile Games Marketing Sub Menu Validated
2024-11-29 13:23:18,124 INFO  Services_MobileAppMarketingAgency_Menu - URL Entered
2024-11-29 13:23:18,272 INFO  Services_MobileAppMarketingAgency_Menu - Mousehover to the Service Menu
2024-11-29 13:23:18,280 INFO  Services_MobileAppMarketingAgency_Menu - Mousehover to the Mobile App Marketing Agency Submenu
2024-11-29 13:23:18,304 INFO  Services_MobileAppMarketingAgency_Menu - Submenu clicked
2024-11-29 13:23:19,819 INFO  Services_MobileAppMarketingAgency_Menu - Mobile Pre Launch Activities Sub Menu Validated
2024-11-29 13:23:20,057 INFO  Services_MobileAppMarketingAgency_Menu - URL Entered
2024-11-29 13:23:20,210 INFO  Services_MobileAppMarketingAgency_Menu - Mousehover to the Service Menu
2024-11-29 13:23:20,226 INFO  Services_MobileAppMarketingAgency_Menu - Mousehover to the Mobile App Marketing Agency Submenu
2024-11-29 13:23:20,252 INFO  Services_MobileAppMarketingAgency_Menu - Submenu clicked
2024-11-29 13:23:21,781 INFO  Services_MobileAppMarketingAgency_Menu - Mobile App Market Research Sub Menu Validated
2024-11-29 13:23:22,033 INFO  Services_MobileAppMarketingAgency_Menu - URL Entered
2024-11-29 13:23:22,172 INFO  Services_MobileAppMarketingAgency_Menu - Mousehover to the Service Menu
2024-11-29 13:23:22,187 INFO  Services_MobileAppMarketingAgency_Menu - Mousehover to the Mobile App Marketing Agency Submenu
2024-11-29 13:23:22,207 INFO  Services_MobileAppMarketingAgency_Menu - Submenu clicked
2024-11-29 13:23:23,721 INFO  Services_MobileAppMarketingAgency_Menu - Mobile App Growth Marketing Sub Menu Validated
2024-11-29 13:23:23,950 INFO  Services_MobileAppMarketingAgency_Menu - URL Entered
2024-11-29 13:23:24,096 INFO  Services_MobileAppMarketingAgency_Menu - Mousehover to the Service Menu
2024-11-29 13:23:24,108 INFO  Services_MobileAppMarketingAgency_Menu - Mousehover to the Mobile App Marketing Agency Submenu
2024-11-29 13:23:24,199 INFO  Services_MobileAppMarketingAgency_Menu - Submenu clicked
2024-11-29 13:23:25,713 INFO  Services_MobileAppMarketingAgency_Menu - Mobile App Prototype Sub Menu Validated
