2024-11-29 13:22:28,248 INFO  Services_DigitalMarketingMenu - Submenu clicked
2024-11-29 13:22:29,773 INFO  Services_DigitalMarketingMenu - Performance Marketing services Sub Menu Validated
2024-11-29 13:22:29,992 INFO  Services_DigitalMarketingMenu - URL Entered
2024-11-29 13:22:30,153 INFO  Services_DigitalMarketingMenu - Mousehover to the Service Menu
2024-11-29 13:22:30,160 INFO  Services_DigitalMarketingMenu - Mousehover to the Digital Marketing Submenu
2024-11-29 13:22:30,187 INFO  Services_DigitalMarketingMenu - Submenu clicked
2024-11-29 13:22:32,559 INFO  Services_DigitalMarketingMenu - URL Entered
2024-11-29 13:22:32,678 INFO  Services_DigitalMarketingMenu - Mousehover to the Service Menu
2024-11-29 13:22:32,692 INFO  Services_DigitalMarketingMenu - Mousehover to the Digital Marketing Submenu
2024-11-29 13:22:32,713 INFO  Services_DigitalMarketingMenu - Submenu clicked
2024-11-29 13:22:34,236 INFO  Services_DigitalMarketingMenu - ICO Marketing Sub Menu Validated
2024-11-29 13:22:34,524 INFO  Services_DigitalMarketingMenu - URL Entered
2024-11-29 13:22:34,689 INFO  Services_DigitalMarketingMenu - Mousehover to the Service Menu
2024-11-29 13:22:34,727 INFO  Services_DigitalMarketingMenu - Mousehover to the Digital Marketing Submenu
2024-11-29 13:22:34,785 INFO  Services_DigitalMarketingMenu - Submenu clicked
2024-11-29 13:22:36,294 INFO  Services_DigitalMarketingMenu - Influencer Marketing Services Sub Menu Validated
2024-11-29 13:22:36,518 INFO  Services_DigitalMarketingMenu - URL Entered
2024-11-29 13:22:36,678 INFO  Services_DigitalMarketingMenu - Mousehover to the Service Menu
2024-11-29 13:22:36,692 INFO  Services_DigitalMarketingMenu - Mousehover to the Digital Marketing Submenu
2024-11-29 13:22:36,710 INFO  Services_DigitalMarketingMenu - Submenu clicked
2024-11-29 13:22:38,234 INFO  Services_DigitalMarketingMenu - Search Engine Optimization Sub Menu Validated
2024-11-29 13:22:38,467 INFO  Services_DigitalMarketingMenu - URL Entered
2024-11-29 13:22:38,617 INFO  Services_DigitalMarketingMenu - Mousehover to the Service Menu
2024-11-29 13:22:38,631 INFO  Services_DigitalMarketingMenu - Mousehover to the Digital Marketing Submenu
2024-11-29 13:22:38,650 INFO  Services_DigitalMarketingMenu - Submenu clicked
2024-11-29 13:22:40,165 INFO  Services_DigitalMarketingMenu - PPC Management & Strategy Sub Menu Validated
2024-11-29 13:22:40,398 INFO  Services_DigitalMarketingMenu - URL Entered
2024-11-29 13:22:40,552 INFO  Services_DigitalMarketingMenu - Mousehover to the Service Menu
2024-11-29 13:22:40,568 INFO  Services_DigitalMarketingMenu - Mousehover to the Digital Marketing Submenu
2024-11-29 13:22:40,654 INFO  Services_DigitalMarketingMenu - Submenu clicked
2024-11-29 13:22:42,175 INFO  Services_DigitalMarketingMenu - Social Media Management & Strategy Sub Menu Validated
2024-11-29 13:22:42,408 INFO  Services_DigitalMarketingMenu - URL Entered
2024-11-29 13:22:42,532 INFO  Services_DigitalMarketingMenu - Mousehover to the Service Menu
2024-11-29 13:22:42,557 INFO  Services_DigitalMarketingMenu - Mousehover to the Digital Marketing Submenu
2024-11-29 13:22:42,583 INFO  Services_DigitalMarketingMenu - Submenu clicked
2024-11-29 13:22:44,093 INFO  Services_DigitalMarketingMenu - Conversion Rate Optimization Services Sub Menu Validated
2024-11-29 13:22:44,315 INFO  Services_DigitalMarketingMenu - URL Entered
2024-11-29 13:22:44,461 INFO  Services_DigitalMarketingMenu - Mousehover to the Service Menu
2024-11-29 13:22:44,474 INFO  Services_DigitalMarketingMenu - Mousehover to the Digital Marketing Submenu
2024-11-29 13:22:44,494 INFO  Services_DigitalMarketingMenu - Submenu clicked
2024-11-29 13:22:46,011 INFO  Services_DigitalMarketingMenu - Multilingual SEO Sub Menu Validated
2024-11-29 13:22:46,232 INFO  Services_DigitalMarketingMenu - URL Entered
2024-11-29 13:22:46,379 INFO  Services_DigitalMarketingMenu - Mousehover to the Service Menu
2024-11-29 13:22:46,388 INFO  Services_DigitalMarketingMenu - Mousehover to the Digital Marketing Submenu
2024-11-29 13:22:46,399 INFO  Services_DigitalMarketingMenu - Submenu clicked
2024-11-29 13:22:47,912 INFO  Services_DigitalMarketingMenu - Google Search Optimization Sub Menu Validated
2024-11-29 13:22:48,416 INFO  Services_DigitalMarketingMenu - URL Entered
2024-11-29 13:22:48,558 INFO  Services_DigitalMarketingMenu - Mousehover to the Service Menu
2024-11-29 13:22:48,573 INFO  Services_DigitalMarketingMenu - Mousehover to the Digital Marketing Submenu
2024-11-29 13:22:48,599 INFO  Services_DigitalMarketingMenu - Submenu clicked
2024-11-29 13:22:50,111 INFO  Services_DigitalMarketingMenu - Google Grants Sub Menu Validated
2024-11-29 13:22:50,611 INFO  Services_DigitalMarketingMenu - URL Entered
2024-11-29 13:22:50,761 INFO  Services_DigitalMarketingMenu - Mousehover to the Service Menu
2024-11-29 13:22:50,774 INFO  Services_DigitalMarketingMenu - Mousehover to the Digital Marketing Submenu
2024-11-29 13:22:50,798 INFO  Services_DigitalMarketingMenu - Submenu clicked
2024-11-29 13:22:52,312 INFO  Services_DigitalMarketingMenu - Inbound marketing services Sub Menu Validated
2024-11-29 13:22:52,845 INFO  Services_DigitalMarketingMenu - URL Entered
2024-11-29 13:22:52,997 INFO  Services_DigitalMarketingMenu - Mousehover to the Service Menu
2024-11-29 13:22:53,003 INFO  Services_DigitalMarketingMenu - Mousehover to the Digital Marketing Submenu
2024-11-29 13:22:53,030 INFO  Services_DigitalMarketingMenu - Submenu clicked
2024-11-29 13:22:54,542 INFO  Services_DigitalMarketingMenu - DV360 Traffic Management Services Sub Menu Validated
2024-11-29 13:22:55,015 INFO  Services_DigitalMarketingMenu - URL Entered
2024-11-29 13:22:55,173 INFO  Services_DigitalMarketingMenu - Mousehover to the Service Menu
2024-11-29 13:22:55,190 INFO  Services_DigitalMarketingMenu - Mousehover to the Digital Marketing Submenu
2024-11-29 13:22:55,248 INFO  Services_DigitalMarketingMenu - Submenu clicked
2024-11-29 13:22:56,762 INFO  Services_DigitalMarketingMenu - Account Based Marketing Services Sub Menu Validated
