2024-11-29 13:15:00,534 INFO  Header_Menu_Header - About Us Menu Validated
2024-11-29 13:15:01,115 INFO  Header_Menu_Header - URL Entered
2024-11-29 13:15:02,320 INFO  Header_Menu_Header - Get_Quote Menu Validated
2024-11-29 13:15:03,711 INFO  Header_Menu_Header - URL Entered
2024-11-29 13:15:46,178 INFO  Header_Menu_Header - Contact Menu Validated
2024-11-29 13:15:46,711 INFO  Header_Menu_Header - URL Entered
2024-11-29 13:16:29,223 INFO  Header_Menu_Header - Portfolio Menu Validated
2024-11-29 13:16:30,093 INFO  Header_Menu_Header - URL Entered
2024-11-29 13:17:12,565 INFO  Header_Menu_Header - Blog Menu Validated
2024-11-29 13:17:13,201 INFO  Header_Menu_Header - URL Entered
2024-11-29 13:17:17,180 INFO  Header_Menu_Header - Contact Telephone Icon Validated
2024-11-29 13:19:45,321 INFO  Home_Page_Footer_Menu - Footer About Us Menu Validated
2024-11-29 13:19:45,878 INFO  Home_Page_Footer_Menu - URL Entered
2024-11-29 13:20:28,468 INFO  Home_Page_Footer_Menu - Footer Careers Menu Validated
2024-11-29 13:20:29,088 INFO  Home_Page_Footer_Menu - URL Entered
2024-11-29 13:21:11,603 INFO  Home_Page_Footer_Menu - Footer Become Our Representative Menu Validated
2024-11-29 13:21:12,166 INFO  Home_Page_Footer_Menu - URL Entered
2024-11-29 13:21:54,649 INFO  Home_Page_Footer_Menu - Footer Privacy Policy Menu Validated
2024-11-29 13:21:55,182 INFO  Home_Page_Footer_Menu - URL Entered
2024-11-29 13:21:56,657 INFO  Home_Page_Footer_Menu - Footer About Us Menu Validated
