2024-11-29 13:22:14,664 INFO  Services_MobileAppDevelopmentMenu - Submenu clicked
2024-11-29 13:22:15,238 INFO  Services_MobileAppDevelopmentMenu - Enterprise Mobile Application Development Sub Menu Validated
2024-11-29 13:22:15,462 INFO  Services_MobileAppDevelopmentMenu - URL Entered
2024-11-29 13:22:15,603 INFO  Services_MobileAppDevelopmentMenu - Mousehover to the Service Menu
2024-11-29 13:22:15,722 INFO  Services_MobileAppDevelopmentMenu - Mousehover to the Mobile App development Submenu
2024-11-29 13:22:15,739 INFO  Services_MobileAppDevelopmentMenu - Submenu clicked
2024-11-29 13:22:16,467 INFO  Services_MobileAppDevelopmentMenu - Startup App Development Sub Menu Validated
2024-11-29 13:22:18,463 INFO  Services_MobileAppDevelopmentMenu - URL Entered
2024-11-29 13:22:18,617 INFO  Services_MobileAppDevelopmentMenu - Mousehover to the Service Menu
2024-11-29 13:22:18,751 INFO  Services_MobileAppDevelopmentMenu - Mousehover to the Mobile App development Submenu
2024-11-29 13:22:18,820 INFO  Services_MobileAppDevelopmentMenu - Submenu clicked
2024-11-29 13:22:19,583 INFO  Services_MobileAppDevelopmentMenu - iOS App Development Sub Menu Validated
2024-11-29 13:22:19,812 INFO  Services_MobileAppDevelopmentMenu - URL Entered
2024-11-29 13:22:19,963 INFO  Services_MobileAppDevelopmentMenu - Mousehover to the Service Menu
2024-11-29 13:22:20,107 INFO  Services_MobileAppDevelopmentMenu - Mousehover to the Mobile App development Submenu
2024-11-29 13:22:21,102 INFO  Services_MobileAppDevelopmentMenu - URL Entered
2024-11-29 13:22:21,282 INFO  Services_MobileAppDevelopmentMenu - Mousehover to the Service Menu
2024-11-29 13:22:21,411 INFO  Services_MobileAppDevelopmentMenu - Mousehover to the Mobile App development Submenu
2024-11-29 13:22:22,223 INFO  Services_MobileAppDevelopmentMenu - URL Entered
2024-11-29 13:22:22,361 INFO  Services_MobileAppDevelopmentMenu - Mousehover to the Service Menu
2024-11-29 13:22:22,497 INFO  Services_MobileAppDevelopmentMenu - Mousehover to the Mobile App development Submenu
