2025-04-01 10:12:18,062 INFO  Header_About_Us_SubMenu - Submenu clicked
2025-04-01 10:12:18,073 INFO  Header_About_Us_SubMenu - Meet the Team Sub Menu Validated
2025-04-01 10:12:18,410 INFO  Header_About_Us_SubMenu - URL Entered
2025-04-01 10:12:18,861 INFO  Header_About_Us_SubMenu - Submenu clicked
2025-04-01 10:12:18,923 INFO  Header_About_Us_SubMenu - Our Clients Sub Menu Validated
2025-04-01 10:12:19,243 INFO  Header_About_Us_SubMenu - URL Entered
2025-04-01 10:12:19,721 INFO  Header_About_Us_SubMenu - Submenu clicked
2025-04-01 10:12:19,761 INFO  Header_About_Us_SubMenu - Products Sub Menu Validated
2025-04-01 10:12:20,097 INFO  Header_About_Us_SubMenu - URL Entered
2025-04-01 10:12:20,602 INFO  Header_About_Us_SubMenu - Submenu clicked
2025-04-01 10:12:20,613 INFO  Header_About_Us_SubMenu - Become Our Representative Sub Menu Validated
2025-04-01 10:12:20,932 INFO  Header_About_Us_SubMenu - URL Entered
2025-04-01 10:12:21,426 INFO  Header_About_Us_SubMenu - Submenu clicked
2025-04-01 10:12:21,463 INFO  Header_About_Us_SubMenu - Business Models Sub Menu Validated
2025-04-01 10:12:21,859 INFO  Header_About_Us_SubMenu - URL Entered
2025-04-01 10:12:22,371 INFO  Header_About_Us_SubMenu - Submenu clicked
2025-04-01 10:12:22,442 INFO  Header_About_Us_SubMenu - Awards Sub Menu Validated
2025-04-01 10:12:22,786 INFO  Header_About_Us_SubMenu - URL Entered
2025-04-01 10:12:23,261 INFO  Header_About_Us_SubMenu - Submenu clicked
2025-04-01 10:12:23,283 INFO  Header_About_Us_SubMenu - Partner With Us Sub Menu Validated
2025-04-01 10:12:23,689 INFO  Header_About_Us_SubMenu - URL Entered
2025-04-01 10:12:24,187 INFO  Header_About_Us_SubMenu - Submenu clicked
2025-04-01 10:12:24,258 INFO  Header_About_Us_SubMenu - Testimonials Sub Menu Validated
2025-04-01 10:12:24,669 INFO  Header_About_Us_SubMenu - URL Entered
2025-04-01 10:12:25,190 INFO  Header_About_Us_SubMenu - Submenu clicked
2025-04-01 10:12:25,196 INFO  Header_About_Us_SubMenu - Vendor Registration Sub Menu Validated
2025-04-01 10:12:25,524 INFO  Header_About_Us_SubMenu - URL Entered
2025-04-01 10:12:26,102 INFO  Header_About_Us_SubMenu - Submenu clicked
2025-04-01 10:12:26,158 INFO  Header_About_Us_SubMenu - Technologies Sub Menu Validated
2025-04-01 10:12:26,468 INFO  Header_About_Us_SubMenu - URL Entered
2025-04-01 10:12:26,945 INFO  Header_About_Us_SubMenu - Submenu clicked
2025-04-01 10:12:26,990 INFO  Header_About_Us_SubMenu - Methodology Sub Menu Validated
2025-04-01 10:12:27,308 INFO  Header_About_Us_SubMenu - URL Entered
2025-04-01 10:12:27,963 INFO  Header_About_Us_SubMenu - Submenu clicked
2025-04-01 10:12:28,012 INFO  Header_About_Us_SubMenu - Alliances Sub Menu Validated
2025-04-01 10:12:28,347 INFO  Header_About_Us_SubMenu - URL Entered
2025-04-01 10:12:29,542 INFO  Header_About_Us_SubMenu - Submenu clicked
2025-04-01 10:12:29,577 INFO  Header_About_Us_SubMenu - Infrastructure Sub Menu Validated
2025-04-01 10:12:29,916 INFO  Header_About_Us_SubMenu - URL Entered
2025-04-01 10:12:30,441 INFO  Header_About_Us_SubMenu - Submenu clicked
2025-04-01 10:12:30,494 INFO  Header_About_Us_SubMenu - Group Companies Sub Menu Validated
