2025-04-01 10:14:37,464 INFO  Services_MobileAppMarketingAgency_Menu - Submenu clicked
2025-04-01 10:14:38,991 INFO  Services_MobileAppMarketingAgency_Menu - Localization Sub Menu Validated
2025-04-01 10:14:39,364 INFO  Services_MobileAppMarketingAgency_Menu - URL Entered
2025-04-01 10:14:39,973 INFO  Services_MobileAppMarketingAgency_Menu - Mousehover to the Service Menu
2025-04-01 10:14:40,155 INFO  Services_MobileAppMarketingAgency_Menu - Mousehover to the Mobile App Marketing Agency Submenu
2025-04-01 10:14:42,708 INFO  Services_MobileAppMarketingAgency_Menu - Submenu clicked
2025-04-01 10:14:44,228 INFO  Services_MobileAppMarketingAgency_Menu - User Engagement Sub Menu Validated
2025-04-01 10:14:44,534 INFO  Services_MobileAppMarketingAgency_Menu - URL Entered
2025-04-01 10:14:45,137 INFO  Services_MobileAppMarketingAgency_Menu - Mousehover to the Service Menu
2025-04-01 10:14:45,322 INFO  Services_MobileAppMarketingAgency_Menu - Mousehover to the Mobile App Marketing Agency Submenu
2025-04-01 10:14:48,518 INFO  Services_MobileAppMarketingAgency_Menu - Submenu clicked
2025-04-01 10:14:50,041 INFO  Services_MobileAppMarketingAgency_Menu - Android Apps Marketing Sub Menu Validated
2025-04-01 10:14:50,406 INFO  Services_MobileAppMarketingAgency_Menu - URL Entered
2025-04-01 10:14:51,016 INFO  Services_MobileAppMarketingAgency_Menu - Mousehover to the Service Menu
2025-04-01 10:14:51,228 INFO  Services_MobileAppMarketingAgency_Menu - Mousehover to the Mobile App Marketing Agency Submenu
2025-04-01 10:14:54,443 INFO  Services_MobileAppMarketingAgency_Menu - Submenu clicked
2025-04-01 10:14:55,969 INFO  Services_MobileAppMarketingAgency_Menu - iPhone Apps Marketing Sub Menu Validated
2025-04-01 10:14:56,374 INFO  Services_MobileAppMarketingAgency_Menu - URL Entered
2025-04-01 10:14:56,996 INFO  Services_MobileAppMarketingAgency_Menu - Mousehover to the Service Menu
2025-04-01 10:14:57,181 INFO  Services_MobileAppMarketingAgency_Menu - Mousehover to the Mobile App Marketing Agency Submenu
2025-04-01 10:14:59,835 INFO  Services_MobileAppMarketingAgency_Menu - Submenu clicked
2025-04-01 10:15:01,390 INFO  Services_MobileAppMarketingAgency_Menu - Free Consulations Service Sub Menu Validated
2025-04-01 10:15:01,791 INFO  Services_MobileAppMarketingAgency_Menu - URL Entered
2025-04-01 10:15:02,123 INFO  Services_MobileAppMarketingAgency_Menu - Mousehover to the Service Menu
2025-04-01 10:15:02,683 INFO  Services_MobileAppMarketingAgency_Menu - Mousehover to the Mobile App Marketing Agency Submenu
2025-04-01 10:15:05,251 INFO  Services_MobileAppMarketingAgency_Menu - Submenu clicked
2025-04-01 10:15:06,773 INFO  Services_MobileAppMarketingAgency_Menu - Mobile App Ads Campaign Management Sub Menu Validated
2025-04-01 10:15:07,105 INFO  Services_MobileAppMarketingAgency_Menu - URL Entered
2025-04-01 10:15:07,714 INFO  Services_MobileAppMarketingAgency_Menu - Mousehover to the Service Menu
2025-04-01 10:15:07,877 INFO  Services_MobileAppMarketingAgency_Menu - Mousehover to the Mobile App Marketing Agency Submenu
2025-04-01 10:15:10,768 INFO  Services_MobileAppMarketingAgency_Menu - Submenu clicked
2025-04-01 10:15:12,298 INFO  Services_MobileAppMarketingAgency_Menu - Mobile Games Marketing Sub Menu Validated
2025-04-01 10:15:12,784 INFO  Services_MobileAppMarketingAgency_Menu - URL Entered
2025-04-01 10:15:13,408 INFO  Services_MobileAppMarketingAgency_Menu - Mousehover to the Service Menu
2025-04-01 10:15:13,571 INFO  Services_MobileAppMarketingAgency_Menu - Mousehover to the Mobile App Marketing Agency Submenu
2025-04-01 10:15:16,255 INFO  Services_MobileAppMarketingAgency_Menu - Submenu clicked
2025-04-01 10:15:17,778 INFO  Services_MobileAppMarketingAgency_Menu - Mobile Pre Launch Activities Sub Menu Validated
2025-04-01 10:15:18,237 INFO  Services_MobileAppMarketingAgency_Menu - URL Entered
2025-04-01 10:15:18,838 INFO  Services_MobileAppMarketingAgency_Menu - Mousehover to the Service Menu
2025-04-01 10:15:19,024 INFO  Services_MobileAppMarketingAgency_Menu - Mousehover to the Mobile App Marketing Agency Submenu
2025-04-01 10:15:21,661 INFO  Services_MobileAppMarketingAgency_Menu - Submenu clicked
2025-04-01 10:15:23,182 INFO  Services_MobileAppMarketingAgency_Menu - Mobile App Market Research Sub Menu Validated
2025-04-01 10:15:23,620 INFO  Services_MobileAppMarketingAgency_Menu - URL Entered
2025-04-01 10:15:24,251 INFO  Services_MobileAppMarketingAgency_Menu - Mousehover to the Service Menu
2025-04-01 10:15:24,427 INFO  Services_MobileAppMarketingAgency_Menu - Mousehover to the Mobile App Marketing Agency Submenu
2025-04-01 10:15:27,067 INFO  Services_MobileAppMarketingAgency_Menu - Submenu clicked
2025-04-01 10:15:28,588 INFO  Services_MobileAppMarketingAgency_Menu - Mobile App Growth Marketing Sub Menu Validated
2025-04-01 10:15:29,011 INFO  Services_MobileAppMarketingAgency_Menu - URL Entered
2025-04-01 10:15:29,229 INFO  Services_MobileAppMarketingAgency_Menu - Mousehover to the Service Menu
2025-04-01 10:15:29,812 INFO  Services_MobileAppMarketingAgency_Menu - Mousehover to the Mobile App Marketing Agency Submenu
2025-04-01 10:15:32,449 INFO  Services_MobileAppMarketingAgency_Menu - Submenu clicked
2025-04-01 10:15:33,968 INFO  Services_MobileAppMarketingAgency_Menu - Mobile App Prototype Sub Menu Validated
