2025-04-01 10:14:07,608 INFO  Services_DigitalMarketingMenu - Submenu clicked
2025-04-01 10:14:07,789 INFO  Services_DigitalMarketingMenu - Search Engine Optimization Sub Menu Validated
2025-04-01 10:14:08,307 INFO  Services_DigitalMarketingMenu - URL Entered
2025-04-01 10:14:08,567 INFO  Services_DigitalMarketingMenu - Mousehover to the Service Menu
2025-04-01 10:14:08,980 INFO  Services_DigitalMarketingMenu - Mousehover to the Digital Marketing Submenu
2025-04-01 10:14:09,636 INFO  Services_DigitalMarketingMenu - Submenu clicked
2025-04-01 10:14:09,649 INFO  Services_DigitalMarketingMenu - PPC Management & Strategy Sub Menu Validated
2025-04-01 10:14:10,063 INFO  Services_DigitalMarketingMenu - URL Entered
2025-04-01 10:14:10,653 INFO  Services_DigitalMarketingMenu - Mousehover to the Service Menu
2025-04-01 10:14:10,705 INFO  Services_DigitalMarketingMenu - Mousehover to the Digital Marketing Submenu
2025-04-01 10:14:11,348 INFO  Services_DigitalMarketingMenu - Submenu clicked
2025-04-01 10:14:11,372 INFO  Services_DigitalMarketingMenu - Social Media Management & Strategy Sub Menu Validated
2025-04-01 10:14:11,703 INFO  Services_DigitalMarketingMenu - URL Entered
2025-04-01 10:14:12,299 INFO  Services_DigitalMarketingMenu - Mousehover to the Service Menu
2025-04-01 10:14:12,359 INFO  Services_DigitalMarketingMenu - Mousehover to the Digital Marketing Submenu
2025-04-01 10:14:12,871 INFO  Services_DigitalMarketingMenu - Submenu clicked
2025-04-01 10:14:12,910 INFO  Services_DigitalMarketingMenu - Conversion Rate Optimization Services Sub Menu Validated
2025-04-01 10:14:13,324 INFO  Services_DigitalMarketingMenu - URL Entered
2025-04-01 10:14:13,932 INFO  Services_DigitalMarketingMenu - Mousehover to the Service Menu
2025-04-01 10:14:13,991 INFO  Services_DigitalMarketingMenu - Mousehover to the Digital Marketing Submenu
2025-04-01 10:14:14,572 INFO  Services_DigitalMarketingMenu - Submenu clicked
2025-04-01 10:14:14,601 INFO  Services_DigitalMarketingMenu - Multilingual SEO Sub Menu Validated
2025-04-01 10:14:14,997 INFO  Services_DigitalMarketingMenu - URL Entered
2025-04-01 10:14:15,606 INFO  Services_DigitalMarketingMenu - Mousehover to the Service Menu
2025-04-01 10:14:15,662 INFO  Services_DigitalMarketingMenu - Mousehover to the Digital Marketing Submenu
2025-04-01 10:14:16,196 INFO  Services_DigitalMarketingMenu - Submenu clicked
2025-04-01 10:14:16,217 INFO  Services_DigitalMarketingMenu - Google Search Optimization Sub Menu Validated
2025-04-01 10:14:16,627 INFO  Services_DigitalMarketingMenu - URL Entered
2025-04-01 10:14:17,246 INFO  Services_DigitalMarketingMenu - Mousehover to the Service Menu
2025-04-01 10:14:17,301 INFO  Services_DigitalMarketingMenu - Mousehover to the Digital Marketing Submenu
2025-04-01 10:14:17,823 INFO  Services_DigitalMarketingMenu - Submenu clicked
2025-04-01 10:14:17,846 INFO  Services_DigitalMarketingMenu - Google Grants Sub Menu Validated
2025-04-01 10:14:18,179 INFO  Services_DigitalMarketingMenu - URL Entered
2025-04-01 10:14:18,767 INFO  Services_DigitalMarketingMenu - Mousehover to the Service Menu
2025-04-01 10:14:18,849 INFO  Services_DigitalMarketingMenu - Mousehover to the Digital Marketing Submenu
2025-04-01 10:14:20,093 INFO  Services_DigitalMarketingMenu - Submenu clicked
2025-04-01 10:14:20,108 INFO  Services_DigitalMarketingMenu - Inbound marketing services Sub Menu Validated
2025-04-01 10:14:20,519 INFO  Services_DigitalMarketingMenu - URL Entered
2025-04-01 10:14:20,721 INFO  Services_DigitalMarketingMenu - Mousehover to the Service Menu
2025-04-01 10:14:21,183 INFO  Services_DigitalMarketingMenu - Mousehover to the Digital Marketing Submenu
2025-04-01 10:14:21,891 INFO  Services_DigitalMarketingMenu - Submenu clicked
2025-04-01 10:14:21,969 INFO  Services_DigitalMarketingMenu - DV360 Traffic Management Services Sub Menu Validated
2025-04-01 10:14:22,460 INFO  Services_DigitalMarketingMenu - URL Entered
2025-04-01 10:14:22,705 INFO  Services_DigitalMarketingMenu - Mousehover to the Service Menu
2025-04-01 10:14:23,073 INFO  Services_DigitalMarketingMenu - Mousehover to the Digital Marketing Submenu
2025-04-01 10:14:23,859 INFO  Services_DigitalMarketingMenu - Submenu clicked
2025-04-01 10:14:23,905 INFO  Services_DigitalMarketingMenu - Account Based Marketing Services Sub Menu Validated
