2025-04-01 10:10:20,664 INFO  Forms_Validation - Submenu clicked
2025-04-01 10:10:22,755 INFO  Forms_Validation - Name of the company Field Validated
2025-04-01 10:10:25,717 INFO  Forms_Validation - Number of employees is Validated
2025-04-01 10:10:28,648 INFO  Forms_Validation - Company Type is Validated
2025-04-01 10:10:31,516 INFO  Forms_Validation - Industry Experience Field is Validated
2025-04-01 10:10:39,703 INFO  Forms_Validation - TEch Expertise is Validated
2025-04-01 10:10:39,805 INFO  Forms_Validation - Tax ID Field Validated
2025-04-01 10:10:40,926 INFO  Forms_Validation - Registration Number Field Validated
2025-04-01 10:10:41,169 INFO  Forms_Validation - Address Field Validated
2025-04-01 10:10:41,254 INFO  Forms_Validation - City Field Validated
2025-04-01 10:10:41,340 INFO  Forms_Validation - Website Field Validated
2025-04-01 10:10:41,451 INFO  Forms_Validation - Portfolio URL Field Validated
2025-04-01 10:10:41,530 INFO  Forms_Validation - Name of the Contact person Field Validated
2025-04-01 10:10:41,609 INFO  Forms_Validation - Job title of contact person Field Validated
2025-04-01 10:10:41,715 INFO  Forms_Validation - Contact Number Field Validated
2025-04-01 10:10:41,805 INFO  Forms_Validation - Whatsapp  Field Validated
2025-04-01 10:10:41,911 INFO  Forms_Validation - Email field Field Validated
2025-04-01 10:10:42,032 INFO  Forms_Validation - Bank Details Field Validated
2025-04-01 10:10:42,118 INFO  Forms_Validation - Any Relevant Certificate Field Validated
2025-04-01 10:10:42,194 INFO  Forms_Validation - Decision Maker Field Validated
2025-04-01 10:10:42,306 INFO  Forms_Validation - Decision maker Email Field Validated
2025-04-01 10:10:42,522 INFO  Forms_Validation - Brief Description about the company Field Validated
2025-04-01 10:10:42,523 INFO  Forms_Validation - Vendor Registration form Validated
