2025-04-01 10:11:48,499 INFO  Home_Menu_Body - Moved to Home Element
2025-04-01 10:11:48,542 INFO  Home_Menu_Body - Get A Free Consultation clicked
2025-04-01 10:11:52,346 INFO  Home_Menu_Body - URL Entered
2025-04-01 10:11:52,593 INFO  Home_Menu_Body - Moved to Home Element
2025-04-01 10:11:54,270 INFO  Home_Menu_Body - View all button clicked
2025-04-01 10:11:54,303 INFO  Home_Menu_Body - Latest Bolg ViewAll button Validated
2025-04-01 10:11:54,665 INFO  Home_Menu_Body - URL Entered
2025-04-01 10:11:56,117 INFO  Home_Menu_Body - Mobile App development arrow icon clicked
2025-04-01 10:11:56,152 INFO  Home_Menu_Body - Mobile App Development arrow icon Validated
2025-04-01 10:11:56,504 INFO  Home_Menu_Body - URL Entered
2025-04-01 10:11:57,892 INFO  Home_Menu_Body - Digital Marketing arrow icon clicked
2025-04-01 10:11:57,908 INFO  Home_Menu_Body - Digital Marketing arrow icon Validated
2025-04-01 10:11:58,235 INFO  Home_Menu_Body - URL Entered
2025-04-01 10:11:59,512 INFO  Home_Menu_Body - Mobile App Marketing Arrow icon clicked
2025-04-01 10:11:59,537 INFO  Home_Menu_Body - Mobile App Marketing  arrow icon Validated
2025-04-01 10:11:59,876 INFO  Home_Menu_Body - URL Entered
2025-04-01 10:12:00,979 INFO  Home_Menu_Body - Hire our Dedicated developer Icon clicked
2025-04-01 10:12:01,063 INFO  Home_Menu_Body - Hire Our Didicated Developers Sub Menu Validated
2025-04-01 10:12:01,393 INFO  Home_Menu_Body - URL Entered
2025-04-01 10:12:01,972 INFO  Home_Menu_Body - Web development icon clicked
2025-04-01 10:12:01,991 INFO  Home_Menu_Body - Web development arrow icon Validated
2025-04-01 10:12:02,385 INFO  Home_Menu_Body - URL Entered
2025-04-01 10:12:03,755 INFO  Home_Menu_Body - GIS Service arrow icon clicked
2025-04-01 10:12:03,773 INFO  Home_Menu_Body - GIS Services arrow icon Validated
2025-04-01 10:12:04,991 INFO  Home_Menu_Body - URL Entered
2025-04-01 10:12:05,226 INFO  Home_Menu_Body - Header panel alignment Veified
2025-04-01 10:12:05,915 INFO  Home_Menu_Body - URL Entered
2025-04-01 10:12:08,845 INFO  Home_Menu_Body - Freezed Header panel alignment Veified
2025-04-01 10:12:09,610 INFO  Home_Menu_Body - URL Entered
2025-04-01 10:12:13,020 INFO  Home_Menu_Body - Footer Alignment Mismatch
