2025-04-01 10:09:16,164 INFO  Forms_Validation - Name Field Validated
2025-04-01 10:09:17,732 INFO  Forms_Validation - Email Field Validated
2025-04-01 10:09:17,924 INFO  Forms_Validation - Company Name Field Validated
2025-04-01 10:09:25,723 INFO  Forms_Validation - Select Interest is Validated
2025-04-01 10:09:28,061 INFO  Forms_Validation - Budget Field is Validated
2025-04-01 10:09:28,340 INFO  Forms_Validation - Requirement Field is validated
2025-04-01 10:09:28,340 INFO  Forms_Validation - Get Quote Form Validated
2025-04-01 10:09:28,980 INFO  Forms_Validation - URL Entered
2025-04-01 10:09:30,112 INFO  Forms_Validation - Name Field Validated
2025-04-01 10:09:30,180 INFO  Forms_Validation - Email Field Validated
2025-04-01 10:09:33,469 INFO  Forms_Validation - Select Interest is Validated
2025-04-01 10:09:40,883 INFO  Forms_Validation - Budget Field is Validated
2025-04-01 10:09:41,134 INFO  Forms_Validation - Requirement Field is validated
2025-04-01 10:09:41,135 INFO  Forms_Validation - Quick Consultation form Validated
2025-04-01 10:09:41,598 INFO  Forms_Validation - URL Entered
2025-04-01 10:09:43,738 INFO  Forms_Validation - Job Application Menu clicked
2025-04-01 10:09:46,956 INFO  Forms_Validation - Name Field Validated
2025-04-01 10:09:47,920 INFO  Forms_Validation - Email Field Validated
2025-04-01 10:09:49,331 INFO  Forms_Validation - phone number field validated
2025-04-01 10:09:53,255 INFO  Forms_Validation - Select Post is Validated
2025-04-01 10:09:54,991 INFO  Forms_Validation - Location Field is Validated
2025-04-01 10:09:57,237 INFO  Forms_Validation - Search Engine Field is Validated
2025-04-01 10:09:58,539 INFO  Forms_Validation - Gender Field Vaidated
2025-04-01 10:10:08,540 INFO  Forms_Validation - Year of Experience Field is Validated
2025-04-01 10:10:10,645 INFO  Forms_Validation - Month of experience Field is Validated
2025-04-01 10:10:10,759 INFO  Forms_Validation - Highest Qualification field is validated
2025-04-01 10:10:10,990 INFO  Forms_Validation - Key Skills field is validated
2025-04-01 10:10:11,088 INFO  Forms_Validation - Current Designation field is validated
2025-04-01 10:10:11,214 INFO  Forms_Validation - Current Location Field is validated
2025-04-01 10:10:11,215 INFO  Forms_Validation - Job Allication Form Validated
2025-04-01 10:10:11,880 INFO  Forms_Validation - URL Entered
2025-04-01 10:10:12,067 INFO  Forms_Validation - Moved to Home Element
2025-04-01 10:10:13,650 INFO  Forms_Validation - Online is Clicked
2025-04-01 10:10:14,763 INFO  Forms_Validation - Frame Closer Vaidated
2025-04-01 10:10:15,258 INFO  Forms_Validation - Online is Clicked
2025-04-01 10:10:15,261 INFO  Forms_Validation - Moved to Home Element
2025-04-01 10:10:15,974 INFO  Forms_Validation - Name Field Validated
2025-04-01 10:10:16,097 INFO  Forms_Validation - Email Field Validated
2025-04-01 10:10:16,188 INFO  Forms_Validation - Phone Field Validated
2025-04-01 10:10:18,543 INFO  Forms_Validation - Interested service validated
2025-04-01 10:10:18,810 INFO  Forms_Validation - Requirement field Validated
2025-04-01 10:10:18,986 INFO  Forms_Validation - Frame Closer Vaidated
2025-04-01 10:10:18,986 INFO  Forms_Validation - Send Message form Validated
2025-04-01 10:10:19,454 INFO  Forms_Validation - URL Entered
2025-04-01 10:10:20,664 INFO  Forms_Validation - Submenu clicked
2025-04-01 10:10:22,755 INFO  Forms_Validation - Name of the company Field Validated
2025-04-01 10:10:25,717 INFO  Forms_Validation - Number of employees is Validated
2025-04-01 10:10:28,648 INFO  Forms_Validation - Company Type is Validated
2025-04-01 10:10:31,516 INFO  Forms_Validation - Industry Experience Field is Validated
2025-04-01 10:10:39,703 INFO  Forms_Validation - TEch Expertise is Validated
2025-04-01 10:10:39,805 INFO  Forms_Validation - Tax ID Field Validated
2025-04-01 10:10:40,926 INFO  Forms_Validation - Registration Number Field Validated
2025-04-01 10:10:41,169 INFO  Forms_Validation - Address Field Validated
2025-04-01 10:10:41,254 INFO  Forms_Validation - City Field Validated
2025-04-01 10:10:41,340 INFO  Forms_Validation - Website Field Validated
2025-04-01 10:10:41,451 INFO  Forms_Validation - Portfolio URL Field Validated
2025-04-01 10:10:41,530 INFO  Forms_Validation - Name of the Contact person Field Validated
2025-04-01 10:10:41,609 INFO  Forms_Validation - Job title of contact person Field Validated
2025-04-01 10:10:41,715 INFO  Forms_Validation - Contact Number Field Validated
2025-04-01 10:10:41,805 INFO  Forms_Validation - Whatsapp  Field Validated
2025-04-01 10:10:41,911 INFO  Forms_Validation - Email field Field Validated
2025-04-01 10:10:42,032 INFO  Forms_Validation - Bank Details Field Validated
2025-04-01 10:10:42,118 INFO  Forms_Validation - Any Relevant Certificate Field Validated
2025-04-01 10:10:42,194 INFO  Forms_Validation - Decision Maker Field Validated
2025-04-01 10:10:42,306 INFO  Forms_Validation - Decision maker Email Field Validated
2025-04-01 10:10:42,522 INFO  Forms_Validation - Brief Description about the company Field Validated
2025-04-01 10:10:42,523 INFO  Forms_Validation - Vendor Registration form Validated
