2025-04-01 10:10:51,329 INFO  Header_Services_Submenu - Submenu clicked
2025-04-01 10:10:51,337 INFO  Header_Services_Submenu - Mobile App Marketing Agency Sub Menu Validated
2025-04-01 10:10:51,670 INFO  Header_Services_Submenu - URL Entered
2025-04-01 10:10:52,241 INFO  Header_Services_Submenu - Mousehover to the Service Menu
2025-04-01 10:10:53,281 INFO  Header_Services_Submenu - Submenu clicked
2025-04-01 10:10:53,322 INFO  Header_Services_Submenu - Hire Our Didicated Developers Sub Menu Validated
2025-04-01 10:10:53,651 INFO  Header_Services_Submenu - URL Entered
2025-04-01 10:10:54,289 INFO  Header_Services_Submenu - Mousehover to the Service Menu
2025-04-01 10:10:54,389 INFO  Header_Services_Submenu - Submenu clicked
2025-04-01 10:10:54,390 INFO  Header_Services_Submenu - Web Design and Development Sub Menu Not Clickable
2025-04-01 10:10:55,000 INFO  Header_Services_Submenu - URL Entered
2025-04-01 10:10:55,483 INFO  Header_Services_Submenu - Mousehover to the Service Menu
2025-04-01 10:10:56,239 INFO  Header_Services_Submenu - Submenu clicked
2025-04-01 10:10:56,342 INFO  Header_Services_Submenu - Business Consulting Services Sub Menu Validated
2025-04-01 10:10:56,522 INFO  Header_Services_Submenu - URL Entered
2025-04-01 10:10:57,314 INFO  Header_Services_Submenu - Mousehover to the Service Menu
2025-04-01 10:10:58,052 INFO  Header_Services_Submenu - Submenu clicked
2025-04-01 10:10:58,066 INFO  Header_Services_Submenu - AI Services Sub Menu Validated
2025-04-01 10:10:58,394 INFO  Header_Services_Submenu - URL Entered
2025-04-01 10:10:58,985 INFO  Header_Services_Submenu - Mousehover to the Service Menu
2025-04-01 10:11:00,415 INFO  Header_Services_Submenu - Submenu clicked
2025-04-01 10:11:00,435 INFO  Header_Services_Submenu - GIS Services Sub Menu Validated
