2024-12-31 09:41:42,136 INFO  Services_DigitalMarketingMenu - Submenu clicked
2024-12-31 09:41:43,656 INFO  Services_DigitalMarketingMenu - Influencer Marketing Services Sub Menu Validated
2024-12-31 09:41:44,001 INFO  Services_DigitalMarketingMenu - URL Entered
2024-12-31 09:41:44,170 INFO  Services_DigitalMarketingMenu - Mousehover to the Service Menu
2024-12-31 09:41:44,648 INFO  Services_DigitalMarketingMenu - Mousehover to the Digital Marketing Submenu
2024-12-31 09:41:45,288 INFO  Services_DigitalMarketingMenu - Submenu clicked
2024-12-31 09:41:46,806 INFO  Services_DigitalMarketingMenu - Search Engine Optimization Sub Menu Validated
2024-12-31 09:41:47,093 INFO  Services_DigitalMarketingMenu - URL Entered
2024-12-31 09:41:47,241 INFO  Services_DigitalMarketingMenu - Mousehover to the Service Menu
2024-12-31 09:41:47,767 INFO  Services_DigitalMarketingMenu - Mousehover to the Digital Marketing Submenu
2024-12-31 09:41:48,354 INFO  Services_DigitalMarketingMenu - Submenu clicked
2024-12-31 09:41:49,875 INFO  Services_DigitalMarketingMenu - PPC Management & Strategy Sub Menu Validated
2024-12-31 09:41:50,274 INFO  Services_DigitalMarketingMenu - URL Entered
2024-12-31 09:41:50,419 INFO  Services_DigitalMarketingMenu - Mousehover to the Service Menu
2024-12-31 09:41:50,944 INFO  Services_DigitalMarketingMenu - Mousehover to the Digital Marketing Submenu
2024-12-31 09:41:51,526 INFO  Services_DigitalMarketingMenu - Submenu clicked
2024-12-31 09:41:53,068 INFO  Services_DigitalMarketingMenu - Social Media Management & Strategy Sub Menu Validated
2024-12-31 09:41:53,462 INFO  Services_DigitalMarketingMenu - URL Entered
2024-12-31 09:41:53,614 INFO  Services_DigitalMarketingMenu - Mousehover to the Service Menu
2024-12-31 09:41:54,098 INFO  Services_DigitalMarketingMenu - Mousehover to the Digital Marketing Submenu
2024-12-31 09:41:54,739 INFO  Services_DigitalMarketingMenu - Submenu clicked
2024-12-31 09:41:56,265 INFO  Services_DigitalMarketingMenu - Conversion Rate Optimization Services Sub Menu Validated
2024-12-31 09:41:56,649 INFO  Services_DigitalMarketingMenu - URL Entered
2024-12-31 09:41:56,808 INFO  Services_DigitalMarketingMenu - Mousehover to the Service Menu
2024-12-31 09:41:57,342 INFO  Services_DigitalMarketingMenu - Mousehover to the Digital Marketing Submenu
2024-12-31 09:41:57,965 INFO  Services_DigitalMarketingMenu - Submenu clicked
2024-12-31 09:41:59,484 INFO  Services_DigitalMarketingMenu - Multilingual SEO Sub Menu Validated
2024-12-31 09:41:59,874 INFO  Services_DigitalMarketingMenu - URL Entered
2024-12-31 09:42:00,019 INFO  Services_DigitalMarketingMenu - Mousehover to the Service Menu
2024-12-31 09:42:00,522 INFO  Services_DigitalMarketingMenu - Mousehover to the Digital Marketing Submenu
2024-12-31 09:42:01,288 INFO  Services_DigitalMarketingMenu - Submenu clicked
2024-12-31 09:42:02,806 INFO  Services_DigitalMarketingMenu - Google Search Optimization Sub Menu Validated
2024-12-31 09:42:03,209 INFO  Services_DigitalMarketingMenu - URL Entered
2024-12-31 09:42:03,365 INFO  Services_DigitalMarketingMenu - Mousehover to the Service Menu
2024-12-31 09:42:03,858 INFO  Services_DigitalMarketingMenu - Mousehover to the Digital Marketing Submenu
2024-12-31 09:42:04,489 INFO  Services_DigitalMarketingMenu - Submenu clicked
2024-12-31 09:42:06,015 INFO  Services_DigitalMarketingMenu - Google Grants Sub Menu Validated
2024-12-31 09:42:06,313 INFO  Services_DigitalMarketingMenu - URL Entered
2024-12-31 09:42:06,858 INFO  Services_DigitalMarketingMenu - Mousehover to the Service Menu
2024-12-31 09:42:06,991 INFO  Services_DigitalMarketingMenu - Mousehover to the Digital Marketing Submenu
2024-12-31 09:42:07,671 INFO  Services_DigitalMarketingMenu - Submenu clicked
2024-12-31 09:42:09,194 INFO  Services_DigitalMarketingMenu - Inbound marketing services Sub Menu Validated
2024-12-31 09:42:09,627 INFO  Services_DigitalMarketingMenu - URL Entered
2024-12-31 09:42:09,786 INFO  Services_DigitalMarketingMenu - Mousehover to the Service Menu
2024-12-31 09:42:10,270 INFO  Services_DigitalMarketingMenu - Mousehover to the Digital Marketing Submenu
2024-12-31 09:42:10,894 INFO  Services_DigitalMarketingMenu - Submenu clicked
2024-12-31 09:42:12,418 INFO  Services_DigitalMarketingMenu - DV360 Traffic Management Services Sub Menu Validated
2024-12-31 09:42:12,812 INFO  Services_DigitalMarketingMenu - URL Entered
2024-12-31 09:42:12,967 INFO  Services_DigitalMarketingMenu - Mousehover to the Service Menu
2024-12-31 09:42:13,464 INFO  Services_DigitalMarketingMenu - Mousehover to the Digital Marketing Submenu
2024-12-31 09:42:14,106 INFO  Services_DigitalMarketingMenu - Submenu clicked
2024-12-31 09:42:15,627 INFO  Services_DigitalMarketingMenu - Account Based Marketing Services Sub Menu Validated
