2024-12-31 09:35:51,754 INFO  Header_Menu_Header - About Us Menu Validated
2024-12-31 09:36:11,704 INFO  Header_Menu_Header - URL Entered
2024-12-31 09:36:13,790 INFO  Header_Menu_Header - Get_Quote Menu Validated
2024-12-31 09:36:14,596 INFO  Header_Menu_Header - URL Entered
2024-12-31 09:36:35,837 INFO  Header_Menu_Header - Contact Menu Validated
2024-12-31 09:36:36,304 INFO  Header_Menu_Header - URL Entered
2024-12-31 09:36:37,262 INFO  Header_Menu_Header - Portfolio Menu Validated
2024-12-31 09:36:37,718 INFO  Header_Menu_Header - URL Entered
2024-12-31 09:36:59,077 INFO  Header_Menu_Header - Blog Menu Validated
2024-12-31 09:36:59,703 INFO  Header_Menu_Header - URL Entered
2024-12-31 09:37:04,894 INFO  Header_Menu_Header - Contact Telephone Icon Validated
2024-12-31 09:40:34,220 INFO  Home_Page_Footer_Menu - Footer About Us Menu Validated
2024-12-31 09:40:34,484 INFO  Home_Page_Footer_Menu - URL Entered
2024-12-31 09:40:35,121 INFO  Home_Page_Footer_Menu - Footer Careers Menu Validated
2024-12-31 09:40:35,492 INFO  Home_Page_Footer_Menu - URL Entered
2024-12-31 09:40:36,246 INFO  Home_Page_Footer_Menu - Footer Become Our Representative Menu Validated
2024-12-31 09:40:36,539 INFO  Home_Page_Footer_Menu - URL Entered
2024-12-31 09:40:37,148 INFO  Home_Page_Footer_Menu - Footer Privacy Policy Menu Validated
2024-12-31 09:40:37,437 INFO  Home_Page_Footer_Menu - URL Entered
2024-12-31 09:40:38,089 INFO  Home_Page_Footer_Menu - Footer About Us Menu Validated
