2024-12-31 09:40:55,142 INFO  Services_MobileAppDevelopmentMenu - Submenu clicked
2024-12-31 09:40:56,667 INFO  Services_MobileAppDevelopmentMenu - Android App Development Sub Menu Validated
2024-12-31 09:40:56,964 INFO  Services_MobileAppDevelopmentMenu - URL Entered
2024-12-31 09:40:57,192 INFO  Services_MobileAppDevelopmentMenu - Mousehover to the Service Menu
2024-12-31 09:40:58,077 INFO  Services_MobileAppDevelopmentMenu - Mousehover to the Mobile App development Submenu
2024-12-31 09:40:58,927 INFO  Services_MobileAppDevelopmentMenu - Submenu clicked
2024-12-31 09:40:59,009 INFO  Services_MobileAppDevelopmentMenu - Enterprise Mobile Application Development Sub Menu Validated
2024-12-31 09:40:59,274 INFO  Services_MobileAppDevelopmentMenu - URL Entered
2024-12-31 09:40:59,788 INFO  Services_MobileAppDevelopmentMenu - Mousehover to the Service Menu
2024-12-31 09:41:00,032 INFO  Services_MobileAppDevelopmentMenu - Mousehover to the Mobile App development Submenu
2024-12-31 09:41:15,549 INFO  Services_MobileAppDevelopmentMenu - Submenu clicked
2024-12-31 09:41:15,681 INFO  Services_MobileAppDevelopmentMenu - Startup App Development Sub Menu Validated
2024-12-31 09:41:16,172 INFO  Services_MobileAppDevelopmentMenu - URL Entered
2024-12-31 09:41:16,335 INFO  Services_MobileAppDevelopmentMenu - Mousehover to the Service Menu
2024-12-31 09:41:16,894 INFO  Services_MobileAppDevelopmentMenu - Mousehover to the Mobile App development Submenu
2024-12-31 09:41:17,612 INFO  Services_MobileAppDevelopmentMenu - Submenu clicked
2024-12-31 09:41:17,663 INFO  Services_MobileAppDevelopmentMenu - iOS App Development Sub Menu Validated
2024-12-31 09:41:17,949 INFO  Services_MobileAppDevelopmentMenu - URL Entered
2024-12-31 09:41:18,108 INFO  Services_MobileAppDevelopmentMenu - Mousehover to the Service Menu
2024-12-31 09:41:18,757 INFO  Services_MobileAppDevelopmentMenu - Mousehover to the Mobile App development Submenu
2024-12-31 09:41:19,296 INFO  Services_MobileAppDevelopmentMenu - URL Entered
2024-12-31 09:41:19,445 INFO  Services_MobileAppDevelopmentMenu - Mousehover to the Service Menu
2024-12-31 09:41:20,097 INFO  Services_MobileAppDevelopmentMenu - Mousehover to the Mobile App development Submenu
2024-12-31 09:41:20,619 INFO  Services_MobileAppDevelopmentMenu - URL Entered
2024-12-31 09:41:20,765 INFO  Services_MobileAppDevelopmentMenu - Mousehover to the Service Menu
2024-12-31 09:41:21,436 INFO  Services_MobileAppDevelopmentMenu - Mousehover to the Mobile App development Submenu
