2024-12-31 09:42:36,508 INFO  Services_MobileAppMarketingAgency_Menu - Submenu clicked
2024-12-31 09:42:38,013 INFO  Services_MobileAppMarketingAgency_Menu - Android Apps Marketing Sub Menu Validated
2024-12-31 09:42:38,373 INFO  Services_MobileAppMarketingAgency_Menu - URL Entered
2024-12-31 09:42:38,539 INFO  Services_MobileAppMarketingAgency_Menu - Mousehover to the Service Menu
2024-12-31 09:42:38,949 INFO  Services_MobileAppMarketingAgency_Menu - Mousehover to the Mobile App Marketing Agency Submenu
2024-12-31 09:42:42,346 INFO  Services_MobileAppMarketingAgency_Menu - Submenu clicked
2024-12-31 09:42:43,886 INFO  Services_MobileAppMarketingAgency_Menu - iPhone Apps Marketing Sub Menu Validated
2024-12-31 09:42:44,229 INFO  Services_MobileAppMarketingAgency_Menu - URL Entered
2024-12-31 09:42:44,396 INFO  Services_MobileAppMarketingAgency_Menu - Mousehover to the Service Menu
2024-12-31 09:42:44,893 INFO  Services_MobileAppMarketingAgency_Menu - Mousehover to the Mobile App Marketing Agency Submenu
2024-12-31 09:42:47,861 INFO  Services_MobileAppMarketingAgency_Menu - Submenu clicked
2024-12-31 09:42:49,390 INFO  Services_MobileAppMarketingAgency_Menu - Free Consulations Service Sub Menu Validated
2024-12-31 09:42:49,792 INFO  Services_MobileAppMarketingAgency_Menu - URL Entered
2024-12-31 09:42:49,948 INFO  Services_MobileAppMarketingAgency_Menu - Mousehover to the Service Menu
2024-12-31 09:42:50,489 INFO  Services_MobileAppMarketingAgency_Menu - Mousehover to the Mobile App Marketing Agency Submenu
2024-12-31 09:42:51,093 INFO  Services_MobileAppMarketingAgency_Menu - Submenu clicked
2024-12-31 09:42:52,615 INFO  Services_MobileAppMarketingAgency_Menu - Mobile App Ads Campaign Management Sub Menu Validated
2024-12-31 09:42:52,932 INFO  Services_MobileAppMarketingAgency_Menu - URL Entered
2024-12-31 09:42:53,100 INFO  Services_MobileAppMarketingAgency_Menu - Mousehover to the Service Menu
2024-12-31 09:42:53,591 INFO  Services_MobileAppMarketingAgency_Menu - Mousehover to the Mobile App Marketing Agency Submenu
2024-12-31 09:42:54,610 INFO  Services_MobileAppMarketingAgency_Menu - Submenu clicked
2024-12-31 09:42:56,149 INFO  Services_MobileAppMarketingAgency_Menu - Mobile Games Marketing Sub Menu Validated
2024-12-31 09:42:56,564 INFO  Services_MobileAppMarketingAgency_Menu - URL Entered
2024-12-31 09:42:56,719 INFO  Services_MobileAppMarketingAgency_Menu - Mousehover to the Service Menu
2024-12-31 09:42:57,237 INFO  Services_MobileAppMarketingAgency_Menu - Mousehover to the Mobile App Marketing Agency Submenu
2024-12-31 09:42:57,880 INFO  Services_MobileAppMarketingAgency_Menu - Submenu clicked
2024-12-31 09:42:59,412 INFO  Services_MobileAppMarketingAgency_Menu - Mobile Pre Launch Activities Sub Menu Validated
2024-12-31 09:42:59,849 INFO  Services_MobileAppMarketingAgency_Menu - URL Entered
2024-12-31 09:42:59,999 INFO  Services_MobileAppMarketingAgency_Menu - Mousehover to the Service Menu
2024-12-31 09:43:00,497 INFO  Services_MobileAppMarketingAgency_Menu - Mousehover to the Mobile App Marketing Agency Submenu
2024-12-31 09:43:01,109 INFO  Services_MobileAppMarketingAgency_Menu - Submenu clicked
2024-12-31 09:43:02,633 INFO  Services_MobileAppMarketingAgency_Menu - Mobile App Market Research Sub Menu Validated
2024-12-31 09:43:03,022 INFO  Services_MobileAppMarketingAgency_Menu - URL Entered
2024-12-31 09:43:03,170 INFO  Services_MobileAppMarketingAgency_Menu - Mousehover to the Service Menu
2024-12-31 09:43:03,659 INFO  Services_MobileAppMarketingAgency_Menu - Mousehover to the Mobile App Marketing Agency Submenu
2024-12-31 09:43:04,323 INFO  Services_MobileAppMarketingAgency_Menu - Submenu clicked
2024-12-31 09:43:05,831 INFO  Services_MobileAppMarketingAgency_Menu - Mobile App Growth Marketing Sub Menu Validated
2024-12-31 09:43:06,224 INFO  Services_MobileAppMarketingAgency_Menu - URL Entered
2024-12-31 09:43:06,372 INFO  Services_MobileAppMarketingAgency_Menu - Mousehover to the Service Menu
2024-12-31 09:43:06,873 INFO  Services_MobileAppMarketingAgency_Menu - Mousehover to the Mobile App Marketing Agency Submenu
2024-12-31 09:43:07,481 INFO  Services_MobileAppMarketingAgency_Menu - Submenu clicked
2024-12-31 09:43:08,999 INFO  Services_MobileAppMarketingAgency_Menu - Mobile App Prototype Sub Menu Validated
