2024-12-31 09:43:14,634 INFO  Services_HireOurDedicatedDevelopers - Submenu clicked
2024-12-31 09:43:16,134 INFO  Services_HireOurDedicatedDevelopers - Hire Our Android Developer Sub Menu Validated
2024-12-31 09:43:16,477 INFO  Services_HireOurDedicatedDevelopers - URL Entered
2024-12-31 09:43:16,621 INFO  Services_HireOurDedicatedDevelopers - Mousehover to the Service Menu
2024-12-31 09:43:17,558 INFO  Services_HireOurDedicatedDevelopers - Hire Our Dedicated Developers Submenu
2024-12-31 09:43:18,389 INFO  Services_HireOurDedicatedDevelopers - Submenu clicked
2024-12-31 09:43:19,894 INFO  Services_HireOurDedicatedDevelopers - Hire Our iOS Developers Sub Menu Validated
2024-12-31 09:43:20,175 INFO  Services_HireOurDedicatedDevelopers - URL Entered
2024-12-31 09:43:20,335 INFO  Services_HireOurDedicatedDevelopers - Mousehover to the Service Menu
2024-12-31 09:43:21,004 INFO  Services_HireOurDedicatedDevelopers - Hire Our Dedicated Developers Submenu
2024-12-31 09:43:21,641 INFO  Services_HireOurDedicatedDevelopers - Submenu clicked
2024-12-31 09:43:23,151 INFO  Services_HireOurDedicatedDevelopers - Hire Our WordPress Developers Sub Menu Validated
2024-12-31 09:43:23,449 INFO  Services_HireOurDedicatedDevelopers - URL Entered
2024-12-31 09:43:23,614 INFO  Services_HireOurDedicatedDevelopers - Mousehover to the Service Menu
2024-12-31 09:43:24,275 INFO  Services_HireOurDedicatedDevelopers - Hire Our Dedicated Developers Submenu
2024-12-31 09:43:25,034 INFO  Services_HireOurDedicatedDevelopers - Submenu clicked
2024-12-31 09:43:26,564 INFO  Services_HireOurDedicatedDevelopers - Hire Our PHP Developers Sub Menu Validated
2024-12-31 09:43:26,897 INFO  Services_HireOurDedicatedDevelopers - URL Entered
2024-12-31 09:43:27,059 INFO  Services_HireOurDedicatedDevelopers - Mousehover to the Service Menu
2024-12-31 09:43:27,644 INFO  Services_HireOurDedicatedDevelopers - Hire Our Dedicated Developers Submenu
2024-12-31 09:43:28,287 INFO  Services_HireOurDedicatedDevelopers - Submenu clicked
2024-12-31 09:43:29,810 INFO  Services_HireOurDedicatedDevelopers - Hire Our .NET Developers Sub Menu Validated
