2024-12-31 09:42:01,288 INFO  Services_DigitalMarketingMenu - Submenu clicked
2024-12-31 09:42:02,806 INFO  Services_DigitalMarketingMenu - Google Search Optimization Sub Menu Validated
2024-12-31 09:42:03,209 INFO  Services_DigitalMarketingMenu - URL Entered
2024-12-31 09:42:03,365 INFO  Services_DigitalMarketingMenu - Mousehover to the Service Menu
2024-12-31 09:42:03,858 INFO  Services_DigitalMarketingMenu - Mousehover to the Digital Marketing Submenu
2024-12-31 09:42:04,489 INFO  Services_DigitalMarketingMenu - Submenu clicked
2024-12-31 09:42:06,015 INFO  Services_DigitalMarketingMenu - Google Grants Sub Menu Validated
2024-12-31 09:42:06,313 INFO  Services_DigitalMarketingMenu - URL Entered
2024-12-31 09:42:06,858 INFO  Services_DigitalMarketingMenu - Mousehover to the Service Menu
2024-12-31 09:42:06,991 INFO  Services_DigitalMarketingMenu - Mousehover to the Digital Marketing Submenu
2024-12-31 09:42:07,671 INFO  Services_DigitalMarketingMenu - Submenu clicked
2024-12-31 09:42:09,194 INFO  Services_DigitalMarketingMenu - Inbound marketing services Sub Menu Validated
2024-12-31 09:42:09,627 INFO  Services_DigitalMarketingMenu - URL Entered
2024-12-31 09:42:09,786 INFO  Services_DigitalMarketingMenu - Mousehover to the Service Menu
2024-12-31 09:42:10,270 INFO  Services_DigitalMarketingMenu - Mousehover to the Digital Marketing Submenu
2024-12-31 09:42:10,894 INFO  Services_DigitalMarketingMenu - Submenu clicked
2024-12-31 09:42:12,418 INFO  Services_DigitalMarketingMenu - DV360 Traffic Management Services Sub Menu Validated
2024-12-31 09:42:12,812 INFO  Services_DigitalMarketingMenu - URL Entered
2024-12-31 09:42:12,967 INFO  Services_DigitalMarketingMenu - Mousehover to the Service Menu
2024-12-31 09:42:13,464 INFO  Services_DigitalMarketingMenu - Mousehover to the Digital Marketing Submenu
2024-12-31 09:42:14,106 INFO  Services_DigitalMarketingMenu - Submenu clicked
2024-12-31 09:42:15,627 INFO  Services_DigitalMarketingMenu - Account Based Marketing Services Sub Menu Validated
