2024-10-07 10:25:45,366 INFO  Services_MobileAppDevelopmentMenu - Submenu clicked
2024-10-07 10:25:46,161 INFO  Services_MobileAppDevelopmentMenu - Startup App Development Sub Menu Validated
2024-10-07 10:25:48,244 INFO  Services_MobileAppDevelopmentMenu - URL Entered
2024-10-07 10:25:48,384 INFO  Services_MobileAppDevelopmentMenu - Mousehover to the Service Menu
2024-10-07 10:25:48,652 INFO  Services_MobileAppDevelopmentMenu - Mousehover to the Mobile App development Submenu
2024-10-07 10:25:48,696 INFO  Services_MobileAppDevelopmentMenu - Submenu clicked
2024-10-07 10:25:49,340 INFO  Services_MobileAppDevelopmentMenu - iOS App Development Sub Menu Validated
2024-10-07 10:25:49,502 INFO  Services_MobileAppDevelopmentMenu - URL Entered
2024-10-07 10:25:49,669 INFO  Services_MobileAppDevelopmentMenu - Mousehover to the Service Menu
2024-10-07 10:25:49,867 INFO  Services_MobileAppDevelopmentMenu - Mousehover to the Mobile App development Submenu
2024-10-07 10:25:50,054 INFO  Services_MobileAppDevelopmentMenu - Submenu clicked
2024-10-07 10:25:53,525 INFO  Services_MobileAppDevelopmentMenu - iPad App Development Sub Menu Validated
2024-10-07 10:25:53,679 INFO  Services_MobileAppDevelopmentMenu - URL Entered
2024-10-07 10:25:53,832 INFO  Services_MobileAppDevelopmentMenu - Mousehover to the Service Menu
2024-10-07 10:25:54,054 INFO  Services_MobileAppDevelopmentMenu - Mousehover to the Mobile App development Submenu
2024-10-07 10:25:54,266 INFO  Services_MobileAppDevelopmentMenu - Submenu clicked
2024-10-07 10:25:54,807 INFO  Services_MobileAppDevelopmentMenu - HTML5 Development Sub Menu Validated
2024-10-07 10:25:54,954 INFO  Services_MobileAppDevelopmentMenu - URL Entered
2024-10-07 10:25:55,115 INFO  Services_MobileAppDevelopmentMenu - Mousehover to the Service Menu
2024-10-07 10:25:55,348 INFO  Services_MobileAppDevelopmentMenu - Mousehover to the Mobile App development Submenu
2024-10-07 10:25:55,402 INFO  Services_MobileAppDevelopmentMenu - Submenu clicked
2024-10-07 10:25:58,692 INFO  Services_MobileAppDevelopmentMenu - Windows Application Development Sub Menu Validated
