2024-10-07 10:25:04,823 INFO  Header_About_Us_SubMenu - Submenu clicked
2024-10-07 10:25:05,337 INFO  Header_About_Us_SubMenu - Meet the Team Sub Menu Validated
2024-10-07 10:25:05,461 INFO  Header_About_Us_SubMenu - URL Entered
2024-10-07 10:25:05,491 INFO  Header_About_Us_SubMenu - Submenu clicked
2024-10-07 10:25:06,580 INFO  Header_About_Us_SubMenu - Our Clients Sub Menu Validated
2024-10-07 10:25:06,753 INFO  Header_About_Us_SubMenu - URL Entered
2024-10-07 10:25:06,780 INFO  Header_About_Us_SubMenu - Submenu clicked
2024-10-07 10:25:07,312 INFO  Header_About_Us_SubMenu - Products Sub Menu Validated
2024-10-07 10:25:07,443 INFO  Header_About_Us_SubMenu - URL Entered
2024-10-07 10:25:07,469 INFO  Header_About_Us_SubMenu - Submenu clicked
2024-10-07 10:25:07,981 INFO  Header_About_Us_SubMenu - Become Our Representative Sub Menu Validated
2024-10-07 10:25:08,101 INFO  Header_About_Us_SubMenu - URL Entered
2024-10-07 10:25:08,134 INFO  Header_About_Us_SubMenu - Submenu clicked
2024-10-07 10:25:09,225 INFO  Header_About_Us_SubMenu - Business Models Sub Menu Validated
2024-10-07 10:25:09,375 INFO  Header_About_Us_SubMenu - URL Entered
2024-10-07 10:25:09,397 INFO  Header_About_Us_SubMenu - Submenu clicked
2024-10-07 10:25:09,959 INFO  Header_About_Us_SubMenu - Awards Sub Menu Validated
2024-10-07 10:25:10,127 INFO  Header_About_Us_SubMenu - URL Entered
2024-10-07 10:25:10,148 INFO  Header_About_Us_SubMenu - Submenu clicked
2024-10-07 10:25:10,663 INFO  Header_About_Us_SubMenu - Partner With Us Sub Menu Validated
2024-10-07 10:25:10,812 INFO  Header_About_Us_SubMenu - URL Entered
2024-10-07 10:25:10,860 INFO  Header_About_Us_SubMenu - Submenu clicked
2024-10-07 10:25:11,461 INFO  Header_About_Us_SubMenu - Testimonials Sub Menu Validated
2024-10-07 10:25:11,593 INFO  Header_About_Us_SubMenu - URL Entered
2024-10-07 10:25:11,621 INFO  Header_About_Us_SubMenu - Submenu clicked
2024-10-07 10:25:12,148 INFO  Header_About_Us_SubMenu - Vendor Registration Sub Menu Validated
2024-10-07 10:25:12,298 INFO  Header_About_Us_SubMenu - URL Entered
2024-10-07 10:25:12,337 INFO  Header_About_Us_SubMenu - Submenu clicked
2024-10-07 10:25:12,880 INFO  Header_About_Us_SubMenu - Technologies Sub Menu Validated
2024-10-07 10:25:13,008 INFO  Header_About_Us_SubMenu - URL Entered
2024-10-07 10:25:13,038 INFO  Header_About_Us_SubMenu - Submenu clicked
2024-10-07 10:25:13,637 INFO  Header_About_Us_SubMenu - Methodology Sub Menu Validated
2024-10-07 10:25:13,786 INFO  Header_About_Us_SubMenu - URL Entered
2024-10-07 10:25:13,812 INFO  Header_About_Us_SubMenu - Submenu clicked
2024-10-07 10:25:14,374 INFO  Header_About_Us_SubMenu - Alliances Sub Menu Validated
2024-10-07 10:25:14,538 INFO  Header_About_Us_SubMenu - URL Entered
2024-10-07 10:25:14,567 INFO  Header_About_Us_SubMenu - Submenu clicked
2024-10-07 10:25:15,135 INFO  Header_About_Us_SubMenu - Infrastructure Sub Menu Validated
2024-10-07 10:25:15,281 INFO  Header_About_Us_SubMenu - URL Entered
2024-10-07 10:25:15,302 INFO  Header_About_Us_SubMenu - Submenu clicked
2024-10-07 10:25:15,849 INFO  Header_About_Us_SubMenu - Group Companies Sub Menu Validated
