2024-10-07 10:19:19,167 INFO  Header_Menu_Header - About Us Menu Validated
2024-10-07 10:19:19,584 INFO  Header_Menu_Header - URL Entered
2024-10-07 10:19:20,831 INFO  Header_Menu_Header - Get_Quote Menu Validated
2024-10-07 10:19:21,690 INFO  Header_Menu_Header - URL Entered
2024-10-07 10:19:23,101 INFO  Header_Menu_Header - Contact Menu Validated
2024-10-07 10:19:23,308 INFO  Header_Menu_Header - URL Entered
2024-10-07 10:20:06,211 INFO  Header_Menu_Header - Portfolio Menu Validated
2024-10-07 10:20:06,514 INFO  Header_Menu_Header - URL Entered
2024-10-07 10:21:27,124 INFO  Header_Menu_Header - Blog Menu Validated
2024-10-07 10:21:27,767 INFO  Header_Menu_Header - URL Entered
2024-10-07 10:21:31,674 INFO  Header_Menu_Header - Contact Telephone Icon Validated
2024-10-07 10:25:23,228 INFO  Home_Page_Footer_Menu - Footer About Us Menu Validated
2024-10-07 10:25:23,422 INFO  Home_Page_Footer_Menu - URL Entered
2024-10-07 10:25:23,952 INFO  Home_Page_Footer_Menu - Footer Careers Menu Validated
2024-10-07 10:25:24,107 INFO  Home_Page_Footer_Menu - URL Entered
2024-10-07 10:25:24,647 INFO  Home_Page_Footer_Menu - Footer Become Our Representative Menu Validated
2024-10-07 10:25:24,797 INFO  Home_Page_Footer_Menu - URL Entered
2024-10-07 10:25:26,022 INFO  Home_Page_Footer_Menu - Footer Privacy Policy Menu Validated
2024-10-07 10:25:26,180 INFO  Home_Page_Footer_Menu - URL Entered
2024-10-07 10:25:26,657 INFO  Home_Page_Footer_Menu - Footer About Us Menu Validated
