2024-10-07 10:23:30,966 INFO  Forms_Validation - Submenu clicked
2024-10-07 10:23:33,216 INFO  Forms_Validation - Name of the company Field Validated
2024-10-07 10:23:38,440 INFO  Forms_Validation - Number of employees is Validated
2024-10-07 10:23:42,425 INFO  Forms_Validation - Company Type is Validated
2024-10-07 10:23:46,205 INFO  Forms_Validation - Industry Experience Field is Validated
2024-10-07 10:23:58,352 INFO  Forms_Validation - TEch Expertise is Validated
2024-10-07 10:23:58,448 INFO  Forms_Validation - Tax ID Field Validated
2024-10-07 10:23:59,509 INFO  Forms_Validation - Registration Number Field Validated
2024-10-07 10:23:59,758 INFO  Forms_Validation - Address Field Validated
2024-10-07 10:23:59,800 INFO  Forms_Validation - City Field Validated
2024-10-07 10:23:59,843 INFO  Forms_Validation - Website Field Validated
2024-10-07 10:23:59,904 INFO  Forms_Validation - Portfolio URL Field Validated
2024-10-07 10:23:59,937 INFO  Forms_Validation - Name of the Contact person Field Validated
2024-10-07 10:23:59,977 INFO  Forms_Validation - Job title of contact person Field Validated
2024-10-07 10:24:00,035 INFO  Forms_Validation - Contact Number Field Validated
2024-10-07 10:24:00,077 INFO  Forms_Validation - Whatsapp  Field Validated
2024-10-07 10:24:00,131 INFO  Forms_Validation - Email field Field Validated
2024-10-07 10:24:00,184 INFO  Forms_Validation - Bank Details Field Validated
2024-10-07 10:24:00,226 INFO  Forms_Validation - Any Relevant Certificate Field Validated
2024-10-07 10:24:00,258 INFO  Forms_Validation - Decision Maker Field Validated
2024-10-07 10:24:00,338 INFO  Forms_Validation - Decision maker Email Field Validated
2024-10-07 10:24:00,499 INFO  Forms_Validation - Brief Description about the company Field Validated
2024-10-07 10:24:00,499 INFO  Forms_Validation - Vendor Registration form Validated
