2024-10-07 10:36:06,798 INFO  Forms_Validation - Name Field Validated
2024-10-07 10:36:06,880 INFO  Forms_Validation - Email Field Validated
2024-10-07 10:36:15,731 INFO  Forms_Validation - Select Interest is Validated
2024-10-07 10:36:19,879 INFO  Forms_Validation - Budget Field is Validated
2024-10-07 10:36:20,016 INFO  Forms_Validation - Requirement Field is validated
2024-10-07 10:36:20,017 INFO  Forms_Validation - Quick Consultation form Validated
2024-10-07 10:36:20,287 INFO  Forms_Validation - URL Entered
2024-10-07 10:36:22,370 INFO  Forms_Validation - Job Application Menu clicked
2024-10-07 10:36:25,689 INFO  Forms_Validation - URL Entered
2024-10-07 10:36:32,009 INFO  Forms_Validation - Moved to Home Element
2024-10-07 10:36:32,387 INFO  Forms_Validation - Online is Clicked
2024-10-07 10:36:32,608 INFO  Forms_Validation - Moved to Home Element
2024-10-07 10:36:32,691 INFO  Forms_Validation - Name Field Validated
2024-10-07 10:36:32,735 INFO  Forms_Validation - Email Field Validated
2024-10-07 10:36:32,773 INFO  Forms_Validation - Phone Field Validated
2024-10-07 10:36:35,548 INFO  Forms_Validation - Interested service validated
2024-10-07 10:36:35,604 INFO  Forms_Validation - Requirement field Validated
2024-10-07 10:36:35,879 INFO  Forms_Validation - Frame Closer Vaidated
2024-10-07 10:36:35,879 INFO  Forms_Validation - Send Message form Validated
2024-10-07 10:36:36,116 INFO  Forms_Validation - URL Entered
2024-10-07 10:36:36,337 INFO  Forms_Validation - Submenu clicked
2024-10-07 10:36:38,459 INFO  Forms_Validation - Name of the company Field Validated
2024-10-07 10:36:41,927 INFO  Forms_Validation - Number of employees is Validated
2024-10-07 10:36:45,776 INFO  Forms_Validation - Company Type is Validated
2024-10-07 10:36:49,651 INFO  Forms_Validation - Industry Experience Field is Validated
2024-10-07 10:37:02,013 INFO  Forms_Validation - TEch Expertise is Validated
2024-10-07 10:37:02,079 INFO  Forms_Validation - Tax ID Field Validated
2024-10-07 10:37:03,149 INFO  Forms_Validation - Registration Number Field Validated
2024-10-07 10:37:03,274 INFO  Forms_Validation - Address Field Validated
2024-10-07 10:37:03,316 INFO  Forms_Validation - City Field Validated
2024-10-07 10:37:03,359 INFO  Forms_Validation - Website Field Validated
2024-10-07 10:37:03,413 INFO  Forms_Validation - Portfolio URL Field Validated
2024-10-07 10:37:03,443 INFO  Forms_Validation - Name of the Contact person Field Validated
2024-10-07 10:37:03,478 INFO  Forms_Validation - Job title of contact person Field Validated
2024-10-07 10:37:03,525 INFO  Forms_Validation - Contact Number Field Validated
2024-10-07 10:37:03,576 INFO  Forms_Validation - Whatsapp  Field Validated
2024-10-07 10:37:03,628 INFO  Forms_Validation - Email field Field Validated
2024-10-07 10:37:03,668 INFO  Forms_Validation - Bank Details Field Validated
2024-10-07 10:37:03,709 INFO  Forms_Validation - Any Relevant Certificate Field Validated
2024-10-07 10:37:03,748 INFO  Forms_Validation - Decision Maker Field Validated
2024-10-07 10:37:03,804 INFO  Forms_Validation - Decision maker Email Field Validated
2024-10-07 10:37:03,952 INFO  Forms_Validation - Brief Description about the company Field Validated
2024-10-07 10:37:03,952 INFO  Forms_Validation - Vendor Registration form Validated
