2024-10-07 10:22:31,138 INFO  Forms_Validation - Name Field Validated
2024-10-07 10:22:31,218 INFO  Forms_Validation - Email Field Validated
2024-10-07 10:22:31,303 INFO  Forms_Validation - Company Name Validated
2024-10-07 10:22:39,805 INFO  Forms_Validation - Select Interest is Validated
2024-10-07 10:22:43,835 INFO  Forms_Validation - Budget Field is Validated
2024-10-07 10:22:43,997 INFO  Forms_Validation - Requirement Field is validated
2024-10-07 10:22:43,997 INFO  Forms_Validation - Contact form Validated
2024-10-07 10:22:44,469 INFO  Forms_Validation - URL Entered
2024-10-07 10:22:46,775 INFO  Forms_Validation - Name Field Validated
2024-10-07 10:22:46,846 INFO  Forms_Validation - Email Field Validated
2024-10-07 10:22:46,874 INFO  Forms_Validation - Company Name Field Validated
2024-10-07 10:22:56,470 INFO  Forms_Validation - Select Interest is Validated
2024-10-07 10:22:59,565 INFO  Forms_Validation - Budget Field is Validated
2024-10-07 10:22:59,712 INFO  Forms_Validation - Requirement Field is validated
2024-10-07 10:22:59,751 INFO  Forms_Validation - Get Quote Form Validated
2024-10-07 10:23:00,017 INFO  Forms_Validation - URL Entered
2024-10-07 10:23:01,161 INFO  Forms_Validation - Name Field Validated
2024-10-07 10:23:01,212 INFO  Forms_Validation - Email Field Validated
2024-10-07 10:23:10,166 INFO  Forms_Validation - Select Interest is Validated
2024-10-07 10:23:14,351 INFO  Forms_Validation - Budget Field is Validated
2024-10-07 10:23:14,505 INFO  Forms_Validation - Requirement Field is validated
2024-10-07 10:23:14,506 INFO  Forms_Validation - Quick Consultation form Validated
2024-10-07 10:23:14,841 INFO  Forms_Validation - URL Entered
2024-10-07 10:23:16,882 INFO  Forms_Validation - Job Application Menu clicked
2024-10-07 10:23:20,201 INFO  Forms_Validation - URL Entered
2024-10-07 10:23:26,501 INFO  Forms_Validation - Moved to Home Element
2024-10-07 10:23:26,886 INFO  Forms_Validation - Online is Clicked
2024-10-07 10:23:27,146 INFO  Forms_Validation - Moved to Home Element
2024-10-07 10:23:27,214 INFO  Forms_Validation - Name Field Validated
2024-10-07 10:23:27,264 INFO  Forms_Validation - Email Field Validated
2024-10-07 10:23:27,306 INFO  Forms_Validation - Phone Field Validated
2024-10-07 10:23:30,104 INFO  Forms_Validation - Interested service validated
2024-10-07 10:23:30,178 INFO  Forms_Validation - Requirement field Validated
2024-10-07 10:23:30,465 INFO  Forms_Validation - Frame Closer Vaidated
2024-10-07 10:23:30,467 INFO  Forms_Validation - Send Message form Validated
2024-10-07 10:23:30,733 INFO  Forms_Validation - URL Entered
2024-10-07 10:23:30,966 INFO  Forms_Validation - Submenu clicked
2024-10-07 10:23:33,216 INFO  Forms_Validation - Name of the company Field Validated
2024-10-07 10:23:38,440 INFO  Forms_Validation - Number of employees is Validated
2024-10-07 10:23:42,425 INFO  Forms_Validation - Company Type is Validated
2024-10-07 10:23:46,205 INFO  Forms_Validation - Industry Experience Field is Validated
2024-10-07 10:23:58,352 INFO  Forms_Validation - TEch Expertise is Validated
2024-10-07 10:23:58,448 INFO  Forms_Validation - Tax ID Field Validated
2024-10-07 10:23:59,509 INFO  Forms_Validation - Registration Number Field Validated
2024-10-07 10:23:59,758 INFO  Forms_Validation - Address Field Validated
2024-10-07 10:23:59,800 INFO  Forms_Validation - City Field Validated
2024-10-07 10:23:59,843 INFO  Forms_Validation - Website Field Validated
2024-10-07 10:23:59,904 INFO  Forms_Validation - Portfolio URL Field Validated
2024-10-07 10:23:59,937 INFO  Forms_Validation - Name of the Contact person Field Validated
2024-10-07 10:23:59,977 INFO  Forms_Validation - Job title of contact person Field Validated
2024-10-07 10:24:00,035 INFO  Forms_Validation - Contact Number Field Validated
2024-10-07 10:24:00,077 INFO  Forms_Validation - Whatsapp  Field Validated
2024-10-07 10:24:00,131 INFO  Forms_Validation - Email field Field Validated
2024-10-07 10:24:00,184 INFO  Forms_Validation - Bank Details Field Validated
2024-10-07 10:24:00,226 INFO  Forms_Validation - Any Relevant Certificate Field Validated
2024-10-07 10:24:00,258 INFO  Forms_Validation - Decision Maker Field Validated
2024-10-07 10:24:00,338 INFO  Forms_Validation - Decision maker Email Field Validated
2024-10-07 10:24:00,499 INFO  Forms_Validation - Brief Description about the company Field Validated
2024-10-07 10:24:00,499 INFO  Forms_Validation - Vendor Registration form Validated
