2024-10-07 14:24:03,035 INFO  Forms_Validation - Name Field Validated
2024-10-07 14:24:03,081 INFO  Forms_Validation - Email Field Validated
2024-10-07 14:24:03,134 INFO  Forms_Validation - Company Name Field Validated
2024-10-07 14:24:12,883 INFO  Forms_Validation - Select Interest is Validated
2024-10-07 14:24:15,851 INFO  Forms_Validation - Budget Field is Validated
2024-10-07 14:24:15,984 INFO  Forms_Validation - Requirement Field is validated
2024-10-07 14:24:16,069 INFO  Forms_Validation - Get Quote Form Validated
2024-10-07 14:24:16,362 INFO  Forms_Validation - URL Entered
2024-10-07 14:24:17,573 INFO  Forms_Validation - Name Field Validated
2024-10-07 14:24:17,630 INFO  Forms_Validation - Email Field Validated
2024-10-07 14:24:26,302 INFO  Forms_Validation - Select Interest is Validated
2024-10-07 14:24:30,544 INFO  Forms_Validation - Budget Field is Validated
2024-10-07 14:24:30,653 INFO  Forms_Validation - Requirement Field is validated
2024-10-07 14:24:30,653 INFO  Forms_Validation - Quick Consultation form Validated
2024-10-07 14:24:30,950 INFO  Forms_Validation - URL Entered
2024-10-07 14:24:33,031 INFO  Forms_Validation - Job Application Menu clicked
2024-10-07 14:24:36,381 INFO  Forms_Validation - URL Entered
2024-10-07 14:24:42,720 INFO  Forms_Validation - Moved to Home Element
2024-10-07 14:24:43,078 INFO  Forms_Validation - Online is Clicked
2024-10-07 14:24:43,538 INFO  Forms_Validation - Moved to Home Element
2024-10-07 14:24:43,824 INFO  Forms_Validation - URL Entered
2024-10-07 14:24:43,994 INFO  Forms_Validation - Submenu clicked
