2024-10-07 10:24:08,125 INFO  Header_Services_Submenu - Submenu clicked
2024-10-07 10:24:09,161 INFO  Header_Services_Submenu - Digital Marketing Sub Menu Validated
2024-10-07 10:24:09,607 INFO  Header_Services_Submenu - URL Entered
2024-10-07 10:24:09,735 INFO  Header_Services_Submenu - Mousehover to the Service Menu
2024-10-07 10:24:09,771 INFO  Header_Services_Submenu - Submenu clicked
2024-10-07 10:24:10,290 INFO  Header_Services_Submenu - Mobile App Marketing Agency Sub Menu Validated
2024-10-07 10:24:10,469 INFO  Header_Services_Submenu - URL Entered
2024-10-07 10:24:10,637 INFO  Header_Services_Submenu - Mousehover to the Service Menu
2024-10-07 10:24:10,665 INFO  Header_Services_Submenu - Submenu clicked
2024-10-07 10:24:11,266 INFO  Header_Services_Submenu - Hire Our Didicated Developers Sub Menu Validated
2024-10-07 10:24:11,430 INFO  Header_Services_Submenu - URL Entered
2024-10-07 10:24:11,584 INFO  Header_Services_Submenu - Mousehover to the Service Menu
2024-10-07 10:24:11,604 INFO  Header_Services_Submenu - Submenu clicked
2024-10-07 10:24:11,604 INFO  Header_Services_Submenu - Web Design and Development Sub Menu Not Clickable
2024-10-07 10:24:11,785 INFO  Header_Services_Submenu - URL Entered
2024-10-07 10:24:11,939 INFO  Header_Services_Submenu - Mousehover to the Service Menu
2024-10-07 10:24:11,958 INFO  Header_Services_Submenu - Submenu clicked
2024-10-07 10:24:12,507 INFO  Header_Services_Submenu - Business Consulting Services Sub Menu Validated
2024-10-07 10:24:12,639 INFO  Header_Services_Submenu - URL Entered
2024-10-07 10:24:12,800 INFO  Header_Services_Submenu - Mousehover to the Service Menu
2024-10-07 10:24:12,907 INFO  Header_Services_Submenu - Submenu clicked
2024-10-07 10:24:14,452 INFO  Header_Services_Submenu - AI Services Sub Menu Validated
2024-10-07 10:24:14,702 INFO  Header_Services_Submenu - URL Entered
2024-10-07 10:24:14,876 INFO  Header_Services_Submenu - Mousehover to the Service Menu
2024-10-07 10:24:14,925 INFO  Header_Services_Submenu - Submenu clicked
2024-10-07 10:24:15,966 INFO  Header_Services_Submenu - Wallet Integration Service Sub Menu Validated
2024-10-07 10:24:16,150 INFO  Header_Services_Submenu - URL Entered
2024-10-07 10:24:16,317 INFO  Header_Services_Submenu - Mousehover to the Service Menu
2024-10-07 10:24:16,484 INFO  Header_Services_Submenu - Submenu clicked
2024-10-07 10:24:17,055 INFO  Header_Services_Submenu - Blockchain Development Sub Menu Validated
2024-10-07 10:24:17,215 INFO  Header_Services_Submenu - URL Entered
2024-10-07 10:24:17,375 INFO  Header_Services_Submenu - Mousehover to the Service Menu
2024-10-07 10:24:17,396 INFO  Header_Services_Submenu - Submenu clicked
2024-10-07 10:24:17,955 INFO  Header_Services_Submenu - Managed Services Sub Menu Validated
