2025-02-28 10:26:51,281 INFO  Home_Page_Footer_Menu - Job Enquiry apply here menu clicked
2025-02-28 10:26:52,771 INFO  Home_Page_Footer_Menu - Footer Job Application Menu Validated
2025-02-28 10:26:53,265 INFO  Home_Page_Footer_Menu - URL Entered
2025-02-28 10:26:54,088 INFO  Home_Page_Footer_Menu - About us menu clicked
2025-02-28 10:26:54,136 INFO  Home_Page_Footer_Menu - Footer About Us Menu Validated
2025-02-28 10:26:54,400 INFO  Home_Page_Footer_Menu - URL Entered
2025-02-28 10:26:55,268 INFO  Home_Page_Footer_Menu - Careers Menu clicked
2025-02-28 10:26:55,332 INFO  Home_Page_Footer_Menu - Footer Careers Menu Validated
2025-02-28 10:26:55,640 INFO  Home_Page_Footer_Menu - URL Entered
2025-02-28 10:26:56,525 INFO  Home_Page_Footer_Menu - Become our Representatives menu clicked
2025-02-28 10:26:56,533 INFO  Home_Page_Footer_Menu - Footer Become Our Representative Menu Validated
2025-02-28 10:26:56,824 INFO  Home_Page_Footer_Menu - URL Entered
2025-02-28 10:26:57,483 INFO  Home_Page_Footer_Menu - Privacy policy menu clicked
2025-02-28 10:26:57,501 INFO  Home_Page_Footer_Menu - Footer Privacy Policy Menu Validated
2025-02-28 10:26:57,807 INFO  Home_Page_Footer_Menu - URL Entered
2025-02-28 10:26:58,509 INFO  Home_Page_Footer_Menu - site map menu clicked
2025-02-28 10:26:58,526 INFO  Home_Page_Footer_Menu - Footer Subscribe button Validated
2025-02-28 10:26:58,869 INFO  Home_Page_Footer_Menu - URL Entered
2025-02-28 10:26:59,029 INFO  Home_Page_Footer_Menu - Mousehover to the Service Menu
2025-02-28 10:27:03,331 INFO  Home_Page_Footer_Menu - Subscibe button clicked
2025-02-28 10:27:05,368 INFO  Home_Page_Footer_Menu - Footer Subscibe button Validated
2025-02-28 10:27:05,709 INFO  Home_Page_Footer_Menu - URL Entered
2025-02-28 10:27:06,631 INFO  Home_Page_Footer_Menu - iOS App Development Menu clicked
2025-02-28 10:27:06,647 INFO  Home_Page_Footer_Menu - iOS App Development Menu Validated
2025-02-28 10:27:06,925 INFO  Home_Page_Footer_Menu - URL Entered
2025-02-28 10:27:07,652 INFO  Home_Page_Footer_Menu - Android App Development Menu clicked
2025-02-28 10:27:07,680 INFO  Home_Page_Footer_Menu - Android App Development Menu Validated
2025-02-28 10:27:08,010 INFO  Home_Page_Footer_Menu - URL Entered
2025-02-28 10:27:09,911 INFO  Home_Page_Footer_Menu - Mobile Games Marketing Menu clicked
2025-02-28 10:27:09,941 INFO  Home_Page_Footer_Menu - Mobile Games Marketing Menu Validated
2025-02-28 10:27:10,332 INFO  Home_Page_Footer_Menu - URL Entered
2025-02-28 10:27:11,184 INFO  Home_Page_Footer_Menu - App Store Optimization Services Menu clicked
2025-02-28 10:27:11,216 INFO  Home_Page_Footer_Menu - App Store Optimization Services Menu Validated
2025-02-28 10:27:11,632 INFO  Home_Page_Footer_Menu - URL Entered
2025-02-28 10:27:12,349 INFO  Home_Page_Footer_Menu - IoT Development Services Menu clicked
2025-02-28 10:27:12,378 INFO  Home_Page_Footer_Menu - IoT Development Services Menu Validated
2025-02-28 10:27:12,726 INFO  Home_Page_Footer_Menu - URL Entered
2025-02-28 10:27:13,578 INFO  Home_Page_Footer_Menu - AI Services Menu clicked
2025-02-28 10:27:13,603 INFO  Home_Page_Footer_Menu - AI Services Menu Validated
2025-02-28 10:27:13,977 INFO  Home_Page_Footer_Menu - URL Entered
2025-02-28 10:27:15,523 INFO  Home_Page_Footer_Menu - GIS Services Menu clicked
2025-02-28 10:27:15,544 INFO  Home_Page_Footer_Menu - GIS Services Menu Validated
2025-02-28 10:27:16,744 INFO  Home_Page_Footer_Menu - URL Entered
2025-02-28 10:27:17,533 INFO  Home_Page_Footer_Menu - Web App Development Menu clicked
2025-02-28 10:27:17,552 INFO  Home_Page_Footer_Menu - Web App Development Menu Validated
2025-02-28 10:27:17,885 INFO  Home_Page_Footer_Menu - URL Entered
2025-02-28 10:27:18,752 INFO  Home_Page_Footer_Menu - Wallet Integration Menu clicked
2025-02-28 10:27:18,768 INFO  Home_Page_Footer_Menu - Wallet Integration Menu Validated
2025-02-28 10:27:19,181 INFO  Home_Page_Footer_Menu - URL Entered
2025-02-28 10:27:20,765 INFO  Home_Page_Footer_Menu - Conversion Rate Optimization Services Menu clicked
2025-02-28 10:27:20,783 INFO  Home_Page_Footer_Menu - Conversion Rate Optimization Services Menu Validated
2025-02-28 10:27:21,242 INFO  Home_Page_Footer_Menu - URL Entered
2025-02-28 10:27:22,025 INFO  Home_Page_Footer_Menu - Performance Marketing Services Menu clicked
2025-02-28 10:27:22,127 INFO  Home_Page_Footer_Menu -  Performance Marketing Services Menu Validated
2025-02-28 10:27:22,550 INFO  Home_Page_Footer_Menu - URL Entered
2025-02-28 10:27:22,744 INFO  Home_Page_Footer_Menu - School Management Software Menu clicked
2025-02-28 10:27:24,845 INFO  Home_Page_Footer_Menu - School Management Software Menu Validated
2025-02-28 10:27:25,425 INFO  Home_Page_Footer_Menu - URL Entered
2025-02-28 10:27:25,656 INFO  Home_Page_Footer_Menu - Intelligent Business Process Automation Software Menu clicked
2025-02-28 10:27:27,149 INFO  Home_Page_Footer_Menu - Intelligent Business Process Automation Software Menu Validated
