2025-02-28 10:26:12,067 INFO  Home_Menu_Body - Digital Marketing arrow icon clicked
2025-02-28 10:26:12,082 INFO  Home_Menu_Body - Digital Marketing arrow icon Validated
2025-02-28 10:26:12,408 INFO  Home_Menu_Body - URL Entered
2025-02-28 10:26:13,643 INFO  Home_Menu_Body - Mobile App Marketing Arrow icon clicked
2025-02-28 10:26:13,714 INFO  Home_Menu_Body - Mobile App Marketing  arrow icon Validated
2025-02-28 10:26:14,104 INFO  Home_Menu_Body - URL Entered
2025-02-28 10:26:15,359 INFO  Home_Menu_Body - Hire our Dedicated developer Icon clicked
2025-02-28 10:26:15,417 INFO  Home_Menu_Body - Hire Our Didicated Developers Sub Menu Validated
2025-02-28 10:26:15,825 INFO  Home_Menu_Body - URL Entered
2025-02-28 10:26:16,489 INFO  Home_Menu_Body - Web development icon clicked
2025-02-28 10:26:16,497 INFO  Home_Menu_Body - Web development arrow icon Validated
2025-02-28 10:26:16,922 INFO  Home_Menu_Body - URL Entered
2025-02-28 10:26:18,389 INFO  Home_Menu_Body - GIS Service arrow icon clicked
2025-02-28 10:26:18,406 INFO  Home_Menu_Body - GIS Services arrow icon Validated
2025-02-28 10:26:19,966 INFO  Home_Menu_Body - URL Entered
2025-02-28 10:26:20,195 INFO  Home_Menu_Body - Header panel alignment Veified
2025-02-28 10:26:20,877 INFO  Home_Menu_Body - URL Entered
2025-02-28 10:26:23,534 INFO  Home_Menu_Body - Freezed Header panel alignment Veified
2025-02-28 10:26:24,192 INFO  Home_Menu_Body - URL Entered
2025-02-28 10:26:27,667 INFO  Home_Menu_Body - Footer Alignment Mismatch
