2025-02-28 10:27:44,512 INFO  Services_MobileAppDevelopmentMenu - Submenu clicked
2025-02-28 10:27:44,530 INFO  Services_MobileAppDevelopmentMenu - Android App Development Sub Menu Validated
2025-02-28 10:27:44,844 INFO  Services_MobileAppDevelopmentMenu - URL Entered
2025-02-28 10:27:45,048 INFO  Services_MobileAppDevelopmentMenu - Mousehover to the Service Menu
2025-02-28 10:27:45,790 INFO  Services_MobileAppDevelopmentMenu - Mousehover to the Mobile App development Submenu
2025-02-28 10:27:47,340 INFO  Services_MobileAppDevelopmentMenu - Submenu clicked
2025-02-28 10:27:47,425 INFO  Services_MobileAppDevelopmentMenu - Enterprise Mobile Application Development Sub Menu Validated
2025-02-28 10:27:47,721 INFO  Services_MobileAppDevelopmentMenu - URL Entered
2025-02-28 10:27:48,146 INFO  Services_MobileAppDevelopmentMenu - Mousehover to the Service Menu
2025-02-28 10:27:48,602 INFO  Services_MobileAppDevelopmentMenu - Mousehover to the Mobile App development Submenu
2025-02-28 10:28:04,574 INFO  Services_MobileAppDevelopmentMenu - Submenu clicked
2025-02-28 10:28:04,663 INFO  Services_MobileAppDevelopmentMenu - Startup App Development Sub Menu Validated
2025-02-28 10:28:05,178 INFO  Services_MobileAppDevelopmentMenu - URL Entered
2025-02-28 10:28:05,603 INFO  Services_MobileAppDevelopmentMenu - Mousehover to the Service Menu
2025-02-28 10:28:06,000 INFO  Services_MobileAppDevelopmentMenu - Mousehover to the Mobile App development Submenu
2025-02-28 10:28:06,824 INFO  Services_MobileAppDevelopmentMenu - Submenu clicked
2025-02-28 10:28:06,880 INFO  Services_MobileAppDevelopmentMenu - iOS App Development Sub Menu Validated
2025-02-28 10:28:07,194 INFO  Services_MobileAppDevelopmentMenu - URL Entered
2025-02-28 10:28:07,636 INFO  Services_MobileAppDevelopmentMenu - Mousehover to the Service Menu
2025-02-28 10:28:08,040 INFO  Services_MobileAppDevelopmentMenu - Mousehover to the Mobile App development Submenu
2025-02-28 10:28:08,801 INFO  Services_MobileAppDevelopmentMenu - Submenu clicked
2025-02-28 10:28:08,818 INFO  Services_MobileAppDevelopmentMenu - Blockchain Development Sub Menu Validated
