2025-02-28 10:30:19,591 INFO  Services_WebDesignAndDevelopment_CMS_Submenu - Drupal Development Submenu clicked
2025-02-28 10:30:19,607 INFO  Services_WebDesignAndDevelopment_CMS_Submenu - Drupal Development Sub Menu Validated
2025-02-28 10:30:19,877 INFO  Services_WebDesignAndDevelopment_CMS_Submenu - URL Entered
2025-02-28 10:30:20,091 INFO  Services_WebDesignAndDevelopment_CMS_Submenu - Mousehover to the Service Menu
2025-02-28 10:30:20,768 INFO  Services_WebDesignAndDevelopment_CMS_Submenu - MouseOver to Web Design & Development Submenu
2025-02-28 10:30:20,914 INFO  Services_WebDesignAndDevelopment_CMS_Submenu - MouseOver to Content Management System Submenu
2025-02-28 10:30:21,560 INFO  Services_WebDesignAndDevelopment_CMS_Submenu - Joomla! Development Submenu clicked
2025-02-28 10:30:21,576 INFO  Services_WebDesignAndDevelopment_CMS_Submenu - Joomla! Development Sub Menu Validated
2025-02-28 10:30:21,907 INFO  Services_WebDesignAndDevelopment_CMS_Submenu - URL Entered
2025-02-28 10:30:22,194 INFO  Services_WebDesignAndDevelopment_CMS_Submenu - Mousehover to the Service Menu
2025-02-28 10:30:22,626 INFO  Services_WebDesignAndDevelopment_CMS_Submenu - MouseOver to Web Design & Development Submenu
2025-02-28 10:30:22,879 INFO  Services_WebDesignAndDevelopment_CMS_Submenu - MouseOver to Content Management System Submenu
2025-02-28 10:30:24,270 INFO  Services_WebDesignAndDevelopment_CMS_Submenu - Magento Development Submenu clicked
2025-02-28 10:30:24,284 INFO  Services_WebDesignAndDevelopment_CMS_Submenu - Magento Development Sub Menu Validated
2025-02-28 10:30:24,601 INFO  Services_WebDesignAndDevelopment_CMS_Submenu - URL Entered
2025-02-28 10:30:25,204 INFO  Services_WebDesignAndDevelopment_CMS_Submenu - Mousehover to the Service Menu
2025-02-28 10:30:25,407 INFO  Services_WebDesignAndDevelopment_CMS_Submenu - MouseOver to Web Design & Development Submenu
2025-02-28 10:30:25,637 INFO  Services_WebDesignAndDevelopment_CMS_Submenu - MouseOver to Content Management System Submenu
2025-02-28 10:30:26,455 INFO  Services_WebDesignAndDevelopment_CMS_Submenu - Woocommerce Submenu clicked
2025-02-28 10:30:26,479 INFO  Services_WebDesignAndDevelopment_CMS_Submenu - Woocommerce Sub Menu Validated
2025-02-28 10:30:26,794 INFO  Services_WebDesignAndDevelopment_CMS_Submenu - URL Entered
2025-02-28 10:30:27,416 INFO  Services_WebDesignAndDevelopment_CMS_Submenu - Mousehover to the Service Menu
2025-02-28 10:30:27,871 INFO  Services_WebDesignAndDevelopment_CMS_Submenu - MouseOver to Web Design & Development Submenu
2025-02-28 10:30:28,050 INFO  Services_WebDesignAndDevelopment_CMS_Submenu - MouseOver to Content Management System Submenu
2025-02-28 10:30:29,120 INFO  Services_WebDesignAndDevelopment_CMS_Submenu - WordPress Development Submenu clicked
2025-02-28 10:30:29,138 INFO  Services_WebDesignAndDevelopment_CMS_Submenu - WordPress Development Sub Menu Validated
