2025-02-28 10:28:18,027 INFO  Services_DigitalMarketingMenu - Submenu clicked
2025-02-28 10:28:18,048 INFO  Services_DigitalMarketingMenu - ICO Marketing Sub Menu Validated
2025-02-28 10:28:18,411 INFO  Services_DigitalMarketingMenu - URL Entered
2025-02-28 10:28:18,993 INFO  Services_DigitalMarketingMenu - Mousehover to the Service Menu
2025-02-28 10:28:19,044 INFO  Services_DigitalMarketingMenu - Mousehover to the Digital Marketing Submenu
2025-02-28 10:28:19,738 INFO  Services_DigitalMarketingMenu - Submenu clicked
2025-02-28 10:28:19,758 INFO  Services_DigitalMarketingMenu - Influencer Marketing Services Sub Menu Validated
2025-02-28 10:28:20,108 INFO  Services_DigitalMarketingMenu - URL Entered
2025-02-28 10:28:20,306 INFO  Services_DigitalMarketingMenu - Mousehover to the Service Menu
2025-02-28 10:28:20,761 INFO  Services_DigitalMarketingMenu - Mousehover to the Digital Marketing Submenu
2025-02-28 10:28:21,840 INFO  Services_DigitalMarketingMenu - Submenu clicked
2025-02-28 10:28:22,071 INFO  Services_DigitalMarketingMenu - Search Engine Optimization Sub Menu Validated
2025-02-28 10:28:22,590 INFO  Services_DigitalMarketingMenu - URL Entered
2025-02-28 10:28:23,188 INFO  Services_DigitalMarketingMenu - Mousehover to the Service Menu
2025-02-28 10:28:23,263 INFO  Services_DigitalMarketingMenu - Mousehover to the Digital Marketing Submenu
2025-02-28 10:28:23,900 INFO  Services_DigitalMarketingMenu - Submenu clicked
2025-02-28 10:28:23,922 INFO  Services_DigitalMarketingMenu - PPC Management & Strategy Sub Menu Validated
2025-02-28 10:28:24,303 INFO  Services_DigitalMarketingMenu - URL Entered
2025-02-28 10:28:24,878 INFO  Services_DigitalMarketingMenu - Mousehover to the Service Menu
2025-02-28 10:28:24,935 INFO  Services_DigitalMarketingMenu - Mousehover to the Digital Marketing Submenu
2025-02-28 10:28:25,744 INFO  Services_DigitalMarketingMenu - Submenu clicked
2025-02-28 10:28:25,760 INFO  Services_DigitalMarketingMenu - Social Media Management & Strategy Sub Menu Validated
2025-02-28 10:28:26,100 INFO  Services_DigitalMarketingMenu - URL Entered
2025-02-28 10:28:26,687 INFO  Services_DigitalMarketingMenu - Mousehover to the Service Menu
2025-02-28 10:28:26,766 INFO  Services_DigitalMarketingMenu - Mousehover to the Digital Marketing Submenu
2025-02-28 10:28:27,451 INFO  Services_DigitalMarketingMenu - Submenu clicked
2025-02-28 10:28:27,507 INFO  Services_DigitalMarketingMenu - Conversion Rate Optimization Services Sub Menu Validated
2025-02-28 10:28:27,901 INFO  Services_DigitalMarketingMenu - URL Entered
2025-02-28 10:28:28,138 INFO  Services_DigitalMarketingMenu - Mousehover to the Service Menu
2025-02-28 10:28:28,595 INFO  Services_DigitalMarketingMenu - Mousehover to the Digital Marketing Submenu
2025-02-28 10:28:29,324 INFO  Services_DigitalMarketingMenu - Submenu clicked
2025-02-28 10:28:29,345 INFO  Services_DigitalMarketingMenu - Multilingual SEO Sub Menu Validated
2025-02-28 10:28:29,728 INFO  Services_DigitalMarketingMenu - URL Entered
2025-02-28 10:28:30,320 INFO  Services_DigitalMarketingMenu - Mousehover to the Service Menu
2025-02-28 10:28:30,370 INFO  Services_DigitalMarketingMenu - Mousehover to the Digital Marketing Submenu
2025-02-28 10:28:31,189 INFO  Services_DigitalMarketingMenu - Submenu clicked
2025-02-28 10:28:31,203 INFO  Services_DigitalMarketingMenu - Google Search Optimization Sub Menu Validated
2025-02-28 10:28:31,620 INFO  Services_DigitalMarketingMenu - URL Entered
2025-02-28 10:28:31,793 INFO  Services_DigitalMarketingMenu - Mousehover to the Service Menu
2025-02-28 10:28:32,216 INFO  Services_DigitalMarketingMenu - Mousehover to the Digital Marketing Submenu
2025-02-28 10:28:32,836 INFO  Services_DigitalMarketingMenu - Submenu clicked
2025-02-28 10:28:32,891 INFO  Services_DigitalMarketingMenu - Google Grants Sub Menu Validated
2025-02-28 10:28:33,220 INFO  Services_DigitalMarketingMenu - URL Entered
2025-02-28 10:28:33,808 INFO  Services_DigitalMarketingMenu - Mousehover to the Service Menu
2025-02-28 10:28:33,858 INFO  Services_DigitalMarketingMenu - Mousehover to the Digital Marketing Submenu
2025-02-28 10:28:34,438 INFO  Services_DigitalMarketingMenu - Submenu clicked
2025-02-28 10:28:34,455 INFO  Services_DigitalMarketingMenu - Inbound marketing services Sub Menu Validated
2025-02-28 10:28:34,867 INFO  Services_DigitalMarketingMenu - URL Entered
2025-02-28 10:28:35,456 INFO  Services_DigitalMarketingMenu - Mousehover to the Service Menu
2025-02-28 10:28:35,512 INFO  Services_DigitalMarketingMenu - Mousehover to the Digital Marketing Submenu
2025-02-28 10:28:36,376 INFO  Services_DigitalMarketingMenu - Submenu clicked
2025-02-28 10:28:36,392 INFO  Services_DigitalMarketingMenu - DV360 Traffic Management Services Sub Menu Validated
2025-02-28 10:28:36,796 INFO  Services_DigitalMarketingMenu - URL Entered
2025-02-28 10:28:37,383 INFO  Services_DigitalMarketingMenu - Mousehover to the Service Menu
2025-02-28 10:28:37,473 INFO  Services_DigitalMarketingMenu - Mousehover to the Digital Marketing Submenu
2025-02-28 10:28:38,300 INFO  Services_DigitalMarketingMenu - Submenu clicked
2025-02-28 10:28:38,318 INFO  Services_DigitalMarketingMenu - Account Based Marketing Services Sub Menu Validated
