2025-02-28 10:29:17,898 INFO  Services_MobileAppMarketingAgency_Menu - Submenu clicked
2025-02-28 10:29:19,420 INFO  Services_MobileAppMarketingAgency_Menu - Mobile App Ads Campaign Management Sub Menu Validated
2025-02-28 10:29:19,722 INFO  Services_MobileAppMarketingAgency_Menu - URL Entered
2025-02-28 10:29:19,949 INFO  Services_MobileAppMarketingAgency_Menu - Mousehover to the Service Menu
2025-02-28 10:29:20,441 INFO  Services_MobileAppMarketingAgency_Menu - Mousehover to the Mobile App Marketing Agency Submenu
2025-02-28 10:29:23,273 INFO  Services_MobileAppMarketingAgency_Menu - Submenu clicked
2025-02-28 10:29:24,817 INFO  Services_MobileAppMarketingAgency_Menu - Mobile Games Marketing Sub Menu Validated
2025-02-28 10:29:25,270 INFO  Services_MobileAppMarketingAgency_Menu - URL Entered
2025-02-28 10:29:25,476 INFO  Services_MobileAppMarketingAgency_Menu - Mousehover to the Service Menu
2025-02-28 10:29:26,028 INFO  Services_MobileAppMarketingAgency_Menu - Mousehover to the Mobile App Marketing Agency Submenu
2025-02-28 10:29:28,845 INFO  Services_MobileAppMarketingAgency_Menu - Submenu clicked
2025-02-28 10:29:30,346 INFO  Services_MobileAppMarketingAgency_Menu - Mobile Pre Launch Activities Sub Menu Validated
2025-02-28 10:29:30,772 INFO  Services_MobileAppMarketingAgency_Menu - URL Entered
2025-02-28 10:29:31,279 INFO  Services_MobileAppMarketingAgency_Menu - Mousehover to the Service Menu
2025-02-28 10:29:31,481 INFO  Services_MobileAppMarketingAgency_Menu - Mousehover to the Mobile App Marketing Agency Submenu
2025-02-28 10:29:34,164 INFO  Services_MobileAppMarketingAgency_Menu - Submenu clicked
2025-02-28 10:29:35,698 INFO  Services_MobileAppMarketingAgency_Menu - Mobile App Market Research Sub Menu Validated
2025-02-28 10:29:36,100 INFO  Services_MobileAppMarketingAgency_Menu - URL Entered
2025-02-28 10:29:36,600 INFO  Services_MobileAppMarketingAgency_Menu - Mousehover to the Service Menu
2025-02-28 10:29:36,810 INFO  Services_MobileAppMarketingAgency_Menu - Mousehover to the Mobile App Marketing Agency Submenu
2025-02-28 10:29:39,520 INFO  Services_MobileAppMarketingAgency_Menu - Submenu clicked
2025-02-28 10:29:41,040 INFO  Services_MobileAppMarketingAgency_Menu - Mobile App Growth Marketing Sub Menu Validated
2025-02-28 10:29:41,470 INFO  Services_MobileAppMarketingAgency_Menu - URL Entered
2025-02-28 10:29:41,999 INFO  Services_MobileAppMarketingAgency_Menu - Mousehover to the Service Menu
2025-02-28 10:29:42,202 INFO  Services_MobileAppMarketingAgency_Menu - Mousehover to the Mobile App Marketing Agency Submenu
2025-02-28 10:29:44,901 INFO  Services_MobileAppMarketingAgency_Menu - Submenu clicked
2025-02-28 10:29:46,415 INFO  Services_MobileAppMarketingAgency_Menu - Mobile App Prototype Sub Menu Validated
