2025-02-28 10:24:32,524 INFO  Forms_Validation - Submenu clicked
2025-02-28 10:24:34,625 INFO  Forms_Validation - Name of the company Field Validated
2025-02-28 10:24:37,429 INFO  Forms_Validation - Number of employees is Validated
2025-02-28 10:24:40,344 INFO  Forms_Validation - Company Type is Validated
2025-02-28 10:24:43,207 INFO  Forms_Validation - Industry Experience Field is Validated
2025-02-28 10:24:51,487 INFO  Forms_Validation - TEch Expertise is Validated
2025-02-28 10:24:51,593 INFO  Forms_Validation - Tax ID Field Validated
2025-02-28 10:24:52,726 INFO  Forms_Validation - Registration Number Field Validated
2025-02-28 10:24:52,972 INFO  Forms_Validation - Address Field Validated
2025-02-28 10:24:53,093 INFO  Forms_Validation - City Field Validated
2025-02-28 10:24:53,189 INFO  Forms_Validation - Website Field Validated
2025-02-28 10:24:53,297 INFO  Forms_Validation - Portfolio URL Field Validated
2025-02-28 10:24:53,394 INFO  Forms_Validation - Name of the Contact person Field Validated
2025-02-28 10:24:53,494 INFO  Forms_Validation - Job title of contact person Field Validated
2025-02-28 10:24:53,612 INFO  Forms_Validation - Contact Number Field Validated
2025-02-28 10:24:53,739 INFO  Forms_Validation - Whatsapp  Field Validated
2025-02-28 10:24:53,872 INFO  Forms_Validation - Email field Field Validated
2025-02-28 10:24:54,044 INFO  Forms_Validation - Bank Details Field Validated
2025-02-28 10:24:54,149 INFO  Forms_Validation - Any Relevant Certificate Field Validated
2025-02-28 10:24:54,245 INFO  Forms_Validation - Decision Maker Field Validated
2025-02-28 10:24:54,382 INFO  Forms_Validation - Decision maker Email Field Validated
2025-02-28 10:24:54,757 INFO  Forms_Validation - Brief Description about the company Field Validated
2025-02-28 10:24:54,757 INFO  Forms_Validation - Vendor Registration form Validated
