2025-02-28 10:30:35,578 INFO  Services_GIS_ServicesMenu - Submenu clicked
2025-02-28 10:30:35,598 INFO  Services_GIS_ServicesMenu - BIM Services Sub Menu Validated
2025-02-28 10:30:36,724 INFO  Services_GIS_ServicesMenu - URL Entered
2025-02-28 10:30:36,980 INFO  Services_GIS_ServicesMenu - Mousehover to the Service Menu
2025-02-28 10:30:37,725 INFO  Services_GIS_ServicesMenu - Mousehover to the GIS Services SubMenu
2025-02-28 10:30:38,884 INFO  Services_GIS_ServicesMenu - Submenu clicked
2025-02-28 10:30:38,908 INFO  Services_GIS_ServicesMenu - Digital Photogrammetry Services Sub Menu Validated
2025-02-28 10:30:39,722 INFO  Services_GIS_ServicesMenu - URL Entered
2025-02-28 10:30:40,181 INFO  Services_GIS_ServicesMenu - Mousehover to the Service Menu
2025-02-28 10:30:40,277 INFO  Services_GIS_ServicesMenu - Mousehover to the GIS Services SubMenu
2025-02-28 10:30:41,684 INFO  Services_GIS_ServicesMenu - Submenu clicked
2025-02-28 10:30:41,701 INFO  Services_GIS_ServicesMenu - LiDAR Services Sub Menu Validated
2025-02-28 10:30:42,700 INFO  Services_GIS_ServicesMenu - URL Entered
2025-02-28 10:30:43,193 INFO  Services_GIS_ServicesMenu - Mousehover to the Service Menu
2025-02-28 10:30:43,286 INFO  Services_GIS_ServicesMenu - Mousehover to the GIS Services SubMenu
2025-02-28 10:30:45,861 INFO  Services_GIS_ServicesMenu - Submenu clicked
2025-02-28 10:30:45,876 INFO  Services_GIS_ServicesMenu - Mobile LiDAR Sub Menu Validated
2025-02-28 10:30:46,765 INFO  Services_GIS_ServicesMenu - URL Entered
2025-02-28 10:30:47,246 INFO  Services_GIS_ServicesMenu - Mousehover to the Service Menu
2025-02-28 10:30:47,381 INFO  Services_GIS_ServicesMenu - Mousehover to the GIS Services SubMenu
2025-02-28 10:30:49,342 INFO  Services_GIS_ServicesMenu - Submenu clicked
2025-02-28 10:30:49,371 INFO  Services_GIS_ServicesMenu - Orthophoto Process Sub Menu Validated
