2025-02-28 10:28:29,324 INFO  Services_DigitalMarketingMenu - Submenu clicked
2025-02-28 10:28:29,345 INFO  Services_DigitalMarketingMenu - Multilingual SEO Sub Menu Validated
2025-02-28 10:28:29,728 INFO  Services_DigitalMarketingMenu - URL Entered
2025-02-28 10:28:30,320 INFO  Services_DigitalMarketingMenu - Mousehover to the Service Menu
2025-02-28 10:28:30,370 INFO  Services_DigitalMarketingMenu - Mousehover to the Digital Marketing Submenu
2025-02-28 10:28:31,189 INFO  Services_DigitalMarketingMenu - Submenu clicked
2025-02-28 10:28:31,203 INFO  Services_DigitalMarketingMenu - Google Search Optimization Sub Menu Validated
2025-02-28 10:28:31,620 INFO  Services_DigitalMarketingMenu - URL Entered
2025-02-28 10:28:31,793 INFO  Services_DigitalMarketingMenu - Mousehover to the Service Menu
2025-02-28 10:28:32,216 INFO  Services_DigitalMarketingMenu - Mousehover to the Digital Marketing Submenu
2025-02-28 10:28:32,836 INFO  Services_DigitalMarketingMenu - Submenu clicked
2025-02-28 10:28:32,891 INFO  Services_DigitalMarketingMenu - Google Grants Sub Menu Validated
2025-02-28 10:28:33,220 INFO  Services_DigitalMarketingMenu - URL Entered
2025-02-28 10:28:33,808 INFO  Services_DigitalMarketingMenu - Mousehover to the Service Menu
2025-02-28 10:28:33,858 INFO  Services_DigitalMarketingMenu - Mousehover to the Digital Marketing Submenu
2025-02-28 10:28:34,438 INFO  Services_DigitalMarketingMenu - Submenu clicked
2025-02-28 10:28:34,455 INFO  Services_DigitalMarketingMenu - Inbound marketing services Sub Menu Validated
2025-02-28 10:28:34,867 INFO  Services_DigitalMarketingMenu - URL Entered
2025-02-28 10:28:35,456 INFO  Services_DigitalMarketingMenu - Mousehover to the Service Menu
2025-02-28 10:28:35,512 INFO  Services_DigitalMarketingMenu - Mousehover to the Digital Marketing Submenu
2025-02-28 10:28:36,376 INFO  Services_DigitalMarketingMenu - Submenu clicked
2025-02-28 10:28:36,392 INFO  Services_DigitalMarketingMenu - DV360 Traffic Management Services Sub Menu Validated
2025-02-28 10:28:36,796 INFO  Services_DigitalMarketingMenu - URL Entered
2025-02-28 10:28:37,383 INFO  Services_DigitalMarketingMenu - Mousehover to the Service Menu
2025-02-28 10:28:37,473 INFO  Services_DigitalMarketingMenu - Mousehover to the Digital Marketing Submenu
2025-02-28 10:28:38,300 INFO  Services_DigitalMarketingMenu - Submenu clicked
2025-02-28 10:28:38,318 INFO  Services_DigitalMarketingMenu - Account Based Marketing Services Sub Menu Validated
