2025-02-28 10:26:38,670 INFO  Header_About_Us_SubMenu - Submenu clicked
2025-02-28 10:26:38,765 INFO  Header_About_Us_SubMenu - Awards Sub Menu Validated
2025-02-28 10:26:39,109 INFO  Header_About_Us_SubMenu - URL Entered
2025-02-28 10:26:39,830 INFO  Header_About_Us_SubMenu - Submenu clicked
2025-02-28 10:26:39,841 INFO  Header_About_Us_SubMenu - Partner With Us Sub Menu Validated
2025-02-28 10:26:40,270 INFO  Header_About_Us_SubMenu - URL Entered
2025-02-28 10:26:40,979 INFO  Header_About_Us_SubMenu - Submenu clicked
2025-02-28 10:26:41,033 INFO  Header_About_Us_SubMenu - Testimonials Sub Menu Validated
2025-02-28 10:26:41,451 INFO  Header_About_Us_SubMenu - URL Entered
2025-02-28 10:26:42,019 INFO  Header_About_Us_SubMenu - Submenu clicked
2025-02-28 10:26:42,019 INFO  Header_About_Us_SubMenu - Vendor Registration Sub Menu Validated
2025-02-28 10:26:42,357 INFO  Header_About_Us_SubMenu - URL Entered
2025-02-28 10:26:43,021 INFO  Header_About_Us_SubMenu - Submenu clicked
2025-02-28 10:26:43,081 INFO  Header_About_Us_SubMenu - Technologies Sub Menu Validated
2025-02-28 10:26:43,369 INFO  Header_About_Us_SubMenu - URL Entered
2025-02-28 10:26:44,092 INFO  Header_About_Us_SubMenu - Submenu clicked
2025-02-28 10:26:44,158 INFO  Header_About_Us_SubMenu - Methodology Sub Menu Validated
2025-02-28 10:26:44,484 INFO  Header_About_Us_SubMenu - URL Entered
2025-02-28 10:26:45,071 INFO  Header_About_Us_SubMenu - Submenu clicked
2025-02-28 10:26:45,117 INFO  Header_About_Us_SubMenu - Alliances Sub Menu Validated
2025-02-28 10:26:45,239 INFO  Header_About_Us_SubMenu - URL Entered
2025-02-28 10:26:46,023 INFO  Header_About_Us_SubMenu - Submenu clicked
2025-02-28 10:26:46,066 INFO  Header_About_Us_SubMenu - Infrastructure Sub Menu Validated
2025-02-28 10:26:46,422 INFO  Header_About_Us_SubMenu - URL Entered
2025-02-28 10:26:47,013 INFO  Header_About_Us_SubMenu - Submenu clicked
2025-02-28 10:26:47,063 INFO  Header_About_Us_SubMenu - Group Companies Sub Menu Validated
