2025-02-28 10:23:31,560 INFO  Forms_Validation - Name Field Validated
2025-02-28 10:23:32,435 INFO  Forms_Validation - Email Field Validated
2025-02-28 10:23:32,751 INFO  Forms_Validation - Company Name Field Validated
2025-02-28 10:23:40,389 INFO  Forms_Validation - Select Interest is Validated
2025-02-28 10:23:42,676 INFO  Forms_Validation - Budget Field is Validated
2025-02-28 10:23:42,982 INFO  Forms_Validation - Requirement Field is validated
2025-02-28 10:23:42,982 INFO  Forms_Validation - Get Quote Form Validated
2025-02-28 10:23:43,740 INFO  Forms_Validation - URL Entered
2025-02-28 10:23:44,888 INFO  Forms_Validation - Name Field Validated
2025-02-28 10:23:44,962 INFO  Forms_Validation - Email Field Validated
2025-02-28 10:23:48,074 INFO  Forms_Validation - Select Interest is Validated
2025-02-28 10:23:55,425 INFO  Forms_Validation - Budget Field is Validated
2025-02-28 10:23:55,657 INFO  Forms_Validation - Requirement Field is validated
2025-02-28 10:23:55,658 INFO  Forms_Validation - Quick Consultation form Validated
2025-02-28 10:23:56,121 INFO  Forms_Validation - URL Entered
2025-02-28 10:23:58,251 INFO  Forms_Validation - Job Application Menu clicked
2025-02-28 10:24:01,438 INFO  Forms_Validation - Name Field Validated
2025-02-28 10:24:02,291 INFO  Forms_Validation - Email Field Validated
2025-02-28 10:24:03,608 INFO  Forms_Validation - phone number field validated
2025-02-28 10:24:07,440 INFO  Forms_Validation - Select Post is Validated
2025-02-28 10:24:09,244 INFO  Forms_Validation - Location Field is Validated
2025-02-28 10:24:11,564 INFO  Forms_Validation - Search Engine Field is Validated
2025-02-28 10:24:12,902 INFO  Forms_Validation - Gender Field Vaidated
2025-02-28 10:24:22,918 INFO  Forms_Validation - Year of Experience Field is Validated
2025-02-28 10:24:25,143 INFO  Forms_Validation - Month of experience Field is Validated
2025-02-28 10:24:25,256 INFO  Forms_Validation - Highest Qualification field is validated
2025-02-28 10:24:25,497 INFO  Forms_Validation - Key Skills field is validated
2025-02-28 10:24:25,594 INFO  Forms_Validation - Current Designation field is validated
2025-02-28 10:24:25,698 INFO  Forms_Validation - Current Location Field is validated
2025-02-28 10:24:25,698 INFO  Forms_Validation - Job Allication Form Validated
2025-02-28 10:24:26,392 INFO  Forms_Validation - URL Entered
2025-02-28 10:24:26,594 INFO  Forms_Validation - Moved to Home Element
2025-02-28 10:24:28,937 INFO  Forms_Validation - Online is Clicked
2025-02-28 10:24:29,196 INFO  Forms_Validation - Moved to Home Element
2025-02-28 10:24:29,577 INFO  Forms_Validation - Frame Closer Vaidated
2025-02-28 10:24:29,970 INFO  Forms_Validation - Online is Clicked
2025-02-28 10:24:30,104 INFO  Forms_Validation - Moved to Home Element
2025-02-28 10:24:30,615 INFO  Forms_Validation - URL Entered
2025-02-28 10:24:32,524 INFO  Forms_Validation - Submenu clicked
2025-02-28 10:24:34,625 INFO  Forms_Validation - Name of the company Field Validated
2025-02-28 10:24:37,429 INFO  Forms_Validation - Number of employees is Validated
2025-02-28 10:24:40,344 INFO  Forms_Validation - Company Type is Validated
2025-02-28 10:24:43,207 INFO  Forms_Validation - Industry Experience Field is Validated
2025-02-28 10:24:51,487 INFO  Forms_Validation - TEch Expertise is Validated
2025-02-28 10:24:51,593 INFO  Forms_Validation - Tax ID Field Validated
2025-02-28 10:24:52,726 INFO  Forms_Validation - Registration Number Field Validated
2025-02-28 10:24:52,972 INFO  Forms_Validation - Address Field Validated
2025-02-28 10:24:53,093 INFO  Forms_Validation - City Field Validated
2025-02-28 10:24:53,189 INFO  Forms_Validation - Website Field Validated
2025-02-28 10:24:53,297 INFO  Forms_Validation - Portfolio URL Field Validated
2025-02-28 10:24:53,394 INFO  Forms_Validation - Name of the Contact person Field Validated
2025-02-28 10:24:53,494 INFO  Forms_Validation - Job title of contact person Field Validated
2025-02-28 10:24:53,612 INFO  Forms_Validation - Contact Number Field Validated
2025-02-28 10:24:53,739 INFO  Forms_Validation - Whatsapp  Field Validated
2025-02-28 10:24:53,872 INFO  Forms_Validation - Email field Field Validated
2025-02-28 10:24:54,044 INFO  Forms_Validation - Bank Details Field Validated
2025-02-28 10:24:54,149 INFO  Forms_Validation - Any Relevant Certificate Field Validated
2025-02-28 10:24:54,245 INFO  Forms_Validation - Decision Maker Field Validated
2025-02-28 10:24:54,382 INFO  Forms_Validation - Decision maker Email Field Validated
2025-02-28 10:24:54,757 INFO  Forms_Validation - Brief Description about the company Field Validated
2025-02-28 10:24:54,757 INFO  Forms_Validation - Vendor Registration form Validated
