2024-10-16 10:12:00,457 INFO  Services_MobileAppDevelopmentMenu - Submenu clicked
2024-10-16 10:12:01,043 INFO  Services_MobileAppDevelopmentMenu - Enterprise Mobile Application Development Sub Menu Validated
2024-10-16 10:12:01,236 INFO  Services_MobileAppDevelopmentMenu - URL Entered
2024-10-16 10:12:01,389 INFO  Services_MobileAppDevelopmentMenu - Mousehover to the Service Menu
2024-10-16 10:12:01,522 INFO  Services_MobileAppDevelopmentMenu - Mousehover to the Mobile App development Submenu
2024-10-16 10:12:01,543 INFO  Services_MobileAppDevelopmentMenu - Submenu clicked
2024-10-16 10:12:03,247 INFO  Services_MobileAppDevelopmentMenu - Startup App Development Sub Menu Validated
2024-10-16 10:12:05,108 INFO  Services_MobileAppDevelopmentMenu - URL Entered
2024-10-16 10:12:05,275 INFO  Services_MobileAppDevelopmentMenu - Mousehover to the Service Menu
2024-10-16 10:12:05,399 INFO  Services_MobileAppDevelopmentMenu - Mousehover to the Mobile App development Submenu
2024-10-16 10:12:05,418 INFO  Services_MobileAppDevelopmentMenu - Submenu clicked
2024-10-16 10:12:06,736 INFO  Services_MobileAppDevelopmentMenu - iOS App Development Sub Menu Validated
2024-10-16 10:12:06,948 INFO  Services_MobileAppDevelopmentMenu - URL Entered
2024-10-16 10:12:07,156 INFO  Services_MobileAppDevelopmentMenu - Mousehover to the Service Menu
2024-10-16 10:12:07,316 INFO  Services_MobileAppDevelopmentMenu - Mousehover to the Mobile App development Submenu
2024-10-16 10:12:07,734 INFO  Services_MobileAppDevelopmentMenu - Submenu clicked
2024-10-16 10:12:08,337 INFO  Services_MobileAppDevelopmentMenu - iPad App Development Sub Menu Validated
2024-10-16 10:12:08,553 INFO  Services_MobileAppDevelopmentMenu - URL Entered
2024-10-16 10:12:08,730 INFO  Services_MobileAppDevelopmentMenu - Mousehover to the Service Menu
2024-10-16 10:12:08,913 INFO  Services_MobileAppDevelopmentMenu - Mousehover to the Mobile App development Submenu
2024-10-16 10:12:09,310 INFO  Services_MobileAppDevelopmentMenu - Submenu clicked
2024-10-16 10:12:09,884 INFO  Services_MobileAppDevelopmentMenu - HTML5 Development Sub Menu Validated
2024-10-16 10:12:10,060 INFO  Services_MobileAppDevelopmentMenu - URL Entered
2024-10-16 10:12:10,212 INFO  Services_MobileAppDevelopmentMenu - Mousehover to the Service Menu
2024-10-16 10:12:10,377 INFO  Services_MobileAppDevelopmentMenu - Mousehover to the Mobile App development Submenu
2024-10-16 10:12:10,763 INFO  Services_MobileAppDevelopmentMenu - Submenu clicked
2024-10-16 10:12:11,558 INFO  Services_MobileAppDevelopmentMenu - Windows Application Development Sub Menu Validated
