2024-10-16 10:06:49,728 INFO  Header_Services_Submenu - Submenu clicked
2024-10-16 10:06:50,253 INFO  Header_Services_Submenu - Digital Marketing Sub Menu Validated
2024-10-16 10:06:51,063 INFO  Header_Services_Submenu - URL Entered
2024-10-16 10:06:51,210 INFO  Header_Services_Submenu - Mousehover to the Service Menu
2024-10-16 10:06:51,240 INFO  Header_Services_Submenu - Submenu clicked
2024-10-16 10:06:51,756 INFO  Header_Services_Submenu - Mobile App Marketing Agency Sub Menu Validated
2024-10-16 10:06:52,075 INFO  Header_Services_Submenu - URL Entered
2024-10-16 10:06:52,232 INFO  Header_Services_Submenu - Mousehover to the Service Menu
2024-10-16 10:06:52,258 INFO  Header_Services_Submenu - Submenu clicked
2024-10-16 10:06:52,834 INFO  Header_Services_Submenu - Hire Our Didicated Developers Sub Menu Validated
2024-10-16 10:06:53,090 INFO  Header_Services_Submenu - URL Entered
2024-10-16 10:06:53,253 INFO  Header_Services_Submenu - Mousehover to the Service Menu
2024-10-16 10:06:53,299 INFO  Header_Services_Submenu - Submenu clicked
2024-10-16 10:06:53,300 INFO  Header_Services_Submenu - Web Design and Development Sub Menu Not Clickable
2024-10-16 10:06:53,560 INFO  Header_Services_Submenu - URL Entered
2024-10-16 10:06:53,702 INFO  Header_Services_Submenu - Mousehover to the Service Menu
2024-10-16 10:06:53,717 INFO  Header_Services_Submenu - Submenu clicked
2024-10-16 10:06:54,264 INFO  Header_Services_Submenu - Business Consulting Services Sub Menu Validated
2024-10-16 10:06:54,490 INFO  Header_Services_Submenu - URL Entered
2024-10-16 10:06:54,642 INFO  Header_Services_Submenu - Mousehover to the Service Menu
2024-10-16 10:06:54,659 INFO  Header_Services_Submenu - Submenu clicked
2024-10-16 10:06:55,177 INFO  Header_Services_Submenu - AI Services Sub Menu Validated
2024-10-16 10:06:55,402 INFO  Header_Services_Submenu - URL Entered
2024-10-16 10:06:55,540 INFO  Header_Services_Submenu - Mousehover to the Service Menu
2024-10-16 10:06:55,556 INFO  Header_Services_Submenu - Submenu clicked
2024-10-16 10:06:56,070 INFO  Header_Services_Submenu - Wallet Integration Service Sub Menu Validated
2024-10-16 10:06:56,343 INFO  Header_Services_Submenu - URL Entered
2024-10-16 10:06:56,492 INFO  Header_Services_Submenu - Mousehover to the Service Menu
2024-10-16 10:06:56,514 INFO  Header_Services_Submenu - Submenu clicked
2024-10-16 10:06:57,059 INFO  Header_Services_Submenu - Blockchain Development Sub Menu Validated
2024-10-16 10:06:57,403 INFO  Header_Services_Submenu - URL Entered
2024-10-16 10:06:57,553 INFO  Header_Services_Submenu - Mousehover to the Service Menu
2024-10-16 10:06:57,586 INFO  Header_Services_Submenu - Submenu clicked
2024-10-16 10:06:58,144 INFO  Header_Services_Submenu - Managed Services Sub Menu Validated
