2024-10-16 10:05:19,238 INFO  Forms_Validation - Name Field Validated
2024-10-16 10:05:19,309 INFO  Forms_Validation - Email Field Validated
2024-10-16 10:05:19,391 INFO  Forms_Validation - Company Name Validated
2024-10-16 10:05:28,565 INFO  Forms_Validation - Select Interest is Validated
2024-10-16 10:05:32,572 INFO  Forms_Validation - Budget Field is Validated
2024-10-16 10:05:32,732 INFO  Forms_Validation - Requirement Field is validated
2024-10-16 10:05:32,732 INFO  Forms_Validation - Contact form Validated
2024-10-16 10:05:33,299 INFO  Forms_Validation - URL Entered
2024-10-16 10:05:35,580 INFO  Forms_Validation - Name Field Validated
2024-10-16 10:05:35,659 INFO  Forms_Validation - Email Field Validated
2024-10-16 10:05:35,705 INFO  Forms_Validation - Company Name Field Validated
2024-10-16 10:05:45,264 INFO  Forms_Validation - Select Interest is Validated
2024-10-16 10:05:48,267 INFO  Forms_Validation - Budget Field is Validated
2024-10-16 10:05:48,438 INFO  Forms_Validation - Requirement Field is validated
2024-10-16 10:05:48,474 INFO  Forms_Validation - Get Quote Form Validated
2024-10-16 10:05:48,732 INFO  Forms_Validation - URL Entered
2024-10-16 10:05:49,845 INFO  Forms_Validation - Name Field Validated
2024-10-16 10:05:49,892 INFO  Forms_Validation - Email Field Validated
2024-10-16 10:05:58,603 INFO  Forms_Validation - Select Interest is Validated
2024-10-16 10:06:02,742 INFO  Forms_Validation - Budget Field is Validated
2024-10-16 10:06:02,885 INFO  Forms_Validation - Requirement Field is validated
2024-10-16 10:06:02,885 INFO  Forms_Validation - Quick Consultation form Validated
2024-10-16 10:06:03,308 INFO  Forms_Validation - URL Entered
2024-10-16 10:06:05,379 INFO  Forms_Validation - Job Application Menu clicked
2024-10-16 10:06:08,820 INFO  Forms_Validation - URL Entered
2024-10-16 10:06:08,977 INFO  Forms_Validation - Moved to Home Element
2024-10-16 10:06:10,531 INFO  Forms_Validation - Online is Clicked
2024-10-16 10:06:11,101 INFO  Forms_Validation - Moved to Home Element
2024-10-16 10:06:11,409 INFO  Forms_Validation - Name Field Validated
2024-10-16 10:06:11,516 INFO  Forms_Validation - Email Field Validated
2024-10-16 10:06:11,637 INFO  Forms_Validation - Phone Field Validated
2024-10-16 10:06:14,537 INFO  Forms_Validation - Interested service validated
2024-10-16 10:06:14,606 INFO  Forms_Validation - Requirement field Validated
2024-10-16 10:06:14,877 INFO  Forms_Validation - Frame Closer Vaidated
2024-10-16 10:06:14,877 INFO  Forms_Validation - Send Message form Validated
2024-10-16 10:06:15,445 INFO  Forms_Validation - URL Entered
2024-10-16 10:06:15,618 INFO  Forms_Validation - Submenu clicked
2024-10-16 10:06:17,757 INFO  Forms_Validation - Name of the company Field Validated
2024-10-16 10:06:21,216 INFO  Forms_Validation - Number of employees is Validated
2024-10-16 10:06:25,080 INFO  Forms_Validation - Company Type is Validated
2024-10-16 10:06:28,828 INFO  Forms_Validation - Industry Experience Field is Validated
2024-10-16 10:06:40,767 INFO  Forms_Validation - TEch Expertise is Validated
2024-10-16 10:06:40,821 INFO  Forms_Validation - Tax ID Field Validated
2024-10-16 10:06:41,881 INFO  Forms_Validation - Registration Number Field Validated
2024-10-16 10:06:41,983 INFO  Forms_Validation - Address Field Validated
2024-10-16 10:06:42,039 INFO  Forms_Validation - City Field Validated
2024-10-16 10:06:42,083 INFO  Forms_Validation - Website Field Validated
2024-10-16 10:06:42,145 INFO  Forms_Validation - Portfolio URL Field Validated
2024-10-16 10:06:42,186 INFO  Forms_Validation - Name of the Contact person Field Validated
2024-10-16 10:06:42,229 INFO  Forms_Validation - Job title of contact person Field Validated
2024-10-16 10:06:42,286 INFO  Forms_Validation - Contact Number Field Validated
2024-10-16 10:06:42,337 INFO  Forms_Validation - Whatsapp  Field Validated
2024-10-16 10:06:42,395 INFO  Forms_Validation - Email field Field Validated
2024-10-16 10:06:42,450 INFO  Forms_Validation - Bank Details Field Validated
2024-10-16 10:06:42,510 INFO  Forms_Validation - Any Relevant Certificate Field Validated
2024-10-16 10:06:42,556 INFO  Forms_Validation - Decision Maker Field Validated
2024-10-16 10:06:42,637 INFO  Forms_Validation - Decision maker Email Field Validated
2024-10-16 10:06:42,769 INFO  Forms_Validation - Brief Description about the company Field Validated
2024-10-16 10:06:42,769 INFO  Forms_Validation - Vendor Registration form Validated
