2024-10-16 10:08:02,169 INFO  Header_About_Us_SubMenu - Submenu clicked
2024-10-16 10:08:02,690 INFO  Header_About_Us_SubMenu - Meet the Team Sub Menu Validated
2024-10-16 10:08:02,908 INFO  Header_About_Us_SubMenu - URL Entered
2024-10-16 10:08:02,937 INFO  Header_About_Us_SubMenu - Submenu clicked
2024-10-16 10:08:03,504 INFO  Header_About_Us_SubMenu - Our Clients Sub Menu Validated
2024-10-16 10:08:03,728 INFO  Header_About_Us_SubMenu - URL Entered
2024-10-16 10:08:03,778 INFO  Header_About_Us_SubMenu - Submenu clicked
2024-10-16 10:08:04,310 INFO  Header_About_Us_SubMenu - Products Sub Menu Validated
2024-10-16 10:08:04,511 INFO  Header_About_Us_SubMenu - URL Entered
2024-10-16 10:08:04,546 INFO  Header_About_Us_SubMenu - Submenu clicked
2024-10-16 10:08:05,059 INFO  Header_About_Us_SubMenu - Become Our Representative Sub Menu Validated
2024-10-16 10:08:05,323 INFO  Header_About_Us_SubMenu - URL Entered
2024-10-16 10:08:05,363 INFO  Header_About_Us_SubMenu - Submenu clicked
2024-10-16 10:08:05,900 INFO  Header_About_Us_SubMenu - Business Models Sub Menu Validated
2024-10-16 10:08:06,081 INFO  Header_About_Us_SubMenu - URL Entered
2024-10-16 10:08:06,109 INFO  Header_About_Us_SubMenu - Submenu clicked
2024-10-16 10:08:06,656 INFO  Header_About_Us_SubMenu - Awards Sub Menu Validated
2024-10-16 10:08:06,879 INFO  Header_About_Us_SubMenu - URL Entered
2024-10-16 10:08:06,907 INFO  Header_About_Us_SubMenu - Submenu clicked
2024-10-16 10:08:07,425 INFO  Header_About_Us_SubMenu - Partner With Us Sub Menu Validated
2024-10-16 10:08:07,609 INFO  Header_About_Us_SubMenu - URL Entered
2024-10-16 10:08:07,641 INFO  Header_About_Us_SubMenu - Submenu clicked
2024-10-16 10:08:08,236 INFO  Header_About_Us_SubMenu - Testimonials Sub Menu Validated
2024-10-16 10:08:08,520 INFO  Header_About_Us_SubMenu - URL Entered
2024-10-16 10:08:08,559 INFO  Header_About_Us_SubMenu - Submenu clicked
2024-10-16 10:08:09,080 INFO  Header_About_Us_SubMenu - Vendor Registration Sub Menu Validated
2024-10-16 10:08:09,389 INFO  Header_About_Us_SubMenu - URL Entered
2024-10-16 10:08:09,430 INFO  Header_About_Us_SubMenu - Submenu clicked
2024-10-16 10:08:09,989 INFO  Header_About_Us_SubMenu - Technologies Sub Menu Validated
2024-10-16 10:08:10,254 INFO  Header_About_Us_SubMenu - URL Entered
2024-10-16 10:08:10,300 INFO  Header_About_Us_SubMenu - Submenu clicked
2024-10-16 10:08:10,851 INFO  Header_About_Us_SubMenu - Methodology Sub Menu Validated
2024-10-16 10:08:11,048 INFO  Header_About_Us_SubMenu - URL Entered
2024-10-16 10:08:11,075 INFO  Header_About_Us_SubMenu - Submenu clicked
2024-10-16 10:08:11,616 INFO  Header_About_Us_SubMenu - Alliances Sub Menu Validated
2024-10-16 10:08:11,814 INFO  Header_About_Us_SubMenu - URL Entered
2024-10-16 10:08:11,838 INFO  Header_About_Us_SubMenu - Submenu clicked
2024-10-16 10:08:12,389 INFO  Header_About_Us_SubMenu - Infrastructure Sub Menu Validated
2024-10-16 10:08:12,676 INFO  Header_About_Us_SubMenu - URL Entered
2024-10-16 10:08:12,724 INFO  Header_About_Us_SubMenu - Submenu clicked
2024-10-16 10:08:13,256 INFO  Header_About_Us_SubMenu - Group Companies Sub Menu Validated
