2024-10-16 10:02:52,484 INFO  Header_Menu_Header - About Us Menu Validated
2024-10-16 10:02:52,716 INFO  Header_Menu_Header - URL Entered
2024-10-16 10:02:53,994 INFO  Header_Menu_Header - Get_Quote Menu Validated
2024-10-16 10:02:54,939 INFO  Header_Menu_Header - URL Entered
2024-10-16 10:03:37,459 INFO  Header_Menu_Header - Contact Menu Validated
2024-10-16 10:03:37,720 INFO  Header_Menu_Header - URL Entered
2024-10-16 10:03:39,178 INFO  Header_Menu_Header - Portfolio Menu Validated
2024-10-16 10:03:39,498 INFO  Header_Menu_Header - URL Entered
2024-10-16 10:04:22,013 INFO  Header_Menu_Header - Blog Menu Validated
2024-10-16 10:04:22,318 INFO  Header_Menu_Header - URL Entered
2024-10-16 10:04:26,536 INFO  Header_Menu_Header - Contact Telephone Icon Validated
2024-10-16 10:08:22,048 INFO  Home_Page_Footer_Menu - Footer About Us Menu Validated
2024-10-16 10:08:22,253 INFO  Home_Page_Footer_Menu - URL Entered
2024-10-16 10:09:38,097 INFO  Home_Page_Footer_Menu - Footer Careers Menu Validated
2024-10-16 10:09:38,463 INFO  Home_Page_Footer_Menu - URL Entered
2024-10-16 10:09:39,903 INFO  Home_Page_Footer_Menu - Footer Become Our Representative Menu Validated
2024-10-16 10:09:40,237 INFO  Home_Page_Footer_Menu - URL Entered
2024-10-16 10:10:23,109 INFO  Home_Page_Footer_Menu - Footer Privacy Policy Menu Validated
2024-10-16 10:10:23,335 INFO  Home_Page_Footer_Menu - URL Entered
2024-10-16 10:11:43,796 INFO  Home_Page_Footer_Menu - Footer About Us Menu Validated
