2024-09-27 10:06:40,238 INFO  Header_Menu_Header - About Us Menu Validated
2024-09-27 10:06:40,407 INFO  Header_Menu_Header - URL Entered
2024-09-27 10:07:00,341 INFO  Header_Menu_Header - Get_Quote Menu Validated
2024-09-27 10:07:00,598 INFO  Header_Menu_Header - URL Entered
2024-09-27 10:07:01,520 INFO  Header_Menu_Header - Contact Menu Validated
2024-09-27 10:07:01,714 INFO  Header_Menu_Header - URL Entered
2024-09-27 10:07:02,794 INFO  Header_Menu_Header - Portfolio Menu Validated
2024-09-27 10:07:02,969 INFO  Header_Menu_Header - URL Entered
2024-09-27 10:07:04,047 INFO  Header_Menu_Header - Blog Menu Validated
2024-09-27 10:07:04,271 INFO  Header_Menu_Header - URL Entered
2024-09-27 10:07:09,523 INFO  Header_Menu_Header - Contact Telephone Icon Validated
2024-09-27 10:11:21,703 INFO  Home_Page_Footer_Menu - Footer About Us Menu Validated
2024-09-27 10:11:21,723 INFO  Home_Page_Footer_Menu - URL Entered
2024-09-27 10:11:22,723 INFO  Home_Page_Footer_Menu - Footer Careers Menu Validated
2024-09-27 10:11:22,956 INFO  Home_Page_Footer_Menu - URL Entered
2024-09-27 10:11:24,365 INFO  Home_Page_Footer_Menu - Footer Become Our Representative Menu Validated
2024-09-27 10:11:41,360 INFO  Home_Page_Footer_Menu - URL Entered
2024-09-27 10:11:42,565 INFO  Home_Page_Footer_Menu - Footer Privacy Policy Menu Validated
2024-09-27 10:11:42,592 INFO  Home_Page_Footer_Menu - URL Entered
2024-09-27 10:11:43,679 INFO  Home_Page_Footer_Menu - Footer About Us Menu Validated
