2024-09-27 10:11:05,649 INFO  Header_About_Us_SubMenu - Submenu clicked
2024-09-27 10:11:05,694 INFO  Header_About_Us_SubMenu - Business Models Sub Menu Validated
2024-09-27 10:11:05,906 INFO  Header_About_Us_SubMenu - URL Entered
2024-09-27 10:11:07,566 INFO  Header_About_Us_SubMenu - Submenu clicked
2024-09-27 10:11:07,619 INFO  Header_About_Us_SubMenu - Awards Sub Menu Validated
2024-09-27 10:11:07,794 INFO  Header_About_Us_SubMenu - URL Entered
2024-09-27 10:11:08,713 INFO  Header_About_Us_SubMenu - Submenu clicked
2024-09-27 10:11:08,737 INFO  Header_About_Us_SubMenu - Partner With Us Sub Menu Validated
2024-09-27 10:11:08,897 INFO  Header_About_Us_SubMenu - URL Entered
2024-09-27 10:11:10,385 INFO  Header_About_Us_SubMenu - Submenu clicked
2024-09-27 10:11:10,454 INFO  Header_About_Us_SubMenu - Testimonials Sub Menu Validated
2024-09-27 10:11:10,723 INFO  Header_About_Us_SubMenu - URL Entered
2024-09-27 10:11:11,299 INFO  Header_About_Us_SubMenu - Submenu clicked
2024-09-27 10:11:11,317 INFO  Header_About_Us_SubMenu - Vendor Registration Sub Menu Validated
2024-09-27 10:11:11,477 INFO  Header_About_Us_SubMenu - URL Entered
2024-09-27 10:11:12,421 INFO  Header_About_Us_SubMenu - Submenu clicked
2024-09-27 10:11:12,473 INFO  Header_About_Us_SubMenu - Technologies Sub Menu Validated
2024-09-27 10:11:12,657 INFO  Header_About_Us_SubMenu - URL Entered
2024-09-27 10:11:13,214 INFO  Header_About_Us_SubMenu - Submenu clicked
2024-09-27 10:11:13,288 INFO  Header_About_Us_SubMenu - Methodology Sub Menu Validated
2024-09-27 10:11:13,320 INFO  Header_About_Us_SubMenu - URL Entered
2024-09-27 10:11:14,041 INFO  Header_About_Us_SubMenu - Submenu clicked
2024-09-27 10:11:14,101 INFO  Header_About_Us_SubMenu - Alliances Sub Menu Validated
2024-09-27 10:11:14,347 INFO  Header_About_Us_SubMenu - URL Entered
2024-09-27 10:11:15,252 INFO  Header_About_Us_SubMenu - Submenu clicked
2024-09-27 10:11:15,296 INFO  Header_About_Us_SubMenu - Infrastructure Sub Menu Validated
2024-09-27 10:11:15,316 INFO  Header_About_Us_SubMenu - URL Entered
2024-09-27 10:11:15,947 INFO  Header_About_Us_SubMenu - Submenu clicked
2024-09-27 10:11:15,989 INFO  Header_About_Us_SubMenu - Group Companies Sub Menu Validated
