2024-09-27 10:09:28,500 INFO  Header_Services_Submenu - Submenu clicked
2024-09-27 10:09:28,560 INFO  Header_Services_Submenu - Mobile App Development Sub Menu Validated
2024-09-27 10:09:28,712 INFO  Header_Services_Submenu - URL Entered
2024-09-27 10:09:28,882 INFO  Header_Services_Submenu - Mousehover to the Service Menu
2024-09-27 10:09:30,079 INFO  Header_Services_Submenu - Submenu clicked
2024-09-27 10:09:30,096 INFO  Header_Services_Submenu - Digital Marketing Sub Menu Validated
2024-09-27 10:09:30,270 INFO  Header_Services_Submenu - URL Entered
2024-09-27 10:09:30,657 INFO  Header_Services_Submenu - Mousehover to the Service Menu
2024-09-27 10:09:31,363 INFO  Header_Services_Submenu - Submenu clicked
2024-09-27 10:09:31,390 INFO  Header_Services_Submenu - Mobile App Marketing Agency Sub Menu Validated
2024-09-27 10:09:31,588 INFO  Header_Services_Submenu - URL Entered
2024-09-27 10:09:31,939 INFO  Header_Services_Submenu - Mousehover to the Service Menu
2024-09-27 10:09:33,104 INFO  Header_Services_Submenu - Submenu clicked
2024-09-27 10:09:33,177 INFO  Header_Services_Submenu - Hire Our Didicated Developers Sub Menu Validated
2024-09-27 10:09:33,198 INFO  Header_Services_Submenu - URL Entered
2024-09-27 10:09:33,722 INFO  Header_Services_Submenu - Mousehover to the Service Menu
2024-09-27 10:09:33,857 INFO  Header_Services_Submenu - Submenu clicked
2024-09-27 10:09:33,858 INFO  Header_Services_Submenu - Web Design and Development Sub Menu Not Clickable
2024-09-27 10:09:34,050 INFO  Header_Services_Submenu - URL Entered
2024-09-27 10:09:34,418 INFO  Header_Services_Submenu - Mousehover to the Service Menu
2024-09-27 10:09:35,371 INFO  Header_Services_Submenu - Submenu clicked
2024-09-27 10:09:35,434 INFO  Header_Services_Submenu - Business Consulting Services Sub Menu Validated
2024-09-27 10:09:35,604 INFO  Header_Services_Submenu - URL Entered
2024-09-27 10:09:35,801 INFO  Header_Services_Submenu - Mousehover to the Service Menu
2024-09-27 10:09:37,541 INFO  Header_Services_Submenu - Submenu clicked
2024-09-27 10:09:37,576 INFO  Header_Services_Submenu - AI Services Sub Menu Validated
2024-09-27 10:09:37,745 INFO  Header_Services_Submenu - URL Entered
2024-09-27 10:09:38,123 INFO  Header_Services_Submenu - Mousehover to the Service Menu
2024-09-27 10:09:40,088 INFO  Header_Services_Submenu - Submenu clicked
2024-09-27 10:09:40,102 INFO  Header_Services_Submenu - Wallet Integration Service Sub Menu Validated
2024-09-27 10:09:40,272 INFO  Header_Services_Submenu - URL Entered
2024-09-27 10:09:40,648 INFO  Header_Services_Submenu - Mousehover to the Service Menu
2024-09-27 10:09:42,326 INFO  Header_Services_Submenu - Submenu clicked
2024-09-27 10:09:42,392 INFO  Header_Services_Submenu - Blockchain Development Sub Menu Validated
2024-09-27 10:09:42,547 INFO  Header_Services_Submenu - URL Entered
2024-09-27 10:09:42,932 INFO  Header_Services_Submenu - Mousehover to the Service Menu
2024-09-27 10:09:43,548 INFO  Header_Services_Submenu - Submenu clicked
2024-09-27 10:09:43,609 INFO  Header_Services_Submenu - Managed Services Sub Menu Validated
