2024-09-27 10:07:53,043 INFO  Forms_Validation - Name Field Validated
2024-09-27 10:07:53,467 INFO  Forms_Validation - Email Field Validated
2024-09-27 10:08:00,847 INFO  Forms_Validation - Select Interest is Validated
2024-09-27 10:08:04,516 INFO  Forms_Validation - Budget Field is Validated
2024-09-27 10:08:04,820 INFO  Forms_Validation - Requirement Field is validated
2024-09-27 10:08:04,820 INFO  Forms_Validation - Quick Consultation form Validated
2024-09-27 10:08:05,047 INFO  Forms_Validation - URL Entered
2024-09-27 10:08:07,131 INFO  Forms_Validation - Job Application Menu clicked
2024-09-27 10:08:10,354 INFO  Forms_Validation - Name Field Validated
2024-09-27 10:08:10,839 INFO  Forms_Validation - Email Field Validated
2024-09-27 10:08:12,338 INFO  Forms_Validation - phone number field validated
2024-09-27 10:08:18,993 INFO  Forms_Validation - Select Post is Validated
2024-09-27 10:08:20,709 INFO  Forms_Validation - Location Field is Validated
2024-09-27 10:08:24,209 INFO  Forms_Validation - Search Engine Field is Validated
2024-09-27 10:08:25,572 INFO  Forms_Validation - Gender Field Vaidated
2024-09-27 10:08:44,915 INFO  Forms_Validation - Year of Experience Field is Validated
2024-09-27 10:08:48,946 INFO  Forms_Validation - Month of experience Field is Validated
2024-09-27 10:08:49,081 INFO  Forms_Validation - Highest Qualification field is validated
2024-09-27 10:08:49,339 INFO  Forms_Validation - Key Skills field is validated
2024-09-27 10:08:49,432 INFO  Forms_Validation - Current Designation field is validated
2024-09-27 10:08:49,551 INFO  Forms_Validation - Current Location Field is validated
2024-09-27 10:08:49,551 INFO  Forms_Validation - Job Allication Form Validated
2024-09-27 10:08:50,111 INFO  Forms_Validation - URL Entered
2024-09-27 10:08:56,552 INFO  Forms_Validation - Moved to Home Element
2024-09-27 10:08:56,864 INFO  Forms_Validation - Online is Clicked
2024-09-27 10:08:57,111 INFO  Forms_Validation - Moved to Home Element
2024-09-27 10:08:57,267 INFO  Forms_Validation - Name Field Validated
2024-09-27 10:08:57,732 INFO  Forms_Validation - Email Field Validated
2024-09-27 10:08:57,926 INFO  Forms_Validation - Phone Field Validated
2024-09-27 10:09:01,420 INFO  Forms_Validation - URL Entered
2024-09-27 10:09:02,518 INFO  Forms_Validation - Submenu clicked
2024-09-27 10:09:04,604 INFO  Forms_Validation - Name of the company Field Validated
2024-09-27 10:09:07,731 INFO  Forms_Validation - Number of employees is Validated
2024-09-27 10:09:10,769 INFO  Forms_Validation - Company Type is Validated
2024-09-27 10:09:13,719 INFO  Forms_Validation - Industry Experience Field is Validated
2024-09-27 10:09:21,590 INFO  Forms_Validation - TEch Expertise is Validated
2024-09-27 10:09:21,710 INFO  Forms_Validation - Tax ID Field Validated
2024-09-27 10:09:22,839 INFO  Forms_Validation - Registration Number Field Validated
2024-09-27 10:09:23,020 INFO  Forms_Validation - Address Field Validated
2024-09-27 10:09:23,126 INFO  Forms_Validation - City Field Validated
2024-09-27 10:09:23,242 INFO  Forms_Validation - Website Field Validated
2024-09-27 10:09:23,414 INFO  Forms_Validation - Portfolio URL Field Validated
2024-09-27 10:09:23,512 INFO  Forms_Validation - Name of the Contact person Field Validated
2024-09-27 10:09:23,611 INFO  Forms_Validation - Job title of contact person Field Validated
2024-09-27 10:09:23,720 INFO  Forms_Validation - Contact Number Field Validated
2024-09-27 10:09:23,825 INFO  Forms_Validation - Whatsapp  Field Validated
2024-09-27 10:09:23,948 INFO  Forms_Validation - Email field Field Validated
2024-09-27 10:09:24,088 INFO  Forms_Validation - Bank Details Field Validated
2024-09-27 10:09:24,197 INFO  Forms_Validation - Any Relevant Certificate Field Validated
2024-09-27 10:09:24,292 INFO  Forms_Validation - Decision Maker Field Validated
2024-09-27 10:09:24,438 INFO  Forms_Validation - Decision maker Email Field Validated
2024-09-27 10:09:24,673 INFO  Forms_Validation - Brief Description about the company Field Validated
2024-09-27 10:09:24,673 INFO  Forms_Validation - Vendor Registration form Validated
