2024-09-27 10:12:02,648 INFO  Services_MobileAppDevelopmentMenu - Submenu clicked
2024-09-27 10:12:02,719 INFO  Services_MobileAppDevelopmentMenu - Enterprise Mobile Application Development Sub Menu Validated
2024-09-27 10:12:02,897 INFO  Services_MobileAppDevelopmentMenu - URL Entered
2024-09-27 10:12:03,291 INFO  Services_MobileAppDevelopmentMenu - Mousehover to the Service Menu
2024-09-27 10:12:03,534 INFO  Services_MobileAppDevelopmentMenu - Mousehover to the Mobile App development Submenu
2024-09-27 10:12:18,759 INFO  Services_MobileAppDevelopmentMenu - Submenu clicked
2024-09-27 10:12:18,828 INFO  Services_MobileAppDevelopmentMenu - Startup App Development Sub Menu Validated
2024-09-27 10:12:21,727 INFO  Services_MobileAppDevelopmentMenu - URL Entered
2024-09-27 10:12:22,044 INFO  Services_MobileAppDevelopmentMenu - Mousehover to the Service Menu
2024-09-27 10:12:22,300 INFO  Services_MobileAppDevelopmentMenu - Mousehover to the Mobile App development Submenu
2024-09-27 10:12:23,672 INFO  Services_MobileAppDevelopmentMenu - Submenu clicked
2024-09-27 10:12:23,727 INFO  Services_MobileAppDevelopmentMenu - iOS App Development Sub Menu Validated
2024-09-27 10:12:23,867 INFO  Services_MobileAppDevelopmentMenu - URL Entered
2024-09-27 10:12:24,135 INFO  Services_MobileAppDevelopmentMenu - Mousehover to the Service Menu
2024-09-27 10:12:24,438 INFO  Services_MobileAppDevelopmentMenu - Mousehover to the Mobile App development Submenu
2024-09-27 10:12:25,003 INFO  Services_MobileAppDevelopmentMenu - Submenu clicked
2024-09-27 10:12:25,063 INFO  Services_MobileAppDevelopmentMenu - iPad App Development Sub Menu Validated
2024-09-27 10:12:25,211 INFO  Services_MobileAppDevelopmentMenu - URL Entered
2024-09-27 10:12:25,526 INFO  Services_MobileAppDevelopmentMenu - Mousehover to the Service Menu
2024-09-27 10:12:25,953 INFO  Services_MobileAppDevelopmentMenu - Mousehover to the Mobile App development Submenu
2024-09-27 10:12:27,171 INFO  Services_MobileAppDevelopmentMenu - Submenu clicked
2024-09-27 10:12:27,227 INFO  Services_MobileAppDevelopmentMenu - HTML5 Development Sub Menu Validated
2024-09-27 10:12:27,399 INFO  Services_MobileAppDevelopmentMenu - URL Entered
2024-09-27 10:12:27,719 INFO  Services_MobileAppDevelopmentMenu - Mousehover to the Service Menu
2024-09-27 10:12:27,942 INFO  Services_MobileAppDevelopmentMenu - Mousehover to the Mobile App development Submenu
2024-09-27 10:12:28,506 INFO  Services_MobileAppDevelopmentMenu - Submenu clicked
2024-09-27 10:12:28,561 INFO  Services_MobileAppDevelopmentMenu - Windows Application Development Sub Menu Validated
