2025-02-03 10:06:48,825 INFO  Header_Menu_Header - About Us Menu Validated
2025-02-03 10:06:49,180 INFO  Header_Menu_Header - URL Entered
2025-02-03 10:06:51,191 INFO  Header_Menu_Header - Get_Quote Menu Validated
2025-02-03 10:06:51,953 INFO  Header_Menu_Header - URL Entered
2025-02-03 10:07:34,579 INFO  Header_Menu_Header - Contact Menu Validated
2025-02-03 10:07:34,861 INFO  Header_Menu_Header - URL Entered
2025-02-03 10:08:17,507 INFO  Header_Menu_Header - Portfolio Menu Validated
2025-02-03 10:08:17,848 INFO  Header_Menu_Header - URL Entered
2025-02-03 10:09:00,407 INFO  Header_Menu_Header - Blog Menu Validated
2025-02-03 10:09:00,648 INFO  Header_Menu_Header - URL Entered
2025-02-03 10:09:04,604 INFO  Header_Menu_Header - Contact Telephone Icon Validated
2025-02-03 10:14:49,901 INFO  Home_Page_Footer_Menu - About us menu clicked
2025-02-03 10:14:49,948 INFO  Home_Page_Footer_Menu - Footer About Us Menu Validated
2025-02-03 10:14:50,344 INFO  Home_Page_Footer_Menu - URL Entered
2025-02-03 10:15:33,069 INFO  Home_Page_Footer_Menu - Careers Menu clicked
2025-02-03 10:15:33,128 INFO  Home_Page_Footer_Menu - Footer Careers Menu Validated
2025-02-03 10:15:33,434 INFO  Home_Page_Footer_Menu - URL Entered
2025-02-03 10:16:16,080 INFO  Home_Page_Footer_Menu - Become our Representatives menu clicked
2025-02-03 10:16:16,087 INFO  Home_Page_Footer_Menu - Footer Become Our Representative Menu Validated
2025-02-03 10:16:16,352 INFO  Home_Page_Footer_Menu - URL Entered
2025-02-03 10:16:58,858 INFO  Home_Page_Footer_Menu - Privacy policy menu clicked
2025-02-03 10:16:58,874 INFO  Home_Page_Footer_Menu - Footer Privacy Policy Menu Validated
2025-02-03 10:16:59,149 INFO  Home_Page_Footer_Menu - URL Entered
2025-02-03 10:17:41,643 INFO  Home_Page_Footer_Menu - site map menu clicked
2025-02-03 10:17:41,649 INFO  Home_Page_Footer_Menu - Footer Subscribe button Validated
2025-02-03 10:17:41,921 INFO  Home_Page_Footer_Menu - URL Entered
2025-02-03 10:17:42,083 INFO  Home_Page_Footer_Menu - Mousehover to the Service Menu
2025-02-03 10:17:46,224 INFO  Home_Page_Footer_Menu - Subscibe button clicked
2025-02-03 10:17:48,264 INFO  Home_Page_Footer_Menu - Footer Subscibe button Validated
2025-02-03 10:17:48,585 INFO  Home_Page_Footer_Menu - URL Entered
2025-02-03 10:18:31,090 INFO  Home_Page_Footer_Menu - iOS App Development Menu clicked
2025-02-03 10:18:31,099 INFO  Home_Page_Footer_Menu - iOS App Development Menu Validated
2025-02-03 10:18:31,345 INFO  Home_Page_Footer_Menu - URL Entered
2025-02-03 10:18:33,064 INFO  Home_Page_Footer_Menu - Android App Development Menu clicked
2025-02-03 10:18:33,073 INFO  Home_Page_Footer_Menu - Android App Development Menu Validated
2025-02-03 10:18:33,281 INFO  Home_Page_Footer_Menu - URL Entered
2025-02-03 10:18:34,874 INFO  Home_Page_Footer_Menu - Mobile Games Marketing Menu clicked
2025-02-03 10:18:34,886 INFO  Home_Page_Footer_Menu - Mobile Games Marketing Menu Validated
2025-02-03 10:18:35,222 INFO  Home_Page_Footer_Menu - URL Entered
2025-02-03 10:19:17,730 INFO  Home_Page_Footer_Menu - IoT Development Services Menu clicked
2025-02-03 10:19:17,737 INFO  Home_Page_Footer_Menu - IoT Development Services Menu Validated
2025-02-03 10:19:17,965 INFO  Home_Page_Footer_Menu - URL Entered
2025-02-03 10:20:00,486 INFO  Home_Page_Footer_Menu - Web App Development Menu clicked
2025-02-03 10:20:00,496 INFO  Home_Page_Footer_Menu - Web App Development Menu Validated
2025-02-03 10:20:00,731 INFO  Home_Page_Footer_Menu - URL Entered
2025-02-03 10:20:43,247 INFO  Home_Page_Footer_Menu - Blockchain Development Menu clicked
2025-02-03 10:20:43,253 INFO  Home_Page_Footer_Menu - Blockchain Development Menu Validated
2025-02-03 10:20:43,602 INFO  Home_Page_Footer_Menu - URL Entered
2025-02-03 10:20:45,030 INFO  Home_Page_Footer_Menu - ICO Marketing Menu clicked
2025-02-03 10:20:45,041 INFO  Home_Page_Footer_Menu - ICO Marketing Menu Validated
2025-02-03 10:20:45,317 INFO  Home_Page_Footer_Menu - URL Entered
2025-02-03 10:20:46,194 INFO  Home_Page_Footer_Menu - Wallet Integration Menu clicked
2025-02-03 10:20:46,200 INFO  Home_Page_Footer_Menu - Wallet Integration Menu Validated
2025-02-03 10:20:46,457 INFO  Home_Page_Footer_Menu - URL Entered
2025-02-03 10:20:46,580 INFO  Home_Page_Footer_Menu - School Management Software Menu clicked
2025-02-03 10:20:48,644 INFO  Home_Page_Footer_Menu - School Management Software Menu Validated
2025-02-03 10:20:48,974 INFO  Home_Page_Footer_Menu - URL Entered
2025-02-03 10:20:49,142 INFO  Home_Page_Footer_Menu - Intelligent Business Process Automation Software Menu clicked
2025-02-03 10:20:49,847 INFO  Home_Page_Footer_Menu - Intelligent Business Process Automation Software Menu Validated
