2025-02-03 10:13:43,251 INFO  Header_About_Us_SubMenu - Submenu clicked
2025-02-03 10:13:43,813 INFO  Header_About_Us_SubMenu - Products Sub Menu Validated
2025-02-03 10:13:44,119 INFO  Header_About_Us_SubMenu - URL Entered
2025-02-03 10:13:44,151 INFO  Header_About_Us_SubMenu - Submenu clicked
2025-02-03 10:13:47,239 INFO  Header_About_Us_SubMenu - Become Our Representative Sub Menu Validated
2025-02-03 10:13:47,736 INFO  Header_About_Us_SubMenu - URL Entered
2025-02-03 10:13:47,780 INFO  Header_About_Us_SubMenu - Submenu clicked
2025-02-03 10:13:48,774 INFO  Header_About_Us_SubMenu - Business Models Sub Menu Validated
2025-02-03 10:13:49,475 INFO  Header_About_Us_SubMenu - URL Entered
2025-02-03 10:13:49,518 INFO  Header_About_Us_SubMenu - Submenu clicked
2025-02-03 10:13:50,189 INFO  Header_About_Us_SubMenu - Awards Sub Menu Validated
2025-02-03 10:13:50,657 INFO  Header_About_Us_SubMenu - URL Entered
2025-02-03 10:13:50,691 INFO  Header_About_Us_SubMenu - Submenu clicked
2025-02-03 10:13:51,723 INFO  Header_About_Us_SubMenu - Partner With Us Sub Menu Validated
2025-02-03 10:13:52,324 INFO  Header_About_Us_SubMenu - URL Entered
2025-02-03 10:13:52,371 INFO  Header_About_Us_SubMenu - Submenu clicked
2025-02-03 10:13:53,006 INFO  Header_About_Us_SubMenu - Testimonials Sub Menu Validated
2025-02-03 10:13:53,483 INFO  Header_About_Us_SubMenu - URL Entered
2025-02-03 10:13:53,524 INFO  Header_About_Us_SubMenu - Submenu clicked
2025-02-03 10:13:54,045 INFO  Header_About_Us_SubMenu - Vendor Registration Sub Menu Validated
2025-02-03 10:13:54,582 INFO  Header_About_Us_SubMenu - URL Entered
2025-02-03 10:13:54,613 INFO  Header_About_Us_SubMenu - Submenu clicked
2025-02-03 10:13:55,185 INFO  Header_About_Us_SubMenu - Technologies Sub Menu Validated
2025-02-03 10:13:55,416 INFO  Header_About_Us_SubMenu - URL Entered
2025-02-03 10:13:55,455 INFO  Header_About_Us_SubMenu - Submenu clicked
2025-02-03 10:13:55,993 INFO  Header_About_Us_SubMenu - Methodology Sub Menu Validated
2025-02-03 10:13:56,240 INFO  Header_About_Us_SubMenu - URL Entered
2025-02-03 10:13:56,277 INFO  Header_About_Us_SubMenu - Submenu clicked
2025-02-03 10:13:56,824 INFO  Header_About_Us_SubMenu - Alliances Sub Menu Validated
2025-02-03 10:13:57,126 INFO  Header_About_Us_SubMenu - URL Entered
2025-02-03 10:13:57,168 INFO  Header_About_Us_SubMenu - Submenu clicked
2025-02-03 10:13:57,734 INFO  Header_About_Us_SubMenu - Infrastructure Sub Menu Validated
2025-02-03 10:13:58,016 INFO  Header_About_Us_SubMenu - URL Entered
2025-02-03 10:13:58,056 INFO  Header_About_Us_SubMenu - Submenu clicked
2025-02-03 10:13:58,608 INFO  Header_About_Us_SubMenu - Group Companies Sub Menu Validated
