2025-02-03 10:23:09,927 INFO  Services_GIS_ServicesMenu - Submenu clicked
2025-02-03 10:23:10,451 INFO  Services_GIS_ServicesMenu - BIM Services Sub Menu Validated
2025-02-03 10:23:10,916 INFO  Services_GIS_ServicesMenu - URL Entered
2025-02-03 10:23:11,072 INFO  Services_GIS_ServicesMenu - Mousehover to the Service Menu
2025-02-03 10:23:11,096 INFO  Services_GIS_ServicesMenu - Mousehover to the GIS Services SubMenu
2025-02-03 10:23:11,156 INFO  Services_GIS_ServicesMenu - Submenu clicked
2025-02-03 10:23:12,174 INFO  Services_GIS_ServicesMenu - Digital Photogrammetry Services Sub Menu Validated
2025-02-03 10:23:13,080 INFO  Services_GIS_ServicesMenu - URL Entered
2025-02-03 10:23:13,261 INFO  Services_GIS_ServicesMenu - Mousehover to the Service Menu
2025-02-03 10:23:13,285 INFO  Services_GIS_ServicesMenu - Mousehover to the GIS Services SubMenu
2025-02-03 10:23:13,331 INFO  Services_GIS_ServicesMenu - Submenu clicked
2025-02-03 10:23:16,393 INFO  Services_GIS_ServicesMenu - LiDAR Services Sub Menu Validated
2025-02-03 10:23:17,038 INFO  Services_GIS_ServicesMenu - URL Entered
2025-02-03 10:23:17,240 INFO  Services_GIS_ServicesMenu - Mousehover to the Service Menu
2025-02-03 10:23:17,295 INFO  Services_GIS_ServicesMenu - Mousehover to the GIS Services SubMenu
2025-02-03 10:23:17,387 INFO  Services_GIS_ServicesMenu - Submenu clicked
2025-02-03 10:23:18,408 INFO  Services_GIS_ServicesMenu - Mobile LiDAR Sub Menu Validated
2025-02-03 10:23:18,964 INFO  Services_GIS_ServicesMenu - URL Entered
2025-02-03 10:23:19,135 INFO  Services_GIS_ServicesMenu - Mousehover to the Service Menu
2025-02-03 10:23:19,159 INFO  Services_GIS_ServicesMenu - Mousehover to the GIS Services SubMenu
2025-02-03 10:23:19,208 INFO  Services_GIS_ServicesMenu - Submenu clicked
2025-02-03 10:23:20,236 INFO  Services_GIS_ServicesMenu - Orthophoto Process Sub Menu Validated
