2025-02-03 10:10:33,336 INFO  Forms_Validation - Job Application Menu clicked
2025-02-03 10:10:36,512 INFO  Forms_Validation - Name Field Validated
2025-02-03 10:10:36,588 INFO  Forms_Validation - Email Field Validated
2025-02-03 10:10:37,644 INFO  Forms_Validation - phone number field validated
2025-02-03 10:10:44,561 INFO  Forms_Validation - Select Post is Validated
2025-02-03 10:10:46,829 INFO  Forms_Validation - Location Field is Validated
2025-02-03 10:10:50,263 INFO  Forms_Validation - Search Engine Field is Validated
2025-02-03 10:10:52,105 INFO  Forms_Validation - Gender Field Vaidated
2025-02-03 10:11:14,464 INFO  Forms_Validation - Year of Experience Field is Validated
2025-02-03 10:11:18,972 INFO  Forms_Validation - Month of experience Field is Validated
2025-02-03 10:11:19,020 INFO  Forms_Validation - Highest Qualification field is validated
2025-02-03 10:11:19,189 INFO  Forms_Validation - Key Skills field is validated
2025-02-03 10:11:19,221 INFO  Forms_Validation - Current Designation field is validated
2025-02-03 10:11:19,274 INFO  Forms_Validation - Current Location Field is validated
2025-02-03 10:11:19,274 INFO  Forms_Validation - Job Allication Form Validated
2025-02-03 10:11:19,658 INFO  Forms_Validation - URL Entered
2025-02-03 10:11:20,041 INFO  Forms_Validation - URL Entered
2025-02-03 10:11:20,268 INFO  Forms_Validation - Submenu clicked
2025-02-03 10:11:22,438 INFO  Forms_Validation - Name of the company Field Validated
2025-02-03 10:11:25,948 INFO  Forms_Validation - Number of employees is Validated
2025-02-03 10:11:29,887 INFO  Forms_Validation - Company Type is Validated
2025-02-03 10:11:33,774 INFO  Forms_Validation - Industry Experience Field is Validated
2025-02-03 10:11:45,990 INFO  Forms_Validation - TEch Expertise is Validated
2025-02-03 10:11:46,090 INFO  Forms_Validation - Tax ID Field Validated
2025-02-03 10:11:47,152 INFO  Forms_Validation - Registration Number Field Validated
2025-02-03 10:11:47,305 INFO  Forms_Validation - Address Field Validated
2025-02-03 10:11:47,373 INFO  Forms_Validation - City Field Validated
2025-02-03 10:11:47,409 INFO  Forms_Validation - Website Field Validated
2025-02-03 10:11:47,496 INFO  Forms_Validation - Portfolio URL Field Validated
2025-02-03 10:11:47,548 INFO  Forms_Validation - Name of the Contact person Field Validated
2025-02-03 10:11:47,609 INFO  Forms_Validation - Job title of contact person Field Validated
2025-02-03 10:11:47,675 INFO  Forms_Validation - Contact Number Field Validated
2025-02-03 10:11:47,740 INFO  Forms_Validation - Whatsapp  Field Validated
2025-02-03 10:11:47,821 INFO  Forms_Validation - Email field Field Validated
2025-02-03 10:11:47,878 INFO  Forms_Validation - Bank Details Field Validated
2025-02-03 10:11:47,920 INFO  Forms_Validation - Any Relevant Certificate Field Validated
2025-02-03 10:11:47,948 INFO  Forms_Validation - Decision Maker Field Validated
2025-02-03 10:11:48,059 INFO  Forms_Validation - Decision maker Email Field Validated
2025-02-03 10:11:48,262 INFO  Forms_Validation - Brief Description about the company Field Validated
2025-02-03 10:11:48,262 INFO  Forms_Validation - Vendor Registration form Validated
