2025-02-03 10:22:47,717 INFO  Services_HireOurDedicatedDevelopers - Submenu clicked
2025-02-03 10:22:48,246 INFO  Services_HireOurDedicatedDevelopers - Hire Our Android Developer Sub Menu Validated
2025-02-03 10:22:48,489 INFO  Services_HireOurDedicatedDevelopers - URL Entered
2025-02-03 10:22:48,628 INFO  Services_HireOurDedicatedDevelopers - Mousehover to the Service Menu
2025-02-03 10:22:48,811 INFO  Services_HireOurDedicatedDevelopers - Hire Our Dedicated Developers Submenu
2025-02-03 10:22:48,871 INFO  Services_HireOurDedicatedDevelopers - Submenu clicked
2025-02-03 10:22:49,419 INFO  Services_HireOurDedicatedDevelopers - Hire Our iOS Developers Sub Menu Validated
2025-02-03 10:22:49,759 INFO  Services_HireOurDedicatedDevelopers - URL Entered
2025-02-03 10:22:49,921 INFO  Services_HireOurDedicatedDevelopers - Mousehover to the Service Menu
2025-02-03 10:22:50,087 INFO  Services_HireOurDedicatedDevelopers - Hire Our Dedicated Developers Submenu
2025-02-03 10:22:50,147 INFO  Services_HireOurDedicatedDevelopers - Submenu clicked
2025-02-03 10:22:50,670 INFO  Services_HireOurDedicatedDevelopers - Hire Our WordPress Developers Sub Menu Validated
2025-02-03 10:22:50,902 INFO  Services_HireOurDedicatedDevelopers - URL Entered
2025-02-03 10:22:51,071 INFO  Services_HireOurDedicatedDevelopers - Mousehover to the Service Menu
2025-02-03 10:22:51,273 INFO  Services_HireOurDedicatedDevelopers - Hire Our Dedicated Developers Submenu
2025-02-03 10:22:51,343 INFO  Services_HireOurDedicatedDevelopers - Submenu clicked
2025-02-03 10:22:54,430 INFO  Services_HireOurDedicatedDevelopers - Hire Our PHP Developers Sub Menu Validated
2025-02-03 10:22:54,630 INFO  Services_HireOurDedicatedDevelopers - URL Entered
2025-02-03 10:22:54,823 INFO  Services_HireOurDedicatedDevelopers - Mousehover to the Service Menu
2025-02-03 10:22:55,024 INFO  Services_HireOurDedicatedDevelopers - Hire Our Dedicated Developers Submenu
2025-02-03 10:22:55,057 INFO  Services_HireOurDedicatedDevelopers - Submenu clicked
2025-02-03 10:22:55,584 INFO  Services_HireOurDedicatedDevelopers - Hire Our .NET Developers Sub Menu Validated
