2025-02-03 10:21:36,353 INFO  Services_DigitalMarketingMenu - Submenu clicked
2025-02-03 10:21:36,880 INFO  Services_DigitalMarketingMenu - Google Search Optimization Sub Menu Validated
2025-02-03 10:21:37,090 INFO  Services_DigitalMarketingMenu - URL Entered
2025-02-03 10:21:37,228 INFO  Services_DigitalMarketingMenu - Mousehover to the Service Menu
2025-02-03 10:21:37,240 INFO  Services_DigitalMarketingMenu - Mousehover to the Digital Marketing Submenu
2025-02-03 10:21:37,267 INFO  Services_DigitalMarketingMenu - Submenu clicked
2025-02-03 10:21:38,305 INFO  Services_DigitalMarketingMenu - Google Grants Sub Menu Validated
2025-02-03 10:21:38,546 INFO  Services_DigitalMarketingMenu - URL Entered
2025-02-03 10:21:38,716 INFO  Services_DigitalMarketingMenu - Mousehover to the Service Menu
2025-02-03 10:21:38,750 INFO  Services_DigitalMarketingMenu - Mousehover to the Digital Marketing Submenu
2025-02-03 10:21:38,881 INFO  Services_DigitalMarketingMenu - Submenu clicked
2025-02-03 10:21:39,395 INFO  Services_DigitalMarketingMenu - Inbound marketing services Sub Menu Validated
2025-02-03 10:21:39,634 INFO  Services_DigitalMarketingMenu - URL Entered
2025-02-03 10:21:39,809 INFO  Services_DigitalMarketingMenu - Mousehover to the Service Menu
2025-02-03 10:21:39,845 INFO  Services_DigitalMarketingMenu - Mousehover to the Digital Marketing Submenu
2025-02-03 10:21:39,941 INFO  Services_DigitalMarketingMenu - Submenu clicked
2025-02-03 10:21:40,465 INFO  Services_DigitalMarketingMenu - DV360 Traffic Management Services Sub Menu Validated
2025-02-03 10:21:40,762 INFO  Services_DigitalMarketingMenu - URL Entered
2025-02-03 10:21:40,926 INFO  Services_DigitalMarketingMenu - Mousehover to the Service Menu
2025-02-03 10:21:40,944 INFO  Services_DigitalMarketingMenu - Mousehover to the Digital Marketing Submenu
2025-02-03 10:21:40,983 INFO  Services_DigitalMarketingMenu - Submenu clicked
2025-02-03 10:21:41,503 INFO  Services_DigitalMarketingMenu - Account Based Marketing Services Sub Menu Validated
