2025-02-03 10:11:59,342 INFO  Header_Services_Submenu - Submenu clicked
2025-02-03 10:12:29,797 INFO  Header_Services_Submenu - URL Entered
2025-02-03 10:12:29,958 INFO  Header_Services_Submenu - Mousehover to the Service Menu
2025-02-03 10:12:29,989 INFO  Header_Services_Submenu - Submenu clicked
2025-02-03 10:12:30,600 INFO  Header_Services_Submenu - Hire Our Didicated Developers Sub Menu Validated
2025-02-03 10:12:30,844 INFO  Header_Services_Submenu - URL Entered
2025-02-03 10:12:31,013 INFO  Header_Services_Submenu - Mousehover to the Service Menu
2025-02-03 10:12:31,052 INFO  Header_Services_Submenu - Submenu clicked
2025-02-03 10:12:31,052 INFO  Header_Services_Submenu - Web Design and Development Sub Menu Not Clickable
2025-02-03 10:12:31,988 INFO  Header_Services_Submenu - URL Entered
2025-02-03 10:12:32,163 INFO  Header_Services_Submenu - Mousehover to the Service Menu
2025-02-03 10:12:32,186 INFO  Header_Services_Submenu - Submenu clicked
2025-02-03 10:12:32,741 INFO  Header_Services_Submenu - Business Consulting Services Sub Menu Validated
2025-02-03 10:12:33,020 INFO  Header_Services_Submenu - URL Entered
2025-02-03 10:12:33,187 INFO  Header_Services_Submenu - Mousehover to the Service Menu
2025-02-03 10:12:33,208 INFO  Header_Services_Submenu - Submenu clicked
2025-02-03 10:12:33,726 INFO  Header_Services_Submenu - AI Services Sub Menu Validated
2025-02-03 10:12:33,938 INFO  Header_Services_Submenu - URL Entered
2025-02-03 10:12:34,091 INFO  Header_Services_Submenu - Mousehover to the Service Menu
2025-02-03 10:12:34,119 INFO  Header_Services_Submenu - Submenu clicked
2025-02-03 10:12:34,652 INFO  Header_Services_Submenu - GIS Services Sub Menu Validated
