2025-02-03 10:22:03,857 INFO  Services_MobileAppMarketingAgency_Menu - Submenu clicked
2025-02-03 10:22:05,794 INFO  Services_MobileAppMarketingAgency_Menu - URL Entered
2025-02-03 10:22:05,976 INFO  Services_MobileAppMarketingAgency_Menu - Mousehover to the Service Menu
2025-02-03 10:22:06,261 INFO  Services_MobileAppMarketingAgency_Menu - Mousehover to the Mobile App Marketing Agency Submenu
2025-02-03 10:22:08,322 INFO  Services_MobileAppMarketingAgency_Menu - Submenu clicked
2025-02-03 10:22:10,244 INFO  Services_MobileAppMarketingAgency_Menu - URL Entered
2025-02-03 10:22:10,387 INFO  Services_MobileAppMarketingAgency_Menu - Mousehover to the Service Menu
2025-02-03 10:22:10,663 INFO  Services_MobileAppMarketingAgency_Menu - Mousehover to the Mobile App Marketing Agency Submenu
2025-02-03 10:22:12,731 INFO  Services_MobileAppMarketingAgency_Menu - Submenu clicked
2025-02-03 10:22:14,723 INFO  Services_MobileAppMarketingAgency_Menu - URL Entered
2025-02-03 10:22:14,876 INFO  Services_MobileAppMarketingAgency_Menu - Mousehover to the Service Menu
2025-02-03 10:22:15,219 INFO  Services_MobileAppMarketingAgency_Menu - Mousehover to the Mobile App Marketing Agency Submenu
2025-02-03 10:22:17,284 INFO  Services_MobileAppMarketingAgency_Menu - Submenu clicked
2025-02-03 10:22:18,790 INFO  Services_MobileAppMarketingAgency_Menu - Mobile App Ads Campaign Management Sub Menu Validated
2025-02-03 10:22:19,051 INFO  Services_MobileAppMarketingAgency_Menu - URL Entered
2025-02-03 10:22:19,226 INFO  Services_MobileAppMarketingAgency_Menu - Mousehover to the Service Menu
2025-02-03 10:22:19,407 INFO  Services_MobileAppMarketingAgency_Menu - Mousehover to the Mobile App Marketing Agency Submenu
2025-02-03 10:22:21,496 INFO  Services_MobileAppMarketingAgency_Menu - Submenu clicked
2025-02-03 10:22:23,015 INFO  Services_MobileAppMarketingAgency_Menu - Mobile Games Marketing Sub Menu Validated
2025-02-03 10:22:23,331 INFO  Services_MobileAppMarketingAgency_Menu - URL Entered
2025-02-03 10:22:23,509 INFO  Services_MobileAppMarketingAgency_Menu - Mousehover to the Service Menu
2025-02-03 10:22:23,705 INFO  Services_MobileAppMarketingAgency_Menu - Mousehover to the Mobile App Marketing Agency Submenu
2025-02-03 10:22:25,802 INFO  Services_MobileAppMarketingAgency_Menu - Submenu clicked
2025-02-03 10:22:27,326 INFO  Services_MobileAppMarketingAgency_Menu - Mobile Pre Launch Activities Sub Menu Validated
2025-02-03 10:22:27,713 INFO  Services_MobileAppMarketingAgency_Menu - URL Entered
2025-02-03 10:22:27,884 INFO  Services_MobileAppMarketingAgency_Menu - Mousehover to the Service Menu
2025-02-03 10:22:28,122 INFO  Services_MobileAppMarketingAgency_Menu - Mousehover to the Mobile App Marketing Agency Submenu
2025-02-03 10:22:30,193 INFO  Services_MobileAppMarketingAgency_Menu - Submenu clicked
2025-02-03 10:22:31,713 INFO  Services_MobileAppMarketingAgency_Menu - Mobile App Market Research Sub Menu Validated
2025-02-03 10:22:31,948 INFO  Services_MobileAppMarketingAgency_Menu - URL Entered
2025-02-03 10:22:32,119 INFO  Services_MobileAppMarketingAgency_Menu - Mousehover to the Service Menu
2025-02-03 10:22:32,401 INFO  Services_MobileAppMarketingAgency_Menu - Mousehover to the Mobile App Marketing Agency Submenu
2025-02-03 10:22:34,504 INFO  Services_MobileAppMarketingAgency_Menu - Submenu clicked
2025-02-03 10:22:36,020 INFO  Services_MobileAppMarketingAgency_Menu - Mobile App Growth Marketing Sub Menu Validated
2025-02-03 10:22:36,281 INFO  Services_MobileAppMarketingAgency_Menu - URL Entered
2025-02-03 10:22:36,419 INFO  Services_MobileAppMarketingAgency_Menu - Mousehover to the Service Menu
2025-02-03 10:22:36,756 INFO  Services_MobileAppMarketingAgency_Menu - Mousehover to the Mobile App Marketing Agency Submenu
2025-02-03 10:22:38,875 INFO  Services_MobileAppMarketingAgency_Menu - Submenu clicked
2025-02-03 10:22:40,396 INFO  Services_MobileAppMarketingAgency_Menu - Mobile App Prototype Sub Menu Validated
