2025-02-03 10:21:12,357 INFO  Services_MobileAppDevelopmentMenu - Submenu clicked
2025-02-03 10:21:12,877 INFO  Services_MobileAppDevelopmentMenu - Android App Development Sub Menu Validated
2025-02-03 10:21:13,262 INFO  Services_MobileAppDevelopmentMenu - URL Entered
2025-02-03 10:21:13,469 INFO  Services_MobileAppDevelopmentMenu - Mousehover to the Service Menu
2025-02-03 10:21:13,727 INFO  Services_MobileAppDevelopmentMenu - Mousehover to the Mobile App development Submenu
2025-02-03 10:21:13,777 INFO  Services_MobileAppDevelopmentMenu - Submenu clicked
2025-02-03 10:21:14,913 INFO  Services_MobileAppDevelopmentMenu - Enterprise Mobile Application Development Sub Menu Validated
2025-02-03 10:21:15,148 INFO  Services_MobileAppDevelopmentMenu - URL Entered
2025-02-03 10:21:15,316 INFO  Services_MobileAppDevelopmentMenu - Mousehover to the Service Menu
2025-02-03 10:21:15,476 INFO  Services_MobileAppDevelopmentMenu - Mousehover to the Mobile App development Submenu
2025-02-03 10:21:15,553 INFO  Services_MobileAppDevelopmentMenu - Submenu clicked
2025-02-03 10:21:16,290 INFO  Services_MobileAppDevelopmentMenu - Startup App Development Sub Menu Validated
2025-02-03 10:21:17,182 INFO  Services_MobileAppDevelopmentMenu - URL Entered
2025-02-03 10:21:17,327 INFO  Services_MobileAppDevelopmentMenu - Mousehover to the Service Menu
2025-02-03 10:21:17,495 INFO  Services_MobileAppDevelopmentMenu - Mousehover to the Mobile App development Submenu
2025-02-03 10:21:17,559 INFO  Services_MobileAppDevelopmentMenu - Submenu clicked
2025-02-03 10:21:18,172 INFO  Services_MobileAppDevelopmentMenu - iOS App Development Sub Menu Validated
2025-02-03 10:21:18,363 INFO  Services_MobileAppDevelopmentMenu - URL Entered
2025-02-03 10:21:18,509 INFO  Services_MobileAppDevelopmentMenu - Mousehover to the Service Menu
2025-02-03 10:21:18,680 INFO  Services_MobileAppDevelopmentMenu - Mousehover to the Mobile App development Submenu
2025-02-03 10:21:18,811 INFO  Services_MobileAppDevelopmentMenu - Submenu clicked
2025-02-03 10:21:19,329 INFO  Services_MobileAppDevelopmentMenu - Blockchain Development Sub Menu Validated
