2025-02-03 10:21:29,203 INFO  Services_DigitalMarketingMenu - Submenu clicked
2025-02-03 10:21:29,732 INFO  Services_DigitalMarketingMenu - Influencer Marketing Services Sub Menu Validated
2025-02-03 10:21:30,013 INFO  Services_DigitalMarketingMenu - URL Entered
2025-02-03 10:21:30,172 INFO  Services_DigitalMarketingMenu - Mousehover to the Service Menu
2025-02-03 10:21:30,192 INFO  Services_DigitalMarketingMenu - Mousehover to the Digital Marketing Submenu
2025-02-03 10:21:30,225 INFO  Services_DigitalMarketingMenu - Submenu clicked
2025-02-03 10:21:30,750 INFO  Services_DigitalMarketingMenu - Search Engine Optimization Sub Menu Validated
2025-02-03 10:21:31,202 INFO  Services_DigitalMarketingMenu - URL Entered
2025-02-03 10:21:31,360 INFO  Services_DigitalMarketingMenu - Mousehover to the Service Menu
2025-02-03 10:21:31,375 INFO  Services_DigitalMarketingMenu - Mousehover to the Digital Marketing Submenu
2025-02-03 10:21:31,404 INFO  Services_DigitalMarketingMenu - Submenu clicked
2025-02-03 10:21:32,432 INFO  Services_DigitalMarketingMenu - PPC Management & Strategy Sub Menu Validated
2025-02-03 10:21:32,668 INFO  Services_DigitalMarketingMenu - URL Entered
2025-02-03 10:21:32,848 INFO  Services_DigitalMarketingMenu - Mousehover to the Service Menu
2025-02-03 10:21:32,860 INFO  Services_DigitalMarketingMenu - Mousehover to the Digital Marketing Submenu
2025-02-03 10:21:32,881 INFO  Services_DigitalMarketingMenu - Submenu clicked
2025-02-03 10:21:33,396 INFO  Services_DigitalMarketingMenu - Social Media Management & Strategy Sub Menu Validated
2025-02-03 10:21:33,657 INFO  Services_DigitalMarketingMenu - URL Entered
2025-02-03 10:21:33,777 INFO  Services_DigitalMarketingMenu - Mousehover to the Service Menu
2025-02-03 10:21:33,797 INFO  Services_DigitalMarketingMenu - Mousehover to the Digital Marketing Submenu
2025-02-03 10:21:33,819 INFO  Services_DigitalMarketingMenu - Submenu clicked
2025-02-03 10:21:34,847 INFO  Services_DigitalMarketingMenu - Conversion Rate Optimization Services Sub Menu Validated
2025-02-03 10:21:35,150 INFO  Services_DigitalMarketingMenu - URL Entered
2025-02-03 10:21:35,305 INFO  Services_DigitalMarketingMenu - Mousehover to the Service Menu
2025-02-03 10:21:35,346 INFO  Services_DigitalMarketingMenu - Mousehover to the Digital Marketing Submenu
2025-02-03 10:21:35,407 INFO  Services_DigitalMarketingMenu - Submenu clicked
2025-02-03 10:21:35,934 INFO  Services_DigitalMarketingMenu - Multilingual SEO Sub Menu Validated
2025-02-03 10:21:36,163 INFO  Services_DigitalMarketingMenu - URL Entered
2025-02-03 10:21:36,309 INFO  Services_DigitalMarketingMenu - Mousehover to the Service Menu
2025-02-03 10:21:36,321 INFO  Services_DigitalMarketingMenu - Mousehover to the Digital Marketing Submenu
2025-02-03 10:21:36,353 INFO  Services_DigitalMarketingMenu - Submenu clicked
2025-02-03 10:21:36,880 INFO  Services_DigitalMarketingMenu - Google Search Optimization Sub Menu Validated
2025-02-03 10:21:37,090 INFO  Services_DigitalMarketingMenu - URL Entered
2025-02-03 10:21:37,228 INFO  Services_DigitalMarketingMenu - Mousehover to the Service Menu
2025-02-03 10:21:37,240 INFO  Services_DigitalMarketingMenu - Mousehover to the Digital Marketing Submenu
2025-02-03 10:21:37,267 INFO  Services_DigitalMarketingMenu - Submenu clicked
2025-02-03 10:21:38,305 INFO  Services_DigitalMarketingMenu - Google Grants Sub Menu Validated
2025-02-03 10:21:38,546 INFO  Services_DigitalMarketingMenu - URL Entered
2025-02-03 10:21:38,716 INFO  Services_DigitalMarketingMenu - Mousehover to the Service Menu
2025-02-03 10:21:38,750 INFO  Services_DigitalMarketingMenu - Mousehover to the Digital Marketing Submenu
2025-02-03 10:21:38,881 INFO  Services_DigitalMarketingMenu - Submenu clicked
2025-02-03 10:21:39,395 INFO  Services_DigitalMarketingMenu - Inbound marketing services Sub Menu Validated
2025-02-03 10:21:39,634 INFO  Services_DigitalMarketingMenu - URL Entered
2025-02-03 10:21:39,809 INFO  Services_DigitalMarketingMenu - Mousehover to the Service Menu
2025-02-03 10:21:39,845 INFO  Services_DigitalMarketingMenu - Mousehover to the Digital Marketing Submenu
2025-02-03 10:21:39,941 INFO  Services_DigitalMarketingMenu - Submenu clicked
2025-02-03 10:21:40,465 INFO  Services_DigitalMarketingMenu - DV360 Traffic Management Services Sub Menu Validated
2025-02-03 10:21:40,762 INFO  Services_DigitalMarketingMenu - URL Entered
2025-02-03 10:21:40,926 INFO  Services_DigitalMarketingMenu - Mousehover to the Service Menu
2025-02-03 10:21:40,944 INFO  Services_DigitalMarketingMenu - Mousehover to the Digital Marketing Submenu
2025-02-03 10:21:40,983 INFO  Services_DigitalMarketingMenu - Submenu clicked
2025-02-03 10:21:41,503 INFO  Services_DigitalMarketingMenu - Account Based Marketing Services Sub Menu Validated
