2024-10-14 09:28:27,832 INFO  Forms_Validation - Moved to Home Element
2024-10-14 09:28:31,242 INFO  Forms_Validation - Online is Clicked
2024-10-14 09:28:31,496 INFO  Forms_Validation - Moved to Home Element
2024-10-14 09:28:31,673 INFO  Forms_Validation - Name Field Validated
2024-10-14 09:28:31,938 INFO  Forms_Validation - Email Field Validated
2024-10-14 09:28:32,324 INFO  Forms_Validation - Phone Field Validated
2024-10-14 09:28:36,927 INFO  Forms_Validation - Interested service validated
2024-10-14 09:28:37,522 INFO  Forms_Validation - Requirement field Validated
2024-10-14 09:28:38,022 INFO  Forms_Validation - Frame Closer Vaidated
2024-10-14 09:28:38,022 INFO  Forms_Validation - Send Message form Validated
2024-10-14 09:28:38,523 INFO  Forms_Validation - URL Entered
2024-10-14 09:28:39,682 INFO  Forms_Validation - Submenu clicked
2024-10-14 09:28:41,839 INFO  Forms_Validation - Name of the company Field Validated
2024-10-14 09:28:45,102 INFO  Forms_Validation - Number of employees is Validated
2024-10-14 09:28:47,870 INFO  Forms_Validation - Company Type is Validated
2024-10-14 09:28:50,680 INFO  Forms_Validation - Industry Experience Field is Validated
2024-10-14 09:28:58,070 INFO  Forms_Validation - TEch Expertise is Validated
2024-10-14 09:28:58,208 INFO  Forms_Validation - Tax ID Field Validated
2024-10-14 09:28:59,364 INFO  Forms_Validation - Registration Number Field Validated
2024-10-14 09:28:59,611 INFO  Forms_Validation - Address Field Validated
2024-10-14 09:28:59,723 INFO  Forms_Validation - City Field Validated
2024-10-14 09:28:59,837 INFO  Forms_Validation - Website Field Validated
2024-10-14 09:28:59,979 INFO  Forms_Validation - Portfolio URL Field Validated
2024-10-14 09:29:00,088 INFO  Forms_Validation - Name of the Contact person Field Validated
2024-10-14 09:29:00,345 INFO  Forms_Validation - Job title of contact person Field Validated
2024-10-14 09:29:00,488 INFO  Forms_Validation - Contact Number Field Validated
2024-10-14 09:29:00,635 INFO  Forms_Validation - Whatsapp  Field Validated
2024-10-14 09:29:00,787 INFO  Forms_Validation - Email field Field Validated
2024-10-14 09:29:00,920 INFO  Forms_Validation - Bank Details Field Validated
2024-10-14 09:29:01,033 INFO  Forms_Validation - Any Relevant Certificate Field Validated
2024-10-14 09:29:01,137 INFO  Forms_Validation - Decision Maker Field Validated
2024-10-14 09:29:01,285 INFO  Forms_Validation - Decision maker Email Field Validated
2024-10-14 09:29:01,530 INFO  Forms_Validation - Brief Description about the company Field Validated
2024-10-14 09:29:01,530 INFO  Forms_Validation - Vendor Registration form Validated
