2024-10-14 09:29:18,519 INFO  Header_Services_Submenu - Submenu clicked
2024-10-14 09:29:18,583 INFO  Header_Services_Submenu - Hire Our Didicated Developers Sub Menu Validated
2024-10-14 09:29:18,921 INFO  Header_Services_Submenu - URL Entered
2024-10-14 09:29:19,418 INFO  Header_Services_Submenu - Mousehover to the Service Menu
2024-10-14 09:29:19,572 INFO  Header_Services_Submenu - Submenu clicked
2024-10-14 09:29:19,572 INFO  Header_Services_Submenu - Web Design and Development Sub Menu Not Clickable
2024-10-14 09:29:20,037 INFO  Header_Services_Submenu - URL Entered
2024-10-14 09:29:20,486 INFO  Header_Services_Submenu - Mousehover to the Service Menu
2024-10-14 09:29:21,206 INFO  Header_Services_Submenu - Submenu clicked
2024-10-14 09:29:21,260 INFO  Header_Services_Submenu - Business Consulting Services Sub Menu Validated
2024-10-14 09:29:21,629 INFO  Header_Services_Submenu - URL Entered
2024-10-14 09:29:22,108 INFO  Header_Services_Submenu - Mousehover to the Service Menu
2024-10-14 09:29:23,518 INFO  Header_Services_Submenu - Submenu clicked
2024-10-14 09:29:23,531 INFO  Header_Services_Submenu - AI Services Sub Menu Validated
2024-10-14 09:29:23,887 INFO  Header_Services_Submenu - URL Entered
2024-10-14 09:29:24,398 INFO  Header_Services_Submenu - Mousehover to the Service Menu
2024-10-14 09:29:25,158 INFO  Header_Services_Submenu - Submenu clicked
2024-10-14 09:29:25,181 INFO  Header_Services_Submenu - Wallet Integration Service Sub Menu Validated
2024-10-14 09:29:25,542 INFO  Header_Services_Submenu - URL Entered
2024-10-14 09:29:26,051 INFO  Header_Services_Submenu - Mousehover to the Service Menu
2024-10-14 09:29:26,855 INFO  Header_Services_Submenu - Submenu clicked
2024-10-14 09:29:26,923 INFO  Header_Services_Submenu - Blockchain Development Sub Menu Validated
2024-10-14 09:29:27,437 INFO  Header_Services_Submenu - URL Entered
2024-10-14 09:29:27,895 INFO  Header_Services_Submenu - Mousehover to the Service Menu
2024-10-14 09:29:28,556 INFO  Header_Services_Submenu - Submenu clicked
2024-10-14 09:29:28,602 INFO  Header_Services_Submenu - Managed Services Sub Menu Validated
