2024-10-14 09:31:46,533 INFO  Services_MobileAppDevelopmentMenu - Submenu clicked
2024-10-14 09:31:46,600 INFO  Services_MobileAppDevelopmentMenu - Enterprise Mobile Application Development Sub Menu Validated
2024-10-14 09:31:46,952 INFO  Services_MobileAppDevelopmentMenu - URL Entered
2024-10-14 09:31:47,467 INFO  Services_MobileAppDevelopmentMenu - Mousehover to the Service Menu
2024-10-14 09:31:47,686 INFO  Services_MobileAppDevelopmentMenu - Mousehover to the Mobile App development Submenu
2024-10-14 09:31:59,462 INFO  Services_MobileAppDevelopmentMenu - Submenu clicked
2024-10-14 09:31:59,540 INFO  Services_MobileAppDevelopmentMenu - Startup App Development Sub Menu Validated
2024-10-14 09:32:00,049 INFO  Services_MobileAppDevelopmentMenu - URL Entered
2024-10-14 09:32:00,216 INFO  Services_MobileAppDevelopmentMenu - Mousehover to the Service Menu
2024-10-14 09:32:00,902 INFO  Services_MobileAppDevelopmentMenu - Mousehover to the Mobile App development Submenu
2024-10-14 09:32:01,597 INFO  Services_MobileAppDevelopmentMenu - Submenu clicked
2024-10-14 09:32:01,650 INFO  Services_MobileAppDevelopmentMenu - iOS App Development Sub Menu Validated
2024-10-14 09:32:01,989 INFO  Services_MobileAppDevelopmentMenu - URL Entered
2024-10-14 09:32:02,457 INFO  Services_MobileAppDevelopmentMenu - Mousehover to the Service Menu
2024-10-14 09:32:02,754 INFO  Services_MobileAppDevelopmentMenu - Mousehover to the Mobile App development Submenu
2024-10-14 09:32:03,334 INFO  Services_MobileAppDevelopmentMenu - Submenu clicked
2024-10-14 09:32:03,382 INFO  Services_MobileAppDevelopmentMenu - iPad App Development Sub Menu Validated
2024-10-14 09:32:03,706 INFO  Services_MobileAppDevelopmentMenu - URL Entered
2024-10-14 09:32:04,225 INFO  Services_MobileAppDevelopmentMenu - Mousehover to the Service Menu
2024-10-14 09:32:04,441 INFO  Services_MobileAppDevelopmentMenu - Mousehover to the Mobile App development Submenu
2024-10-14 09:32:05,110 INFO  Services_MobileAppDevelopmentMenu - Submenu clicked
2024-10-14 09:32:05,160 INFO  Services_MobileAppDevelopmentMenu - HTML5 Development Sub Menu Validated
2024-10-14 09:32:05,448 INFO  Services_MobileAppDevelopmentMenu - URL Entered
2024-10-14 09:32:05,918 INFO  Services_MobileAppDevelopmentMenu - Mousehover to the Service Menu
2024-10-14 09:32:06,229 INFO  Services_MobileAppDevelopmentMenu - Mousehover to the Mobile App development Submenu
2024-10-14 09:32:06,831 INFO  Services_MobileAppDevelopmentMenu - Submenu clicked
2024-10-14 09:32:06,893 INFO  Services_MobileAppDevelopmentMenu - Windows Application Development Sub Menu Validated
