2024-10-14 09:30:57,516 INFO  Header_About_Us_SubMenu - Submenu clicked
2024-10-14 09:30:57,549 INFO  Header_About_Us_SubMenu - Business Models Sub Menu Validated
2024-10-14 09:30:57,924 INFO  Header_About_Us_SubMenu - URL Entered
2024-10-14 09:30:58,538 INFO  Header_About_Us_SubMenu - Submenu clicked
2024-10-14 09:30:58,596 INFO  Header_About_Us_SubMenu - Awards Sub Menu Validated
2024-10-14 09:30:58,928 INFO  Header_About_Us_SubMenu - URL Entered
2024-10-14 09:30:59,469 INFO  Header_About_Us_SubMenu - Submenu clicked
2024-10-14 09:30:59,484 INFO  Header_About_Us_SubMenu - Partner With Us Sub Menu Validated
2024-10-14 09:30:59,888 INFO  Header_About_Us_SubMenu - URL Entered
2024-10-14 09:31:00,417 INFO  Header_About_Us_SubMenu - Submenu clicked
2024-10-14 09:31:00,468 INFO  Header_About_Us_SubMenu - Testimonials Sub Menu Validated
2024-10-14 09:31:00,855 INFO  Header_About_Us_SubMenu - URL Entered
2024-10-14 09:31:03,466 INFO  Header_About_Us_SubMenu - Submenu clicked
2024-10-14 09:31:03,480 INFO  Header_About_Us_SubMenu - Vendor Registration Sub Menu Validated
2024-10-14 09:31:03,779 INFO  Header_About_Us_SubMenu - URL Entered
2024-10-14 09:31:04,343 INFO  Header_About_Us_SubMenu - Submenu clicked
2024-10-14 09:31:04,402 INFO  Header_About_Us_SubMenu - Technologies Sub Menu Validated
2024-10-14 09:31:04,703 INFO  Header_About_Us_SubMenu - URL Entered
2024-10-14 09:31:05,172 INFO  Header_About_Us_SubMenu - Submenu clicked
2024-10-14 09:31:05,210 INFO  Header_About_Us_SubMenu - Methodology Sub Menu Validated
2024-10-14 09:31:05,517 INFO  Header_About_Us_SubMenu - URL Entered
2024-10-14 09:31:06,135 INFO  Header_About_Us_SubMenu - Submenu clicked
2024-10-14 09:31:06,184 INFO  Header_About_Us_SubMenu - Alliances Sub Menu Validated
2024-10-14 09:31:06,450 INFO  Header_About_Us_SubMenu - URL Entered
2024-10-14 09:31:06,932 INFO  Header_About_Us_SubMenu - Submenu clicked
2024-10-14 09:31:06,971 INFO  Header_About_Us_SubMenu - Infrastructure Sub Menu Validated
2024-10-14 09:31:07,271 INFO  Header_About_Us_SubMenu - URL Entered
2024-10-14 09:31:07,748 INFO  Header_About_Us_SubMenu - Submenu clicked
2024-10-14 09:31:07,802 INFO  Header_About_Us_SubMenu - Group Companies Sub Menu Validated
