2024-10-14 09:26:43,888 INFO  Header_Menu_Header - About Us Menu Validated
2024-10-14 09:26:44,166 INFO  Header_Menu_Header - URL Entered
2024-10-14 09:26:45,707 INFO  Header_Menu_Header - Get_Quote Menu Validated
2024-10-14 09:26:46,162 INFO  Header_Menu_Header - URL Entered
2024-10-14 09:26:46,981 INFO  Header_Menu_Header - Contact Menu Validated
2024-10-14 09:26:47,274 INFO  Header_Menu_Header - URL Entered
2024-10-14 09:26:48,582 INFO  Header_Menu_Header - Portfolio Menu Validated
2024-10-14 09:26:48,924 INFO  Header_Menu_Header - URL Entered
2024-10-14 09:27:03,507 INFO  Header_Menu_Header - Blog Menu Validated
2024-10-14 09:27:03,877 INFO  Header_Menu_Header - URL Entered
2024-10-14 09:27:09,115 INFO  Header_Menu_Header - Contact Telephone Icon Validated
2024-10-14 09:31:14,510 INFO  Home_Page_Footer_Menu - Footer About Us Menu Validated
2024-10-14 09:31:14,807 INFO  Home_Page_Footer_Menu - URL Entered
2024-10-14 09:31:16,223 INFO  Home_Page_Footer_Menu - Footer Careers Menu Validated
2024-10-14 09:31:16,528 INFO  Home_Page_Footer_Menu - URL Entered
2024-10-14 09:31:18,035 INFO  Home_Page_Footer_Menu - Footer Become Our Representative Menu Validated
2024-10-14 09:31:18,299 INFO  Home_Page_Footer_Menu - URL Entered
2024-10-14 09:31:19,238 INFO  Home_Page_Footer_Menu - Footer Privacy Policy Menu Validated
2024-10-14 09:31:19,590 INFO  Home_Page_Footer_Menu - URL Entered
2024-10-14 09:31:20,524 INFO  Home_Page_Footer_Menu - Footer About Us Menu Validated
