2025-03-03 10:51:31,896 INFO  Header_Services_Submenu - Submenu clicked
2025-03-03 10:51:31,916 INFO  Header_Services_Submenu - Digital Marketing Sub Menu Validated
2025-03-03 10:51:32,066 INFO  Header_Services_Submenu - URL Entered
2025-03-03 10:51:32,802 INFO  Header_Services_Submenu - Mousehover to the Service Menu
2025-03-03 10:51:36,569 INFO  Header_Services_Submenu - Submenu clicked
2025-03-03 10:51:36,600 INFO  Header_Services_Submenu - Mobile App Marketing Agency Sub Menu Validated
2025-03-03 10:51:37,029 INFO  Header_Services_Submenu - URL Entered
2025-03-03 10:51:37,630 INFO  Header_Services_Submenu - Mousehover to the Service Menu
2025-03-03 10:51:41,216 INFO  Header_Services_Submenu - Submenu clicked
2025-03-03 10:51:41,287 INFO  Header_Services_Submenu - Hire Our Didicated Developers Sub Menu Validated
2025-03-03 10:51:41,643 INFO  Header_Services_Submenu - URL Entered
2025-03-03 10:51:42,169 INFO  Header_Services_Submenu - Mousehover to the Service Menu
2025-03-03 10:51:42,285 INFO  Header_Services_Submenu - Submenu clicked
2025-03-03 10:51:42,286 INFO  Header_Services_Submenu - Web Design and Development Sub Menu Not Clickable
2025-03-03 10:51:42,918 INFO  Header_Services_Submenu - URL Entered
2025-03-03 10:51:43,389 INFO  Header_Services_Submenu - Mousehover to the Service Menu
2025-03-03 10:51:44,125 INFO  Header_Services_Submenu - Submenu clicked
2025-03-03 10:51:44,171 INFO  Header_Services_Submenu - Business Consulting Services Sub Menu Validated
2025-03-03 10:51:44,763 INFO  Header_Services_Submenu - URL Entered
2025-03-03 10:51:45,379 INFO  Header_Services_Submenu - Mousehover to the Service Menu
2025-03-03 10:51:46,089 INFO  Header_Services_Submenu - Submenu clicked
2025-03-03 10:51:46,114 INFO  Header_Services_Submenu - AI Services Sub Menu Validated
2025-03-03 10:51:46,645 INFO  Header_Services_Submenu - URL Entered
2025-03-03 10:51:47,220 INFO  Header_Services_Submenu - Mousehover to the Service Menu
2025-03-03 10:51:48,747 INFO  Header_Services_Submenu - Submenu clicked
2025-03-03 10:51:48,776 INFO  Header_Services_Submenu - GIS Services Sub Menu Validated
