2025-03-03 10:53:29,635 INFO  Header_About_Us_SubMenu - Submenu clicked
2025-03-03 10:53:29,663 INFO  Header_About_Us_SubMenu - Meet the Team Sub Menu Validated
2025-03-03 10:53:30,097 INFO  Header_About_Us_SubMenu - URL Entered
2025-03-03 10:53:30,664 INFO  Header_About_Us_SubMenu - Submenu clicked
2025-03-03 10:53:30,742 INFO  Header_About_Us_SubMenu - Our Clients Sub Menu Validated
2025-03-03 10:53:31,174 INFO  Header_About_Us_SubMenu - URL Entered
2025-03-03 10:53:32,271 INFO  Header_About_Us_SubMenu - Submenu clicked
2025-03-03 10:53:32,337 INFO  Header_About_Us_SubMenu - Products Sub Menu Validated
2025-03-03 10:53:32,509 INFO  Header_About_Us_SubMenu - URL Entered
2025-03-03 10:53:35,655 INFO  Header_About_Us_SubMenu - Submenu clicked
2025-03-03 10:53:35,685 INFO  Header_About_Us_SubMenu - Become Our Representative Sub Menu Validated
2025-03-03 10:53:36,073 INFO  Header_About_Us_SubMenu - URL Entered
2025-03-03 10:53:36,579 INFO  Header_About_Us_SubMenu - Submenu clicked
2025-03-03 10:53:36,631 INFO  Header_About_Us_SubMenu - Business Models Sub Menu Validated
2025-03-03 10:53:37,048 INFO  Header_About_Us_SubMenu - URL Entered
2025-03-03 10:53:37,693 INFO  Header_About_Us_SubMenu - Submenu clicked
2025-03-03 10:53:37,776 INFO  Header_About_Us_SubMenu - Awards Sub Menu Validated
2025-03-03 10:53:37,939 INFO  Header_About_Us_SubMenu - URL Entered
2025-03-03 10:53:39,352 INFO  Header_About_Us_SubMenu - Submenu clicked
2025-03-03 10:53:39,358 INFO  Header_About_Us_SubMenu - Partner With Us Sub Menu Validated
2025-03-03 10:53:39,766 INFO  Header_About_Us_SubMenu - URL Entered
2025-03-03 10:53:40,588 INFO  Header_About_Us_SubMenu - Submenu clicked
2025-03-03 10:53:40,657 INFO  Header_About_Us_SubMenu - Testimonials Sub Menu Validated
2025-03-03 10:53:41,286 INFO  Header_About_Us_SubMenu - URL Entered
2025-03-03 10:53:42,571 INFO  Header_About_Us_SubMenu - Submenu clicked
2025-03-03 10:53:42,607 INFO  Header_About_Us_SubMenu - Vendor Registration Sub Menu Validated
2025-03-03 10:53:43,181 INFO  Header_About_Us_SubMenu - URL Entered
2025-03-03 10:53:43,811 INFO  Header_About_Us_SubMenu - Submenu clicked
2025-03-03 10:53:43,909 INFO  Header_About_Us_SubMenu - Technologies Sub Menu Validated
2025-03-03 10:53:44,501 INFO  Header_About_Us_SubMenu - URL Entered
2025-03-03 10:53:45,239 INFO  Header_About_Us_SubMenu - Submenu clicked
2025-03-03 10:53:45,304 INFO  Header_About_Us_SubMenu - Methodology Sub Menu Validated
2025-03-03 10:53:46,118 INFO  Header_About_Us_SubMenu - URL Entered
2025-03-03 10:53:46,778 INFO  Header_About_Us_SubMenu - Submenu clicked
2025-03-03 10:53:46,873 INFO  Header_About_Us_SubMenu - Alliances Sub Menu Validated
2025-03-03 10:53:47,493 INFO  Header_About_Us_SubMenu - URL Entered
2025-03-03 10:53:48,071 INFO  Header_About_Us_SubMenu - Submenu clicked
2025-03-03 10:53:48,132 INFO  Header_About_Us_SubMenu - Infrastructure Sub Menu Validated
2025-03-03 10:53:48,811 INFO  Header_About_Us_SubMenu - URL Entered
2025-03-03 10:53:49,426 INFO  Header_About_Us_SubMenu - Submenu clicked
2025-03-03 10:53:49,512 INFO  Header_About_Us_SubMenu - Group Companies Sub Menu Validated
