2025-03-03 10:54:14,245 INFO  Home_Page_Footer_Menu - IoT Development Services Menu clicked
2025-03-03 10:54:14,292 INFO  Home_Page_Footer_Menu - IoT Development Services Menu Validated
2025-03-03 10:54:14,726 INFO  Home_Page_Footer_Menu - URL Entered
2025-03-03 10:54:15,689 INFO  Home_Page_Footer_Menu - AI Services Menu clicked
2025-03-03 10:54:15,719 INFO  Home_Page_Footer_Menu - AI Services Menu Validated
2025-03-03 10:54:16,121 INFO  Home_Page_Footer_Menu - URL Entered
2025-03-03 10:54:17,602 INFO  Home_Page_Footer_Menu - GIS Services Menu clicked
2025-03-03 10:54:17,627 INFO  Home_Page_Footer_Menu - GIS Services Menu Validated
2025-03-03 10:54:19,126 INFO  Home_Page_Footer_Menu - URL Entered
2025-03-03 10:54:20,423 INFO  Home_Page_Footer_Menu - Web App Development Menu clicked
2025-03-03 10:54:20,444 INFO  Home_Page_Footer_Menu - Web App Development Menu Validated
2025-03-03 10:54:21,165 INFO  Home_Page_Footer_Menu - URL Entered
2025-03-03 10:54:22,028 INFO  Home_Page_Footer_Menu - Wallet Integration Menu clicked
2025-03-03 10:54:22,102 INFO  Home_Page_Footer_Menu - Wallet Integration Menu Validated
2025-03-03 10:54:22,693 INFO  Home_Page_Footer_Menu - URL Entered
2025-03-03 10:54:23,709 INFO  Home_Page_Footer_Menu - Conversion Rate Optimization Services Menu clicked
2025-03-03 10:54:23,732 INFO  Home_Page_Footer_Menu - Conversion Rate Optimization Services Menu Validated
2025-03-03 10:54:24,328 INFO  Home_Page_Footer_Menu - URL Entered
2025-03-03 10:54:25,328 INFO  Home_Page_Footer_Menu - Performance Marketing Services Menu clicked
2025-03-03 10:54:25,528 INFO  Home_Page_Footer_Menu -  Performance Marketing Services Menu Validated
2025-03-03 10:54:26,016 INFO  Home_Page_Footer_Menu - URL Entered
2025-03-03 10:54:26,301 INFO  Home_Page_Footer_Menu - School Management Software Menu clicked
2025-03-03 10:54:28,387 INFO  Home_Page_Footer_Menu - School Management Software Menu Validated
2025-03-03 10:54:29,033 INFO  Home_Page_Footer_Menu - URL Entered
2025-03-03 10:54:29,258 INFO  Home_Page_Footer_Menu - Intelligent Business Process Automation Software Menu clicked
2025-03-03 10:54:30,132 INFO  Home_Page_Footer_Menu - Intelligent Business Process Automation Software Menu Validated
