2025-03-03 10:55:25,858 INFO  Services_DigitalMarketingMenu - Submenu clicked
2025-03-03 10:55:25,886 INFO  Services_DigitalMarketingMenu - SaaS Marketing Sub Menu Validated
2025-03-03 10:55:26,503 INFO  Services_DigitalMarketingMenu - URL Entered
2025-03-03 10:55:26,720 INFO  Services_DigitalMarketingMenu - Mousehover to the Service Menu
2025-03-03 10:55:27,237 INFO  Services_DigitalMarketingMenu - Mousehover to the Digital Marketing Submenu
2025-03-03 10:55:28,210 INFO  Services_DigitalMarketingMenu - Submenu clicked
2025-03-03 10:55:28,226 INFO  Services_DigitalMarketingMenu - ICO Marketing Sub Menu Validated
2025-03-03 10:55:28,644 INFO  Services_DigitalMarketingMenu - URL Entered
2025-03-03 10:55:28,835 INFO  Services_DigitalMarketingMenu - Mousehover to the Service Menu
2025-03-03 10:55:29,227 INFO  Services_DigitalMarketingMenu - Mousehover to the Digital Marketing Submenu
2025-03-03 10:55:29,937 INFO  Services_DigitalMarketingMenu - Submenu clicked
2025-03-03 10:55:29,961 INFO  Services_DigitalMarketingMenu - Influencer Marketing Services Sub Menu Validated
2025-03-03 10:55:30,352 INFO  Services_DigitalMarketingMenu - URL Entered
2025-03-03 10:55:30,536 INFO  Services_DigitalMarketingMenu - Mousehover to the Service Menu
2025-03-03 10:55:30,936 INFO  Services_DigitalMarketingMenu - Mousehover to the Digital Marketing Submenu
2025-03-03 10:55:31,755 INFO  Services_DigitalMarketingMenu - Submenu clicked
2025-03-03 10:55:32,003 INFO  Services_DigitalMarketingMenu - Search Engine Optimization Sub Menu Validated
2025-03-03 10:55:32,558 INFO  Services_DigitalMarketingMenu - URL Entered
2025-03-03 10:55:33,071 INFO  Services_DigitalMarketingMenu - Mousehover to the Service Menu
2025-03-03 10:55:33,169 INFO  Services_DigitalMarketingMenu - Mousehover to the Digital Marketing Submenu
2025-03-03 10:55:34,415 INFO  Services_DigitalMarketingMenu - Submenu clicked
2025-03-03 10:55:34,449 INFO  Services_DigitalMarketingMenu - PPC Management & Strategy Sub Menu Validated
2025-03-03 10:55:34,898 INFO  Services_DigitalMarketingMenu - URL Entered
2025-03-03 10:55:35,117 INFO  Services_DigitalMarketingMenu - Mousehover to the Service Menu
2025-03-03 10:55:35,517 INFO  Services_DigitalMarketingMenu - Mousehover to the Digital Marketing Submenu
2025-03-03 10:55:36,769 INFO  Services_DigitalMarketingMenu - Submenu clicked
2025-03-03 10:55:36,790 INFO  Services_DigitalMarketingMenu - Social Media Management & Strategy Sub Menu Validated
2025-03-03 10:55:37,185 INFO  Services_DigitalMarketingMenu - URL Entered
2025-03-03 10:55:37,693 INFO  Services_DigitalMarketingMenu - Mousehover to the Service Menu
2025-03-03 10:55:37,773 INFO  Services_DigitalMarketingMenu - Mousehover to the Digital Marketing Submenu
2025-03-03 10:55:38,972 INFO  Services_DigitalMarketingMenu - Submenu clicked
2025-03-03 10:55:38,994 INFO  Services_DigitalMarketingMenu - Conversion Rate Optimization Services Sub Menu Validated
2025-03-03 10:55:39,435 INFO  Services_DigitalMarketingMenu - URL Entered
2025-03-03 10:55:39,946 INFO  Services_DigitalMarketingMenu - Mousehover to the Service Menu
2025-03-03 10:55:40,035 INFO  Services_DigitalMarketingMenu - Mousehover to the Digital Marketing Submenu
2025-03-03 10:55:40,650 INFO  Services_DigitalMarketingMenu - Submenu clicked
2025-03-03 10:55:40,675 INFO  Services_DigitalMarketingMenu - Multilingual SEO Sub Menu Validated
2025-03-03 10:55:41,106 INFO  Services_DigitalMarketingMenu - URL Entered
2025-03-03 10:55:41,673 INFO  Services_DigitalMarketingMenu - Mousehover to the Service Menu
2025-03-03 10:55:41,767 INFO  Services_DigitalMarketingMenu - Mousehover to the Digital Marketing Submenu
2025-03-03 10:55:43,146 INFO  Services_DigitalMarketingMenu - Submenu clicked
2025-03-03 10:55:43,226 INFO  Services_DigitalMarketingMenu - Google Search Optimization Sub Menu Validated
2025-03-03 10:55:43,693 INFO  Services_DigitalMarketingMenu - URL Entered
2025-03-03 10:55:43,865 INFO  Services_DigitalMarketingMenu - Mousehover to the Service Menu
2025-03-03 10:55:44,341 INFO  Services_DigitalMarketingMenu - Mousehover to the Digital Marketing Submenu
2025-03-03 10:55:44,955 INFO  Services_DigitalMarketingMenu - Submenu clicked
2025-03-03 10:55:44,970 INFO  Services_DigitalMarketingMenu - Google Grants Sub Menu Validated
2025-03-03 10:55:45,325 INFO  Services_DigitalMarketingMenu - URL Entered
2025-03-03 10:55:45,834 INFO  Services_DigitalMarketingMenu - Mousehover to the Service Menu
2025-03-03 10:55:45,925 INFO  Services_DigitalMarketingMenu - Mousehover to the Digital Marketing Submenu
2025-03-03 10:55:46,844 INFO  Services_DigitalMarketingMenu - Submenu clicked
2025-03-03 10:55:46,905 INFO  Services_DigitalMarketingMenu - Inbound marketing services Sub Menu Validated
2025-03-03 10:55:47,366 INFO  Services_DigitalMarketingMenu - URL Entered
2025-03-03 10:55:47,873 INFO  Services_DigitalMarketingMenu - Mousehover to the Service Menu
2025-03-03 10:55:48,045 INFO  Services_DigitalMarketingMenu - Mousehover to the Digital Marketing Submenu
2025-03-03 10:55:49,304 INFO  Services_DigitalMarketingMenu - Submenu clicked
2025-03-03 10:55:49,325 INFO  Services_DigitalMarketingMenu - DV360 Traffic Management Services Sub Menu Validated
2025-03-03 10:55:49,739 INFO  Services_DigitalMarketingMenu - URL Entered
2025-03-03 10:55:50,269 INFO  Services_DigitalMarketingMenu - Mousehover to the Service Menu
2025-03-03 10:55:50,336 INFO  Services_DigitalMarketingMenu - Mousehover to the Digital Marketing Submenu
2025-03-03 10:55:50,989 INFO  Services_DigitalMarketingMenu - Submenu clicked
2025-03-03 10:55:51,012 INFO  Services_DigitalMarketingMenu - Account Based Marketing Services Sub Menu Validated
