2025-03-03 10:55:36,769 INFO  Services_DigitalMarketingMenu - Submenu clicked
2025-03-03 10:55:36,790 INFO  Services_DigitalMarketingMenu - Social Media Management & Strategy Sub Menu Validated
2025-03-03 10:55:37,185 INFO  Services_DigitalMarketingMenu - URL Entered
2025-03-03 10:55:37,693 INFO  Services_DigitalMarketingMenu - Mousehover to the Service Menu
2025-03-03 10:55:37,773 INFO  Services_DigitalMarketingMenu - Mousehover to the Digital Marketing Submenu
2025-03-03 10:55:38,972 INFO  Services_DigitalMarketingMenu - Submenu clicked
2025-03-03 10:55:38,994 INFO  Services_DigitalMarketingMenu - Conversion Rate Optimization Services Sub Menu Validated
2025-03-03 10:55:39,435 INFO  Services_DigitalMarketingMenu - URL Entered
2025-03-03 10:55:39,946 INFO  Services_DigitalMarketingMenu - Mousehover to the Service Menu
2025-03-03 10:55:40,035 INFO  Services_DigitalMarketingMenu - Mousehover to the Digital Marketing Submenu
2025-03-03 10:55:40,650 INFO  Services_DigitalMarketingMenu - Submenu clicked
2025-03-03 10:55:40,675 INFO  Services_DigitalMarketingMenu - Multilingual SEO Sub Menu Validated
2025-03-03 10:55:41,106 INFO  Services_DigitalMarketingMenu - URL Entered
2025-03-03 10:55:41,673 INFO  Services_DigitalMarketingMenu - Mousehover to the Service Menu
2025-03-03 10:55:41,767 INFO  Services_DigitalMarketingMenu - Mousehover to the Digital Marketing Submenu
2025-03-03 10:55:43,146 INFO  Services_DigitalMarketingMenu - Submenu clicked
2025-03-03 10:55:43,226 INFO  Services_DigitalMarketingMenu - Google Search Optimization Sub Menu Validated
2025-03-03 10:55:43,693 INFO  Services_DigitalMarketingMenu - URL Entered
2025-03-03 10:55:43,865 INFO  Services_DigitalMarketingMenu - Mousehover to the Service Menu
2025-03-03 10:55:44,341 INFO  Services_DigitalMarketingMenu - Mousehover to the Digital Marketing Submenu
2025-03-03 10:55:44,955 INFO  Services_DigitalMarketingMenu - Submenu clicked
2025-03-03 10:55:44,970 INFO  Services_DigitalMarketingMenu - Google Grants Sub Menu Validated
2025-03-03 10:55:45,325 INFO  Services_DigitalMarketingMenu - URL Entered
2025-03-03 10:55:45,834 INFO  Services_DigitalMarketingMenu - Mousehover to the Service Menu
2025-03-03 10:55:45,925 INFO  Services_DigitalMarketingMenu - Mousehover to the Digital Marketing Submenu
2025-03-03 10:55:46,844 INFO  Services_DigitalMarketingMenu - Submenu clicked
2025-03-03 10:55:46,905 INFO  Services_DigitalMarketingMenu - Inbound marketing services Sub Menu Validated
2025-03-03 10:55:47,366 INFO  Services_DigitalMarketingMenu - URL Entered
2025-03-03 10:55:47,873 INFO  Services_DigitalMarketingMenu - Mousehover to the Service Menu
2025-03-03 10:55:48,045 INFO  Services_DigitalMarketingMenu - Mousehover to the Digital Marketing Submenu
2025-03-03 10:55:49,304 INFO  Services_DigitalMarketingMenu - Submenu clicked
2025-03-03 10:55:49,325 INFO  Services_DigitalMarketingMenu - DV360 Traffic Management Services Sub Menu Validated
2025-03-03 10:55:49,739 INFO  Services_DigitalMarketingMenu - URL Entered
2025-03-03 10:55:50,269 INFO  Services_DigitalMarketingMenu - Mousehover to the Service Menu
2025-03-03 10:55:50,336 INFO  Services_DigitalMarketingMenu - Mousehover to the Digital Marketing Submenu
2025-03-03 10:55:50,989 INFO  Services_DigitalMarketingMenu - Submenu clicked
2025-03-03 10:55:51,012 INFO  Services_DigitalMarketingMenu - Account Based Marketing Services Sub Menu Validated
