2025-03-03 10:52:48,453 INFO  Home_Menu_Body - Moved to Home Element
2025-03-03 10:52:48,537 INFO  Home_Menu_Body - AI Case Study clicked
2025-03-03 10:52:48,579 INFO  Home_Menu_Body - AI Case button Validated
2025-03-03 10:52:48,996 INFO  Home_Menu_Body - URL Entered
2025-03-03 10:52:49,149 INFO  Home_Menu_Body - Moved to Home Element
2025-03-03 10:52:50,116 INFO  Home_Menu_Body - Get A Free Consultation clicked
2025-03-03 10:52:52,435 INFO  Home_Menu_Body - URL Entered
2025-03-03 10:52:52,581 INFO  Home_Menu_Body - Moved to Home Element
2025-03-03 10:52:54,416 INFO  Home_Menu_Body - View all button clicked
2025-03-03 10:52:54,442 INFO  Home_Menu_Body - Latest Bolg ViewAll button Validated
2025-03-03 10:52:55,154 INFO  Home_Menu_Body - URL Entered
2025-03-03 10:52:57,134 INFO  Home_Menu_Body - Mobile App development arrow icon clicked
2025-03-03 10:52:57,205 INFO  Home_Menu_Body - Mobile App Development arrow icon Validated
2025-03-03 10:52:57,777 INFO  Home_Menu_Body - URL Entered
2025-03-03 10:53:00,369 INFO  Home_Menu_Body - Digital Marketing arrow icon clicked
2025-03-03 10:53:00,424 INFO  Home_Menu_Body - Digital Marketing arrow icon Validated
2025-03-03 10:53:00,783 INFO  Home_Menu_Body - URL Entered
2025-03-03 10:53:02,794 INFO  Home_Menu_Body - Mobile App Marketing Arrow icon clicked
2025-03-03 10:53:02,861 INFO  Home_Menu_Body - Mobile App Marketing  arrow icon Validated
2025-03-03 10:53:03,287 INFO  Home_Menu_Body - URL Entered
2025-03-03 10:53:04,192 INFO  Home_Menu_Body - Hire our Dedicated developer Icon clicked
2025-03-03 10:53:04,226 INFO  Home_Menu_Body - Hire Our Didicated Developers Sub Menu Validated
2025-03-03 10:53:04,581 INFO  Home_Menu_Body - URL Entered
2025-03-03 10:53:05,805 INFO  Home_Menu_Body - Web development icon clicked
2025-03-03 10:53:05,866 INFO  Home_Menu_Body - Web development arrow icon Validated
2025-03-03 10:53:06,273 INFO  Home_Menu_Body - URL Entered
2025-03-03 10:53:07,879 INFO  Home_Menu_Body - GIS Service arrow icon clicked
2025-03-03 10:53:08,006 INFO  Home_Menu_Body - GIS Services arrow icon Validated
2025-03-03 10:53:10,574 INFO  Home_Menu_Body - URL Entered
2025-03-03 10:53:10,945 INFO  Home_Menu_Body - Header panel alignment Veified
2025-03-03 10:53:11,801 INFO  Home_Menu_Body - URL Entered
2025-03-03 10:53:14,456 INFO  Home_Menu_Body - Freezed Header panel alignment Veified
2025-03-03 10:53:15,225 INFO  Home_Menu_Body - URL Entered
2025-03-03 10:53:18,722 INFO  Home_Menu_Body - Footer Alignment Mismatch
