2025-03-03 10:50:13,073 INFO  Forms_Validation - Name Field Validated
2025-03-03 10:50:13,152 INFO  Forms_Validation - Email Field Validated
2025-03-03 10:50:16,398 INFO  Forms_Validation - Select Interest is Validated
2025-03-03 10:50:23,810 INFO  Forms_Validation - Budget Field is Validated
2025-03-03 10:50:24,043 INFO  Forms_Validation - Requirement Field is validated
2025-03-03 10:50:24,043 INFO  Forms_Validation - Quick Consultation form Validated
2025-03-03 10:50:24,465 INFO  Forms_Validation - URL Entered
2025-03-03 10:50:26,535 INFO  Forms_Validation - Job Application Menu clicked
2025-03-03 10:50:29,770 INFO  Forms_Validation - Name Field Validated
2025-03-03 10:50:30,712 INFO  Forms_Validation - Email Field Validated
2025-03-03 10:50:31,924 INFO  Forms_Validation - phone number field validated
2025-03-03 10:50:35,938 INFO  Forms_Validation - Select Post is Validated
2025-03-03 10:50:37,654 INFO  Forms_Validation - Location Field is Validated
2025-03-03 10:50:39,885 INFO  Forms_Validation - Search Engine Field is Validated
2025-03-03 10:50:41,308 INFO  Forms_Validation - Gender Field Vaidated
2025-03-03 10:50:52,137 INFO  Forms_Validation - Year of Experience Field is Validated
2025-03-03 10:50:54,361 INFO  Forms_Validation - Month of experience Field is Validated
2025-03-03 10:50:54,506 INFO  Forms_Validation - Highest Qualification field is validated
2025-03-03 10:50:54,759 INFO  Forms_Validation - Key Skills field is validated
2025-03-03 10:50:54,855 INFO  Forms_Validation - Current Designation field is validated
2025-03-03 10:50:54,980 INFO  Forms_Validation - Current Location Field is validated
2025-03-03 10:50:54,981 INFO  Forms_Validation - Job Allication Form Validated
2025-03-03 10:50:55,783 INFO  Forms_Validation - URL Entered
2025-03-03 10:50:55,970 INFO  Forms_Validation - Moved to Home Element
2025-03-03 10:50:57,989 INFO  Forms_Validation - Online is Clicked
2025-03-03 10:50:58,221 INFO  Forms_Validation - Moved to Home Element
2025-03-03 10:50:58,450 INFO  Forms_Validation - Frame Closer Vaidated
2025-03-03 10:50:59,041 INFO  Forms_Validation - Online is Clicked
2025-03-03 10:50:59,178 INFO  Forms_Validation - Moved to Home Element
2025-03-03 10:50:59,764 INFO  Forms_Validation - URL Entered
2025-03-03 10:51:00,812 INFO  Forms_Validation - Submenu clicked
2025-03-03 10:51:02,940 INFO  Forms_Validation - Name of the company Field Validated
2025-03-03 10:51:05,879 INFO  Forms_Validation - Number of employees is Validated
2025-03-03 10:51:08,817 INFO  Forms_Validation - Company Type is Validated
2025-03-03 10:51:11,803 INFO  Forms_Validation - Industry Experience Field is Validated
2025-03-03 10:51:20,476 INFO  Forms_Validation - TEch Expertise is Validated
2025-03-03 10:51:20,631 INFO  Forms_Validation - Tax ID Field Validated
2025-03-03 10:51:21,801 INFO  Forms_Validation - Registration Number Field Validated
2025-03-03 10:51:21,995 INFO  Forms_Validation - Address Field Validated
2025-03-03 10:51:22,109 INFO  Forms_Validation - City Field Validated
2025-03-03 10:51:22,202 INFO  Forms_Validation - Website Field Validated
2025-03-03 10:51:22,320 INFO  Forms_Validation - Portfolio URL Field Validated
2025-03-03 10:51:22,420 INFO  Forms_Validation - Name of the Contact person Field Validated
2025-03-03 10:51:22,511 INFO  Forms_Validation - Job title of contact person Field Validated
2025-03-03 10:51:22,608 INFO  Forms_Validation - Contact Number Field Validated
2025-03-03 10:51:22,698 INFO  Forms_Validation - Whatsapp  Field Validated
2025-03-03 10:51:22,797 INFO  Forms_Validation - Email field Field Validated
2025-03-03 10:51:22,921 INFO  Forms_Validation - Bank Details Field Validated
2025-03-03 10:51:23,001 INFO  Forms_Validation - Any Relevant Certificate Field Validated
2025-03-03 10:51:23,093 INFO  Forms_Validation - Decision Maker Field Validated
2025-03-03 10:51:23,216 INFO  Forms_Validation - Decision maker Email Field Validated
2025-03-03 10:51:23,427 INFO  Forms_Validation - Brief Description about the company Field Validated
2025-03-03 10:51:23,427 INFO  Forms_Validation - Vendor Registration form Validated
