2025-03-03 10:56:26,791 INFO  Services_MobileAppMarketingAgency_Menu - Submenu clicked
2025-03-03 10:56:28,334 INFO  Services_MobileAppMarketingAgency_Menu - Free Consulations Service Sub Menu Validated
2025-03-03 10:56:28,750 INFO  Services_MobileAppMarketingAgency_Menu - URL Entered
2025-03-03 10:56:29,237 INFO  Services_MobileAppMarketingAgency_Menu - Mousehover to the Service Menu
2025-03-03 10:56:29,679 INFO  Services_MobileAppMarketingAgency_Menu - Mousehover to the Mobile App Marketing Agency Submenu
2025-03-03 10:56:32,353 INFO  Services_MobileAppMarketingAgency_Menu - Submenu clicked
2025-03-03 10:56:33,887 INFO  Services_MobileAppMarketingAgency_Menu - Mobile App Ads Campaign Management Sub Menu Validated
2025-03-03 10:56:34,283 INFO  Services_MobileAppMarketingAgency_Menu - URL Entered
2025-03-03 10:56:34,787 INFO  Services_MobileAppMarketingAgency_Menu - Mousehover to the Service Menu
2025-03-03 10:56:34,993 INFO  Services_MobileAppMarketingAgency_Menu - Mousehover to the Mobile App Marketing Agency Submenu
2025-03-03 10:56:37,852 INFO  Services_MobileAppMarketingAgency_Menu - Submenu clicked
2025-03-03 10:56:39,383 INFO  Services_MobileAppMarketingAgency_Menu - Mobile Games Marketing Sub Menu Validated
2025-03-03 10:56:39,835 INFO  Services_MobileAppMarketingAgency_Menu - URL Entered
2025-03-03 10:56:40,340 INFO  Services_MobileAppMarketingAgency_Menu - Mousehover to the Service Menu
2025-03-03 10:56:40,532 INFO  Services_MobileAppMarketingAgency_Menu - Mousehover to the Mobile App Marketing Agency Submenu
2025-03-03 10:56:43,214 INFO  Services_MobileAppMarketingAgency_Menu - Submenu clicked
2025-03-03 10:56:44,744 INFO  Services_MobileAppMarketingAgency_Menu - Mobile Pre Launch Activities Sub Menu Validated
2025-03-03 10:56:45,260 INFO  Services_MobileAppMarketingAgency_Menu - URL Entered
2025-03-03 10:56:45,781 INFO  Services_MobileAppMarketingAgency_Menu - Mousehover to the Service Menu
2025-03-03 10:56:45,997 INFO  Services_MobileAppMarketingAgency_Menu - Mousehover to the Mobile App Marketing Agency Submenu
2025-03-03 10:56:51,172 INFO  Services_MobileAppMarketingAgency_Menu - Submenu clicked
2025-03-03 10:56:52,705 INFO  Services_MobileAppMarketingAgency_Menu - Mobile App Market Research Sub Menu Validated
2025-03-03 10:56:53,188 INFO  Services_MobileAppMarketingAgency_Menu - URL Entered
2025-03-03 10:56:53,739 INFO  Services_MobileAppMarketingAgency_Menu - Mousehover to the Service Menu
2025-03-03 10:56:54,117 INFO  Services_MobileAppMarketingAgency_Menu - Mousehover to the Mobile App Marketing Agency Submenu
2025-03-03 10:56:56,969 INFO  Services_MobileAppMarketingAgency_Menu - Submenu clicked
2025-03-03 10:56:58,492 INFO  Services_MobileAppMarketingAgency_Menu - Mobile App Growth Marketing Sub Menu Validated
2025-03-03 10:56:58,900 INFO  Services_MobileAppMarketingAgency_Menu - URL Entered
2025-03-03 10:56:59,114 INFO  Services_MobileAppMarketingAgency_Menu - Mousehover to the Service Menu
2025-03-03 10:56:59,661 INFO  Services_MobileAppMarketingAgency_Menu - Mousehover to the Mobile App Marketing Agency Submenu
2025-03-03 10:57:02,264 INFO  Services_MobileAppMarketingAgency_Menu - Submenu clicked
2025-03-03 10:57:03,794 INFO  Services_MobileAppMarketingAgency_Menu - Mobile App Prototype Sub Menu Validated
