2024-10-08 17:23:04,272 INFO  Header_Services_Submenu - Submenu clicked
2024-10-08 17:23:04,324 INFO  Header_Services_Submenu - Mobile App Development Sub Menu Validated
2024-10-08 17:23:04,671 INFO  Header_Services_Submenu - URL Entered
2024-10-08 17:23:04,850 INFO  Header_Services_Submenu - Mousehover to the Service Menu
2024-10-08 17:23:06,220 INFO  Header_Services_Submenu - Submenu clicked
2024-10-08 17:23:06,234 INFO  Header_Services_Submenu - Digital Marketing Sub Menu Validated
2024-10-08 17:23:06,507 INFO  Header_Services_Submenu - URL Entered
2024-10-08 17:23:06,909 INFO  Header_Services_Submenu - Mousehover to the Service Menu
2024-10-08 17:23:07,620 INFO  Header_Services_Submenu - Submenu clicked
2024-10-08 17:23:07,636 INFO  Header_Services_Submenu - Mobile App Marketing Agency Sub Menu Validated
2024-10-08 17:23:07,884 INFO  Header_Services_Submenu - URL Entered
2024-10-08 17:23:08,252 INFO  Header_Services_Submenu - Mousehover to the Service Menu
2024-10-08 17:23:08,884 INFO  Header_Services_Submenu - Submenu clicked
2024-10-08 17:23:08,946 INFO  Header_Services_Submenu - Hire Our Didicated Developers Sub Menu Validated
2024-10-08 17:23:09,235 INFO  Header_Services_Submenu - URL Entered
2024-10-08 17:23:09,607 INFO  Header_Services_Submenu - Mousehover to the Service Menu
2024-10-08 17:23:09,770 INFO  Header_Services_Submenu - Submenu clicked
2024-10-08 17:23:09,771 INFO  Header_Services_Submenu - Web Design and Development Sub Menu Not Clickable
2024-10-08 17:23:10,147 INFO  Header_Services_Submenu - URL Entered
2024-10-08 17:23:10,467 INFO  Header_Services_Submenu - Mousehover to the Service Menu
2024-10-08 17:23:11,102 INFO  Header_Services_Submenu - Submenu clicked
2024-10-08 17:23:11,150 INFO  Header_Services_Submenu - Business Consulting Services Sub Menu Validated
2024-10-08 17:23:11,488 INFO  Header_Services_Submenu - URL Entered
2024-10-08 17:23:11,811 INFO  Header_Services_Submenu - Mousehover to the Service Menu
2024-10-08 17:23:12,640 INFO  Header_Services_Submenu - Submenu clicked
2024-10-08 17:23:12,658 INFO  Header_Services_Submenu - AI Services Sub Menu Validated
2024-10-08 17:23:12,945 INFO  Header_Services_Submenu - URL Entered
2024-10-08 17:23:13,298 INFO  Header_Services_Submenu - Mousehover to the Service Menu
2024-10-08 17:23:13,885 INFO  Header_Services_Submenu - Submenu clicked
2024-10-08 17:23:13,915 INFO  Header_Services_Submenu - Wallet Integration Service Sub Menu Validated
2024-10-08 17:23:14,197 INFO  Header_Services_Submenu - URL Entered
2024-10-08 17:23:14,570 INFO  Header_Services_Submenu - Mousehover to the Service Menu
2024-10-08 17:23:15,269 INFO  Header_Services_Submenu - Submenu clicked
2024-10-08 17:23:15,322 INFO  Header_Services_Submenu - Blockchain Development Sub Menu Validated
2024-10-08 17:23:15,711 INFO  Header_Services_Submenu - URL Entered
2024-10-08 17:23:16,088 INFO  Header_Services_Submenu - Mousehover to the Service Menu
2024-10-08 17:23:16,711 INFO  Header_Services_Submenu - Submenu clicked
2024-10-08 17:23:16,771 INFO  Header_Services_Submenu - Managed Services Sub Menu Validated
