2024-10-08 10:28:12,497 INFO  Header_Menu_Header - About Us Menu Validated
2024-10-08 10:28:12,743 INFO  Header_Menu_Header - URL Entered
2024-10-08 10:28:13,980 INFO  Header_Menu_Header - Get_Quote Menu Validated
2024-10-08 10:28:14,505 INFO  Header_Menu_Header - URL Entered
2024-10-08 10:28:15,905 INFO  Header_Menu_Header - Contact Menu Validated
2024-10-08 10:28:16,154 INFO  Header_Menu_Header - URL Entered
2024-10-08 10:28:16,966 INFO  Header_Menu_Header - Portfolio Menu Validated
2024-10-08 10:28:17,312 INFO  Header_Menu_Header - URL Entered
2024-10-08 10:28:18,243 INFO  Header_Menu_Header - Blog Menu Validated
2024-10-08 10:28:18,612 INFO  Header_Menu_Header - URL Entered
2024-10-08 10:28:23,678 INFO  Header_Menu_Header - Contact Telephone Icon Validated
2024-10-08 10:32:01,223 INFO  Home_Page_Footer_Menu - Footer About Us Menu Validated
2024-10-08 10:32:01,489 INFO  Home_Page_Footer_Menu - URL Entered
2024-10-08 10:32:02,723 INFO  Home_Page_Footer_Menu - Footer Careers Menu Validated
2024-10-08 10:32:02,841 INFO  Home_Page_Footer_Menu - URL Entered
2024-10-08 10:32:03,760 INFO  Home_Page_Footer_Menu - Footer Become Our Representative Menu Validated
2024-10-08 10:32:04,046 INFO  Home_Page_Footer_Menu - URL Entered
2024-10-08 10:32:04,819 INFO  Home_Page_Footer_Menu - Footer Privacy Policy Menu Validated
2024-10-08 10:32:05,083 INFO  Home_Page_Footer_Menu - URL Entered
2024-10-08 10:32:05,852 INFO  Home_Page_Footer_Menu - Footer About Us Menu Validated
