2024-10-08 17:19:27,642 INFO  Header_Menu_Header - About Us Menu Validated
2024-10-08 17:19:28,215 INFO  Header_Menu_Header - URL Entered
2024-10-08 17:19:29,695 INFO  Header_Menu_Header - Get_Quote Menu Validated
2024-10-08 17:19:30,021 INFO  Header_Menu_Header - URL Entered
2024-10-08 17:19:31,281 INFO  Header_Menu_Header - Contact Menu Validated
2024-10-08 17:19:47,634 INFO  Header_Menu_Header - URL Entered
2024-10-08 17:19:48,781 INFO  Header_Menu_Header - Portfolio Menu Validated
2024-10-08 17:19:48,989 INFO  Header_Menu_Header - URL Entered
2024-10-08 17:19:51,249 INFO  Header_Menu_Header - Blog Menu Validated
2024-10-08 17:19:52,276 INFO  Header_Menu_Header - URL Entered
2024-10-08 17:20:11,602 INFO  Header_Menu_Header - Contact Telephone Icon Validated
2024-10-08 17:24:54,032 INFO  Home_Page_Footer_Menu - Footer About Us Menu Validated
2024-10-08 17:24:54,290 INFO  Home_Page_Footer_Menu - URL Entered
2024-10-08 17:24:55,068 INFO  Home_Page_Footer_Menu - Footer Careers Menu Validated
2024-10-08 17:24:55,308 INFO  Home_Page_Footer_Menu - URL Entered
2024-10-08 17:24:56,143 INFO  Home_Page_Footer_Menu - Footer Become Our Representative Menu Validated
2024-10-08 17:24:56,414 INFO  Home_Page_Footer_Menu - URL Entered
2024-10-08 17:24:57,181 INFO  Home_Page_Footer_Menu - Footer Privacy Policy Menu Validated
2024-10-08 17:24:57,359 INFO  Home_Page_Footer_Menu - URL Entered
2024-10-08 17:24:58,935 INFO  Home_Page_Footer_Menu - Footer About Us Menu Validated
