2024-10-08 10:30:43,940 INFO  Header_Services_Submenu - Submenu clicked
2024-10-08 10:30:43,940 INFO  Header_Services_Submenu - Web Design and Development Sub Menu Not Clickable
2024-10-08 10:30:44,202 INFO  Header_Services_Submenu - URL Entered
2024-10-08 10:30:44,527 INFO  Header_Services_Submenu - Mousehover to the Service Menu
2024-10-08 10:30:45,085 INFO  Header_Services_Submenu - Submenu clicked
2024-10-08 10:30:45,130 INFO  Header_Services_Submenu - Business Consulting Services Sub Menu Validated
2024-10-08 10:30:45,305 INFO  Header_Services_Submenu - URL Entered
2024-10-08 10:30:45,773 INFO  Header_Services_Submenu - Mousehover to the Service Menu
2024-10-08 10:30:46,589 INFO  Header_Services_Submenu - Submenu clicked
2024-10-08 10:30:46,604 INFO  Header_Services_Submenu - AI Services Sub Menu Validated
2024-10-08 10:30:46,945 INFO  Header_Services_Submenu - URL Entered
2024-10-08 10:30:47,320 INFO  Header_Services_Submenu - Mousehover to the Service Menu
2024-10-08 10:30:47,941 INFO  Header_Services_Submenu - Submenu clicked
2024-10-08 10:30:47,963 INFO  Header_Services_Submenu - Wallet Integration Service Sub Menu Validated
2024-10-08 10:30:48,249 INFO  Header_Services_Submenu - URL Entered
2024-10-08 10:30:48,587 INFO  Header_Services_Submenu - Mousehover to the Service Menu
2024-10-08 10:30:49,283 INFO  Header_Services_Submenu - Submenu clicked
2024-10-08 10:30:49,336 INFO  Header_Services_Submenu - Blockchain Development Sub Menu Validated
2024-10-08 10:30:49,837 INFO  Header_Services_Submenu - URL Entered
2024-10-08 10:30:50,216 INFO  Header_Services_Submenu - Mousehover to the Service Menu
2024-10-08 10:30:50,847 INFO  Header_Services_Submenu - Submenu clicked
2024-10-08 10:30:50,900 INFO  Header_Services_Submenu - Managed Services Sub Menu Validated
