2024-10-08 10:31:42,728 INFO  Header_About_Us_SubMenu - Submenu clicked
2024-10-08 10:31:42,780 INFO  Header_About_Us_SubMenu - Company Fact File Sub Menu Validated
2024-10-08 10:31:43,123 INFO  Header_About_Us_SubMenu - URL Entered
2024-10-08 10:31:44,186 INFO  Header_About_Us_SubMenu - Submenu clicked
2024-10-08 10:31:44,196 INFO  Header_About_Us_SubMenu - Meet the Team Sub Menu Validated
2024-10-08 10:31:44,352 INFO  Header_About_Us_SubMenu - URL Entered
2024-10-08 10:31:44,908 INFO  Header_About_Us_SubMenu - Submenu clicked
2024-10-08 10:31:44,961 INFO  Header_About_Us_SubMenu - Our Clients Sub Menu Validated
2024-10-08 10:31:45,233 INFO  Header_About_Us_SubMenu - URL Entered
2024-10-08 10:31:45,715 INFO  Header_About_Us_SubMenu - Submenu clicked
2024-10-08 10:31:45,760 INFO  Header_About_Us_SubMenu - Products Sub Menu Validated
2024-10-08 10:31:46,069 INFO  Header_About_Us_SubMenu - URL Entered
2024-10-08 10:31:46,587 INFO  Header_About_Us_SubMenu - Submenu clicked
2024-10-08 10:31:46,601 INFO  Header_About_Us_SubMenu - Become Our Representative Sub Menu Validated
2024-10-08 10:31:46,835 INFO  Header_About_Us_SubMenu - URL Entered
2024-10-08 10:31:47,310 INFO  Header_About_Us_SubMenu - Submenu clicked
2024-10-08 10:31:47,360 INFO  Header_About_Us_SubMenu - Business Models Sub Menu Validated
2024-10-08 10:31:47,562 INFO  Header_About_Us_SubMenu - URL Entered
2024-10-08 10:31:48,290 INFO  Header_About_Us_SubMenu - Submenu clicked
2024-10-08 10:31:48,347 INFO  Header_About_Us_SubMenu - Awards Sub Menu Validated
2024-10-08 10:31:48,607 INFO  Header_About_Us_SubMenu - URL Entered
2024-10-08 10:31:49,705 INFO  Header_About_Us_SubMenu - Submenu clicked
2024-10-08 10:31:49,720 INFO  Header_About_Us_SubMenu - Partner With Us Sub Menu Validated
2024-10-08 10:31:50,050 INFO  Header_About_Us_SubMenu - URL Entered
2024-10-08 10:31:50,834 INFO  Header_About_Us_SubMenu - Submenu clicked
2024-10-08 10:31:50,925 INFO  Header_About_Us_SubMenu - Testimonials Sub Menu Validated
2024-10-08 10:31:51,267 INFO  Header_About_Us_SubMenu - URL Entered
2024-10-08 10:31:51,766 INFO  Header_About_Us_SubMenu - Submenu clicked
2024-10-08 10:31:51,785 INFO  Header_About_Us_SubMenu - Vendor Registration Sub Menu Validated
2024-10-08 10:31:52,068 INFO  Header_About_Us_SubMenu - URL Entered
2024-10-08 10:31:53,171 INFO  Header_About_Us_SubMenu - Submenu clicked
2024-10-08 10:31:53,224 INFO  Header_About_Us_SubMenu - Technologies Sub Menu Validated
2024-10-08 10:31:53,342 INFO  Header_About_Us_SubMenu - URL Entered
2024-10-08 10:31:53,901 INFO  Header_About_Us_SubMenu - Submenu clicked
2024-10-08 10:31:53,944 INFO  Header_About_Us_SubMenu - Methodology Sub Menu Validated
2024-10-08 10:31:54,178 INFO  Header_About_Us_SubMenu - URL Entered
2024-10-08 10:31:54,658 INFO  Header_About_Us_SubMenu - Submenu clicked
2024-10-08 10:31:54,707 INFO  Header_About_Us_SubMenu - Alliances Sub Menu Validated
2024-10-08 10:31:54,964 INFO  Header_About_Us_SubMenu - URL Entered
2024-10-08 10:31:55,451 INFO  Header_About_Us_SubMenu - Submenu clicked
2024-10-08 10:31:55,502 INFO  Header_About_Us_SubMenu - Infrastructure Sub Menu Validated
2024-10-08 10:31:55,785 INFO  Header_About_Us_SubMenu - URL Entered
2024-10-08 10:31:56,267 INFO  Header_About_Us_SubMenu - Submenu clicked
2024-10-08 10:31:56,317 INFO  Header_About_Us_SubMenu - Group Companies Sub Menu Validated
