2024-10-08 17:25:13,084 INFO  Services_MobileAppDevelopmentMenu - Submenu clicked
2024-10-08 17:25:14,625 INFO  Services_MobileAppDevelopmentMenu - Android App Development Sub Menu Validated
2024-10-08 17:25:14,907 INFO  Services_MobileAppDevelopmentMenu - URL Entered
2024-10-08 17:25:15,467 INFO  Services_MobileAppDevelopmentMenu - Mousehover to the Service Menu
2024-10-08 17:25:15,743 INFO  Services_MobileAppDevelopmentMenu - Mousehover to the Mobile App development Submenu
2024-10-08 17:25:16,379 INFO  Services_MobileAppDevelopmentMenu - Submenu clicked
2024-10-08 17:25:16,475 INFO  Services_MobileAppDevelopmentMenu - Enterprise Mobile Application Development Sub Menu Validated
2024-10-08 17:25:16,793 INFO  Services_MobileAppDevelopmentMenu - URL Entered
2024-10-08 17:25:17,179 INFO  Services_MobileAppDevelopmentMenu - Mousehover to the Service Menu
2024-10-08 17:25:17,408 INFO  Services_MobileAppDevelopmentMenu - Mousehover to the Mobile App development Submenu
2024-10-08 17:25:33,124 INFO  Services_MobileAppDevelopmentMenu - Submenu clicked
2024-10-08 17:25:33,196 INFO  Services_MobileAppDevelopmentMenu - Startup App Development Sub Menu Validated
2024-10-08 17:25:33,605 INFO  Services_MobileAppDevelopmentMenu - URL Entered
2024-10-08 17:25:33,808 INFO  Services_MobileAppDevelopmentMenu - Mousehover to the Service Menu
2024-10-08 17:25:34,340 INFO  Services_MobileAppDevelopmentMenu - Mousehover to the Mobile App development Submenu
2024-10-08 17:25:35,095 INFO  Services_MobileAppDevelopmentMenu - Submenu clicked
2024-10-08 17:25:35,154 INFO  Services_MobileAppDevelopmentMenu - iOS App Development Sub Menu Validated
2024-10-08 17:25:35,420 INFO  Services_MobileAppDevelopmentMenu - URL Entered
2024-10-08 17:25:35,813 INFO  Services_MobileAppDevelopmentMenu - Mousehover to the Service Menu
2024-10-08 17:25:36,036 INFO  Services_MobileAppDevelopmentMenu - Mousehover to the Mobile App development Submenu
2024-10-08 17:25:36,533 INFO  Services_MobileAppDevelopmentMenu - Submenu clicked
2024-10-08 17:25:36,600 INFO  Services_MobileAppDevelopmentMenu - iPad App Development Sub Menu Validated
2024-10-08 17:25:36,853 INFO  Services_MobileAppDevelopmentMenu - URL Entered
2024-10-08 17:25:37,278 INFO  Services_MobileAppDevelopmentMenu - Mousehover to the Service Menu
2024-10-08 17:25:37,482 INFO  Services_MobileAppDevelopmentMenu - Mousehover to the Mobile App development Submenu
2024-10-08 17:25:37,984 INFO  Services_MobileAppDevelopmentMenu - Submenu clicked
2024-10-08 17:25:38,039 INFO  Services_MobileAppDevelopmentMenu - HTML5 Development Sub Menu Validated
2024-10-08 17:25:38,325 INFO  Services_MobileAppDevelopmentMenu - URL Entered
2024-10-08 17:25:38,721 INFO  Services_MobileAppDevelopmentMenu - Mousehover to the Service Menu
2024-10-08 17:25:38,943 INFO  Services_MobileAppDevelopmentMenu - Mousehover to the Mobile App development Submenu
2024-10-08 17:25:39,649 INFO  Services_MobileAppDevelopmentMenu - Submenu clicked
2024-10-08 17:25:39,711 INFO  Services_MobileAppDevelopmentMenu - Windows Application Development Sub Menu Validated
