2024-10-08 16:59:08,328 INFO  Header_Menu_Header - About Us Menu Validated
2024-10-08 16:59:08,525 INFO  Header_Menu_Header - URL Entered
2024-10-08 16:59:09,894 INFO  Header_Menu_Header - Get_Quote Menu Validated
2024-10-08 16:59:52,677 INFO  Header_Menu_Header - URL Entered
2024-10-08 16:59:53,300 INFO  Header_Menu_Header - Contact Menu Validated
2024-10-08 16:59:53,515 INFO  Header_Menu_Header - URL Entered
2024-10-08 17:00:36,046 INFO  Header_Menu_Header - Portfolio Menu Validated
2024-10-08 17:00:36,668 INFO  Header_Menu_Header - URL Entered
2024-10-08 17:01:19,240 INFO  Header_Menu_Header - Blog Menu Validated
2024-10-08 17:01:19,949 INFO  Header_Menu_Header - URL Entered
2024-10-08 17:01:23,861 INFO  Header_Menu_Header - Contact Telephone Icon Validated
2024-10-08 17:06:30,690 INFO  Home_Page_Footer_Menu - Footer About Us Menu Validated
2024-10-08 17:06:30,997 INFO  Home_Page_Footer_Menu - URL Entered
2024-10-08 17:07:13,541 INFO  Home_Page_Footer_Menu - Footer Careers Menu Validated
2024-10-08 17:07:13,742 INFO  Home_Page_Footer_Menu - URL Entered
2024-10-08 17:07:15,237 INFO  Home_Page_Footer_Menu - Footer Become Our Representative Menu Validated
2024-10-08 17:07:15,481 INFO  Home_Page_Footer_Menu - URL Entered
2024-10-08 17:07:16,538 INFO  Home_Page_Footer_Menu - Footer Privacy Policy Menu Validated
2024-10-08 17:07:16,757 INFO  Home_Page_Footer_Menu - URL Entered
2024-10-08 17:07:59,218 INFO  Home_Page_Footer_Menu - Footer About Us Menu Validated
