2024-10-08 17:04:04,767 INFO  Header_Services_Submenu - Submenu clicked
2024-10-08 17:04:05,347 INFO  Header_Services_Submenu - Hire Our Didicated Developers Sub Menu Validated
2024-10-08 17:04:05,580 INFO  Header_Services_Submenu - URL Entered
2024-10-08 17:04:05,740 INFO  Header_Services_Submenu - Mousehover to the Service Menu
2024-10-08 17:04:05,784 INFO  Header_Services_Submenu - Submenu clicked
2024-10-08 17:04:05,785 INFO  Header_Services_Submenu - Web Design and Development Sub Menu Not Clickable
2024-10-08 17:04:06,627 INFO  Header_Services_Submenu - URL Entered
2024-10-08 17:04:06,773 INFO  Header_Services_Submenu - Mousehover to the Service Menu
2024-10-08 17:04:06,806 INFO  Header_Services_Submenu - Submenu clicked
2024-10-08 17:04:07,368 INFO  Header_Services_Submenu - Business Consulting Services Sub Menu Validated
2024-10-08 17:04:07,653 INFO  Header_Services_Submenu - URL Entered
2024-10-08 17:04:07,820 INFO  Header_Services_Submenu - Mousehover to the Service Menu
2024-10-08 17:04:07,842 INFO  Header_Services_Submenu - Submenu clicked
2024-10-08 17:04:08,359 INFO  Header_Services_Submenu - AI Services Sub Menu Validated
2024-10-08 17:04:08,620 INFO  Header_Services_Submenu - URL Entered
2024-10-08 17:04:08,790 INFO  Header_Services_Submenu - Mousehover to the Service Menu
2024-10-08 17:04:08,814 INFO  Header_Services_Submenu - Submenu clicked
2024-10-08 17:04:09,340 INFO  Header_Services_Submenu - Wallet Integration Service Sub Menu Validated
2024-10-08 17:04:09,619 INFO  Header_Services_Submenu - URL Entered
2024-10-08 17:04:09,767 INFO  Header_Services_Submenu - Mousehover to the Service Menu
2024-10-08 17:04:09,812 INFO  Header_Services_Submenu - Submenu clicked
2024-10-08 17:04:10,477 INFO  Header_Services_Submenu - Blockchain Development Sub Menu Validated
2024-10-08 17:04:11,552 INFO  Header_Services_Submenu - URL Entered
2024-10-08 17:04:11,689 INFO  Header_Services_Submenu - Mousehover to the Service Menu
2024-10-08 17:04:11,735 INFO  Header_Services_Submenu - Submenu clicked
2024-10-08 17:04:12,322 INFO  Header_Services_Submenu - Managed Services Sub Menu Validated
