2024-10-08 10:32:18,642 INFO  Services_MobileAppDevelopmentMenu - Submenu clicked
2024-10-08 10:32:20,170 INFO  Services_MobileAppDevelopmentMenu - Android App Development Sub Menu Validated
2024-10-08 10:32:20,433 INFO  Services_MobileAppDevelopmentMenu - URL Entered
2024-10-08 10:32:20,639 INFO  Services_MobileAppDevelopmentMenu - Mousehover to the Service Menu
2024-10-08 10:32:21,218 INFO  Services_MobileAppDevelopmentMenu - Mousehover to the Mobile App development Submenu
2024-10-08 10:32:22,023 INFO  Services_MobileAppDevelopmentMenu - Submenu clicked
2024-10-08 10:32:22,105 INFO  Services_MobileAppDevelopmentMenu - Enterprise Mobile Application Development Sub Menu Validated
2024-10-08 10:32:22,347 INFO  Services_MobileAppDevelopmentMenu - URL Entered
2024-10-08 10:32:22,842 INFO  Services_MobileAppDevelopmentMenu - Mousehover to the Service Menu
2024-10-08 10:32:23,081 INFO  Services_MobileAppDevelopmentMenu - Mousehover to the Mobile App development Submenu
2024-10-08 10:32:38,787 INFO  Services_MobileAppDevelopmentMenu - Submenu clicked
2024-10-08 10:32:38,858 INFO  Services_MobileAppDevelopmentMenu - Startup App Development Sub Menu Validated
2024-10-08 10:32:39,336 INFO  Services_MobileAppDevelopmentMenu - URL Entered
2024-10-08 10:32:39,506 INFO  Services_MobileAppDevelopmentMenu - Mousehover to the Service Menu
2024-10-08 10:32:40,105 INFO  Services_MobileAppDevelopmentMenu - Mousehover to the Mobile App development Submenu
2024-10-08 10:32:41,361 INFO  Services_MobileAppDevelopmentMenu - Submenu clicked
2024-10-08 10:32:41,426 INFO  Services_MobileAppDevelopmentMenu - iOS App Development Sub Menu Validated
2024-10-08 10:32:41,547 INFO  Services_MobileAppDevelopmentMenu - URL Entered
2024-10-08 10:32:42,111 INFO  Services_MobileAppDevelopmentMenu - Mousehover to the Service Menu
2024-10-08 10:32:42,340 INFO  Services_MobileAppDevelopmentMenu - Mousehover to the Mobile App development Submenu
2024-10-08 10:32:42,852 INFO  Services_MobileAppDevelopmentMenu - Submenu clicked
2024-10-08 10:32:42,914 INFO  Services_MobileAppDevelopmentMenu - iPad App Development Sub Menu Validated
2024-10-08 10:32:43,215 INFO  Services_MobileAppDevelopmentMenu - URL Entered
2024-10-08 10:32:43,656 INFO  Services_MobileAppDevelopmentMenu - Mousehover to the Service Menu
2024-10-08 10:32:43,878 INFO  Services_MobileAppDevelopmentMenu - Mousehover to the Mobile App development Submenu
2024-10-08 10:32:44,354 INFO  Services_MobileAppDevelopmentMenu - Submenu clicked
2024-10-08 10:32:44,409 INFO  Services_MobileAppDevelopmentMenu - HTML5 Development Sub Menu Validated
2024-10-08 10:32:44,692 INFO  Services_MobileAppDevelopmentMenu - URL Entered
2024-10-08 10:32:45,137 INFO  Services_MobileAppDevelopmentMenu - Mousehover to the Service Menu
2024-10-08 10:32:45,362 INFO  Services_MobileAppDevelopmentMenu - Mousehover to the Mobile App development Submenu
2024-10-08 10:32:45,940 INFO  Services_MobileAppDevelopmentMenu - Submenu clicked
2024-10-08 10:32:46,012 INFO  Services_MobileAppDevelopmentMenu - Windows Application Development Sub Menu Validated
