2024-10-08 14:21:04,160 INFO  Services_MobileAppDevelopmentMenu - Submenu clicked
2024-10-08 14:21:07,402 INFO  Services_MobileAppDevelopmentMenu - Enterprise Mobile Application Development Sub Menu Validated
2024-10-08 14:21:07,585 INFO  Services_MobileAppDevelopmentMenu - URL Entered
2024-10-08 14:21:07,737 INFO  Services_MobileAppDevelopmentMenu - Mousehover to the Service Menu
2024-10-08 14:21:07,876 INFO  Services_MobileAppDevelopmentMenu - Mousehover to the Mobile App development Submenu
2024-10-08 14:21:07,921 INFO  Services_MobileAppDevelopmentMenu - Submenu clicked
2024-10-08 14:21:08,702 INFO  Services_MobileAppDevelopmentMenu - Startup App Development Sub Menu Validated
2024-10-08 14:21:10,907 INFO  Services_MobileAppDevelopmentMenu - URL Entered
2024-10-08 14:21:11,060 INFO  Services_MobileAppDevelopmentMenu - Mousehover to the Service Menu
2024-10-08 14:21:11,248 INFO  Services_MobileAppDevelopmentMenu - Mousehover to the Mobile App development Submenu
2024-10-08 14:21:11,283 INFO  Services_MobileAppDevelopmentMenu - Submenu clicked
2024-10-08 14:21:14,253 INFO  Services_MobileAppDevelopmentMenu - iOS App Development Sub Menu Validated
2024-10-08 14:21:14,509 INFO  Services_MobileAppDevelopmentMenu - URL Entered
2024-10-08 14:21:14,683 INFO  Services_MobileAppDevelopmentMenu - Mousehover to the Service Menu
2024-10-08 14:21:14,851 INFO  Services_MobileAppDevelopmentMenu - Mousehover to the Mobile App development Submenu
2024-10-08 14:21:15,002 INFO  Services_MobileAppDevelopmentMenu - Submenu clicked
2024-10-08 14:21:17,790 INFO  Services_MobileAppDevelopmentMenu - iPad App Development Sub Menu Validated
2024-10-08 14:21:17,985 INFO  Services_MobileAppDevelopmentMenu - URL Entered
2024-10-08 14:21:18,158 INFO  Services_MobileAppDevelopmentMenu - Mousehover to the Service Menu
2024-10-08 14:21:18,342 INFO  Services_MobileAppDevelopmentMenu - Mousehover to the Mobile App development Submenu
2024-10-08 14:21:18,559 INFO  Services_MobileAppDevelopmentMenu - Submenu clicked
2024-10-08 14:21:21,280 INFO  Services_MobileAppDevelopmentMenu - HTML5 Development Sub Menu Validated
2024-10-08 14:21:21,483 INFO  Services_MobileAppDevelopmentMenu - URL Entered
2024-10-08 14:21:21,641 INFO  Services_MobileAppDevelopmentMenu - Mousehover to the Service Menu
2024-10-08 14:21:21,917 INFO  Services_MobileAppDevelopmentMenu - Mousehover to the Mobile App development Submenu
2024-10-08 14:21:21,989 INFO  Services_MobileAppDevelopmentMenu - Submenu clicked
2024-10-08 14:21:25,245 INFO  Services_MobileAppDevelopmentMenu - Windows Application Development Sub Menu Validated
