2024-10-08 17:03:29,240 INFO  Forms_Validation - Submenu clicked
2024-10-08 17:03:31,355 INFO  Forms_Validation - Name of the company Field Validated
2024-10-08 17:03:34,939 INFO  Forms_Validation - Number of employees is Validated
2024-10-08 17:03:38,717 INFO  Forms_Validation - Company Type is Validated
2024-10-08 17:03:42,530 INFO  Forms_Validation - Industry Experience Field is Validated
2024-10-08 17:03:54,459 INFO  Forms_Validation - TEch Expertise is Validated
2024-10-08 17:03:54,497 INFO  Forms_Validation - Tax ID Field Validated
2024-10-08 17:03:55,565 INFO  Forms_Validation - Registration Number Field Validated
2024-10-08 17:03:55,665 INFO  Forms_Validation - Address Field Validated
2024-10-08 17:03:55,718 INFO  Forms_Validation - City Field Validated
2024-10-08 17:03:55,780 INFO  Forms_Validation - Website Field Validated
2024-10-08 17:03:55,849 INFO  Forms_Validation - Portfolio URL Field Validated
2024-10-08 17:03:55,893 INFO  Forms_Validation - Name of the Contact person Field Validated
2024-10-08 17:03:55,934 INFO  Forms_Validation - Job title of contact person Field Validated
2024-10-08 17:03:55,992 INFO  Forms_Validation - Contact Number Field Validated
2024-10-08 17:03:56,041 INFO  Forms_Validation - Whatsapp  Field Validated
2024-10-08 17:03:56,098 INFO  Forms_Validation - Email field Field Validated
2024-10-08 17:03:56,143 INFO  Forms_Validation - Bank Details Field Validated
2024-10-08 17:03:56,189 INFO  Forms_Validation - Any Relevant Certificate Field Validated
2024-10-08 17:03:56,241 INFO  Forms_Validation - Decision Maker Field Validated
2024-10-08 17:03:56,321 INFO  Forms_Validation - Decision maker Email Field Validated
2024-10-08 17:03:56,462 INFO  Forms_Validation - Brief Description about the company Field Validated
2024-10-08 17:03:56,462 INFO  Forms_Validation - Vendor Registration form Validated
