2024-10-08 17:08:13,637 INFO  Services_MobileAppDevelopmentMenu - Submenu clicked
2024-10-08 17:08:15,577 INFO  Services_MobileAppDevelopmentMenu - URL Entered
2024-10-08 17:08:15,728 INFO  Services_MobileAppDevelopmentMenu - Mousehover to the Service Menu
2024-10-08 17:08:15,864 INFO  Services_MobileAppDevelopmentMenu - Mousehover to the Mobile App development Submenu
2024-10-08 17:08:15,894 INFO  Services_MobileAppDevelopmentMenu - Submenu clicked
2024-10-08 17:08:19,147 INFO  Services_MobileAppDevelopmentMenu - Enterprise Mobile Application Development Sub Menu Validated
2024-10-08 17:08:19,336 INFO  Services_MobileAppDevelopmentMenu - URL Entered
2024-10-08 17:08:19,488 INFO  Services_MobileAppDevelopmentMenu - Mousehover to the Service Menu
2024-10-08 17:08:19,623 INFO  Services_MobileAppDevelopmentMenu - Mousehover to the Mobile App development Submenu
2024-10-08 17:08:19,658 INFO  Services_MobileAppDevelopmentMenu - Submenu clicked
2024-10-08 17:08:20,418 INFO  Services_MobileAppDevelopmentMenu - Startup App Development Sub Menu Validated
2024-10-08 17:08:20,706 INFO  Services_MobileAppDevelopmentMenu - URL Entered
2024-10-08 17:08:20,852 INFO  Services_MobileAppDevelopmentMenu - Mousehover to the Service Menu
2024-10-08 17:08:21,032 INFO  Services_MobileAppDevelopmentMenu - Mousehover to the Mobile App development Submenu
2024-10-08 17:08:21,082 INFO  Services_MobileAppDevelopmentMenu - Submenu clicked
2024-10-08 17:08:24,360 INFO  Services_MobileAppDevelopmentMenu - iOS App Development Sub Menu Validated
2024-10-08 17:08:24,595 INFO  Services_MobileAppDevelopmentMenu - URL Entered
2024-10-08 17:08:24,762 INFO  Services_MobileAppDevelopmentMenu - Mousehover to the Service Menu
2024-10-08 17:08:24,911 INFO  Services_MobileAppDevelopmentMenu - Mousehover to the Mobile App development Submenu
2024-10-08 17:08:24,975 INFO  Services_MobileAppDevelopmentMenu - Submenu clicked
2024-10-08 17:08:27,723 INFO  Services_MobileAppDevelopmentMenu - iPad App Development Sub Menu Validated
2024-10-08 17:08:27,922 INFO  Services_MobileAppDevelopmentMenu - URL Entered
2024-10-08 17:08:28,079 INFO  Services_MobileAppDevelopmentMenu - Mousehover to the Service Menu
2024-10-08 17:08:28,221 INFO  Services_MobileAppDevelopmentMenu - Mousehover to the Mobile App development Submenu
2024-10-08 17:08:28,322 INFO  Services_MobileAppDevelopmentMenu - Submenu clicked
2024-10-08 17:08:31,006 INFO  Services_MobileAppDevelopmentMenu - HTML5 Development Sub Menu Validated
2024-10-08 17:08:31,191 INFO  Services_MobileAppDevelopmentMenu - URL Entered
2024-10-08 17:08:31,334 INFO  Services_MobileAppDevelopmentMenu - Mousehover to the Service Menu
2024-10-08 17:08:31,491 INFO  Services_MobileAppDevelopmentMenu - Mousehover to the Mobile App development Submenu
2024-10-08 17:08:31,568 INFO  Services_MobileAppDevelopmentMenu - Submenu clicked
2024-10-08 17:08:34,326 INFO  Services_MobileAppDevelopmentMenu - Windows Application Development Sub Menu Validated
