2024-10-08 10:28:28,901 INFO  Forms_Validation - Name Field Validated
2024-10-08 10:28:29,841 INFO  Forms_Validation - Email Field Validated
2024-10-08 10:28:31,370 INFO  Forms_Validation - Company Name Validated
2024-10-08 10:28:40,273 INFO  Forms_Validation - Select Interest is Validated
2024-10-08 10:28:43,754 INFO  Forms_Validation - Budget Field is Validated
2024-10-08 10:28:44,391 INFO  Forms_Validation - Requirement Field is validated
2024-10-08 10:28:44,391 INFO  Forms_Validation - Contact form Validated
2024-10-08 10:28:45,285 INFO  Forms_Validation - URL Entered
2024-10-08 10:28:49,388 INFO  Forms_Validation - Name Field Validated
2024-10-08 10:28:52,865 INFO  Forms_Validation - Email Field Validated
2024-10-08 10:28:53,161 INFO  Forms_Validation - Company Name Field Validated
2024-10-08 10:29:00,935 INFO  Forms_Validation - Select Interest is Validated
2024-10-08 10:29:03,264 INFO  Forms_Validation - Budget Field is Validated
2024-10-08 10:29:03,860 INFO  Forms_Validation - Requirement Field is validated
2024-10-08 10:29:04,534 INFO  Forms_Validation - Get Quote Form Validated
2024-10-08 10:29:06,223 INFO  Forms_Validation - URL Entered
2024-10-08 10:29:07,376 INFO  Forms_Validation - Name Field Validated
2024-10-08 10:29:07,475 INFO  Forms_Validation - Email Field Validated
2024-10-08 10:29:15,548 INFO  Forms_Validation - Select Interest is Validated
2024-10-08 10:29:19,140 INFO  Forms_Validation - Budget Field is Validated
2024-10-08 10:29:19,493 INFO  Forms_Validation - Requirement Field is validated
2024-10-08 10:29:19,493 INFO  Forms_Validation - Quick Consultation form Validated
2024-10-08 10:29:20,156 INFO  Forms_Validation - URL Entered
2024-10-08 10:29:22,254 INFO  Forms_Validation - Job Application Menu clicked
2024-10-08 10:29:25,619 INFO  Forms_Validation - Name Field Validated
2024-10-08 10:29:25,793 INFO  Forms_Validation - Email Field Validated
2024-10-08 10:29:29,541 INFO  Forms_Validation - phone number field validated
2024-10-08 10:29:33,625 INFO  Forms_Validation - Select Post is Validated
2024-10-08 10:29:35,387 INFO  Forms_Validation - Location Field is Validated
2024-10-08 10:29:37,638 INFO  Forms_Validation - Search Engine Field is Validated
2024-10-08 10:29:38,924 INFO  Forms_Validation - Gender Field Vaidated
2024-10-08 10:29:49,752 INFO  Forms_Validation - Year of Experience Field is Validated
2024-10-08 10:29:52,129 INFO  Forms_Validation - Month of experience Field is Validated
2024-10-08 10:29:52,308 INFO  Forms_Validation - Highest Qualification field is validated
2024-10-08 10:29:52,778 INFO  Forms_Validation - Key Skills field is validated
2024-10-08 10:29:53,000 INFO  Forms_Validation - Current Designation field is validated
2024-10-08 10:29:53,258 INFO  Forms_Validation - Current Location Field is validated
2024-10-08 10:29:53,260 INFO  Forms_Validation - Job Allication Form Validated
2024-10-08 10:29:54,126 INFO  Forms_Validation - URL Entered
2024-10-08 10:30:01,196 INFO  Forms_Validation - Moved to Home Element
2024-10-08 10:30:01,663 INFO  Forms_Validation - Online is Clicked
2024-10-08 10:30:02,285 INFO  Forms_Validation - Moved to Home Element
2024-10-08 10:30:02,660 INFO  Forms_Validation - Name Field Validated
2024-10-08 10:30:02,933 INFO  Forms_Validation - Email Field Validated
2024-10-08 10:30:03,182 INFO  Forms_Validation - Phone Field Validated
2024-10-08 10:30:09,865 INFO  Forms_Validation - Interested service validated
2024-10-08 10:30:10,526 INFO  Forms_Validation - Requirement field Validated
2024-10-08 10:30:11,351 INFO  Forms_Validation - Frame Closer Vaidated
2024-10-08 10:30:11,351 INFO  Forms_Validation - Send Message form Validated
2024-10-08 10:30:11,936 INFO  Forms_Validation - URL Entered
2024-10-08 10:30:13,104 INFO  Forms_Validation - Submenu clicked
2024-10-08 10:30:15,257 INFO  Forms_Validation - Name of the company Field Validated
2024-10-08 10:30:18,583 INFO  Forms_Validation - Number of employees is Validated
2024-10-08 10:30:21,481 INFO  Forms_Validation - Company Type is Validated
2024-10-08 10:30:24,374 INFO  Forms_Validation - Industry Experience Field is Validated
2024-10-08 10:30:32,246 INFO  Forms_Validation - TEch Expertise is Validated
2024-10-08 10:30:32,375 INFO  Forms_Validation - Tax ID Field Validated
2024-10-08 10:30:33,495 INFO  Forms_Validation - Registration Number Field Validated
2024-10-08 10:30:33,689 INFO  Forms_Validation - Address Field Validated
2024-10-08 10:30:33,790 INFO  Forms_Validation - City Field Validated
2024-10-08 10:30:33,884 INFO  Forms_Validation - Website Field Validated
2024-10-08 10:30:34,005 INFO  Forms_Validation - Portfolio URL Field Validated
2024-10-08 10:30:34,093 INFO  Forms_Validation - Name of the Contact person Field Validated
2024-10-08 10:30:34,192 INFO  Forms_Validation - Job title of contact person Field Validated
2024-10-08 10:30:34,332 INFO  Forms_Validation - Contact Number Field Validated
2024-10-08 10:30:34,460 INFO  Forms_Validation - Whatsapp  Field Validated
2024-10-08 10:30:34,573 INFO  Forms_Validation - Email field Field Validated
2024-10-08 10:30:34,709 INFO  Forms_Validation - Bank Details Field Validated
2024-10-08 10:30:34,798 INFO  Forms_Validation - Any Relevant Certificate Field Validated
2024-10-08 10:30:34,881 INFO  Forms_Validation - Decision Maker Field Validated
2024-10-08 10:30:35,009 INFO  Forms_Validation - Decision maker Email Field Validated
2024-10-08 10:30:35,239 INFO  Forms_Validation - Brief Description about the company Field Validated
2024-10-08 10:30:35,240 INFO  Forms_Validation - Vendor Registration form Validated
