2024-10-08 10:31:47,310 INFO  Header_About_Us_SubMenu - Submenu clicked
2024-10-08 10:31:47,360 INFO  Header_About_Us_SubMenu - Business Models Sub Menu Validated
2024-10-08 10:31:47,562 INFO  Header_About_Us_SubMenu - URL Entered
2024-10-08 10:31:48,290 INFO  Header_About_Us_SubMenu - Submenu clicked
2024-10-08 10:31:48,347 INFO  Header_About_Us_SubMenu - Awards Sub Menu Validated
2024-10-08 10:31:48,607 INFO  Header_About_Us_SubMenu - URL Entered
2024-10-08 10:31:49,705 INFO  Header_About_Us_SubMenu - Submenu clicked
2024-10-08 10:31:49,720 INFO  Header_About_Us_SubMenu - Partner With Us Sub Menu Validated
2024-10-08 10:31:50,050 INFO  Header_About_Us_SubMenu - URL Entered
2024-10-08 10:31:50,834 INFO  Header_About_Us_SubMenu - Submenu clicked
2024-10-08 10:31:50,925 INFO  Header_About_Us_SubMenu - Testimonials Sub Menu Validated
2024-10-08 10:31:51,267 INFO  Header_About_Us_SubMenu - URL Entered
2024-10-08 10:31:51,766 INFO  Header_About_Us_SubMenu - Submenu clicked
2024-10-08 10:31:51,785 INFO  Header_About_Us_SubMenu - Vendor Registration Sub Menu Validated
2024-10-08 10:31:52,068 INFO  Header_About_Us_SubMenu - URL Entered
2024-10-08 10:31:53,171 INFO  Header_About_Us_SubMenu - Submenu clicked
2024-10-08 10:31:53,224 INFO  Header_About_Us_SubMenu - Technologies Sub Menu Validated
2024-10-08 10:31:53,342 INFO  Header_About_Us_SubMenu - URL Entered
2024-10-08 10:31:53,901 INFO  Header_About_Us_SubMenu - Submenu clicked
2024-10-08 10:31:53,944 INFO  Header_About_Us_SubMenu - Methodology Sub Menu Validated
2024-10-08 10:31:54,178 INFO  Header_About_Us_SubMenu - URL Entered
2024-10-08 10:31:54,658 INFO  Header_About_Us_SubMenu - Submenu clicked
2024-10-08 10:31:54,707 INFO  Header_About_Us_SubMenu - Alliances Sub Menu Validated
2024-10-08 10:31:54,964 INFO  Header_About_Us_SubMenu - URL Entered
2024-10-08 10:31:55,451 INFO  Header_About_Us_SubMenu - Submenu clicked
2024-10-08 10:31:55,502 INFO  Header_About_Us_SubMenu - Infrastructure Sub Menu Validated
2024-10-08 10:31:55,785 INFO  Header_About_Us_SubMenu - URL Entered
2024-10-08 10:31:56,267 INFO  Header_About_Us_SubMenu - Submenu clicked
2024-10-08 10:31:56,317 INFO  Header_About_Us_SubMenu - Group Companies Sub Menu Validated
