2024-10-08 17:22:34,746 INFO  Forms_Validation - Moved to Home Element
2024-10-08 17:22:35,266 INFO  Forms_Validation - Online is Clicked
2024-10-08 17:22:35,482 INFO  Forms_Validation - Moved to Home Element
2024-10-08 17:22:36,392 INFO  Forms_Validation - URL Entered
2024-10-08 17:22:37,439 INFO  Forms_Validation - Submenu clicked
2024-10-08 17:22:39,632 INFO  Forms_Validation - Name of the company Field Validated
2024-10-08 17:22:42,022 INFO  Forms_Validation - Number of employees is Validated
2024-10-08 17:22:44,914 INFO  Forms_Validation - Company Type is Validated
2024-10-08 17:22:47,726 INFO  Forms_Validation - Industry Experience Field is Validated
2024-10-08 17:22:57,449 INFO  Forms_Validation - TEch Expertise is Validated
2024-10-08 17:22:57,555 INFO  Forms_Validation - Tax ID Field Validated
2024-10-08 17:22:58,665 INFO  Forms_Validation - Registration Number Field Validated
2024-10-08 17:22:58,841 INFO  Forms_Validation - Address Field Validated
2024-10-08 17:22:58,931 INFO  Forms_Validation - City Field Validated
2024-10-08 17:22:59,021 INFO  Forms_Validation - Website Field Validated
2024-10-08 17:22:59,167 INFO  Forms_Validation - Portfolio URL Field Validated
2024-10-08 17:22:59,262 INFO  Forms_Validation - Name of the Contact person Field Validated
2024-10-08 17:22:59,342 INFO  Forms_Validation - Job title of contact person Field Validated
2024-10-08 17:22:59,437 INFO  Forms_Validation - Contact Number Field Validated
2024-10-08 17:22:59,530 INFO  Forms_Validation - Whatsapp  Field Validated
2024-10-08 17:22:59,634 INFO  Forms_Validation - Email field Field Validated
2024-10-08 17:22:59,749 INFO  Forms_Validation - Bank Details Field Validated
2024-10-08 17:22:59,831 INFO  Forms_Validation - Any Relevant Certificate Field Validated
2024-10-08 17:22:59,911 INFO  Forms_Validation - Decision Maker Field Validated
2024-10-08 17:23:00,026 INFO  Forms_Validation - Decision maker Email Field Validated
2024-10-08 17:23:00,277 INFO  Forms_Validation - Brief Description about the company Field Validated
2024-10-08 17:23:00,278 INFO  Forms_Validation - Vendor Registration form Validated
