2024-10-08 10:30:01,196 INFO  Forms_Validation - Moved to Home Element
2024-10-08 10:30:01,663 INFO  Forms_Validation - Online is Clicked
2024-10-08 10:30:02,285 INFO  Forms_Validation - Moved to Home Element
2024-10-08 10:30:02,660 INFO  Forms_Validation - Name Field Validated
2024-10-08 10:30:02,933 INFO  Forms_Validation - Email Field Validated
2024-10-08 10:30:03,182 INFO  Forms_Validation - Phone Field Validated
2024-10-08 10:30:09,865 INFO  Forms_Validation - Interested service validated
2024-10-08 10:30:10,526 INFO  Forms_Validation - Requirement field Validated
2024-10-08 10:30:11,351 INFO  Forms_Validation - Frame Closer Vaidated
2024-10-08 10:30:11,351 INFO  Forms_Validation - Send Message form Validated
2024-10-08 10:30:11,936 INFO  Forms_Validation - URL Entered
2024-10-08 10:30:13,104 INFO  Forms_Validation - Submenu clicked
2024-10-08 10:30:15,257 INFO  Forms_Validation - Name of the company Field Validated
2024-10-08 10:30:18,583 INFO  Forms_Validation - Number of employees is Validated
2024-10-08 10:30:21,481 INFO  Forms_Validation - Company Type is Validated
2024-10-08 10:30:24,374 INFO  Forms_Validation - Industry Experience Field is Validated
2024-10-08 10:30:32,246 INFO  Forms_Validation - TEch Expertise is Validated
2024-10-08 10:30:32,375 INFO  Forms_Validation - Tax ID Field Validated
2024-10-08 10:30:33,495 INFO  Forms_Validation - Registration Number Field Validated
2024-10-08 10:30:33,689 INFO  Forms_Validation - Address Field Validated
2024-10-08 10:30:33,790 INFO  Forms_Validation - City Field Validated
2024-10-08 10:30:33,884 INFO  Forms_Validation - Website Field Validated
2024-10-08 10:30:34,005 INFO  Forms_Validation - Portfolio URL Field Validated
2024-10-08 10:30:34,093 INFO  Forms_Validation - Name of the Contact person Field Validated
2024-10-08 10:30:34,192 INFO  Forms_Validation - Job title of contact person Field Validated
2024-10-08 10:30:34,332 INFO  Forms_Validation - Contact Number Field Validated
2024-10-08 10:30:34,460 INFO  Forms_Validation - Whatsapp  Field Validated
2024-10-08 10:30:34,573 INFO  Forms_Validation - Email field Field Validated
2024-10-08 10:30:34,709 INFO  Forms_Validation - Bank Details Field Validated
2024-10-08 10:30:34,798 INFO  Forms_Validation - Any Relevant Certificate Field Validated
2024-10-08 10:30:34,881 INFO  Forms_Validation - Decision Maker Field Validated
2024-10-08 10:30:35,009 INFO  Forms_Validation - Decision maker Email Field Validated
2024-10-08 10:30:35,239 INFO  Forms_Validation - Brief Description about the company Field Validated
2024-10-08 10:30:35,240 INFO  Forms_Validation - Vendor Registration form Validated
