2025-05-06 10:25:55,310 INFO  Home_Page_Footer_Menu - App Store Optimization Services Menu clicked
2025-05-06 10:25:55,382 INFO  Home_Page_Footer_Menu - App Store Optimization Services Menu Validated
2025-05-06 10:25:55,907 INFO  Home_Page_Footer_Menu - URL Entered
2025-05-06 10:25:56,760 INFO  Home_Page_Footer_Menu - IoT Development Services Menu clicked
2025-05-06 10:25:56,784 INFO  Home_Page_Footer_Menu - IoT Development Services Menu Validated
2025-05-06 10:25:57,146 INFO  Home_Page_Footer_Menu - URL Entered
2025-05-06 10:25:58,175 INFO  Home_Page_Footer_Menu - AI Services Menu clicked
2025-05-06 10:25:58,202 INFO  Home_Page_Footer_Menu - AI Services Menu Validated
2025-05-06 10:25:58,541 INFO  Home_Page_Footer_Menu - URL Entered
2025-05-06 10:26:00,056 INFO  Home_Page_Footer_Menu - GIS Services Menu clicked
2025-05-06 10:26:00,091 INFO  Home_Page_Footer_Menu - GIS Services Menu Validated
2025-05-06 10:26:01,519 INFO  Home_Page_Footer_Menu - URL Entered
2025-05-06 10:26:02,485 INFO  Home_Page_Footer_Menu - Web App Development Menu clicked
2025-05-06 10:26:02,515 INFO  Home_Page_Footer_Menu - Web App Development Menu Validated
2025-05-06 10:26:02,856 INFO  Home_Page_Footer_Menu - URL Entered
2025-05-06 10:26:04,296 INFO  Home_Page_Footer_Menu - Wallet Integration Menu clicked
2025-05-06 10:26:04,340 INFO  Home_Page_Footer_Menu - Wallet Integration Menu Validated
2025-05-06 10:26:04,720 INFO  Home_Page_Footer_Menu - URL Entered
2025-05-06 10:26:05,547 INFO  Home_Page_Footer_Menu - Conversion Rate Optimization Services Menu clicked
2025-05-06 10:26:05,569 INFO  Home_Page_Footer_Menu - Conversion Rate Optimization Services Menu Validated
2025-05-06 10:26:06,111 INFO  Home_Page_Footer_Menu - URL Entered
2025-05-06 10:26:07,020 INFO  Home_Page_Footer_Menu - Performance Marketing Services Menu clicked
2025-05-06 10:26:07,207 INFO  Home_Page_Footer_Menu -  Performance Marketing Services Menu Validated
2025-05-06 10:26:07,658 INFO  Home_Page_Footer_Menu - URL Entered
2025-05-06 10:26:07,890 INFO  Home_Page_Footer_Menu - School Management Software Menu clicked
2025-05-06 10:26:09,978 INFO  Home_Page_Footer_Menu - School Management Software Menu Validated
2025-05-06 10:26:10,546 INFO  Home_Page_Footer_Menu - URL Entered
2025-05-06 10:26:10,769 INFO  Home_Page_Footer_Menu - Intelligent Business Process Automation Software Menu clicked
2025-05-06 10:26:12,021 INFO  Home_Page_Footer_Menu - Intelligent Business Process Automation Software Menu Validated
