2025-05-06 10:20:30,591 INFO  Header_Menu_Header - About Us Menu Validated
2025-05-06 10:20:31,966 INFO  Header_Menu_Header - URL Entered
2025-05-06 10:20:33,417 INFO  Header_Menu_Header - Get_Quote Menu Validated
2025-05-06 10:20:34,003 INFO  Header_Menu_Header - URL Entered
2025-05-06 10:20:35,268 INFO  Header_Menu_Header - Contact Menu Validated
2025-05-06 10:20:52,140 INFO  Header_Menu_Header - URL Entered
2025-05-06 10:20:53,390 INFO  Header_Menu_Header - Portfolio Menu Validated
2025-05-06 10:20:53,977 INFO  Header_Menu_Header - URL Entered
2025-05-06 10:20:55,325 INFO  Header_Menu_Header - Blog Menu Validated
2025-05-06 10:20:55,960 INFO  Header_Menu_Header - URL Entered
2025-05-06 10:21:01,616 INFO  Header_Menu_Header - Contact Telephone Icon Validated
2025-05-06 10:25:36,646 INFO  Home_Page_Footer_Menu - About us menu clicked
2025-05-06 10:25:36,710 INFO  Home_Page_Footer_Menu - Footer About Us Menu Validated
2025-05-06 10:25:37,050 INFO  Home_Page_Footer_Menu - URL Entered
2025-05-06 10:25:37,625 INFO  Home_Page_Footer_Menu - Careers Menu clicked
2025-05-06 10:25:37,680 INFO  Home_Page_Footer_Menu - Footer Careers Menu Validated
2025-05-06 10:25:38,000 INFO  Home_Page_Footer_Menu - URL Entered
2025-05-06 10:25:38,715 INFO  Home_Page_Footer_Menu - Become our Representatives menu clicked
2025-05-06 10:25:38,733 INFO  Home_Page_Footer_Menu - Footer Become Our Representative Menu Validated
2025-05-06 10:25:39,079 INFO  Home_Page_Footer_Menu - URL Entered
2025-05-06 10:25:39,778 INFO  Home_Page_Footer_Menu - Privacy policy menu clicked
2025-05-06 10:25:39,791 INFO  Home_Page_Footer_Menu - Footer Privacy Policy Menu Validated
2025-05-06 10:25:40,364 INFO  Home_Page_Footer_Menu - URL Entered
2025-05-06 10:25:41,030 INFO  Home_Page_Footer_Menu - site map menu clicked
2025-05-06 10:25:41,047 INFO  Home_Page_Footer_Menu - Footer Subscribe button Validated
2025-05-06 10:25:41,379 INFO  Home_Page_Footer_Menu - URL Entered
2025-05-06 10:25:41,611 INFO  Home_Page_Footer_Menu - Mousehover to the Service Menu
2025-05-06 10:25:45,878 INFO  Home_Page_Footer_Menu - Subscibe button clicked
2025-05-06 10:25:47,920 INFO  Home_Page_Footer_Menu - Footer Subscibe button Validated
2025-05-06 10:25:48,383 INFO  Home_Page_Footer_Menu - URL Entered
2025-05-06 10:25:49,273 INFO  Home_Page_Footer_Menu - iOS App Development Menu clicked
2025-05-06 10:25:49,291 INFO  Home_Page_Footer_Menu - iOS App Development Menu Validated
2025-05-06 10:25:49,597 INFO  Home_Page_Footer_Menu - URL Entered
2025-05-06 10:25:50,879 INFO  Home_Page_Footer_Menu - Android App Development Menu clicked
2025-05-06 10:25:50,896 INFO  Home_Page_Footer_Menu - Android App Development Menu Validated
2025-05-06 10:25:51,366 INFO  Home_Page_Footer_Menu - URL Entered
2025-05-06 10:25:53,504 INFO  Home_Page_Footer_Menu - Mobile Games Marketing Menu clicked
2025-05-06 10:25:53,538 INFO  Home_Page_Footer_Menu - Mobile Games Marketing Menu Validated
2025-05-06 10:25:54,204 INFO  Home_Page_Footer_Menu - URL Entered
2025-05-06 10:25:55,310 INFO  Home_Page_Footer_Menu - App Store Optimization Services Menu clicked
2025-05-06 10:25:55,382 INFO  Home_Page_Footer_Menu - App Store Optimization Services Menu Validated
2025-05-06 10:25:55,907 INFO  Home_Page_Footer_Menu - URL Entered
2025-05-06 10:25:56,760 INFO  Home_Page_Footer_Menu - IoT Development Services Menu clicked
2025-05-06 10:25:56,784 INFO  Home_Page_Footer_Menu - IoT Development Services Menu Validated
2025-05-06 10:25:57,146 INFO  Home_Page_Footer_Menu - URL Entered
2025-05-06 10:25:58,175 INFO  Home_Page_Footer_Menu - AI Services Menu clicked
2025-05-06 10:25:58,202 INFO  Home_Page_Footer_Menu - AI Services Menu Validated
2025-05-06 10:25:58,541 INFO  Home_Page_Footer_Menu - URL Entered
2025-05-06 10:26:00,056 INFO  Home_Page_Footer_Menu - GIS Services Menu clicked
2025-05-06 10:26:00,091 INFO  Home_Page_Footer_Menu - GIS Services Menu Validated
2025-05-06 10:26:01,519 INFO  Home_Page_Footer_Menu - URL Entered
2025-05-06 10:26:02,485 INFO  Home_Page_Footer_Menu - Web App Development Menu clicked
2025-05-06 10:26:02,515 INFO  Home_Page_Footer_Menu - Web App Development Menu Validated
2025-05-06 10:26:02,856 INFO  Home_Page_Footer_Menu - URL Entered
2025-05-06 10:26:04,296 INFO  Home_Page_Footer_Menu - Wallet Integration Menu clicked
2025-05-06 10:26:04,340 INFO  Home_Page_Footer_Menu - Wallet Integration Menu Validated
2025-05-06 10:26:04,720 INFO  Home_Page_Footer_Menu - URL Entered
2025-05-06 10:26:05,547 INFO  Home_Page_Footer_Menu - Conversion Rate Optimization Services Menu clicked
2025-05-06 10:26:05,569 INFO  Home_Page_Footer_Menu - Conversion Rate Optimization Services Menu Validated
2025-05-06 10:26:06,111 INFO  Home_Page_Footer_Menu - URL Entered
2025-05-06 10:26:07,020 INFO  Home_Page_Footer_Menu - Performance Marketing Services Menu clicked
2025-05-06 10:26:07,207 INFO  Home_Page_Footer_Menu -  Performance Marketing Services Menu Validated
2025-05-06 10:26:07,658 INFO  Home_Page_Footer_Menu - URL Entered
2025-05-06 10:26:07,890 INFO  Home_Page_Footer_Menu - School Management Software Menu clicked
2025-05-06 10:26:09,978 INFO  Home_Page_Footer_Menu - School Management Software Menu Validated
2025-05-06 10:26:10,546 INFO  Home_Page_Footer_Menu - URL Entered
2025-05-06 10:26:10,769 INFO  Home_Page_Footer_Menu - Intelligent Business Process Automation Software Menu clicked
2025-05-06 10:26:12,021 INFO  Home_Page_Footer_Menu - Intelligent Business Process Automation Software Menu Validated
