2025-05-06 10:21:08,591 INFO  Forms_Validation - Name Field Validated
2025-05-06 10:21:09,949 INFO  Forms_Validation - Email Field Validated
2025-05-06 10:21:10,370 INFO  Forms_Validation - Company Name Validated
2025-05-06 10:21:18,000 INFO  Forms_Validation - Select Interest is Validated
2025-05-06 10:21:21,253 INFO  Forms_Validation - Budget Field is Validated
2025-05-06 10:21:21,662 INFO  Forms_Validation - Requirement Field is validated
2025-05-06 10:21:21,662 INFO  Forms_Validation - Contact form Validated
2025-05-06 10:21:22,248 INFO  Forms_Validation - URL Entered
2025-05-06 10:21:24,555 INFO  Forms_Validation - Name Field Validated
2025-05-06 10:21:25,645 INFO  Forms_Validation - Email Field Validated
2025-05-06 10:21:25,976 INFO  Forms_Validation - Company Name Field Validated
2025-05-06 10:21:33,546 INFO  Forms_Validation - Select Interest is Validated
2025-05-06 10:21:35,803 INFO  Forms_Validation - Budget Field is Validated
2025-05-06 10:21:36,105 INFO  Forms_Validation - Requirement Field is validated
2025-05-06 10:21:36,105 INFO  Forms_Validation - Get Quote Form Validated
2025-05-06 10:21:36,908 INFO  Forms_Validation - URL Entered
2025-05-06 10:21:38,034 INFO  Forms_Validation - Name Field Validated
2025-05-06 10:21:38,138 INFO  Forms_Validation - Email Field Validated
2025-05-06 10:21:42,072 INFO  Forms_Validation - Select Interest is Validated
2025-05-06 10:21:49,521 INFO  Forms_Validation - Budget Field is Validated
2025-05-06 10:21:49,820 INFO  Forms_Validation - Requirement Field is validated
2025-05-06 10:21:49,821 INFO  Forms_Validation - Quick Consultation form Validated
2025-05-06 10:21:50,496 INFO  Forms_Validation - URL Entered
2025-05-06 10:21:52,567 INFO  Forms_Validation - Job Application Menu clicked
2025-05-06 10:21:55,755 INFO  Forms_Validation - Name Field Validated
2025-05-06 10:21:56,885 INFO  Forms_Validation - Email Field Validated
2025-05-06 10:21:58,100 INFO  Forms_Validation - phone number field validated
2025-05-06 10:22:01,842 INFO  Forms_Validation - Select Post is Validated
2025-05-06 10:22:03,536 INFO  Forms_Validation - Location Field is Validated
2025-05-06 10:22:05,817 INFO  Forms_Validation - Search Engine Field is Validated
2025-05-06 10:22:07,140 INFO  Forms_Validation - Gender Field Vaidated
2025-05-06 10:22:16,997 INFO  Forms_Validation - Year of Experience Field is Validated
2025-05-06 10:22:19,196 INFO  Forms_Validation - Month of experience Field is Validated
2025-05-06 10:22:19,307 INFO  Forms_Validation - Highest Qualification field is validated
2025-05-06 10:22:19,532 INFO  Forms_Validation - Key Skills field is validated
2025-05-06 10:22:19,625 INFO  Forms_Validation - Current Designation field is validated
2025-05-06 10:22:19,770 INFO  Forms_Validation - Current Location Field is validated
2025-05-06 10:22:19,770 INFO  Forms_Validation - Job Allication Form Validated
2025-05-06 10:22:20,382 INFO  Forms_Validation - URL Entered
2025-05-06 10:22:20,595 INFO  Forms_Validation - Moved to Home Element
2025-05-06 10:22:22,062 INFO  Forms_Validation - Online is Clicked
2025-05-06 10:22:23,682 INFO  Forms_Validation - Frame Closer Vaidated
2025-05-06 10:22:23,847 INFO  Forms_Validation - Online is Clicked
2025-05-06 10:22:23,847 INFO  Forms_Validation - Moved to Home Element
2025-05-06 10:22:34,802 INFO  Forms_Validation - URL Entered
2025-05-06 10:22:36,009 INFO  Forms_Validation - Submenu clicked
2025-05-06 10:22:38,129 INFO  Forms_Validation - Name of the company Field Validated
2025-05-06 10:22:41,047 INFO  Forms_Validation - Number of employees is Validated
2025-05-06 10:22:43,958 INFO  Forms_Validation - Company Type is Validated
2025-05-06 10:22:46,814 INFO  Forms_Validation - Industry Experience Field is Validated
2025-05-06 10:22:54,809 INFO  Forms_Validation - TEch Expertise is Validated
2025-05-06 10:22:54,919 INFO  Forms_Validation - Tax ID Field Validated
2025-05-06 10:22:56,034 INFO  Forms_Validation - Registration Number Field Validated
2025-05-06 10:22:56,192 INFO  Forms_Validation - Address Field Validated
2025-05-06 10:22:56,288 INFO  Forms_Validation - City Field Validated
2025-05-06 10:22:56,380 INFO  Forms_Validation - Website Field Validated
2025-05-06 10:22:56,491 INFO  Forms_Validation - Portfolio URL Field Validated
2025-05-06 10:22:56,575 INFO  Forms_Validation - Name of the Contact person Field Validated
2025-05-06 10:22:56,654 INFO  Forms_Validation - Job title of contact person Field Validated
2025-05-06 10:22:56,746 INFO  Forms_Validation - Contact Number Field Validated
2025-05-06 10:22:56,835 INFO  Forms_Validation - Whatsapp  Field Validated
2025-05-06 10:22:56,940 INFO  Forms_Validation - Email field Field Validated
2025-05-06 10:22:57,068 INFO  Forms_Validation - Bank Details Field Validated
2025-05-06 10:22:57,153 INFO  Forms_Validation - Any Relevant Certificate Field Validated
2025-05-06 10:22:57,230 INFO  Forms_Validation - Decision Maker Field Validated
2025-05-06 10:22:57,345 INFO  Forms_Validation - Decision maker Email Field Validated
2025-05-06 10:22:57,569 INFO  Forms_Validation - Brief Description about the company Field Validated
2025-05-06 10:22:57,569 INFO  Forms_Validation - Vendor Registration form Validated
