2025-05-06 10:27:12,716 INFO  Services_DigitalMarketingMenu - Submenu clicked
2025-05-06 10:27:12,754 INFO  Services_DigitalMarketingMenu - Social Media Management & Strategy Sub Menu Validated
2025-05-06 10:27:13,167 INFO  Services_DigitalMarketingMenu - URL Entered
2025-05-06 10:27:13,741 INFO  Services_DigitalMarketingMenu - Mousehover to the Service Menu
2025-05-06 10:27:13,833 INFO  Services_DigitalMarketingMenu - Mousehover to the Digital Marketing Submenu
2025-05-06 10:27:14,591 INFO  Services_DigitalMarketingMenu - Submenu clicked
2025-05-06 10:27:14,605 INFO  Services_DigitalMarketingMenu - Conversion Rate Optimization Services Sub Menu Validated
2025-05-06 10:27:14,992 INFO  Services_DigitalMarketingMenu - URL Entered
2025-05-06 10:27:15,156 INFO  Services_DigitalMarketingMenu - Mousehover to the Service Menu
2025-05-06 10:27:15,648 INFO  Services_DigitalMarketingMenu - Mousehover to the Digital Marketing Submenu
2025-05-06 10:27:16,425 INFO  Services_DigitalMarketingMenu - Submenu clicked
2025-05-06 10:27:16,507 INFO  Services_DigitalMarketingMenu - Multilingual SEO Sub Menu Validated
2025-05-06 10:27:16,880 INFO  Services_DigitalMarketingMenu - URL Entered
2025-05-06 10:27:17,434 INFO  Services_DigitalMarketingMenu - Mousehover to the Service Menu
2025-05-06 10:27:17,566 INFO  Services_DigitalMarketingMenu - Mousehover to the Digital Marketing Submenu
2025-05-06 10:27:18,339 INFO  Services_DigitalMarketingMenu - Submenu clicked
2025-05-06 10:27:18,357 INFO  Services_DigitalMarketingMenu - Google Search Optimization Sub Menu Validated
2025-05-06 10:27:18,621 INFO  Services_DigitalMarketingMenu - URL Entered
2025-05-06 10:27:19,442 INFO  Services_DigitalMarketingMenu - Mousehover to the Service Menu
2025-05-06 10:27:19,495 INFO  Services_DigitalMarketingMenu - Mousehover to the Digital Marketing Submenu
2025-05-06 10:27:20,180 INFO  Services_DigitalMarketingMenu - Submenu clicked
2025-05-06 10:27:20,231 INFO  Services_DigitalMarketingMenu - Google Grants Sub Menu Validated
2025-05-06 10:27:20,539 INFO  Services_DigitalMarketingMenu - URL Entered
2025-05-06 10:27:21,153 INFO  Services_DigitalMarketingMenu - Mousehover to the Service Menu
2025-05-06 10:27:21,289 INFO  Services_DigitalMarketingMenu - Mousehover to the Digital Marketing Submenu
2025-05-06 10:27:21,964 INFO  Services_DigitalMarketingMenu - Submenu clicked
2025-05-06 10:27:22,030 INFO  Services_DigitalMarketingMenu - Inbound marketing services Sub Menu Validated
2025-05-06 10:27:22,402 INFO  Services_DigitalMarketingMenu - URL Entered
2025-05-06 10:27:22,982 INFO  Services_DigitalMarketingMenu - Mousehover to the Service Menu
2025-05-06 10:27:23,048 INFO  Services_DigitalMarketingMenu - Mousehover to the Digital Marketing Submenu
2025-05-06 10:27:23,622 INFO  Services_DigitalMarketingMenu - Submenu clicked
2025-05-06 10:27:23,641 INFO  Services_DigitalMarketingMenu - DV360 Traffic Management Services Sub Menu Validated
2025-05-06 10:27:24,043 INFO  Services_DigitalMarketingMenu - URL Entered
2025-05-06 10:27:24,636 INFO  Services_DigitalMarketingMenu - Mousehover to the Service Menu
2025-05-06 10:27:24,696 INFO  Services_DigitalMarketingMenu - Mousehover to the Digital Marketing Submenu
2025-05-06 10:27:25,389 INFO  Services_DigitalMarketingMenu - Submenu clicked
2025-05-06 10:27:25,438 INFO  Services_DigitalMarketingMenu - Account Based Marketing Services Sub Menu Validated
