2025-05-06 10:27:33,040 INFO  Services_MobileAppMarketingAgency_Menu - Submenu clicked
2025-05-06 10:27:34,558 INFO  Services_MobileAppMarketingAgency_Menu - App Store Optimization Services Sub Menu Validated
2025-05-06 10:27:34,862 INFO  Services_MobileAppMarketingAgency_Menu - URL Entered
2025-05-06 10:27:35,529 INFO  Services_MobileAppMarketingAgency_Menu - Mousehover to the Service Menu
2025-05-06 10:27:35,722 INFO  Services_MobileAppMarketingAgency_Menu - Mousehover to the Mobile App Marketing Agency Submenu
2025-05-06 10:27:38,425 INFO  Services_MobileAppMarketingAgency_Menu - Submenu clicked
2025-05-06 10:27:39,949 INFO  Services_MobileAppMarketingAgency_Menu - Localization Sub Menu Validated
2025-05-06 10:27:40,283 INFO  Services_MobileAppMarketingAgency_Menu - URL Entered
2025-05-06 10:27:40,498 INFO  Services_MobileAppMarketingAgency_Menu - Mousehover to the Service Menu
2025-05-06 10:27:41,094 INFO  Services_MobileAppMarketingAgency_Menu - Mousehover to the Mobile App Marketing Agency Submenu
2025-05-06 10:27:43,760 INFO  Services_MobileAppMarketingAgency_Menu - Submenu clicked
2025-05-06 10:27:45,282 INFO  Services_MobileAppMarketingAgency_Menu - User Engagement Sub Menu Validated
2025-05-06 10:27:45,555 INFO  Services_MobileAppMarketingAgency_Menu - URL Entered
2025-05-06 10:27:46,141 INFO  Services_MobileAppMarketingAgency_Menu - Mousehover to the Service Menu
2025-05-06 10:27:46,291 INFO  Services_MobileAppMarketingAgency_Menu - Mousehover to the Mobile App Marketing Agency Submenu
2025-05-06 10:27:48,998 INFO  Services_MobileAppMarketingAgency_Menu - Submenu clicked
2025-05-06 10:27:50,516 INFO  Services_MobileAppMarketingAgency_Menu - Android Apps Marketing Sub Menu Validated
2025-05-06 10:27:50,837 INFO  Services_MobileAppMarketingAgency_Menu - URL Entered
2025-05-06 10:27:51,468 INFO  Services_MobileAppMarketingAgency_Menu - Mousehover to the Service Menu
2025-05-06 10:27:51,844 INFO  Services_MobileAppMarketingAgency_Menu - Mousehover to the Mobile App Marketing Agency Submenu
2025-05-06 10:27:54,656 INFO  Services_MobileAppMarketingAgency_Menu - Submenu clicked
2025-05-06 10:27:56,173 INFO  Services_MobileAppMarketingAgency_Menu - iPhone Apps Marketing Sub Menu Validated
2025-05-06 10:27:56,600 INFO  Services_MobileAppMarketingAgency_Menu - URL Entered
2025-05-06 10:27:56,803 INFO  Services_MobileAppMarketingAgency_Menu - Mousehover to the Service Menu
2025-05-06 10:27:57,790 INFO  Services_MobileAppMarketingAgency_Menu - Mousehover to the Mobile App Marketing Agency Submenu
2025-05-06 10:28:00,501 INFO  Services_MobileAppMarketingAgency_Menu - Submenu clicked
2025-05-06 10:28:02,018 INFO  Services_MobileAppMarketingAgency_Menu - Free Consulations Service Sub Menu Validated
2025-05-06 10:28:02,481 INFO  Services_MobileAppMarketingAgency_Menu - URL Entered
2025-05-06 10:28:03,166 INFO  Services_MobileAppMarketingAgency_Menu - Mousehover to the Service Menu
2025-05-06 10:28:03,507 INFO  Services_MobileAppMarketingAgency_Menu - Mousehover to the Mobile App Marketing Agency Submenu
2025-05-06 10:28:06,248 INFO  Services_MobileAppMarketingAgency_Menu - Submenu clicked
2025-05-06 10:28:07,764 INFO  Services_MobileAppMarketingAgency_Menu - Mobile App Ads Campaign Management Sub Menu Validated
2025-05-06 10:28:08,198 INFO  Services_MobileAppMarketingAgency_Menu - URL Entered
2025-05-06 10:28:08,380 INFO  Services_MobileAppMarketingAgency_Menu - Mousehover to the Service Menu
2025-05-06 10:28:09,043 INFO  Services_MobileAppMarketingAgency_Menu - Mousehover to the Mobile App Marketing Agency Submenu
2025-05-06 10:28:12,090 INFO  Services_MobileAppMarketingAgency_Menu - Submenu clicked
2025-05-06 10:28:13,605 INFO  Services_MobileAppMarketingAgency_Menu - Mobile Games Marketing Sub Menu Validated
2025-05-06 10:28:13,819 INFO  Services_MobileAppMarketingAgency_Menu - URL Entered
2025-05-06 10:28:14,726 INFO  Services_MobileAppMarketingAgency_Menu - Mousehover to the Service Menu
2025-05-06 10:28:14,938 INFO  Services_MobileAppMarketingAgency_Menu - Mousehover to the Mobile App Marketing Agency Submenu
2025-05-06 10:28:17,678 INFO  Services_MobileAppMarketingAgency_Menu - Submenu clicked
2025-05-06 10:28:19,196 INFO  Services_MobileAppMarketingAgency_Menu - Mobile Pre Launch Activities Sub Menu Validated
2025-05-06 10:28:19,713 INFO  Services_MobileAppMarketingAgency_Menu - URL Entered
2025-05-06 10:28:19,995 INFO  Services_MobileAppMarketingAgency_Menu - Mousehover to the Service Menu
2025-05-06 10:28:20,854 INFO  Services_MobileAppMarketingAgency_Menu - Mousehover to the Mobile App Marketing Agency Submenu
2025-05-06 10:28:23,624 INFO  Services_MobileAppMarketingAgency_Menu - Submenu clicked
2025-05-06 10:28:25,135 INFO  Services_MobileAppMarketingAgency_Menu - Mobile App Market Research Sub Menu Validated
2025-05-06 10:28:25,580 INFO  Services_MobileAppMarketingAgency_Menu - URL Entered
2025-05-06 10:28:25,807 INFO  Services_MobileAppMarketingAgency_Menu - Mousehover to the Service Menu
2025-05-06 10:28:26,522 INFO  Services_MobileAppMarketingAgency_Menu - Mousehover to the Mobile App Marketing Agency Submenu
2025-05-06 10:28:29,300 INFO  Services_MobileAppMarketingAgency_Menu - Submenu clicked
2025-05-06 10:28:30,810 INFO  Services_MobileAppMarketingAgency_Menu - Mobile App Growth Marketing Sub Menu Validated
2025-05-06 10:28:31,345 INFO  Services_MobileAppMarketingAgency_Menu - URL Entered
2025-05-06 10:28:31,539 INFO  Services_MobileAppMarketingAgency_Menu - Mousehover to the Service Menu
2025-05-06 10:28:32,337 INFO  Services_MobileAppMarketingAgency_Menu - Mousehover to the Mobile App Marketing Agency Submenu
2025-05-06 10:28:34,936 INFO  Services_MobileAppMarketingAgency_Menu - Submenu clicked
2025-05-06 10:28:36,459 INFO  Services_MobileAppMarketingAgency_Menu - Mobile App Prototype Sub Menu Validated
