2025-05-06 10:22:36,009 INFO  Forms_Validation - Submenu clicked
2025-05-06 10:22:38,129 INFO  Forms_Validation - Name of the company Field Validated
2025-05-06 10:22:41,047 INFO  Forms_Validation - Number of employees is Validated
2025-05-06 10:22:43,958 INFO  Forms_Validation - Company Type is Validated
2025-05-06 10:22:46,814 INFO  Forms_Validation - Industry Experience Field is Validated
2025-05-06 10:22:54,809 INFO  Forms_Validation - TEch Expertise is Validated
2025-05-06 10:22:54,919 INFO  Forms_Validation - Tax ID Field Validated
2025-05-06 10:22:56,034 INFO  Forms_Validation - Registration Number Field Validated
2025-05-06 10:22:56,192 INFO  Forms_Validation - Address Field Validated
2025-05-06 10:22:56,288 INFO  Forms_Validation - City Field Validated
2025-05-06 10:22:56,380 INFO  Forms_Validation - Website Field Validated
2025-05-06 10:22:56,491 INFO  Forms_Validation - Portfolio URL Field Validated
2025-05-06 10:22:56,575 INFO  Forms_Validation - Name of the Contact person Field Validated
2025-05-06 10:22:56,654 INFO  Forms_Validation - Job title of contact person Field Validated
2025-05-06 10:22:56,746 INFO  Forms_Validation - Contact Number Field Validated
2025-05-06 10:22:56,835 INFO  Forms_Validation - Whatsapp  Field Validated
2025-05-06 10:22:56,940 INFO  Forms_Validation - Email field Field Validated
2025-05-06 10:22:57,068 INFO  Forms_Validation - Bank Details Field Validated
2025-05-06 10:22:57,153 INFO  Forms_Validation - Any Relevant Certificate Field Validated
2025-05-06 10:22:57,230 INFO  Forms_Validation - Decision Maker Field Validated
2025-05-06 10:22:57,345 INFO  Forms_Validation - Decision maker Email Field Validated
2025-05-06 10:22:57,569 INFO  Forms_Validation - Brief Description about the company Field Validated
2025-05-06 10:22:57,569 INFO  Forms_Validation - Vendor Registration form Validated
