2025-05-06 10:29:19,854 INFO  Services_GIS_ServicesMenu - Submenu clicked
2025-05-06 10:29:19,872 INFO  Services_GIS_ServicesMenu - BIM Services Sub Menu Validated
2025-05-06 10:29:22,081 INFO  Services_GIS_ServicesMenu - URL Entered
2025-05-06 10:29:22,296 INFO  Services_GIS_ServicesMenu - Mousehover to the Service Menu
2025-05-06 10:29:23,612 INFO  Services_GIS_ServicesMenu - Mousehover to the GIS Services SubMenu
2025-05-06 10:29:26,165 INFO  Services_GIS_ServicesMenu - Submenu clicked
2025-05-06 10:29:26,210 INFO  Services_GIS_ServicesMenu - Digital Photogrammetry Services Sub Menu Validated
2025-05-06 10:29:26,992 INFO  Services_GIS_ServicesMenu - URL Entered
2025-05-06 10:29:27,151 INFO  Services_GIS_ServicesMenu - Mousehover to the Service Menu
2025-05-06 10:29:27,169 INFO  Services_GIS_ServicesMenu - Mousehover to the GIS Services SubMenu
2025-05-06 10:29:28,701 INFO  Services_GIS_ServicesMenu - Submenu clicked
2025-05-06 10:29:28,713 INFO  Services_GIS_ServicesMenu - LiDAR Services Sub Menu Validated
2025-05-06 10:29:29,923 INFO  Services_GIS_ServicesMenu - URL Entered
2025-05-06 10:29:30,537 INFO  Services_GIS_ServicesMenu - Mousehover to the Service Menu
2025-05-06 10:29:30,598 INFO  Services_GIS_ServicesMenu - Mousehover to the GIS Services SubMenu
2025-05-06 10:29:32,417 INFO  Services_GIS_ServicesMenu - Submenu clicked
2025-05-06 10:29:32,433 INFO  Services_GIS_ServicesMenu - Mobile LiDAR Sub Menu Validated
2025-05-06 10:29:36,273 INFO  Services_GIS_ServicesMenu - URL Entered
2025-05-06 10:29:37,040 INFO  Services_GIS_ServicesMenu - Mousehover to the Service Menu
2025-05-06 10:29:37,596 INFO  Services_GIS_ServicesMenu - Mousehover to the GIS Services SubMenu
2025-05-06 10:29:38,966 INFO  Services_GIS_ServicesMenu - Submenu clicked
2025-05-06 10:29:38,982 INFO  Services_GIS_ServicesMenu - Orthophoto Process Sub Menu Validated
