2025-05-06 10:24:49,697 INFO  Home_Menu_Body - Mobile App development arrow icon clicked
2025-05-06 10:24:49,745 INFO  Home_Menu_Body - Mobile App Development arrow icon Validated
2025-05-06 10:24:50,137 INFO  Home_Menu_Body - URL Entered
2025-05-06 10:24:51,570 INFO  Home_Menu_Body - Digital Marketing arrow icon clicked
2025-05-06 10:24:51,590 INFO  Home_Menu_Body - Digital Marketing arrow icon Validated
2025-05-06 10:24:52,024 INFO  Home_Menu_Body - URL Entered
2025-05-06 10:24:53,438 INFO  Home_Menu_Body - Mobile App Marketing Arrow icon clicked
2025-05-06 10:24:53,577 INFO  Home_Menu_Body - Mobile App Marketing  arrow icon Validated
2025-05-06 10:24:53,975 INFO  Home_Menu_Body - URL Entered
2025-05-06 10:24:55,288 INFO  Home_Menu_Body - Hire our Dedicated developer Icon clicked
2025-05-06 10:24:55,402 INFO  Home_Menu_Body - Hire Our Didicated Developers Sub Menu Validated
2025-05-06 10:24:55,735 INFO  Home_Menu_Body - URL Entered
2025-05-06 10:24:56,345 INFO  Home_Menu_Body - Web development icon clicked
2025-05-06 10:24:56,371 INFO  Home_Menu_Body - Web development arrow icon Validated
2025-05-06 10:24:56,790 INFO  Home_Menu_Body - URL Entered
2025-05-06 10:24:58,425 INFO  Home_Menu_Body - GIS Service arrow icon clicked
2025-05-06 10:24:58,455 INFO  Home_Menu_Body - GIS Services arrow icon Validated
2025-05-06 10:25:02,945 INFO  Home_Menu_Body - URL Entered
2025-05-06 10:25:04,158 INFO  Home_Menu_Body - URL Entered
2025-05-06 10:25:08,633 INFO  Home_Menu_Body - URL Entered
2025-05-06 10:25:12,112 INFO  Home_Menu_Body - Footer Alignment Mismatch
