2025-05-06 10:25:17,384 INFO  Header_About_Us_SubMenu - Submenu clicked
2025-05-06 10:25:17,450 INFO  Header_About_Us_SubMenu - Company Fact File Sub Menu Validated
2025-05-06 10:25:17,778 INFO  Header_About_Us_SubMenu - URL Entered
2025-05-06 10:25:18,279 INFO  Header_About_Us_SubMenu - Submenu clicked
2025-05-06 10:25:18,299 INFO  Header_About_Us_SubMenu - Meet the Team Sub Menu Validated
2025-05-06 10:25:18,650 INFO  Header_About_Us_SubMenu - URL Entered
2025-05-06 10:25:19,170 INFO  Header_About_Us_SubMenu - Submenu clicked
2025-05-06 10:25:19,242 INFO  Header_About_Us_SubMenu - Our Clients Sub Menu Validated
2025-05-06 10:25:19,572 INFO  Header_About_Us_SubMenu - URL Entered
2025-05-06 10:25:20,121 INFO  Header_About_Us_SubMenu - Submenu clicked
2025-05-06 10:25:20,184 INFO  Header_About_Us_SubMenu - Products Sub Menu Validated
2025-05-06 10:25:20,493 INFO  Header_About_Us_SubMenu - URL Entered
2025-05-06 10:25:21,123 INFO  Header_About_Us_SubMenu - Submenu clicked
2025-05-06 10:25:21,134 INFO  Header_About_Us_SubMenu - Become Our Representative Sub Menu Validated
2025-05-06 10:25:21,452 INFO  Header_About_Us_SubMenu - URL Entered
2025-05-06 10:25:21,949 INFO  Header_About_Us_SubMenu - Submenu clicked
2025-05-06 10:25:22,015 INFO  Header_About_Us_SubMenu - Business Models Sub Menu Validated
2025-05-06 10:25:22,471 INFO  Header_About_Us_SubMenu - URL Entered
2025-05-06 10:25:23,136 INFO  Header_About_Us_SubMenu - Submenu clicked
2025-05-06 10:25:23,217 INFO  Header_About_Us_SubMenu - Awards Sub Menu Validated
2025-05-06 10:25:23,561 INFO  Header_About_Us_SubMenu - URL Entered
2025-05-06 10:25:24,120 INFO  Header_About_Us_SubMenu - Submenu clicked
2025-05-06 10:25:24,140 INFO  Header_About_Us_SubMenu - Partner With Us Sub Menu Validated
2025-05-06 10:25:24,508 INFO  Header_About_Us_SubMenu - URL Entered
2025-05-06 10:25:25,100 INFO  Header_About_Us_SubMenu - Submenu clicked
2025-05-06 10:25:25,171 INFO  Header_About_Us_SubMenu - Testimonials Sub Menu Validated
2025-05-06 10:25:25,593 INFO  Header_About_Us_SubMenu - URL Entered
2025-05-06 10:25:26,153 INFO  Header_About_Us_SubMenu - Submenu clicked
2025-05-06 10:25:26,161 INFO  Header_About_Us_SubMenu - Vendor Registration Sub Menu Validated
2025-05-06 10:25:26,494 INFO  Header_About_Us_SubMenu - URL Entered
2025-05-06 10:25:27,116 INFO  Header_About_Us_SubMenu - Submenu clicked
2025-05-06 10:25:27,175 INFO  Header_About_Us_SubMenu - Technologies Sub Menu Validated
2025-05-06 10:25:27,500 INFO  Header_About_Us_SubMenu - URL Entered
2025-05-06 10:25:28,099 INFO  Header_About_Us_SubMenu - Submenu clicked
2025-05-06 10:25:28,152 INFO  Header_About_Us_SubMenu - Methodology Sub Menu Validated
2025-05-06 10:25:28,544 INFO  Header_About_Us_SubMenu - URL Entered
2025-05-06 10:25:29,073 INFO  Header_About_Us_SubMenu - Submenu clicked
2025-05-06 10:25:29,120 INFO  Header_About_Us_SubMenu - Alliances Sub Menu Validated
2025-05-06 10:25:29,441 INFO  Header_About_Us_SubMenu - URL Entered
2025-05-06 10:25:29,970 INFO  Header_About_Us_SubMenu - Submenu clicked
2025-05-06 10:25:30,040 INFO  Header_About_Us_SubMenu - Infrastructure Sub Menu Validated
2025-05-06 10:25:30,351 INFO  Header_About_Us_SubMenu - URL Entered
2025-05-06 10:25:30,846 INFO  Header_About_Us_SubMenu - Submenu clicked
2025-05-06 10:25:30,905 INFO  Header_About_Us_SubMenu - Group Companies Sub Menu Validated
