2024-10-09 10:01:12,809 INFO  Header_About_Us_SubMenu - Submenu clicked
2024-10-09 10:01:12,858 INFO  Header_About_Us_SubMenu - Products Sub Menu Validated
2024-10-09 10:01:13,092 INFO  Header_About_Us_SubMenu - URL Entered
2024-10-09 10:01:13,579 INFO  Header_About_Us_SubMenu - Submenu clicked
2024-10-09 10:01:13,604 INFO  Header_About_Us_SubMenu - Become Our Representative Sub Menu Validated
2024-10-09 10:01:13,862 INFO  Header_About_Us_SubMenu - URL Entered
2024-10-09 10:01:14,332 INFO  Header_About_Us_SubMenu - Submenu clicked
2024-10-09 10:01:14,389 INFO  Header_About_Us_SubMenu - Business Models Sub Menu Validated
2024-10-09 10:01:14,697 INFO  Header_About_Us_SubMenu - URL Entered
2024-10-09 10:01:17,381 INFO  Header_About_Us_SubMenu - Submenu clicked
2024-10-09 10:01:17,433 INFO  Header_About_Us_SubMenu - Awards Sub Menu Validated
2024-10-09 10:01:17,690 INFO  Header_About_Us_SubMenu - URL Entered
2024-10-09 10:01:18,176 INFO  Header_About_Us_SubMenu - Submenu clicked
2024-10-09 10:01:18,197 INFO  Header_About_Us_SubMenu - Partner With Us Sub Menu Validated
2024-10-09 10:01:18,494 INFO  Header_About_Us_SubMenu - URL Entered
2024-10-09 10:01:19,029 INFO  Header_About_Us_SubMenu - Submenu clicked
2024-10-09 10:01:19,086 INFO  Header_About_Us_SubMenu - Testimonials Sub Menu Validated
2024-10-09 10:01:19,450 INFO  Header_About_Us_SubMenu - URL Entered
2024-10-09 10:01:19,948 INFO  Header_About_Us_SubMenu - Submenu clicked
2024-10-09 10:01:19,960 INFO  Header_About_Us_SubMenu - Vendor Registration Sub Menu Validated
2024-10-09 10:01:20,218 INFO  Header_About_Us_SubMenu - URL Entered
2024-10-09 10:01:22,809 INFO  Header_About_Us_SubMenu - Submenu clicked
2024-10-09 10:01:22,861 INFO  Header_About_Us_SubMenu - Technologies Sub Menu Validated
2024-10-09 10:01:23,125 INFO  Header_About_Us_SubMenu - URL Entered
2024-10-09 10:01:23,598 INFO  Header_About_Us_SubMenu - Submenu clicked
2024-10-09 10:01:23,647 INFO  Header_About_Us_SubMenu - Methodology Sub Menu Validated
2024-10-09 10:01:23,931 INFO  Header_About_Us_SubMenu - URL Entered
2024-10-09 10:01:26,401 INFO  Header_About_Us_SubMenu - Submenu clicked
2024-10-09 10:01:26,455 INFO  Header_About_Us_SubMenu - Alliances Sub Menu Validated
2024-10-09 10:01:26,724 INFO  Header_About_Us_SubMenu - URL Entered
2024-10-09 10:01:27,217 INFO  Header_About_Us_SubMenu - Submenu clicked
2024-10-09 10:01:27,268 INFO  Header_About_Us_SubMenu - Infrastructure Sub Menu Validated
2024-10-09 10:01:27,576 INFO  Header_About_Us_SubMenu - URL Entered
2024-10-09 10:01:29,996 INFO  Header_About_Us_SubMenu - Submenu clicked
2024-10-09 10:01:30,043 INFO  Header_About_Us_SubMenu - Group Companies Sub Menu Validated
