2024-10-09 18:10:49,909 INFO  Header_Services_Submenu - Submenu clicked
2024-10-09 18:10:49,987 INFO  Header_Services_Submenu - Hire Our Didicated Developers Sub Menu Validated
2024-10-09 18:10:50,264 INFO  Header_Services_Submenu - URL Entered
2024-10-09 18:10:50,520 INFO  Header_Services_Submenu - Mousehover to the Service Menu
2024-10-09 18:10:50,692 INFO  Header_Services_Submenu - Submenu clicked
2024-10-09 18:10:50,692 INFO  Header_Services_Submenu - Web Design and Development Sub Menu Not Clickable
2024-10-09 18:10:50,957 INFO  Header_Services_Submenu - URL Entered
2024-10-09 18:10:51,276 INFO  Header_Services_Submenu - Mousehover to the Service Menu
2024-10-09 18:10:51,794 INFO  Header_Services_Submenu - Submenu clicked
2024-10-09 18:10:51,875 INFO  Header_Services_Submenu - Business Consulting Services Sub Menu Validated
2024-10-09 18:10:52,197 INFO  Header_Services_Submenu - URL Entered
2024-10-09 18:10:52,531 INFO  Header_Services_Submenu - Mousehover to the Service Menu
2024-10-09 18:10:53,336 INFO  Header_Services_Submenu - Submenu clicked
2024-10-09 18:10:53,370 INFO  Header_Services_Submenu - AI Services Sub Menu Validated
2024-10-09 18:10:53,678 INFO  Header_Services_Submenu - URL Entered
2024-10-09 18:10:54,045 INFO  Header_Services_Submenu - Mousehover to the Service Menu
2024-10-09 18:10:54,632 INFO  Header_Services_Submenu - Submenu clicked
2024-10-09 18:10:54,657 INFO  Header_Services_Submenu - Wallet Integration Service Sub Menu Validated
2024-10-09 18:10:54,964 INFO  Header_Services_Submenu - URL Entered
2024-10-09 18:10:55,306 INFO  Header_Services_Submenu - Mousehover to the Service Menu
2024-10-09 18:10:55,988 INFO  Header_Services_Submenu - Submenu clicked
2024-10-09 18:10:56,057 INFO  Header_Services_Submenu - Blockchain Development Sub Menu Validated
2024-10-09 18:10:56,475 INFO  Header_Services_Submenu - URL Entered
2024-10-09 18:10:56,894 INFO  Header_Services_Submenu - Mousehover to the Service Menu
2024-10-09 18:10:57,543 INFO  Header_Services_Submenu - Submenu clicked
2024-10-09 18:10:57,610 INFO  Header_Services_Submenu - Managed Services Sub Menu Validated
