2024-10-09 09:59:04,248 INFO  Forms_Validation - Moved to Home Element
2024-10-09 09:59:04,516 INFO  Forms_Validation - Online is Clicked
2024-10-09 09:59:04,684 INFO  Forms_Validation - Moved to Home Element
2024-10-09 09:59:04,869 INFO  Forms_Validation - Name Field Validated
2024-10-09 09:59:05,019 INFO  Forms_Validation - Email Field Validated
2024-10-09 09:59:05,170 INFO  Forms_Validation - Phone Field Validated
2024-10-09 09:59:07,353 INFO  Forms_Validation - Interested service validated
2024-10-09 09:59:07,628 INFO  Forms_Validation - Requirement field Validated
2024-10-09 09:59:07,784 INFO  Forms_Validation - Frame Closer Vaidated
2024-10-09 09:59:07,784 INFO  Forms_Validation - Send Message form Validated
2024-10-09 09:59:08,272 INFO  Forms_Validation - URL Entered
2024-10-09 09:59:09,114 INFO  Forms_Validation - Submenu clicked
2024-10-09 09:59:11,222 INFO  Forms_Validation - Name of the company Field Validated
2024-10-09 09:59:14,086 INFO  Forms_Validation - Number of employees is Validated
2024-10-09 09:59:17,021 INFO  Forms_Validation - Company Type is Validated
2024-10-09 09:59:19,885 INFO  Forms_Validation - Industry Experience Field is Validated
2024-10-09 09:59:27,560 INFO  Forms_Validation - TEch Expertise is Validated
2024-10-09 09:59:27,669 INFO  Forms_Validation - Tax ID Field Validated
2024-10-09 09:59:28,775 INFO  Forms_Validation - Registration Number Field Validated
2024-10-09 09:59:28,949 INFO  Forms_Validation - Address Field Validated
2024-10-09 09:59:29,049 INFO  Forms_Validation - City Field Validated
2024-10-09 09:59:29,138 INFO  Forms_Validation - Website Field Validated
2024-10-09 09:59:29,244 INFO  Forms_Validation - Portfolio URL Field Validated
2024-10-09 09:59:29,329 INFO  Forms_Validation - Name of the Contact person Field Validated
2024-10-09 09:59:29,410 INFO  Forms_Validation - Job title of contact person Field Validated
2024-10-09 09:59:29,510 INFO  Forms_Validation - Contact Number Field Validated
2024-10-09 09:59:29,602 INFO  Forms_Validation - Whatsapp  Field Validated
2024-10-09 09:59:29,709 INFO  Forms_Validation - Email field Field Validated
2024-10-09 09:59:29,816 INFO  Forms_Validation - Bank Details Field Validated
2024-10-09 09:59:29,907 INFO  Forms_Validation - Any Relevant Certificate Field Validated
2024-10-09 09:59:29,988 INFO  Forms_Validation - Decision Maker Field Validated
2024-10-09 09:59:30,105 INFO  Forms_Validation - Decision maker Email Field Validated
2024-10-09 09:59:30,313 INFO  Forms_Validation - Brief Description about the company Field Validated
2024-10-09 09:59:30,313 INFO  Forms_Validation - Vendor Registration form Validated
