2024-10-09 09:59:34,210 INFO  Header_Services_Submenu - Submenu clicked
2024-10-09 09:59:34,259 INFO  Header_Services_Submenu - Mobile App Development Sub Menu Validated
2024-10-09 09:59:34,587 INFO  Header_Services_Submenu - URL Entered
2024-10-09 09:59:34,745 INFO  Header_Services_Submenu - Mousehover to the Service Menu
2024-10-09 09:59:35,909 INFO  Header_Services_Submenu - Submenu clicked
2024-10-09 09:59:35,919 INFO  Header_Services_Submenu - Digital Marketing Sub Menu Validated
2024-10-09 09:59:36,179 INFO  Header_Services_Submenu - URL Entered
2024-10-09 09:59:36,649 INFO  Header_Services_Submenu - Mousehover to the Service Menu
2024-10-09 09:59:37,289 INFO  Header_Services_Submenu - Submenu clicked
2024-10-09 09:59:37,308 INFO  Header_Services_Submenu - Mobile App Marketing Agency Sub Menu Validated
2024-10-09 09:59:37,575 INFO  Header_Services_Submenu - URL Entered
2024-10-09 09:59:38,031 INFO  Header_Services_Submenu - Mousehover to the Service Menu
2024-10-09 09:59:41,576 INFO  Header_Services_Submenu - Submenu clicked
2024-10-09 09:59:41,642 INFO  Header_Services_Submenu - Hire Our Didicated Developers Sub Menu Validated
2024-10-09 09:59:41,895 INFO  Header_Services_Submenu - URL Entered
2024-10-09 09:59:42,318 INFO  Header_Services_Submenu - Mousehover to the Service Menu
2024-10-09 09:59:42,444 INFO  Header_Services_Submenu - Submenu clicked
2024-10-09 09:59:42,444 INFO  Header_Services_Submenu - Web Design and Development Sub Menu Not Clickable
2024-10-09 09:59:42,764 INFO  Header_Services_Submenu - URL Entered
2024-10-09 09:59:43,172 INFO  Header_Services_Submenu - Mousehover to the Service Menu
2024-10-09 09:59:43,743 INFO  Header_Services_Submenu - Submenu clicked
2024-10-09 09:59:43,798 INFO  Header_Services_Submenu - Business Consulting Services Sub Menu Validated
2024-10-09 09:59:44,119 INFO  Header_Services_Submenu - URL Entered
2024-10-09 09:59:44,543 INFO  Header_Services_Submenu - Mousehover to the Service Menu
2024-10-09 09:59:45,311 INFO  Header_Services_Submenu - Submenu clicked
2024-10-09 09:59:45,326 INFO  Header_Services_Submenu - AI Services Sub Menu Validated
2024-10-09 09:59:45,635 INFO  Header_Services_Submenu - URL Entered
2024-10-09 09:59:46,081 INFO  Header_Services_Submenu - Mousehover to the Service Menu
2024-10-09 09:59:46,686 INFO  Header_Services_Submenu - Submenu clicked
2024-10-09 09:59:46,715 INFO  Header_Services_Submenu - Wallet Integration Service Sub Menu Validated
2024-10-09 09:59:47,024 INFO  Header_Services_Submenu - URL Entered
2024-10-09 09:59:47,467 INFO  Header_Services_Submenu - Mousehover to the Service Menu
2024-10-09 09:59:48,146 INFO  Header_Services_Submenu - Submenu clicked
2024-10-09 09:59:48,205 INFO  Header_Services_Submenu - Blockchain Development Sub Menu Validated
2024-10-09 09:59:48,627 INFO  Header_Services_Submenu - URL Entered
2024-10-09 09:59:49,116 INFO  Header_Services_Submenu - Mousehover to the Service Menu
2024-10-09 09:59:49,727 INFO  Header_Services_Submenu - Submenu clicked
2024-10-09 09:59:49,788 INFO  Header_Services_Submenu - Managed Services Sub Menu Validated
