2024-10-09 09:57:30,119 INFO  Header_Menu_Header - About Us Menu Validated
2024-10-09 09:57:30,359 INFO  Header_Menu_Header - URL Entered
2024-10-09 09:57:31,549 INFO  Header_Menu_Header - Get_Quote Menu Validated
2024-10-09 09:57:32,168 INFO  Header_Menu_Header - URL Entered
2024-10-09 09:57:33,480 INFO  Header_Menu_Header - Contact Menu Validated
2024-10-09 09:57:33,706 INFO  Header_Menu_Header - URL Entered
2024-10-09 09:57:34,542 INFO  Header_Menu_Header - Portfolio Menu Validated
2024-10-09 09:57:34,740 INFO  Header_Menu_Header - URL Entered
2024-10-09 09:57:36,186 INFO  Header_Menu_Header - Blog Menu Validated
2024-10-09 09:57:36,467 INFO  Header_Menu_Header - URL Entered
2024-10-09 09:57:41,657 INFO  Header_Menu_Header - Contact Telephone Icon Validated
2024-10-09 10:01:35,183 INFO  Home_Page_Footer_Menu - Footer About Us Menu Validated
2024-10-09 10:01:35,311 INFO  Home_Page_Footer_Menu - URL Entered
2024-10-09 10:01:36,256 INFO  Home_Page_Footer_Menu - Footer Careers Menu Validated
2024-10-09 10:01:36,492 INFO  Home_Page_Footer_Menu - URL Entered
2024-10-09 10:01:37,367 INFO  Home_Page_Footer_Menu - Footer Become Our Representative Menu Validated
2024-10-09 10:01:37,505 INFO  Home_Page_Footer_Menu - URL Entered
2024-10-09 10:01:38,426 INFO  Home_Page_Footer_Menu - Footer Privacy Policy Menu Validated
2024-10-09 10:01:38,650 INFO  Home_Page_Footer_Menu - URL Entered
2024-10-09 10:01:39,520 INFO  Home_Page_Footer_Menu - Footer About Us Menu Validated
