2024-10-17 10:03:37,305 INFO  Header_Menu_Header - About Us Menu Validated
2024-10-17 10:03:37,574 INFO  Header_Menu_Header - URL Entered
2024-10-17 10:03:38,829 INFO  Header_Menu_Header - Get_Quote Menu Validated
2024-10-17 10:03:39,236 INFO  Header_Menu_Header - URL Entered
2024-10-17 10:03:39,817 INFO  Header_Menu_Header - Contact Menu Validated
2024-10-17 10:03:57,114 INFO  Header_Menu_Header - URL Entered
2024-10-17 10:03:57,745 INFO  Header_Menu_Header - Portfolio Menu Validated
2024-10-17 10:03:58,105 INFO  Header_Menu_Header - URL Entered
2024-10-17 10:03:58,902 INFO  Header_Menu_Header - Blog Menu Validated
2024-10-17 10:03:59,207 INFO  Header_Menu_Header - URL Entered
2024-10-17 10:04:04,943 INFO  Header_Menu_Header - Contact Telephone Icon Validated
2024-10-17 10:07:47,297 INFO  Home_Page_Footer_Menu - Footer About Us Menu Validated
2024-10-17 10:07:47,588 INFO  Home_Page_Footer_Menu - URL Entered
2024-10-17 10:07:48,270 INFO  Home_Page_Footer_Menu - Footer Careers Menu Validated
2024-10-17 10:07:48,564 INFO  Home_Page_Footer_Menu - URL Entered
2024-10-17 10:07:49,260 INFO  Home_Page_Footer_Menu - Footer Become Our Representative Menu Validated
2024-10-17 10:07:49,534 INFO  Home_Page_Footer_Menu - URL Entered
2024-10-17 10:07:50,119 INFO  Home_Page_Footer_Menu - Footer Privacy Policy Menu Validated
2024-10-17 10:07:50,414 INFO  Home_Page_Footer_Menu - URL Entered
2024-10-17 10:07:50,959 INFO  Home_Page_Footer_Menu - Footer About Us Menu Validated
