2024-10-17 10:06:09,978 INFO  Header_Services_Submenu - Submenu clicked
2024-10-17 10:06:10,004 INFO  Header_Services_Submenu - Mobile App Marketing Agency Sub Menu Validated
2024-10-17 10:06:10,333 INFO  Header_Services_Submenu - URL Entered
2024-10-17 10:06:10,784 INFO  Header_Services_Submenu - Mousehover to the Service Menu
2024-10-17 10:06:11,580 INFO  Header_Services_Submenu - Submenu clicked
2024-10-17 10:06:11,652 INFO  Header_Services_Submenu - Hire Our Didicated Developers Sub Menu Validated
2024-10-17 10:06:11,990 INFO  Header_Services_Submenu - URL Entered
2024-10-17 10:06:12,463 INFO  Header_Services_Submenu - Mousehover to the Service Menu
2024-10-17 10:06:12,588 INFO  Header_Services_Submenu - Submenu clicked
2024-10-17 10:06:12,589 INFO  Header_Services_Submenu - Web Design and Development Sub Menu Not Clickable
2024-10-17 10:06:12,891 INFO  Header_Services_Submenu - URL Entered
2024-10-17 10:06:13,306 INFO  Header_Services_Submenu - Mousehover to the Service Menu
2024-10-17 10:06:13,957 INFO  Header_Services_Submenu - Submenu clicked
2024-10-17 10:06:13,995 INFO  Header_Services_Submenu - Business Consulting Services Sub Menu Validated
2024-10-17 10:06:14,309 INFO  Header_Services_Submenu - URL Entered
2024-10-17 10:06:14,725 INFO  Header_Services_Submenu - Mousehover to the Service Menu
2024-10-17 10:06:15,366 INFO  Header_Services_Submenu - Submenu clicked
2024-10-17 10:06:15,382 INFO  Header_Services_Submenu - AI Services Sub Menu Validated
2024-10-17 10:06:15,709 INFO  Header_Services_Submenu - URL Entered
2024-10-17 10:06:16,148 INFO  Header_Services_Submenu - Mousehover to the Service Menu
2024-10-17 10:06:17,070 INFO  Header_Services_Submenu - Submenu clicked
2024-10-17 10:06:17,082 INFO  Header_Services_Submenu - Wallet Integration Service Sub Menu Validated
2024-10-17 10:06:17,389 INFO  Header_Services_Submenu - URL Entered
2024-10-17 10:06:17,824 INFO  Header_Services_Submenu - Mousehover to the Service Menu
2024-10-17 10:06:19,292 INFO  Header_Services_Submenu - Submenu clicked
2024-10-17 10:06:19,361 INFO  Header_Services_Submenu - Blockchain Development Sub Menu Validated
2024-10-17 10:06:19,786 INFO  Header_Services_Submenu - URL Entered
2024-10-17 10:06:20,242 INFO  Header_Services_Submenu - Mousehover to the Service Menu
2024-10-17 10:06:20,836 INFO  Header_Services_Submenu - Submenu clicked
2024-10-17 10:06:20,894 INFO  Header_Services_Submenu - Managed Services Sub Menu Validated
