2024-10-17 10:08:08,407 INFO  Services_MobileAppDevelopmentMenu - Submenu clicked
2024-10-17 10:08:09,930 INFO  Services_MobileAppDevelopmentMenu - Android App Development Sub Menu Validated
2024-10-17 10:08:10,205 INFO  Services_MobileAppDevelopmentMenu - URL Entered
2024-10-17 10:08:10,417 INFO  Services_MobileAppDevelopmentMenu - Mousehover to the Service Menu
2024-10-17 10:08:11,207 INFO  Services_MobileAppDevelopmentMenu - Mousehover to the Mobile App development Submenu
2024-10-17 10:08:12,053 INFO  Services_MobileAppDevelopmentMenu - Submenu clicked
2024-10-17 10:08:12,135 INFO  Services_MobileAppDevelopmentMenu - Enterprise Mobile Application Development Sub Menu Validated
2024-10-17 10:08:12,454 INFO  Services_MobileAppDevelopmentMenu - URL Entered
2024-10-17 10:08:12,894 INFO  Services_MobileAppDevelopmentMenu - Mousehover to the Service Menu
2024-10-17 10:08:13,400 INFO  Services_MobileAppDevelopmentMenu - Mousehover to the Mobile App development Submenu
2024-10-17 10:08:28,423 INFO  Services_MobileAppDevelopmentMenu - Submenu clicked
2024-10-17 10:08:28,554 INFO  Services_MobileAppDevelopmentMenu - Startup App Development Sub Menu Validated
2024-10-17 10:08:29,081 INFO  Services_MobileAppDevelopmentMenu - URL Entered
2024-10-17 10:08:29,264 INFO  Services_MobileAppDevelopmentMenu - Mousehover to the Service Menu
2024-10-17 10:08:29,941 INFO  Services_MobileAppDevelopmentMenu - Mousehover to the Mobile App development Submenu
2024-10-17 10:08:30,494 INFO  Services_MobileAppDevelopmentMenu - Submenu clicked
2024-10-17 10:08:30,553 INFO  Services_MobileAppDevelopmentMenu - iOS App Development Sub Menu Validated
2024-10-17 10:08:30,843 INFO  Services_MobileAppDevelopmentMenu - URL Entered
2024-10-17 10:08:31,274 INFO  Services_MobileAppDevelopmentMenu - Mousehover to the Service Menu
2024-10-17 10:08:31,536 INFO  Services_MobileAppDevelopmentMenu - Mousehover to the Mobile App development Submenu
2024-10-17 10:08:32,127 INFO  Services_MobileAppDevelopmentMenu - Submenu clicked
2024-10-17 10:08:32,168 INFO  Services_MobileAppDevelopmentMenu - iPad App Development Sub Menu Validated
2024-10-17 10:08:32,464 INFO  Services_MobileAppDevelopmentMenu - URL Entered
2024-10-17 10:08:32,892 INFO  Services_MobileAppDevelopmentMenu - Mousehover to the Service Menu
2024-10-17 10:08:33,157 INFO  Services_MobileAppDevelopmentMenu - Mousehover to the Mobile App development Submenu
2024-10-17 10:08:33,669 INFO  Services_MobileAppDevelopmentMenu - Submenu clicked
2024-10-17 10:08:33,716 INFO  Services_MobileAppDevelopmentMenu - HTML5 Development Sub Menu Validated
2024-10-17 10:08:33,998 INFO  Services_MobileAppDevelopmentMenu - URL Entered
2024-10-17 10:08:34,436 INFO  Services_MobileAppDevelopmentMenu - Mousehover to the Service Menu
2024-10-17 10:08:34,700 INFO  Services_MobileAppDevelopmentMenu - Mousehover to the Mobile App development Submenu
2024-10-17 10:08:35,263 INFO  Services_MobileAppDevelopmentMenu - Submenu clicked
2024-10-17 10:08:35,309 INFO  Services_MobileAppDevelopmentMenu - Windows Application Development Sub Menu Validated
