2024-10-17 10:09:13,356 INFO  Services_DigitalMarketingMenu - Submenu clicked
2024-10-17 10:09:14,889 INFO  Services_DigitalMarketingMenu - Google Search Optimization Sub Menu Validated
2024-10-17 10:09:15,270 INFO  Services_DigitalMarketingMenu - URL Entered
2024-10-17 10:09:15,726 INFO  Services_DigitalMarketingMenu - Mousehover to the Service Menu
2024-10-17 10:09:15,857 INFO  Services_DigitalMarketingMenu - Mousehover to the Digital Marketing Submenu
2024-10-17 10:09:16,451 INFO  Services_DigitalMarketingMenu - Submenu clicked
2024-10-17 10:09:17,976 INFO  Services_DigitalMarketingMenu - Google Grants Sub Menu Validated
2024-10-17 10:09:18,310 INFO  Services_DigitalMarketingMenu - URL Entered
2024-10-17 10:09:18,768 INFO  Services_DigitalMarketingMenu - Mousehover to the Service Menu
2024-10-17 10:09:18,891 INFO  Services_DigitalMarketingMenu - Mousehover to the Digital Marketing Submenu
2024-10-17 10:09:19,585 INFO  Services_DigitalMarketingMenu - Submenu clicked
2024-10-17 10:09:21,102 INFO  Services_DigitalMarketingMenu - Inbound marketing services Sub Menu Validated
2024-10-17 10:09:21,492 INFO  Services_DigitalMarketingMenu - URL Entered
2024-10-17 10:09:22,002 INFO  Services_DigitalMarketingMenu - Mousehover to the Service Menu
2024-10-17 10:09:22,153 INFO  Services_DigitalMarketingMenu - Mousehover to the Digital Marketing Submenu
2024-10-17 10:09:22,861 INFO  Services_DigitalMarketingMenu - Submenu clicked
2024-10-17 10:09:24,394 INFO  Services_DigitalMarketingMenu - DV360 Traffic Management Services Sub Menu Validated
2024-10-17 10:09:24,815 INFO  Services_DigitalMarketingMenu - URL Entered
2024-10-17 10:09:25,292 INFO  Services_DigitalMarketingMenu - Mousehover to the Service Menu
2024-10-17 10:09:25,391 INFO  Services_DigitalMarketingMenu - Mousehover to the Digital Marketing Submenu
2024-10-17 10:09:26,060 INFO  Services_DigitalMarketingMenu - Submenu clicked
2024-10-17 10:09:27,595 INFO  Services_DigitalMarketingMenu - Account Based Marketing Services Sub Menu Validated
