2024-10-17 10:07:30,578 INFO  Header_About_Us_SubMenu - Submenu clicked
2024-10-17 10:07:30,643 INFO  Header_About_Us_SubMenu - Our Clients Sub Menu Validated
2024-10-17 10:07:30,911 INFO  Header_About_Us_SubMenu - URL Entered
2024-10-17 10:07:31,368 INFO  Header_About_Us_SubMenu - Submenu clicked
2024-10-17 10:07:31,419 INFO  Header_About_Us_SubMenu - Products Sub Menu Validated
2024-10-17 10:07:31,685 INFO  Header_About_Us_SubMenu - URL Entered
2024-10-17 10:07:32,183 INFO  Header_About_Us_SubMenu - Submenu clicked
2024-10-17 10:07:32,198 INFO  Header_About_Us_SubMenu - Become Our Representative Sub Menu Validated
2024-10-17 10:07:32,476 INFO  Header_About_Us_SubMenu - URL Entered
2024-10-17 10:07:32,918 INFO  Header_About_Us_SubMenu - Submenu clicked
2024-10-17 10:07:32,976 INFO  Header_About_Us_SubMenu - Business Models Sub Menu Validated
2024-10-17 10:07:33,346 INFO  Header_About_Us_SubMenu - URL Entered
2024-10-17 10:07:33,898 INFO  Header_About_Us_SubMenu - Submenu clicked
2024-10-17 10:07:34,014 INFO  Header_About_Us_SubMenu - Awards Sub Menu Validated
2024-10-17 10:07:34,297 INFO  Header_About_Us_SubMenu - URL Entered
2024-10-17 10:07:34,815 INFO  Header_About_Us_SubMenu - Submenu clicked
2024-10-17 10:07:34,829 INFO  Header_About_Us_SubMenu - Partner With Us Sub Menu Validated
2024-10-17 10:07:35,259 INFO  Header_About_Us_SubMenu - URL Entered
2024-10-17 10:07:35,794 INFO  Header_About_Us_SubMenu - Submenu clicked
2024-10-17 10:07:35,848 INFO  Header_About_Us_SubMenu - Testimonials Sub Menu Validated
2024-10-17 10:07:36,203 INFO  Header_About_Us_SubMenu - URL Entered
2024-10-17 10:07:36,758 INFO  Header_About_Us_SubMenu - Submenu clicked
2024-10-17 10:07:36,770 INFO  Header_About_Us_SubMenu - Vendor Registration Sub Menu Validated
2024-10-17 10:07:37,023 INFO  Header_About_Us_SubMenu - URL Entered
2024-10-17 10:07:37,606 INFO  Header_About_Us_SubMenu - Submenu clicked
2024-10-17 10:07:37,663 INFO  Header_About_Us_SubMenu - Technologies Sub Menu Validated
2024-10-17 10:07:37,932 INFO  Header_About_Us_SubMenu - URL Entered
2024-10-17 10:07:38,544 INFO  Header_About_Us_SubMenu - Submenu clicked
2024-10-17 10:07:38,602 INFO  Header_About_Us_SubMenu - Methodology Sub Menu Validated
2024-10-17 10:07:38,929 INFO  Header_About_Us_SubMenu - URL Entered
2024-10-17 10:07:39,419 INFO  Header_About_Us_SubMenu - Submenu clicked
2024-10-17 10:07:39,469 INFO  Header_About_Us_SubMenu - Alliances Sub Menu Validated
2024-10-17 10:07:39,746 INFO  Header_About_Us_SubMenu - URL Entered
2024-10-17 10:07:40,234 INFO  Header_About_Us_SubMenu - Submenu clicked
2024-10-17 10:07:40,293 INFO  Header_About_Us_SubMenu - Infrastructure Sub Menu Validated
2024-10-17 10:07:40,571 INFO  Header_About_Us_SubMenu - URL Entered
2024-10-17 10:07:41,048 INFO  Header_About_Us_SubMenu - Submenu clicked
2024-10-17 10:07:41,106 INFO  Header_About_Us_SubMenu - Group Companies Sub Menu Validated
