2024-10-17 10:08:54,508 INFO  Services_DigitalMarketingMenu - Submenu clicked
2024-10-17 10:08:56,016 INFO  Services_DigitalMarketingMenu - Influencer Marketing Services Sub Menu Validated
2024-10-17 10:08:56,356 INFO  Services_DigitalMarketingMenu - URL Entered
2024-10-17 10:08:56,788 INFO  Services_DigitalMarketingMenu - Mousehover to the Service Menu
2024-10-17 10:08:56,910 INFO  Services_DigitalMarketingMenu - Mousehover to the Digital Marketing Submenu
2024-10-17 10:08:57,505 INFO  Services_DigitalMarketingMenu - Submenu clicked
2024-10-17 10:08:59,028 INFO  Services_DigitalMarketingMenu - Search Engine Optimization Sub Menu Validated
2024-10-17 10:08:59,334 INFO  Services_DigitalMarketingMenu - URL Entered
2024-10-17 10:08:59,772 INFO  Services_DigitalMarketingMenu - Mousehover to the Service Menu
2024-10-17 10:08:59,904 INFO  Services_DigitalMarketingMenu - Mousehover to the Digital Marketing Submenu
2024-10-17 10:09:00,540 INFO  Services_DigitalMarketingMenu - Submenu clicked
2024-10-17 10:09:02,077 INFO  Services_DigitalMarketingMenu - PPC Management & Strategy Sub Menu Validated
2024-10-17 10:09:02,404 INFO  Services_DigitalMarketingMenu - URL Entered
2024-10-17 10:09:02,753 INFO  Services_DigitalMarketingMenu - Mousehover to the Service Menu
2024-10-17 10:09:02,979 INFO  Services_DigitalMarketingMenu - Mousehover to the Digital Marketing Submenu
2024-10-17 10:09:04,018 INFO  Services_DigitalMarketingMenu - Submenu clicked
2024-10-17 10:09:05,551 INFO  Services_DigitalMarketingMenu - Social Media Management & Strategy Sub Menu Validated
2024-10-17 10:09:05,923 INFO  Services_DigitalMarketingMenu - URL Entered
2024-10-17 10:09:06,085 INFO  Services_DigitalMarketingMenu - Mousehover to the Service Menu
2024-10-17 10:09:06,498 INFO  Services_DigitalMarketingMenu - Mousehover to the Digital Marketing Submenu
2024-10-17 10:09:07,147 INFO  Services_DigitalMarketingMenu - Submenu clicked
2024-10-17 10:09:08,680 INFO  Services_DigitalMarketingMenu - Conversion Rate Optimization Services Sub Menu Validated
2024-10-17 10:09:09,066 INFO  Services_DigitalMarketingMenu - URL Entered
2024-10-17 10:09:09,512 INFO  Services_DigitalMarketingMenu - Mousehover to the Service Menu
2024-10-17 10:09:09,639 INFO  Services_DigitalMarketingMenu - Mousehover to the Digital Marketing Submenu
2024-10-17 10:09:10,213 INFO  Services_DigitalMarketingMenu - Submenu clicked
2024-10-17 10:09:11,758 INFO  Services_DigitalMarketingMenu - Multilingual SEO Sub Menu Validated
2024-10-17 10:09:12,128 INFO  Services_DigitalMarketingMenu - URL Entered
2024-10-17 10:09:12,570 INFO  Services_DigitalMarketingMenu - Mousehover to the Service Menu
2024-10-17 10:09:12,708 INFO  Services_DigitalMarketingMenu - Mousehover to the Digital Marketing Submenu
2024-10-17 10:09:13,356 INFO  Services_DigitalMarketingMenu - Submenu clicked
2024-10-17 10:09:14,889 INFO  Services_DigitalMarketingMenu - Google Search Optimization Sub Menu Validated
2024-10-17 10:09:15,270 INFO  Services_DigitalMarketingMenu - URL Entered
2024-10-17 10:09:15,726 INFO  Services_DigitalMarketingMenu - Mousehover to the Service Menu
2024-10-17 10:09:15,857 INFO  Services_DigitalMarketingMenu - Mousehover to the Digital Marketing Submenu
2024-10-17 10:09:16,451 INFO  Services_DigitalMarketingMenu - Submenu clicked
2024-10-17 10:09:17,976 INFO  Services_DigitalMarketingMenu - Google Grants Sub Menu Validated
2024-10-17 10:09:18,310 INFO  Services_DigitalMarketingMenu - URL Entered
2024-10-17 10:09:18,768 INFO  Services_DigitalMarketingMenu - Mousehover to the Service Menu
2024-10-17 10:09:18,891 INFO  Services_DigitalMarketingMenu - Mousehover to the Digital Marketing Submenu
2024-10-17 10:09:19,585 INFO  Services_DigitalMarketingMenu - Submenu clicked
2024-10-17 10:09:21,102 INFO  Services_DigitalMarketingMenu - Inbound marketing services Sub Menu Validated
2024-10-17 10:09:21,492 INFO  Services_DigitalMarketingMenu - URL Entered
2024-10-17 10:09:22,002 INFO  Services_DigitalMarketingMenu - Mousehover to the Service Menu
2024-10-17 10:09:22,153 INFO  Services_DigitalMarketingMenu - Mousehover to the Digital Marketing Submenu
2024-10-17 10:09:22,861 INFO  Services_DigitalMarketingMenu - Submenu clicked
2024-10-17 10:09:24,394 INFO  Services_DigitalMarketingMenu - DV360 Traffic Management Services Sub Menu Validated
2024-10-17 10:09:24,815 INFO  Services_DigitalMarketingMenu - URL Entered
2024-10-17 10:09:25,292 INFO  Services_DigitalMarketingMenu - Mousehover to the Service Menu
2024-10-17 10:09:25,391 INFO  Services_DigitalMarketingMenu - Mousehover to the Digital Marketing Submenu
2024-10-17 10:09:26,060 INFO  Services_DigitalMarketingMenu - Submenu clicked
2024-10-17 10:09:27,595 INFO  Services_DigitalMarketingMenu - Account Based Marketing Services Sub Menu Validated
