2024-10-17 10:05:27,502 INFO  Forms_Validation - Moved to Home Element
2024-10-17 10:05:28,578 INFO  Forms_Validation - Online is Clicked
2024-10-17 10:05:29,707 INFO  Forms_Validation - Moved to Home Element
2024-10-17 10:05:30,185 INFO  Forms_Validation - Name Field Validated
2024-10-17 10:05:30,566 INFO  Forms_Validation - Email Field Validated
2024-10-17 10:05:30,949 INFO  Forms_Validation - Phone Field Validated
2024-10-17 10:05:35,556 INFO  Forms_Validation - Interested service validated
2024-10-17 10:05:36,134 INFO  Forms_Validation - Requirement field Validated
2024-10-17 10:05:36,661 INFO  Forms_Validation - Frame Closer Vaidated
2024-10-17 10:05:36,661 INFO  Forms_Validation - Send Message form Validated
2024-10-17 10:05:37,212 INFO  Forms_Validation - URL Entered
2024-10-17 10:05:38,270 INFO  Forms_Validation - Submenu clicked
2024-10-17 10:05:40,413 INFO  Forms_Validation - Name of the company Field Validated
2024-10-17 10:05:43,643 INFO  Forms_Validation - Number of employees is Validated
2024-10-17 10:05:46,497 INFO  Forms_Validation - Company Type is Validated
2024-10-17 10:05:49,398 INFO  Forms_Validation - Industry Experience Field is Validated
2024-10-17 10:05:57,083 INFO  Forms_Validation - TEch Expertise is Validated
2024-10-17 10:05:57,221 INFO  Forms_Validation - Tax ID Field Validated
2024-10-17 10:05:58,375 INFO  Forms_Validation - Registration Number Field Validated
2024-10-17 10:05:58,630 INFO  Forms_Validation - Address Field Validated
2024-10-17 10:05:58,741 INFO  Forms_Validation - City Field Validated
2024-10-17 10:05:58,857 INFO  Forms_Validation - Website Field Validated
2024-10-17 10:05:59,006 INFO  Forms_Validation - Portfolio URL Field Validated
2024-10-17 10:05:59,103 INFO  Forms_Validation - Name of the Contact person Field Validated
2024-10-17 10:05:59,235 INFO  Forms_Validation - Job title of contact person Field Validated
2024-10-17 10:05:59,370 INFO  Forms_Validation - Contact Number Field Validated
2024-10-17 10:05:59,508 INFO  Forms_Validation - Whatsapp  Field Validated
2024-10-17 10:05:59,660 INFO  Forms_Validation - Email field Field Validated
2024-10-17 10:05:59,790 INFO  Forms_Validation - Bank Details Field Validated
2024-10-17 10:05:59,900 INFO  Forms_Validation - Any Relevant Certificate Field Validated
2024-10-17 10:06:00,005 INFO  Forms_Validation - Decision Maker Field Validated
2024-10-17 10:06:00,155 INFO  Forms_Validation - Decision maker Email Field Validated
2024-10-17 10:06:00,413 INFO  Forms_Validation - Brief Description about the company Field Validated
2024-10-17 10:06:00,413 INFO  Forms_Validation - Vendor Registration form Validated
