2024-09-30 11:56:38,730 INFO  Header_Services_Submenu - Submenu clicked
2024-09-30 11:56:38,774 INFO  Header_Services_Submenu - Digital Marketing Sub Menu Validated
2024-09-30 11:57:00,120 INFO  Header_Services_Submenu - URL Entered
2024-09-30 11:57:00,301 INFO  Header_Services_Submenu - Mousehover to the Service Menu
2024-09-30 11:57:22,281 INFO  Header_Services_Submenu - Submenu clicked
2024-09-30 11:57:22,325 INFO  Header_Services_Submenu - Mobile App Marketing Agency Sub Menu Validated
2024-09-30 11:57:22,621 INFO  Header_Services_Submenu - URL Entered
2024-09-30 11:57:22,967 INFO  Header_Services_Submenu - Mousehover to the Service Menu
2024-09-30 11:57:43,759 INFO  Header_Services_Submenu - Submenu clicked
2024-09-30 11:57:43,875 INFO  Header_Services_Submenu - Hire Our Didicated Developers Sub Menu Validated
2024-09-30 11:57:44,098 INFO  Header_Services_Submenu - URL Entered
2024-09-30 11:57:44,459 INFO  Header_Services_Submenu - Mousehover to the Service Menu
2024-09-30 11:57:44,565 INFO  Header_Services_Submenu - Submenu clicked
2024-09-30 11:57:44,565 INFO  Header_Services_Submenu - Web Design and Development Sub Menu Not Clickable
2024-09-30 11:57:44,734 INFO  Header_Services_Submenu - URL Entered
2024-09-30 11:57:45,016 INFO  Header_Services_Submenu - Mousehover to the Service Menu
2024-09-30 11:58:05,177 INFO  Header_Services_Submenu - Submenu clicked
2024-09-30 11:58:05,278 INFO  Header_Services_Submenu - Business Consulting Services Sub Menu Validated
2024-09-30 11:58:05,306 INFO  Header_Services_Submenu - URL Entered
2024-09-30 11:58:06,331 INFO  Header_Services_Submenu - Mousehover to the Service Menu
2024-09-30 11:58:07,810 INFO  Header_Services_Submenu - Submenu clicked
2024-09-30 11:58:07,841 INFO  Header_Services_Submenu - AI Services Sub Menu Validated
2024-09-30 11:58:08,047 INFO  Header_Services_Submenu - URL Entered
2024-09-30 11:58:08,310 INFO  Header_Services_Submenu - Mousehover to the Service Menu
2024-09-30 11:58:26,610 INFO  Header_Services_Submenu - Submenu clicked
2024-09-30 11:58:27,726 INFO  Header_Services_Submenu - Wallet Integration Service Sub Menu Validated
2024-09-30 11:58:29,070 INFO  Header_Services_Submenu - URL Entered
2024-09-30 11:58:29,228 INFO  Header_Services_Submenu - Mousehover to the Service Menu
2024-09-30 11:58:49,057 INFO  Header_Services_Submenu - Submenu clicked
2024-09-30 11:58:49,136 INFO  Header_Services_Submenu - Blockchain Development Sub Menu Validated
2024-09-30 11:58:51,813 INFO  Header_Services_Submenu - URL Entered
2024-09-30 11:58:52,057 INFO  Header_Services_Submenu - Mousehover to the Service Menu
2024-09-30 11:58:52,703 INFO  Header_Services_Submenu - Submenu clicked
2024-09-30 11:58:52,980 INFO  Header_Services_Submenu - Managed Services Sub Menu Validated
