2024-09-30 11:52:34,994 INFO  Header_Menu_Header - About Us Menu Validated
2024-09-30 11:52:35,195 INFO  Header_Menu_Header - URL Entered
2024-09-30 11:52:36,460 INFO  Header_Menu_Header - Get_Quote Menu Validated
2024-09-30 11:52:36,698 INFO  Header_Menu_Header - URL Entered
2024-09-30 11:52:52,640 INFO  Header_Menu_Header - Contact Menu Validated
2024-09-30 11:52:52,874 INFO  Header_Menu_Header - URL Entered
2024-09-30 11:52:53,937 INFO  Header_Menu_Header - Portfolio Menu Validated
2024-09-30 11:52:54,320 INFO  Header_Menu_Header - URL Entered
2024-09-30 11:52:55,959 INFO  Header_Menu_Header - Blog Menu Validated
2024-09-30 11:52:56,160 INFO  Header_Menu_Header - URL Entered
2024-09-30 11:53:01,500 INFO  Header_Menu_Header - Contact Telephone Icon Validated
2024-09-30 12:03:06,190 INFO  Home_Page_Footer_Menu - Footer About Us Menu Validated
2024-09-30 12:03:06,327 INFO  Home_Page_Footer_Menu - URL Entered
2024-09-30 12:03:07,241 INFO  Home_Page_Footer_Menu - Footer Careers Menu Validated
2024-09-30 12:03:07,271 INFO  Home_Page_Footer_Menu - URL Entered
2024-09-30 12:03:08,334 INFO  Home_Page_Footer_Menu - Footer Become Our Representative Menu Validated
2024-09-30 12:03:08,481 INFO  Home_Page_Footer_Menu - URL Entered
2024-09-30 12:03:09,351 INFO  Home_Page_Footer_Menu - Footer Privacy Policy Menu Validated
2024-09-30 12:03:09,500 INFO  Home_Page_Footer_Menu - URL Entered
2024-09-30 12:03:10,373 INFO  Home_Page_Footer_Menu - Footer About Us Menu Validated
