2024-09-30 12:02:22,005 INFO  Header_About_Us_SubMenu - Submenu clicked
2024-09-30 12:02:22,059 INFO  Header_About_Us_SubMenu - Products Sub Menu Validated
2024-09-30 12:02:22,205 INFO  Header_About_Us_SubMenu - URL Entered
2024-09-30 12:02:23,087 INFO  Header_About_Us_SubMenu - Submenu clicked
2024-09-30 12:02:23,102 INFO  Header_About_Us_SubMenu - Become Our Representative Sub Menu Validated
2024-09-30 12:02:23,123 INFO  Header_About_Us_SubMenu - URL Entered
2024-09-30 12:02:23,709 INFO  Header_About_Us_SubMenu - Submenu clicked
2024-09-30 12:02:23,755 INFO  Header_About_Us_SubMenu - Business Models Sub Menu Validated
2024-09-30 12:02:23,940 INFO  Header_About_Us_SubMenu - URL Entered
2024-09-30 12:02:27,140 INFO  Header_About_Us_SubMenu - Submenu clicked
2024-09-30 12:02:27,197 INFO  Header_About_Us_SubMenu - Awards Sub Menu Validated
2024-09-30 12:02:27,353 INFO  Header_About_Us_SubMenu - URL Entered
2024-09-30 12:02:28,225 INFO  Header_About_Us_SubMenu - Submenu clicked
2024-09-30 12:02:28,266 INFO  Header_About_Us_SubMenu - Partner With Us Sub Menu Validated
2024-09-30 12:02:28,295 INFO  Header_About_Us_SubMenu - URL Entered
2024-09-30 12:02:30,441 INFO  Header_About_Us_SubMenu - Submenu clicked
2024-09-30 12:02:30,510 INFO  Header_About_Us_SubMenu - Testimonials Sub Menu Validated
2024-09-30 12:02:30,685 INFO  Header_About_Us_SubMenu - URL Entered
2024-09-30 12:02:31,213 INFO  Header_About_Us_SubMenu - Submenu clicked
2024-09-30 12:02:31,229 INFO  Header_About_Us_SubMenu - Vendor Registration Sub Menu Validated
2024-09-30 12:02:31,253 INFO  Header_About_Us_SubMenu - URL Entered
2024-09-30 12:02:32,005 INFO  Header_About_Us_SubMenu - Submenu clicked
2024-09-30 12:02:32,053 INFO  Header_About_Us_SubMenu - Technologies Sub Menu Validated
2024-09-30 12:02:32,078 INFO  Header_About_Us_SubMenu - URL Entered
2024-09-30 12:02:32,703 INFO  Header_About_Us_SubMenu - Submenu clicked
2024-09-30 12:02:32,742 INFO  Header_About_Us_SubMenu - Methodology Sub Menu Validated
2024-09-30 12:02:32,922 INFO  Header_About_Us_SubMenu - URL Entered
2024-09-30 12:02:33,439 INFO  Header_About_Us_SubMenu - Submenu clicked
2024-09-30 12:02:33,483 INFO  Header_About_Us_SubMenu - Alliances Sub Menu Validated
2024-09-30 12:02:33,664 INFO  Header_About_Us_SubMenu - URL Entered
2024-09-30 12:02:36,979 INFO  Header_About_Us_SubMenu - Submenu clicked
2024-09-30 12:02:37,025 INFO  Header_About_Us_SubMenu - Infrastructure Sub Menu Validated
2024-09-30 12:02:37,217 INFO  Header_About_Us_SubMenu - URL Entered
2024-09-30 12:02:39,843 INFO  Header_About_Us_SubMenu - Submenu clicked
2024-09-30 12:02:39,888 INFO  Header_About_Us_SubMenu - Group Companies Sub Menu Validated
