2024-09-30 11:54:43,837 INFO  Forms_Validation - Moved to Home Element
2024-09-30 11:54:44,123 INFO  Forms_Validation - Online is Clicked
2024-09-30 11:54:44,290 INFO  Forms_Validation - Moved to Home Element
2024-09-30 11:54:44,469 INFO  Forms_Validation - Name Field Validated
2024-09-30 11:54:44,599 INFO  Forms_Validation - Email Field Validated
2024-09-30 11:54:44,774 INFO  Forms_Validation - Phone Field Validated
2024-09-30 11:54:46,248 INFO  Forms_Validation - Interested service validation Failure
2024-09-30 11:54:46,577 INFO  Forms_Validation - URL Entered
2024-09-30 11:54:47,582 INFO  Forms_Validation - Submenu clicked
2024-09-30 11:54:49,700 INFO  Forms_Validation - Name of the company Field Validated
2024-09-30 11:54:52,767 INFO  Forms_Validation - Number of employees is Validated
2024-09-30 11:54:55,631 INFO  Forms_Validation - Company Type is Validated
2024-09-30 11:54:58,515 INFO  Forms_Validation - Industry Experience Field is Validated
2024-09-30 11:55:06,001 INFO  Forms_Validation - TEch Expertise is Validated
2024-09-30 11:55:06,091 INFO  Forms_Validation - Tax ID Field Validated
2024-09-30 11:55:07,211 INFO  Forms_Validation - Registration Number Field Validated
2024-09-30 11:55:07,398 INFO  Forms_Validation - Address Field Validated
2024-09-30 11:55:07,496 INFO  Forms_Validation - City Field Validated
2024-09-30 11:55:07,595 INFO  Forms_Validation - Website Field Validated
2024-09-30 11:55:07,709 INFO  Forms_Validation - Portfolio URL Field Validated
2024-09-30 11:55:07,788 INFO  Forms_Validation - Name of the Contact person Field Validated
2024-09-30 11:55:07,884 INFO  Forms_Validation - Job title of contact person Field Validated
2024-09-30 11:55:07,982 INFO  Forms_Validation - Contact Number Field Validated
2024-09-30 11:55:08,076 INFO  Forms_Validation - Whatsapp  Field Validated
2024-09-30 11:55:08,184 INFO  Forms_Validation - Email field Field Validated
2024-09-30 11:55:08,294 INFO  Forms_Validation - Bank Details Field Validated
2024-09-30 11:55:08,383 INFO  Forms_Validation - Any Relevant Certificate Field Validated
2024-09-30 11:55:08,462 INFO  Forms_Validation - Decision Maker Field Validated
2024-09-30 11:55:08,585 INFO  Forms_Validation - Decision maker Email Field Validated
2024-09-30 11:55:08,800 INFO  Forms_Validation - Brief Description about the company Field Validated
2024-09-30 11:55:08,800 INFO  Forms_Validation - Vendor Registration form Validated
