2024-09-30 12:03:26,894 INFO  Services_MobileAppDevelopmentMenu - Submenu clicked
2024-09-30 12:03:26,990 INFO  Services_MobileAppDevelopmentMenu - Enterprise Mobile Application Development Sub Menu Validated
2024-09-30 12:03:27,146 INFO  Services_MobileAppDevelopmentMenu - URL Entered
2024-09-30 12:03:27,499 INFO  Services_MobileAppDevelopmentMenu - Mousehover to the Service Menu
2024-09-30 12:03:27,719 INFO  Services_MobileAppDevelopmentMenu - Mousehover to the Mobile App development Submenu
2024-09-30 12:03:43,115 INFO  Services_MobileAppDevelopmentMenu - Submenu clicked
2024-09-30 12:03:43,187 INFO  Services_MobileAppDevelopmentMenu - Startup App Development Sub Menu Validated
2024-09-30 12:03:43,373 INFO  Services_MobileAppDevelopmentMenu - URL Entered
2024-09-30 12:03:43,548 INFO  Services_MobileAppDevelopmentMenu - Mousehover to the Service Menu
2024-09-30 12:03:44,036 INFO  Services_MobileAppDevelopmentMenu - Mousehover to the Mobile App development Submenu
2024-09-30 12:03:44,828 INFO  Services_MobileAppDevelopmentMenu - Submenu clicked
2024-09-30 12:03:44,886 INFO  Services_MobileAppDevelopmentMenu - iOS App Development Sub Menu Validated
2024-09-30 12:03:45,030 INFO  Services_MobileAppDevelopmentMenu - URL Entered
2024-09-30 12:03:45,392 INFO  Services_MobileAppDevelopmentMenu - Mousehover to the Service Menu
2024-09-30 12:03:45,608 INFO  Services_MobileAppDevelopmentMenu - Mousehover to the Mobile App development Submenu
2024-09-30 12:03:48,738 INFO  Services_MobileAppDevelopmentMenu - Submenu clicked
2024-09-30 12:03:48,791 INFO  Services_MobileAppDevelopmentMenu - iPad App Development Sub Menu Validated
2024-09-30 12:03:48,809 INFO  Services_MobileAppDevelopmentMenu - URL Entered
2024-09-30 12:03:49,267 INFO  Services_MobileAppDevelopmentMenu - Mousehover to the Service Menu
2024-09-30 12:03:49,490 INFO  Services_MobileAppDevelopmentMenu - Mousehover to the Mobile App development Submenu
2024-09-30 12:03:50,005 INFO  Services_MobileAppDevelopmentMenu - Submenu clicked
2024-09-30 12:03:50,054 INFO  Services_MobileAppDevelopmentMenu - HTML5 Development Sub Menu Validated
2024-09-30 12:03:50,075 INFO  Services_MobileAppDevelopmentMenu - URL Entered
2024-09-30 12:03:50,625 INFO  Services_MobileAppDevelopmentMenu - Mousehover to the Service Menu
2024-09-30 12:03:50,863 INFO  Services_MobileAppDevelopmentMenu - Mousehover to the Mobile App development Submenu
2024-09-30 12:03:53,935 INFO  Services_MobileAppDevelopmentMenu - Submenu clicked
2024-09-30 12:03:53,985 INFO  Services_MobileAppDevelopmentMenu - Windows Application Development Sub Menu Validated
