2024-10-04 10:01:13,161 INFO  Header_Menu_Header - About Us Menu Validated
2024-10-04 10:01:13,184 INFO  Header_Menu_Header - URL Entered
2024-10-04 10:01:34,531 INFO  Header_Menu_Header - Get_Quote Menu Validated
2024-10-04 10:01:34,855 INFO  Header_Menu_Header - URL Entered
2024-10-04 10:01:35,698 INFO  Header_Menu_Header - Contact Menu Validated
2024-10-04 10:01:36,306 INFO  Header_Menu_Header - URL Entered
2024-10-04 10:01:55,995 INFO  Header_Menu_Header - Portfolio Menu Validated
2024-10-04 10:01:56,292 INFO  Header_Menu_Header - URL Entered
2024-10-04 10:01:57,230 INFO  Header_Menu_Header - Blog Menu Validated
2024-10-04 10:01:57,532 INFO  Header_Menu_Header - URL Entered
2024-10-04 10:02:02,503 INFO  Header_Menu_Header - Contact Telephone Icon Validated
2024-10-04 10:06:03,640 INFO  Home_Page_Footer_Menu - Footer About Us Menu Validated
2024-10-04 10:06:03,783 INFO  Home_Page_Footer_Menu - URL Entered
2024-10-04 10:06:04,707 INFO  Home_Page_Footer_Menu - Footer Careers Menu Validated
2024-10-04 10:06:05,049 INFO  Home_Page_Footer_Menu - URL Entered
2024-10-04 10:06:06,391 INFO  Home_Page_Footer_Menu - Footer Become Our Representative Menu Validated
2024-10-04 10:06:06,770 INFO  Home_Page_Footer_Menu - URL Entered
2024-10-04 10:06:08,255 INFO  Home_Page_Footer_Menu - Footer Privacy Policy Menu Validated
2024-10-04 10:06:08,528 INFO  Home_Page_Footer_Menu - URL Entered
2024-10-04 10:06:09,409 INFO  Home_Page_Footer_Menu - Footer About Us Menu Validated
