2024-10-04 10:03:53,105 INFO  Forms_Validation - Submenu clicked
2024-10-04 10:03:55,229 INFO  Forms_Validation - Name of the company Field Validated
2024-10-04 10:03:58,350 INFO  Forms_Validation - Number of employees is Validated
2024-10-04 10:04:01,342 INFO  Forms_Validation - Company Type is Validated
2024-10-04 10:04:04,200 INFO  Forms_Validation - Industry Experience Field is Validated
2024-10-04 10:04:11,890 INFO  Forms_Validation - TEch Expertise is Validated
2024-10-04 10:04:12,011 INFO  Forms_Validation - Tax ID Field Validated
2024-10-04 10:04:13,142 INFO  Forms_Validation - Registration Number Field Validated
2024-10-04 10:04:13,335 INFO  Forms_Validation - Address Field Validated
2024-10-04 10:04:13,434 INFO  Forms_Validation - City Field Validated
2024-10-04 10:04:13,525 INFO  Forms_Validation - Website Field Validated
2024-10-04 10:04:13,642 INFO  Forms_Validation - Portfolio URL Field Validated
2024-10-04 10:04:13,734 INFO  Forms_Validation - Name of the Contact person Field Validated
2024-10-04 10:04:13,836 INFO  Forms_Validation - Job title of contact person Field Validated
2024-10-04 10:04:13,950 INFO  Forms_Validation - Contact Number Field Validated
2024-10-04 10:04:14,055 INFO  Forms_Validation - Whatsapp  Field Validated
2024-10-04 10:04:14,166 INFO  Forms_Validation - Email field Field Validated
2024-10-04 10:04:14,296 INFO  Forms_Validation - Bank Details Field Validated
2024-10-04 10:04:14,396 INFO  Forms_Validation - Any Relevant Certificate Field Validated
2024-10-04 10:04:14,480 INFO  Forms_Validation - Decision Maker Field Validated
2024-10-04 10:04:14,610 INFO  Forms_Validation - Decision maker Email Field Validated
2024-10-04 10:04:14,843 INFO  Forms_Validation - Brief Description about the company Field Validated
2024-10-04 10:04:14,843 INFO  Forms_Validation - Vendor Registration form Validated
