2024-10-04 10:05:45,883 INFO  Header_About_Us_SubMenu - Submenu clicked
2024-10-04 10:05:45,946 INFO  Header_About_Us_SubMenu - Become Our Representative Sub Menu Validated
2024-10-04 10:05:46,238 INFO  Header_About_Us_SubMenu - URL Entered
2024-10-04 10:05:46,934 INFO  Header_About_Us_SubMenu - Submenu clicked
2024-10-04 10:05:47,129 INFO  Header_About_Us_SubMenu - Business Models Sub Menu Validated
2024-10-04 10:05:47,589 INFO  Header_About_Us_SubMenu - URL Entered
2024-10-04 10:05:48,537 INFO  Header_About_Us_SubMenu - Submenu clicked
2024-10-04 10:05:48,664 INFO  Header_About_Us_SubMenu - Awards Sub Menu Validated
2024-10-04 10:05:49,068 INFO  Header_About_Us_SubMenu - URL Entered
2024-10-04 10:05:49,740 INFO  Header_About_Us_SubMenu - Submenu clicked
2024-10-04 10:05:49,760 INFO  Header_About_Us_SubMenu - Partner With Us Sub Menu Validated
2024-10-04 10:05:50,159 INFO  Header_About_Us_SubMenu - URL Entered
2024-10-04 10:05:50,932 INFO  Header_About_Us_SubMenu - Submenu clicked
2024-10-04 10:05:51,045 INFO  Header_About_Us_SubMenu - Testimonials Sub Menu Validated
2024-10-04 10:05:51,550 INFO  Header_About_Us_SubMenu - URL Entered
2024-10-04 10:05:52,252 INFO  Header_About_Us_SubMenu - Submenu clicked
2024-10-04 10:05:52,284 INFO  Header_About_Us_SubMenu - Vendor Registration Sub Menu Validated
2024-10-04 10:05:52,650 INFO  Header_About_Us_SubMenu - URL Entered
2024-10-04 10:05:53,354 INFO  Header_About_Us_SubMenu - Submenu clicked
2024-10-04 10:05:53,419 INFO  Header_About_Us_SubMenu - Technologies Sub Menu Validated
2024-10-04 10:05:53,593 INFO  Header_About_Us_SubMenu - URL Entered
2024-10-04 10:05:54,100 INFO  Header_About_Us_SubMenu - Submenu clicked
2024-10-04 10:05:54,187 INFO  Header_About_Us_SubMenu - Methodology Sub Menu Validated
2024-10-04 10:05:54,211 INFO  Header_About_Us_SubMenu - URL Entered
2024-10-04 10:05:54,918 INFO  Header_About_Us_SubMenu - Submenu clicked
2024-10-04 10:05:55,003 INFO  Header_About_Us_SubMenu - Alliances Sub Menu Validated
2024-10-04 10:05:55,237 INFO  Header_About_Us_SubMenu - URL Entered
2024-10-04 10:05:55,762 INFO  Header_About_Us_SubMenu - Submenu clicked
2024-10-04 10:05:55,830 INFO  Header_About_Us_SubMenu - Infrastructure Sub Menu Validated
2024-10-04 10:05:55,909 INFO  Header_About_Us_SubMenu - URL Entered
2024-10-04 10:05:56,530 INFO  Header_About_Us_SubMenu - Submenu clicked
2024-10-04 10:05:56,585 INFO  Header_About_Us_SubMenu - Group Companies Sub Menu Validated
