2024-10-04 10:02:57,013 INFO  Forms_Validation - Job Application Menu clicked
2024-10-04 10:03:00,650 INFO  Forms_Validation - Name Field Validated
2024-10-04 10:03:01,344 INFO  Forms_Validation - Email Field Validated
2024-10-04 10:03:02,570 INFO  Forms_Validation - phone number field validated
2024-10-04 10:03:09,183 INFO  Forms_Validation - Select Post is Validated
2024-10-04 10:03:10,964 INFO  Forms_Validation - Location Field is Validated
2024-10-04 10:03:14,479 INFO  Forms_Validation - Search Engine Field is Validated
2024-10-04 10:03:15,751 INFO  Forms_Validation - Gender Field Vaidated
2024-10-04 10:03:35,252 INFO  Forms_Validation - Year of Experience Field is Validated
2024-10-04 10:03:39,508 INFO  Forms_Validation - Month of experience Field is Validated
2024-10-04 10:03:39,639 INFO  Forms_Validation - Highest Qualification field is validated
2024-10-04 10:03:39,868 INFO  Forms_Validation - Key Skills field is validated
2024-10-04 10:03:39,950 INFO  Forms_Validation - Current Designation field is validated
2024-10-04 10:03:40,039 INFO  Forms_Validation - Current Location Field is validated
2024-10-04 10:03:40,039 INFO  Forms_Validation - Job Allication Form Validated
2024-10-04 10:03:40,572 INFO  Forms_Validation - URL Entered
2024-10-04 10:03:47,045 INFO  Forms_Validation - Moved to Home Element
2024-10-04 10:03:47,387 INFO  Forms_Validation - Online is Clicked
2024-10-04 10:03:47,623 INFO  Forms_Validation - Moved to Home Element
2024-10-04 10:03:47,782 INFO  Forms_Validation - Name Field Validated
2024-10-04 10:03:48,037 INFO  Forms_Validation - Email Field Validated
2024-10-04 10:03:48,227 INFO  Forms_Validation - Phone Field Validated
2024-10-04 10:03:50,976 INFO  Forms_Validation - Interested service validated
2024-10-04 10:03:51,312 INFO  Forms_Validation - Requirement field Validated
2024-10-04 10:03:51,665 INFO  Forms_Validation - Frame Closer Vaidated
2024-10-04 10:03:51,665 INFO  Forms_Validation - Send Message form Validated
2024-10-04 10:03:51,959 INFO  Forms_Validation - URL Entered
2024-10-04 10:03:53,105 INFO  Forms_Validation - Submenu clicked
2024-10-04 10:03:55,229 INFO  Forms_Validation - Name of the company Field Validated
2024-10-04 10:03:58,350 INFO  Forms_Validation - Number of employees is Validated
2024-10-04 10:04:01,342 INFO  Forms_Validation - Company Type is Validated
2024-10-04 10:04:04,200 INFO  Forms_Validation - Industry Experience Field is Validated
2024-10-04 10:04:11,890 INFO  Forms_Validation - TEch Expertise is Validated
2024-10-04 10:04:12,011 INFO  Forms_Validation - Tax ID Field Validated
2024-10-04 10:04:13,142 INFO  Forms_Validation - Registration Number Field Validated
2024-10-04 10:04:13,335 INFO  Forms_Validation - Address Field Validated
2024-10-04 10:04:13,434 INFO  Forms_Validation - City Field Validated
2024-10-04 10:04:13,525 INFO  Forms_Validation - Website Field Validated
2024-10-04 10:04:13,642 INFO  Forms_Validation - Portfolio URL Field Validated
2024-10-04 10:04:13,734 INFO  Forms_Validation - Name of the Contact person Field Validated
2024-10-04 10:04:13,836 INFO  Forms_Validation - Job title of contact person Field Validated
2024-10-04 10:04:13,950 INFO  Forms_Validation - Contact Number Field Validated
2024-10-04 10:04:14,055 INFO  Forms_Validation - Whatsapp  Field Validated
2024-10-04 10:04:14,166 INFO  Forms_Validation - Email field Field Validated
2024-10-04 10:04:14,296 INFO  Forms_Validation - Bank Details Field Validated
2024-10-04 10:04:14,396 INFO  Forms_Validation - Any Relevant Certificate Field Validated
2024-10-04 10:04:14,480 INFO  Forms_Validation - Decision Maker Field Validated
2024-10-04 10:04:14,610 INFO  Forms_Validation - Decision maker Email Field Validated
2024-10-04 10:04:14,843 INFO  Forms_Validation - Brief Description about the company Field Validated
2024-10-04 10:04:14,843 INFO  Forms_Validation - Vendor Registration form Validated
