2024-10-04 10:06:32,760 INFO  Services_MobileAppDevelopmentMenu - Submenu clicked
2024-10-04 10:06:34,353 INFO  Services_MobileAppDevelopmentMenu - Android App Development Sub Menu Validated
2024-10-04 10:06:34,604 INFO  Services_MobileAppDevelopmentMenu - URL Entered
2024-10-04 10:06:35,189 INFO  Services_MobileAppDevelopmentMenu - Mousehover to the Service Menu
2024-10-04 10:06:36,420 INFO  Services_MobileAppDevelopmentMenu - Mousehover to the Mobile App development Submenu
2024-10-04 10:06:38,376 INFO  Services_MobileAppDevelopmentMenu - Submenu clicked
2024-10-04 10:06:38,635 INFO  Services_MobileAppDevelopmentMenu - Enterprise Mobile Application Development Sub Menu Validated
2024-10-04 10:06:39,055 INFO  Services_MobileAppDevelopmentMenu - URL Entered
2024-10-04 10:06:39,923 INFO  Services_MobileAppDevelopmentMenu - Mousehover to the Service Menu
2024-10-04 10:06:43,759 INFO  Services_MobileAppDevelopmentMenu - Mousehover to the Mobile App development Submenu
2024-10-04 10:06:52,504 INFO  Services_MobileAppDevelopmentMenu - Submenu clicked
2024-10-04 10:06:52,818 INFO  Services_MobileAppDevelopmentMenu - Startup App Development Sub Menu Validated
2024-10-04 10:06:53,234 INFO  Services_MobileAppDevelopmentMenu - URL Entered
2024-10-04 10:06:53,433 INFO  Services_MobileAppDevelopmentMenu - Mousehover to the Service Menu
2024-10-04 10:06:54,974 INFO  Services_MobileAppDevelopmentMenu - Mousehover to the Mobile App development Submenu
2024-10-04 10:06:56,158 INFO  Services_MobileAppDevelopmentMenu - Submenu clicked
2024-10-04 10:06:56,261 INFO  Services_MobileAppDevelopmentMenu - iOS App Development Sub Menu Validated
2024-10-04 10:06:56,314 INFO  Services_MobileAppDevelopmentMenu - URL Entered
2024-10-04 10:06:57,520 INFO  Services_MobileAppDevelopmentMenu - Mousehover to the Service Menu
2024-10-04 10:06:58,130 INFO  Services_MobileAppDevelopmentMenu - Mousehover to the Mobile App development Submenu
2024-10-04 10:06:59,278 INFO  Services_MobileAppDevelopmentMenu - Submenu clicked
2024-10-04 10:06:59,401 INFO  Services_MobileAppDevelopmentMenu - iPad App Development Sub Menu Validated
2024-10-04 10:06:59,976 INFO  Services_MobileAppDevelopmentMenu - URL Entered
2024-10-04 10:07:00,770 INFO  Services_MobileAppDevelopmentMenu - Mousehover to the Service Menu
2024-10-04 10:07:01,050 INFO  Services_MobileAppDevelopmentMenu - Mousehover to the Mobile App development Submenu
2024-10-04 10:07:01,929 INFO  Services_MobileAppDevelopmentMenu - Submenu clicked
2024-10-04 10:07:02,022 INFO  Services_MobileAppDevelopmentMenu - HTML5 Development Sub Menu Validated
2024-10-04 10:07:02,053 INFO  Services_MobileAppDevelopmentMenu - URL Entered
2024-10-04 10:07:02,989 INFO  Services_MobileAppDevelopmentMenu - Mousehover to the Service Menu
2024-10-04 10:07:03,340 INFO  Services_MobileAppDevelopmentMenu - Mousehover to the Mobile App development Submenu
2024-10-04 10:07:03,966 INFO  Services_MobileAppDevelopmentMenu - Submenu clicked
2024-10-04 10:07:04,028 INFO  Services_MobileAppDevelopmentMenu - Windows Application Development Sub Menu Validated
