2024-10-04 10:04:27,161 INFO  Header_Services_Submenu - Submenu clicked
2024-10-04 10:04:27,407 INFO  Header_Services_Submenu - Hire Our Didicated Developers Sub Menu Validated
2024-10-04 10:04:27,637 INFO  Header_Services_Submenu - URL Entered
2024-10-04 10:04:28,097 INFO  Header_Services_Submenu - Mousehover to the Service Menu
2024-10-04 10:04:28,244 INFO  Header_Services_Submenu - Submenu clicked
2024-10-04 10:04:28,244 INFO  Header_Services_Submenu - Web Design and Development Sub Menu Not Clickable
2024-10-04 10:04:28,445 INFO  Header_Services_Submenu - URL Entered
2024-10-04 10:04:28,814 INFO  Header_Services_Submenu - Mousehover to the Service Menu
2024-10-04 10:04:29,532 INFO  Header_Services_Submenu - Submenu clicked
2024-10-04 10:04:29,580 INFO  Header_Services_Submenu - Business Consulting Services Sub Menu Validated
2024-10-04 10:04:29,760 INFO  Header_Services_Submenu - URL Entered
2024-10-04 10:04:30,103 INFO  Header_Services_Submenu - Mousehover to the Service Menu
2024-10-04 10:04:30,987 INFO  Header_Services_Submenu - Submenu clicked
2024-10-04 10:04:31,007 INFO  Header_Services_Submenu - AI Services Sub Menu Validated
2024-10-04 10:04:31,291 INFO  Header_Services_Submenu - URL Entered
2024-10-04 10:04:31,684 INFO  Header_Services_Submenu - Mousehover to the Service Menu
2024-10-04 10:04:32,322 INFO  Header_Services_Submenu - Submenu clicked
2024-10-04 10:04:32,344 INFO  Header_Services_Submenu - Wallet Integration Service Sub Menu Validated
2024-10-04 10:04:32,532 INFO  Header_Services_Submenu - URL Entered
2024-10-04 10:04:32,926 INFO  Header_Services_Submenu - Mousehover to the Service Menu
2024-10-04 10:04:34,147 INFO  Header_Services_Submenu - Submenu clicked
2024-10-04 10:04:34,210 INFO  Header_Services_Submenu - Blockchain Development Sub Menu Validated
2024-10-04 10:04:34,233 INFO  Header_Services_Submenu - URL Entered
2024-10-04 10:04:34,873 INFO  Header_Services_Submenu - Mousehover to the Service Menu
2024-10-04 10:04:36,045 INFO  Header_Services_Submenu - Submenu clicked
2024-10-04 10:04:36,139 INFO  Header_Services_Submenu - Managed Services Sub Menu Validated
