2024-10-03 10:24:26,668 INFO  Forms_Validation - Submenu clicked
2024-10-03 10:24:29,463 INFO  Forms_Validation - Name of the company Field Validated
2024-10-03 10:24:33,633 INFO  Forms_Validation - Number of employees is Validated
2024-10-03 10:24:36,537 INFO  Forms_Validation - Company Type is Validated
2024-10-03 10:24:39,442 INFO  Forms_Validation - Industry Experience Field is Validated
2024-10-03 10:24:48,129 INFO  Forms_Validation - TEch Expertise is Validated
2024-10-03 10:24:48,309 INFO  Forms_Validation - Tax ID Field Validated
2024-10-03 10:24:49,500 INFO  Forms_Validation - Registration Number Field Validated
2024-10-03 10:24:49,763 INFO  Forms_Validation - Address Field Validated
2024-10-03 10:24:49,892 INFO  Forms_Validation - City Field Validated
2024-10-03 10:24:50,029 INFO  Forms_Validation - Website Field Validated
2024-10-03 10:24:50,161 INFO  Forms_Validation - Portfolio URL Field Validated
2024-10-03 10:24:50,254 INFO  Forms_Validation - Name of the Contact person Field Validated
2024-10-03 10:24:50,371 INFO  Forms_Validation - Job title of contact person Field Validated
2024-10-03 10:24:50,504 INFO  Forms_Validation - Contact Number Field Validated
2024-10-03 10:24:50,663 INFO  Forms_Validation - Whatsapp  Field Validated
2024-10-03 10:24:50,821 INFO  Forms_Validation - Email field Field Validated
2024-10-03 10:24:50,968 INFO  Forms_Validation - Bank Details Field Validated
2024-10-03 10:24:51,105 INFO  Forms_Validation - Any Relevant Certificate Field Validated
2024-10-03 10:24:51,215 INFO  Forms_Validation - Decision Maker Field Validated
2024-10-03 10:24:51,369 INFO  Forms_Validation - Decision maker Email Field Validated
2024-10-03 10:24:51,746 INFO  Forms_Validation - Brief Description about the company Field Validated
2024-10-03 10:24:51,746 INFO  Forms_Validation - Vendor Registration form Validated
