2024-10-03 10:27:48,978 INFO  Header_About_Us_SubMenu - Submenu clicked
2024-10-03 10:27:49,000 INFO  Header_About_Us_SubMenu - Partner With Us Sub Menu Validated
2024-10-03 10:27:49,201 INFO  Header_About_Us_SubMenu - URL Entered
2024-10-03 10:28:10,942 INFO  Header_About_Us_SubMenu - Submenu clicked
2024-10-03 10:28:11,025 INFO  Header_About_Us_SubMenu - Testimonials Sub Menu Validated
2024-10-03 10:28:11,376 INFO  Header_About_Us_SubMenu - URL Entered
2024-10-03 10:28:11,889 INFO  Header_About_Us_SubMenu - Submenu clicked
2024-10-03 10:28:11,901 INFO  Header_About_Us_SubMenu - Vendor Registration Sub Menu Validated
2024-10-03 10:28:12,101 INFO  Header_About_Us_SubMenu - URL Entered
2024-10-03 10:28:12,675 INFO  Header_About_Us_SubMenu - Submenu clicked
2024-10-03 10:28:12,719 INFO  Header_About_Us_SubMenu - Technologies Sub Menu Validated
2024-10-03 10:28:12,922 INFO  Header_About_Us_SubMenu - URL Entered
2024-10-03 10:28:13,437 INFO  Header_About_Us_SubMenu - Submenu clicked
2024-10-03 10:28:13,485 INFO  Header_About_Us_SubMenu - Methodology Sub Menu Validated
2024-10-03 10:28:13,684 INFO  Header_About_Us_SubMenu - URL Entered
2024-10-03 10:28:14,185 INFO  Header_About_Us_SubMenu - Submenu clicked
2024-10-03 10:28:14,256 INFO  Header_About_Us_SubMenu - Alliances Sub Menu Validated
2024-10-03 10:28:14,489 INFO  Header_About_Us_SubMenu - URL Entered
2024-10-03 10:28:15,040 INFO  Header_About_Us_SubMenu - Submenu clicked
2024-10-03 10:28:15,087 INFO  Header_About_Us_SubMenu - Infrastructure Sub Menu Validated
2024-10-03 10:28:36,358 INFO  Header_About_Us_SubMenu - URL Entered
2024-10-03 10:28:37,157 INFO  Header_About_Us_SubMenu - Submenu clicked
2024-10-03 10:28:37,217 INFO  Header_About_Us_SubMenu - Group Companies Sub Menu Validated
