2024-10-03 10:22:29,708 INFO  Header_Menu_Header - About Us Menu Validated
2024-10-03 10:22:29,902 INFO  Header_Menu_Header - URL Entered
2024-10-03 10:22:31,607 INFO  Header_Menu_Header - Get_Quote Menu Validated
2024-10-03 10:22:32,285 INFO  Header_Menu_Header - URL Entered
2024-10-03 10:22:33,263 INFO  Header_Menu_Header - Contact Menu Validated
2024-10-03 10:22:33,514 INFO  Header_Menu_Header - URL Entered
2024-10-03 10:22:34,439 INFO  Header_Menu_Header - Portfolio Menu Validated
2024-10-03 10:22:34,659 INFO  Header_Menu_Header - URL Entered
2024-10-03 10:22:35,633 INFO  Header_Menu_Header - Blog Menu Validated
2024-10-03 10:22:35,844 INFO  Header_Menu_Header - URL Entered
2024-10-03 10:22:41,095 INFO  Header_Menu_Header - Contact Telephone Icon Validated
2024-10-03 10:28:46,691 INFO  Home_Page_Footer_Menu - Footer About Us Menu Validated
2024-10-03 10:28:46,879 INFO  Home_Page_Footer_Menu - URL Entered
2024-10-03 10:28:48,206 INFO  Home_Page_Footer_Menu - Footer Careers Menu Validated
2024-10-03 10:28:48,391 INFO  Home_Page_Footer_Menu - URL Entered
2024-10-03 10:28:49,283 INFO  Home_Page_Footer_Menu - Footer Become Our Representative Menu Validated
2024-10-03 10:28:49,469 INFO  Home_Page_Footer_Menu - URL Entered
2024-10-03 10:28:53,800 INFO  Home_Page_Footer_Menu - Footer Privacy Policy Menu Validated
2024-10-03 10:28:53,976 INFO  Home_Page_Footer_Menu - URL Entered
2024-10-03 10:28:55,390 INFO  Home_Page_Footer_Menu - Footer About Us Menu Validated
