2024-10-03 10:25:16,210 INFO  Header_Services_Submenu - Submenu clicked
2024-10-03 10:25:16,265 INFO  Header_Services_Submenu - Hire Our Didicated Developers Sub Menu Validated
2024-10-03 10:25:16,407 INFO  Header_Services_Submenu - URL Entered
2024-10-03 10:25:21,587 INFO  Header_Services_Submenu - Mousehover to the Service Menu
2024-10-03 10:25:21,611 INFO  Header_Services_Submenu - Submenu clicked
2024-10-03 10:25:21,611 INFO  Header_Services_Submenu - Web Design and Development Sub Menu Not Clickable
2024-10-03 10:25:21,787 INFO  Header_Services_Submenu - URL Entered
2024-10-03 10:25:26,994 INFO  Header_Services_Submenu - Mousehover to the Service Menu
2024-10-03 10:25:27,492 INFO  Header_Services_Submenu - Submenu clicked
2024-10-03 10:25:27,538 INFO  Header_Services_Submenu - Business Consulting Services Sub Menu Validated
2024-10-03 10:25:27,677 INFO  Header_Services_Submenu - URL Entered
2024-10-03 10:25:32,838 INFO  Header_Services_Submenu - Mousehover to the Service Menu
2024-10-03 10:25:33,682 INFO  Header_Services_Submenu - Submenu clicked
2024-10-03 10:25:33,692 INFO  Header_Services_Submenu - AI Services Sub Menu Validated
2024-10-03 10:25:33,853 INFO  Header_Services_Submenu - URL Entered
2024-10-03 10:25:39,014 INFO  Header_Services_Submenu - Mousehover to the Service Menu
2024-10-03 10:25:39,518 INFO  Header_Services_Submenu - Submenu clicked
2024-10-03 10:25:39,526 INFO  Header_Services_Submenu - Wallet Integration Service Sub Menu Validated
2024-10-03 10:25:39,687 INFO  Header_Services_Submenu - URL Entered
2024-10-03 10:25:44,851 INFO  Header_Services_Submenu - Mousehover to the Service Menu
2024-10-03 10:25:46,259 INFO  Header_Services_Submenu - Submenu clicked
2024-10-03 10:25:46,486 INFO  Header_Services_Submenu - Blockchain Development Sub Menu Validated
2024-10-03 10:25:46,694 INFO  Header_Services_Submenu - URL Entered
2024-10-03 10:25:51,862 INFO  Header_Services_Submenu - Mousehover to the Service Menu
2024-10-03 10:25:52,531 INFO  Header_Services_Submenu - Submenu clicked
2024-10-03 10:25:52,578 INFO  Header_Services_Submenu - Managed Services Sub Menu Validated
