2024-10-03 10:23:02,999 INFO  Forms_Validation - Name Field Validated
2024-10-03 10:23:03,731 INFO  Forms_Validation - Email Field Validated
2024-10-03 10:23:04,144 INFO  Forms_Validation - Company Name Field Validated
2024-10-03 10:23:11,826 INFO  Forms_Validation - Select Interest is Validated
2024-10-03 10:23:14,134 INFO  Forms_Validation - Budget Field is Validated
2024-10-03 10:23:14,357 INFO  Forms_Validation - Requirement Field is validated
2024-10-03 10:23:14,398 INFO  Forms_Validation - Get Quote Form Validated
2024-10-03 10:23:14,643 INFO  Forms_Validation - URL Entered
2024-10-03 10:23:15,773 INFO  Forms_Validation - Name Field Validated
2024-10-03 10:23:15,868 INFO  Forms_Validation - Email Field Validated
2024-10-03 10:23:23,661 INFO  Forms_Validation - Select Interest is Validated
2024-10-03 10:23:27,150 INFO  Forms_Validation - Budget Field is Validated
2024-10-03 10:23:27,438 INFO  Forms_Validation - Requirement Field is validated
2024-10-03 10:23:27,438 INFO  Forms_Validation - Quick Consultation form Validated
2024-10-03 10:23:27,743 INFO  Forms_Validation - URL Entered
2024-10-03 10:23:29,840 INFO  Forms_Validation - Job Application Menu clicked
2024-10-03 10:23:33,124 INFO  Forms_Validation - Name Field Validated
2024-10-03 10:23:33,840 INFO  Forms_Validation - Email Field Validated
2024-10-03 10:23:35,677 INFO  Forms_Validation - phone number field validated
2024-10-03 10:23:42,589 INFO  Forms_Validation - Select Post is Validated
2024-10-03 10:23:44,358 INFO  Forms_Validation - Location Field is Validated
2024-10-03 10:23:47,891 INFO  Forms_Validation - Search Engine Field is Validated
2024-10-03 10:23:49,262 INFO  Forms_Validation - Gender Field Vaidated
2024-10-03 10:24:09,164 INFO  Forms_Validation - Year of Experience Field is Validated
2024-10-03 10:24:13,380 INFO  Forms_Validation - Month of experience Field is Validated
2024-10-03 10:24:13,579 INFO  Forms_Validation - Highest Qualification field is validated
2024-10-03 10:24:13,801 INFO  Forms_Validation - Key Skills field is validated
2024-10-03 10:24:13,889 INFO  Forms_Validation - Current Designation field is validated
2024-10-03 10:24:13,974 INFO  Forms_Validation - Current Location Field is validated
2024-10-03 10:24:13,975 INFO  Forms_Validation - Job Allication Form Validated
2024-10-03 10:24:14,588 INFO  Forms_Validation - URL Entered
2024-10-03 10:24:21,116 INFO  Forms_Validation - Moved to Home Element
2024-10-03 10:24:21,474 INFO  Forms_Validation - Online is Clicked
2024-10-03 10:24:21,716 INFO  Forms_Validation - Moved to Home Element
2024-10-03 10:24:22,013 INFO  Forms_Validation - Name Field Validated
2024-10-03 10:24:22,242 INFO  Forms_Validation - Email Field Validated
2024-10-03 10:24:22,521 INFO  Forms_Validation - Phone Field Validated
2024-10-03 10:24:24,490 INFO  Forms_Validation - Interested service validation Failure
2024-10-03 10:24:25,528 INFO  Forms_Validation - URL Entered
2024-10-03 10:24:26,668 INFO  Forms_Validation - Submenu clicked
2024-10-03 10:24:29,463 INFO  Forms_Validation - Name of the company Field Validated
2024-10-03 10:24:33,633 INFO  Forms_Validation - Number of employees is Validated
2024-10-03 10:24:36,537 INFO  Forms_Validation - Company Type is Validated
2024-10-03 10:24:39,442 INFO  Forms_Validation - Industry Experience Field is Validated
2024-10-03 10:24:48,129 INFO  Forms_Validation - TEch Expertise is Validated
2024-10-03 10:24:48,309 INFO  Forms_Validation - Tax ID Field Validated
2024-10-03 10:24:49,500 INFO  Forms_Validation - Registration Number Field Validated
2024-10-03 10:24:49,763 INFO  Forms_Validation - Address Field Validated
2024-10-03 10:24:49,892 INFO  Forms_Validation - City Field Validated
2024-10-03 10:24:50,029 INFO  Forms_Validation - Website Field Validated
2024-10-03 10:24:50,161 INFO  Forms_Validation - Portfolio URL Field Validated
2024-10-03 10:24:50,254 INFO  Forms_Validation - Name of the Contact person Field Validated
2024-10-03 10:24:50,371 INFO  Forms_Validation - Job title of contact person Field Validated
2024-10-03 10:24:50,504 INFO  Forms_Validation - Contact Number Field Validated
2024-10-03 10:24:50,663 INFO  Forms_Validation - Whatsapp  Field Validated
2024-10-03 10:24:50,821 INFO  Forms_Validation - Email field Field Validated
2024-10-03 10:24:50,968 INFO  Forms_Validation - Bank Details Field Validated
2024-10-03 10:24:51,105 INFO  Forms_Validation - Any Relevant Certificate Field Validated
2024-10-03 10:24:51,215 INFO  Forms_Validation - Decision Maker Field Validated
2024-10-03 10:24:51,369 INFO  Forms_Validation - Decision maker Email Field Validated
2024-10-03 10:24:51,746 INFO  Forms_Validation - Brief Description about the company Field Validated
2024-10-03 10:24:51,746 INFO  Forms_Validation - Vendor Registration form Validated
