2024-10-03 10:29:18,563 INFO  Services_MobileAppDevelopmentMenu - Submenu clicked
2024-10-03 10:29:20,091 INFO  Services_MobileAppDevelopmentMenu - Android App Development Sub Menu Validated
2024-10-03 10:29:21,473 INFO  Services_MobileAppDevelopmentMenu - URL Entered
2024-10-03 10:29:21,738 INFO  Services_MobileAppDevelopmentMenu - Mousehover to the Service Menu
2024-10-03 10:29:22,439 INFO  Services_MobileAppDevelopmentMenu - Mousehover to the Mobile App development Submenu
2024-10-03 10:29:23,319 INFO  Services_MobileAppDevelopmentMenu - Submenu clicked
2024-10-03 10:29:23,398 INFO  Services_MobileAppDevelopmentMenu - Enterprise Mobile Application Development Sub Menu Validated
2024-10-03 10:29:23,609 INFO  Services_MobileAppDevelopmentMenu - URL Entered
2024-10-03 10:29:23,966 INFO  Services_MobileAppDevelopmentMenu - Mousehover to the Service Menu
2024-10-03 10:29:24,421 INFO  Services_MobileAppDevelopmentMenu - Mousehover to the Mobile App development Submenu
2024-10-03 10:29:38,691 INFO  Services_MobileAppDevelopmentMenu - Submenu clicked
2024-10-03 10:29:38,760 INFO  Services_MobileAppDevelopmentMenu - Startup App Development Sub Menu Validated
2024-10-03 10:29:39,000 INFO  Services_MobileAppDevelopmentMenu - URL Entered
2024-10-03 10:29:39,195 INFO  Services_MobileAppDevelopmentMenu - Mousehover to the Service Menu
2024-10-03 10:29:39,820 INFO  Services_MobileAppDevelopmentMenu - Mousehover to the Mobile App development Submenu
2024-10-03 10:29:41,083 INFO  Services_MobileAppDevelopmentMenu - Submenu clicked
2024-10-03 10:29:41,138 INFO  Services_MobileAppDevelopmentMenu - iOS App Development Sub Menu Validated
2024-10-03 10:29:43,936 INFO  Services_MobileAppDevelopmentMenu - URL Entered
2024-10-03 10:29:44,165 INFO  Services_MobileAppDevelopmentMenu - Mousehover to the Service Menu
2024-10-03 10:29:44,382 INFO  Services_MobileAppDevelopmentMenu - Mousehover to the Mobile App development Submenu
2024-10-03 10:29:48,651 INFO  Services_MobileAppDevelopmentMenu - Submenu clicked
2024-10-03 10:29:48,696 INFO  Services_MobileAppDevelopmentMenu - iPad App Development Sub Menu Validated
2024-10-03 10:29:48,893 INFO  Services_MobileAppDevelopmentMenu - URL Entered
2024-10-03 10:29:49,205 INFO  Services_MobileAppDevelopmentMenu - Mousehover to the Service Menu
2024-10-03 10:29:49,466 INFO  Services_MobileAppDevelopmentMenu - Mousehover to the Mobile App development Submenu
2024-10-03 10:30:00,109 INFO  Services_MobileAppDevelopmentMenu - Submenu clicked
2024-10-03 10:30:00,163 INFO  Services_MobileAppDevelopmentMenu - HTML5 Development Sub Menu Validated
2024-10-03 10:30:00,385 INFO  Services_MobileAppDevelopmentMenu - URL Entered
2024-10-03 10:30:00,695 INFO  Services_MobileAppDevelopmentMenu - Mousehover to the Service Menu
2024-10-03 10:30:00,954 INFO  Services_MobileAppDevelopmentMenu - Mousehover to the Mobile App development Submenu
2024-10-03 10:30:04,845 INFO  Services_MobileAppDevelopmentMenu - Submenu clicked
2024-10-03 10:30:04,886 INFO  Services_MobileAppDevelopmentMenu - Windows Application Development Sub Menu Validated
