2025-01-31 10:29:13,038 INFO  Home_Menu_Body - Moved to Home Element
2025-01-31 10:29:16,213 INFO  Home_Menu_Body - Our Services Digital Marketing Services Menu clicked
2025-01-31 10:29:16,233 INFO  Home_Menu_Body - Our Services Digital Marketing Services Menu Validated
2025-01-31 10:29:16,531 INFO  Home_Menu_Body - URL Entered
2025-01-31 10:29:16,796 INFO  Home_Menu_Body - Moved to Home Element
2025-01-31 10:29:19,606 INFO  Home_Menu_Body - Our Services Mobile App Marketing Menu clicked
2025-01-31 10:29:19,644 INFO  Home_Menu_Body - Our Services Mobile App Marketing Menu Validated
2025-01-31 10:29:19,965 INFO  Home_Menu_Body - URL Entered
2025-01-31 10:29:20,114 INFO  Home_Menu_Body - Moved to Home Element
2025-01-31 10:29:22,613 INFO  Home_Menu_Body - services Sea more button clicked
2025-01-31 10:29:23,340 INFO  Home_Menu_Body - Our Services IoT Development Menu clicked
2025-01-31 10:29:23,359 INFO  Home_Menu_Body - Our Services IoT Development Menu Validated
2025-01-31 10:29:23,706 INFO  Home_Menu_Body - URL Entered
2025-01-31 10:29:23,969 INFO  Home_Menu_Body - Moved to Home Element
2025-01-31 10:29:26,046 INFO  Home_Menu_Body - services Sea more button clicked
2025-01-31 10:29:28,008 INFO  Home_Menu_Body - Our Services Enterprise App Development Menu clicked
2025-01-31 10:29:28,024 INFO  Home_Menu_Body - Our Services Enterprise App Development Menu Validated
2025-01-31 10:29:28,336 INFO  Home_Menu_Body - URL Entered
2025-01-31 10:29:28,619 INFO  Home_Menu_Body - Moved to Home Element
2025-01-31 10:29:30,666 INFO  Home_Menu_Body - services Sea more button clicked
2025-01-31 10:29:31,604 INFO  Home_Menu_Body - Our Services UI / UX Design Menu clicked
2025-01-31 10:29:31,623 INFO  Home_Menu_Body - Our Services UI / UX Design Menu Validated
2025-01-31 10:29:32,064 INFO  Home_Menu_Body - URL Entered
2025-01-31 10:29:32,366 INFO  Home_Menu_Body - Moved to Home Element
2025-01-31 10:29:34,444 INFO  Home_Menu_Body - services Sea more button clicked
2025-01-31 10:29:35,217 INFO  Home_Menu_Body - Our Services Web development services Menu clicked
2025-01-31 10:29:35,237 INFO  Home_Menu_Body - Our Services Web development services Menu Validated
