2025-01-31 10:30:02,111 INFO  Home_Page_Footer_Menu - Become our Representatives menu clicked
2025-01-31 10:30:02,130 INFO  Home_Page_Footer_Menu - Footer Become Our Representative Menu Validated
2025-01-31 10:30:02,411 INFO  Home_Page_Footer_Menu - URL Entered
2025-01-31 10:30:03,029 INFO  Home_Page_Footer_Menu - Privacy policy menu clicked
2025-01-31 10:30:03,041 INFO  Home_Page_Footer_Menu - Footer Privacy Policy Menu Validated
2025-01-31 10:30:03,310 INFO  Home_Page_Footer_Menu - URL Entered
2025-01-31 10:30:03,905 INFO  Home_Page_Footer_Menu - site map menu clicked
2025-01-31 10:30:03,918 INFO  Home_Page_Footer_Menu - Footer Subscribe button Validated
2025-01-31 10:30:04,200 INFO  Home_Page_Footer_Menu - URL Entered
2025-01-31 10:30:04,368 INFO  Home_Page_Footer_Menu - Mousehover to the Service Menu
2025-01-31 10:30:08,679 INFO  Home_Page_Footer_Menu - Subscibe button clicked
2025-01-31 10:30:10,781 INFO  Home_Page_Footer_Menu - Footer Subscibe button Validated
2025-01-31 10:30:11,155 INFO  Home_Page_Footer_Menu - URL Entered
2025-01-31 10:30:11,877 INFO  Home_Page_Footer_Menu - iOS App Development Menu clicked
2025-01-31 10:30:11,891 INFO  Home_Page_Footer_Menu - iOS App Development Menu Validated
2025-01-31 10:30:12,184 INFO  Home_Page_Footer_Menu - URL Entered
2025-01-31 10:30:12,863 INFO  Home_Page_Footer_Menu - Android App Development Menu clicked
2025-01-31 10:30:12,879 INFO  Home_Page_Footer_Menu - Android App Development Menu Validated
2025-01-31 10:30:13,187 INFO  Home_Page_Footer_Menu - URL Entered
2025-01-31 10:30:14,565 INFO  Home_Page_Footer_Menu - Mobile Games Marketing Menu clicked
2025-01-31 10:30:14,582 INFO  Home_Page_Footer_Menu - Mobile Games Marketing Menu Validated
2025-01-31 10:30:14,974 INFO  Home_Page_Footer_Menu - URL Entered
2025-01-31 10:30:15,697 INFO  Home_Page_Footer_Menu - IoT Development Services Menu clicked
2025-01-31 10:30:15,713 INFO  Home_Page_Footer_Menu - IoT Development Services Menu Validated
2025-01-31 10:30:16,030 INFO  Home_Page_Footer_Menu - URL Entered
2025-01-31 10:30:16,714 INFO  Home_Page_Footer_Menu - Web App Development Menu clicked
2025-01-31 10:30:16,731 INFO  Home_Page_Footer_Menu - Web App Development Menu Validated
2025-01-31 10:30:17,016 INFO  Home_Page_Footer_Menu - URL Entered
2025-01-31 10:30:17,812 INFO  Home_Page_Footer_Menu - Blockchain Development Menu clicked
2025-01-31 10:30:17,826 INFO  Home_Page_Footer_Menu - Blockchain Development Menu Validated
2025-01-31 10:30:18,241 INFO  Home_Page_Footer_Menu - URL Entered
2025-01-31 10:30:18,958 INFO  Home_Page_Footer_Menu - ICO Marketing Menu clicked
2025-01-31 10:30:18,976 INFO  Home_Page_Footer_Menu - ICO Marketing Menu Validated
2025-01-31 10:30:19,426 INFO  Home_Page_Footer_Menu - URL Entered
2025-01-31 10:30:20,177 INFO  Home_Page_Footer_Menu - Wallet Integration Menu clicked
2025-01-31 10:30:20,189 INFO  Home_Page_Footer_Menu - Wallet Integration Menu Validated
2025-01-31 10:30:20,516 INFO  Home_Page_Footer_Menu - URL Entered
2025-01-31 10:30:20,682 INFO  Home_Page_Footer_Menu - School Management Software Menu clicked
2025-01-31 10:30:22,801 INFO  Home_Page_Footer_Menu - School Management Software Menu Validated
2025-01-31 10:30:23,295 INFO  Home_Page_Footer_Menu - URL Entered
2025-01-31 10:30:23,477 INFO  Home_Page_Footer_Menu - Intelligent Business Process Automation Software Menu clicked
2025-01-31 10:30:24,241 INFO  Home_Page_Footer_Menu - Intelligent Business Process Automation Software Menu Validated
