2025-01-31 10:27:33,000 INFO  Header_Services_Submenu - Submenu clicked
2025-01-31 10:27:33,056 INFO  Header_Services_Submenu - Mobile App Development Sub Menu Validated
2025-01-31 10:27:33,368 INFO  Header_Services_Submenu - URL Entered
2025-01-31 10:27:33,573 INFO  Header_Services_Submenu - Mousehover to the Service Menu
2025-01-31 10:27:34,605 INFO  Header_Services_Submenu - Submenu clicked
2025-01-31 10:27:34,680 INFO  Header_Services_Submenu - Digital Marketing Sub Menu Validated
2025-01-31 10:27:34,999 INFO  Header_Services_Submenu - URL Entered
2025-01-31 10:27:35,504 INFO  Header_Services_Submenu - Mousehover to the Service Menu
2025-01-31 10:27:36,667 INFO  Header_Services_Submenu - Submenu clicked
2025-01-31 10:27:36,677 INFO  Header_Services_Submenu - Mobile App Marketing Agency Sub Menu Validated
2025-01-31 10:27:37,015 INFO  Header_Services_Submenu - URL Entered
2025-01-31 10:27:37,442 INFO  Header_Services_Submenu - Mousehover to the Service Menu
2025-01-31 10:27:38,339 INFO  Header_Services_Submenu - Submenu clicked
2025-01-31 10:27:38,422 INFO  Header_Services_Submenu - Hire Our Didicated Developers Sub Menu Validated
2025-01-31 10:27:38,885 INFO  Header_Services_Submenu - URL Entered
2025-01-31 10:27:39,685 INFO  Header_Services_Submenu - Mousehover to the Service Menu
2025-01-31 10:27:39,845 INFO  Header_Services_Submenu - Submenu clicked
2025-01-31 10:27:39,845 INFO  Header_Services_Submenu - Web Design and Development Sub Menu Not Clickable
2025-01-31 10:27:40,512 INFO  Header_Services_Submenu - URL Entered
2025-01-31 10:27:40,757 INFO  Header_Services_Submenu - Mousehover to the Service Menu
2025-01-31 10:27:41,575 INFO  Header_Services_Submenu - Submenu clicked
2025-01-31 10:27:41,623 INFO  Header_Services_Submenu - Business Consulting Services Sub Menu Validated
2025-01-31 10:27:42,026 INFO  Header_Services_Submenu - URL Entered
2025-01-31 10:27:42,451 INFO  Header_Services_Submenu - Mousehover to the Service Menu
2025-01-31 10:27:43,142 INFO  Header_Services_Submenu - Submenu clicked
2025-01-31 10:27:43,157 INFO  Header_Services_Submenu - AI Services Sub Menu Validated
2025-01-31 10:27:43,637 INFO  Header_Services_Submenu - URL Entered
2025-01-31 10:27:44,355 INFO  Header_Services_Submenu - Mousehover to the Service Menu
2025-01-31 10:27:45,914 INFO  Header_Services_Submenu - Submenu clicked
2025-01-31 10:27:46,548 INFO  Header_Services_Submenu - GIS Services Sub Menu Validated
