2025-01-31 10:27:03,949 INFO  Forms_Validation - Submenu clicked
2025-01-31 10:27:06,117 INFO  Forms_Validation - Name of the company Field Validated
2025-01-31 10:27:09,494 INFO  Forms_Validation - Number of employees is Validated
2025-01-31 10:27:12,517 INFO  Forms_Validation - Company Type is Validated
2025-01-31 10:27:15,406 INFO  Forms_Validation - Industry Experience Field is Validated
2025-01-31 10:27:23,726 INFO  Forms_Validation - TEch Expertise is Validated
2025-01-31 10:27:23,864 INFO  Forms_Validation - Tax ID Field Validated
2025-01-31 10:27:25,003 INFO  Forms_Validation - Registration Number Field Validated
2025-01-31 10:27:25,273 INFO  Forms_Validation - Address Field Validated
2025-01-31 10:27:25,379 INFO  Forms_Validation - City Field Validated
2025-01-31 10:27:25,484 INFO  Forms_Validation - Website Field Validated
2025-01-31 10:27:25,617 INFO  Forms_Validation - Portfolio URL Field Validated
2025-01-31 10:27:25,711 INFO  Forms_Validation - Name of the Contact person Field Validated
2025-01-31 10:27:25,829 INFO  Forms_Validation - Job title of contact person Field Validated
2025-01-31 10:27:25,950 INFO  Forms_Validation - Contact Number Field Validated
2025-01-31 10:27:26,076 INFO  Forms_Validation - Whatsapp  Field Validated
2025-01-31 10:27:26,214 INFO  Forms_Validation - Email field Field Validated
2025-01-31 10:27:26,342 INFO  Forms_Validation - Bank Details Field Validated
2025-01-31 10:27:26,439 INFO  Forms_Validation - Any Relevant Certificate Field Validated
2025-01-31 10:27:26,529 INFO  Forms_Validation - Decision Maker Field Validated
2025-01-31 10:27:26,680 INFO  Forms_Validation - Decision maker Email Field Validated
2025-01-31 10:27:26,913 INFO  Forms_Validation - Brief Description about the company Field Validated
2025-01-31 10:27:26,913 INFO  Forms_Validation - Vendor Registration form Validated
