2025-01-31 10:32:08,094 INFO  Services_MobileAppMarketingAgency_Menu - Submenu clicked
2025-01-31 10:32:09,614 INFO  Services_MobileAppMarketingAgency_Menu - iPhone Apps Marketing Sub Menu Validated
2025-01-31 10:32:09,927 INFO  Services_MobileAppMarketingAgency_Menu - URL Entered
2025-01-31 10:32:10,363 INFO  Services_MobileAppMarketingAgency_Menu - Mousehover to the Service Menu
2025-01-31 10:32:10,815 INFO  Services_MobileAppMarketingAgency_Menu - Mousehover to the Mobile App Marketing Agency Submenu
2025-01-31 10:32:13,472 INFO  Services_MobileAppMarketingAgency_Menu - Submenu clicked
2025-01-31 10:32:15,011 INFO  Services_MobileAppMarketingAgency_Menu - Free Consulations Service Sub Menu Validated
2025-01-31 10:32:15,423 INFO  Services_MobileAppMarketingAgency_Menu - URL Entered
2025-01-31 10:32:15,881 INFO  Services_MobileAppMarketingAgency_Menu - Mousehover to the Service Menu
2025-01-31 10:32:16,142 INFO  Services_MobileAppMarketingAgency_Menu - Mousehover to the Mobile App Marketing Agency Submenu
2025-01-31 10:32:18,792 INFO  Services_MobileAppMarketingAgency_Menu - Submenu clicked
2025-01-31 10:32:20,326 INFO  Services_MobileAppMarketingAgency_Menu - Mobile App Ads Campaign Management Sub Menu Validated
2025-01-31 10:32:20,700 INFO  Services_MobileAppMarketingAgency_Menu - URL Entered
2025-01-31 10:32:20,870 INFO  Services_MobileAppMarketingAgency_Menu - Mousehover to the Service Menu
2025-01-31 10:32:21,446 INFO  Services_MobileAppMarketingAgency_Menu - Mousehover to the Mobile App Marketing Agency Submenu
2025-01-31 10:32:24,231 INFO  Services_MobileAppMarketingAgency_Menu - Submenu clicked
2025-01-31 10:32:25,774 INFO  Services_MobileAppMarketingAgency_Menu - Mobile Games Marketing Sub Menu Validated
2025-01-31 10:32:26,170 INFO  Services_MobileAppMarketingAgency_Menu - URL Entered
2025-01-31 10:32:26,611 INFO  Services_MobileAppMarketingAgency_Menu - Mousehover to the Service Menu
2025-01-31 10:32:26,873 INFO  Services_MobileAppMarketingAgency_Menu - Mousehover to the Mobile App Marketing Agency Submenu
2025-01-31 10:32:29,523 INFO  Services_MobileAppMarketingAgency_Menu - Submenu clicked
2025-01-31 10:32:31,064 INFO  Services_MobileAppMarketingAgency_Menu - Mobile Pre Launch Activities Sub Menu Validated
2025-01-31 10:32:31,438 INFO  Services_MobileAppMarketingAgency_Menu - URL Entered
2025-01-31 10:32:31,923 INFO  Services_MobileAppMarketingAgency_Menu - Mousehover to the Service Menu
2025-01-31 10:32:32,133 INFO  Services_MobileAppMarketingAgency_Menu - Mousehover to the Mobile App Marketing Agency Submenu
2025-01-31 10:32:34,787 INFO  Services_MobileAppMarketingAgency_Menu - Submenu clicked
2025-01-31 10:32:36,328 INFO  Services_MobileAppMarketingAgency_Menu - Mobile App Market Research Sub Menu Validated
2025-01-31 10:32:36,723 INFO  Services_MobileAppMarketingAgency_Menu - URL Entered
2025-01-31 10:32:37,153 INFO  Services_MobileAppMarketingAgency_Menu - Mousehover to the Service Menu
2025-01-31 10:32:37,437 INFO  Services_MobileAppMarketingAgency_Menu - Mousehover to the Mobile App Marketing Agency Submenu
2025-01-31 10:32:40,065 INFO  Services_MobileAppMarketingAgency_Menu - Submenu clicked
2025-01-31 10:32:41,603 INFO  Services_MobileAppMarketingAgency_Menu - Mobile App Growth Marketing Sub Menu Validated
2025-01-31 10:32:42,229 INFO  Services_MobileAppMarketingAgency_Menu - URL Entered
2025-01-31 10:32:43,024 INFO  Services_MobileAppMarketingAgency_Menu - Mousehover to the Service Menu
2025-01-31 10:32:43,493 INFO  Services_MobileAppMarketingAgency_Menu - Mousehover to the Mobile App Marketing Agency Submenu
2025-01-31 10:32:46,283 INFO  Services_MobileAppMarketingAgency_Menu - Submenu clicked
2025-01-31 10:32:47,818 INFO  Services_MobileAppMarketingAgency_Menu - Mobile App Prototype Sub Menu Validated
