2025-01-31 10:30:15,697 INFO  Home_Page_Footer_Menu - IoT Development Services Menu clicked
2025-01-31 10:30:15,713 INFO  Home_Page_Footer_Menu - IoT Development Services Menu Validated
2025-01-31 10:30:16,030 INFO  Home_Page_Footer_Menu - URL Entered
2025-01-31 10:30:16,714 INFO  Home_Page_Footer_Menu - Web App Development Menu clicked
2025-01-31 10:30:16,731 INFO  Home_Page_Footer_Menu - Web App Development Menu Validated
2025-01-31 10:30:17,016 INFO  Home_Page_Footer_Menu - URL Entered
2025-01-31 10:30:17,812 INFO  Home_Page_Footer_Menu - Blockchain Development Menu clicked
2025-01-31 10:30:17,826 INFO  Home_Page_Footer_Menu - Blockchain Development Menu Validated
2025-01-31 10:30:18,241 INFO  Home_Page_Footer_Menu - URL Entered
2025-01-31 10:30:18,958 INFO  Home_Page_Footer_Menu - ICO Marketing Menu clicked
2025-01-31 10:30:18,976 INFO  Home_Page_Footer_Menu - ICO Marketing Menu Validated
2025-01-31 10:30:19,426 INFO  Home_Page_Footer_Menu - URL Entered
2025-01-31 10:30:20,177 INFO  Home_Page_Footer_Menu - Wallet Integration Menu clicked
2025-01-31 10:30:20,189 INFO  Home_Page_Footer_Menu - Wallet Integration Menu Validated
2025-01-31 10:30:20,516 INFO  Home_Page_Footer_Menu - URL Entered
2025-01-31 10:30:20,682 INFO  Home_Page_Footer_Menu - School Management Software Menu clicked
2025-01-31 10:30:22,801 INFO  Home_Page_Footer_Menu - School Management Software Menu Validated
2025-01-31 10:30:23,295 INFO  Home_Page_Footer_Menu - URL Entered
2025-01-31 10:30:23,477 INFO  Home_Page_Footer_Menu - Intelligent Business Process Automation Software Menu clicked
2025-01-31 10:30:24,241 INFO  Home_Page_Footer_Menu - Intelligent Business Process Automation Software Menu Validated
