2025-01-31 10:29:44,127 INFO  Header_About_Us_SubMenu - Submenu clicked
2025-01-31 10:29:44,141 INFO  Header_About_Us_SubMenu - Become Our Representative Sub Menu Validated
2025-01-31 10:29:44,433 INFO  Header_About_Us_SubMenu - URL Entered
2025-01-31 10:29:44,907 INFO  Header_About_Us_SubMenu - Submenu clicked
2025-01-31 10:29:44,952 INFO  Header_About_Us_SubMenu - Business Models Sub Menu Validated
2025-01-31 10:29:45,309 INFO  Header_About_Us_SubMenu - URL Entered
2025-01-31 10:29:46,307 INFO  Header_About_Us_SubMenu - Submenu clicked
2025-01-31 10:29:46,362 INFO  Header_About_Us_SubMenu - Awards Sub Menu Validated
2025-01-31 10:29:46,680 INFO  Header_About_Us_SubMenu - URL Entered
2025-01-31 10:29:47,420 INFO  Header_About_Us_SubMenu - Submenu clicked
2025-01-31 10:29:47,440 INFO  Header_About_Us_SubMenu - Partner With Us Sub Menu Validated
2025-01-31 10:29:47,848 INFO  Header_About_Us_SubMenu - URL Entered
2025-01-31 10:29:48,509 INFO  Header_About_Us_SubMenu - Submenu clicked
2025-01-31 10:29:48,547 INFO  Header_About_Us_SubMenu - Testimonials Sub Menu Validated
2025-01-31 10:29:48,974 INFO  Header_About_Us_SubMenu - URL Entered
2025-01-31 10:29:49,536 INFO  Header_About_Us_SubMenu - Submenu clicked
2025-01-31 10:29:49,546 INFO  Header_About_Us_SubMenu - Vendor Registration Sub Menu Validated
2025-01-31 10:29:49,837 INFO  Header_About_Us_SubMenu - URL Entered
2025-01-31 10:29:50,423 INFO  Header_About_Us_SubMenu - Submenu clicked
2025-01-31 10:29:50,473 INFO  Header_About_Us_SubMenu - Technologies Sub Menu Validated
2025-01-31 10:29:50,806 INFO  Header_About_Us_SubMenu - URL Entered
2025-01-31 10:29:51,419 INFO  Header_About_Us_SubMenu - Submenu clicked
2025-01-31 10:29:51,462 INFO  Header_About_Us_SubMenu - Methodology Sub Menu Validated
2025-01-31 10:29:51,768 INFO  Header_About_Us_SubMenu - URL Entered
2025-01-31 10:29:52,245 INFO  Header_About_Us_SubMenu - Submenu clicked
2025-01-31 10:29:52,303 INFO  Header_About_Us_SubMenu - Alliances Sub Menu Validated
2025-01-31 10:29:52,587 INFO  Header_About_Us_SubMenu - URL Entered
2025-01-31 10:29:53,074 INFO  Header_About_Us_SubMenu - Submenu clicked
2025-01-31 10:29:53,130 INFO  Header_About_Us_SubMenu - Infrastructure Sub Menu Validated
2025-01-31 10:29:53,426 INFO  Header_About_Us_SubMenu - URL Entered
2025-01-31 10:29:53,929 INFO  Header_About_Us_SubMenu - Submenu clicked
2025-01-31 10:29:53,969 INFO  Header_About_Us_SubMenu - Group Companies Sub Menu Validated
