2025-01-31 10:31:21,543 INFO  Services_DigitalMarketingMenu - Submenu clicked
2025-01-31 10:31:21,561 INFO  Services_DigitalMarketingMenu - ICO Marketing Sub Menu Validated
2025-01-31 10:31:21,910 INFO  Services_DigitalMarketingMenu - URL Entered
2025-01-31 10:31:22,200 INFO  Services_DigitalMarketingMenu - Mousehover to the Service Menu
2025-01-31 10:31:22,383 INFO  Services_DigitalMarketingMenu - Mousehover to the Digital Marketing Submenu
2025-01-31 10:31:23,177 INFO  Services_DigitalMarketingMenu - Submenu clicked
2025-01-31 10:31:23,194 INFO  Services_DigitalMarketingMenu - Influencer Marketing Services Sub Menu Validated
2025-01-31 10:31:23,517 INFO  Services_DigitalMarketingMenu - URL Entered
2025-01-31 10:31:23,943 INFO  Services_DigitalMarketingMenu - Mousehover to the Service Menu
2025-01-31 10:31:24,084 INFO  Services_DigitalMarketingMenu - Mousehover to the Digital Marketing Submenu
2025-01-31 10:31:24,927 INFO  Services_DigitalMarketingMenu - Submenu clicked
2025-01-31 10:31:25,156 INFO  Services_DigitalMarketingMenu - Search Engine Optimization Sub Menu Validated
2025-01-31 10:31:25,644 INFO  Services_DigitalMarketingMenu - URL Entered
2025-01-31 10:31:26,078 INFO  Services_DigitalMarketingMenu - Mousehover to the Service Menu
2025-01-31 10:31:26,182 INFO  Services_DigitalMarketingMenu - Mousehover to the Digital Marketing Submenu
2025-01-31 10:31:26,824 INFO  Services_DigitalMarketingMenu - Submenu clicked
2025-01-31 10:31:26,848 INFO  Services_DigitalMarketingMenu - PPC Management & Strategy Sub Menu Validated
2025-01-31 10:31:27,214 INFO  Services_DigitalMarketingMenu - URL Entered
2025-01-31 10:31:27,641 INFO  Services_DigitalMarketingMenu - Mousehover to the Service Menu
2025-01-31 10:31:27,677 INFO  Services_DigitalMarketingMenu - Mousehover to the Digital Marketing Submenu
2025-01-31 10:31:28,296 INFO  Services_DigitalMarketingMenu - Submenu clicked
2025-01-31 10:31:28,314 INFO  Services_DigitalMarketingMenu - Social Media Management & Strategy Sub Menu Validated
2025-01-31 10:31:28,639 INFO  Services_DigitalMarketingMenu - URL Entered
2025-01-31 10:31:28,913 INFO  Services_DigitalMarketingMenu - Mousehover to the Service Menu
2025-01-31 10:31:29,141 INFO  Services_DigitalMarketingMenu - Mousehover to the Digital Marketing Submenu
2025-01-31 10:31:29,816 INFO  Services_DigitalMarketingMenu - Submenu clicked
2025-01-31 10:31:29,832 INFO  Services_DigitalMarketingMenu - Conversion Rate Optimization Services Sub Menu Validated
2025-01-31 10:31:30,229 INFO  Services_DigitalMarketingMenu - URL Entered
2025-01-31 10:31:30,497 INFO  Services_DigitalMarketingMenu - Mousehover to the Service Menu
2025-01-31 10:31:30,713 INFO  Services_DigitalMarketingMenu - Mousehover to the Digital Marketing Submenu
2025-01-31 10:31:31,378 INFO  Services_DigitalMarketingMenu - Submenu clicked
2025-01-31 10:31:31,400 INFO  Services_DigitalMarketingMenu - Multilingual SEO Sub Menu Validated
2025-01-31 10:31:31,750 INFO  Services_DigitalMarketingMenu - URL Entered
2025-01-31 10:31:32,146 INFO  Services_DigitalMarketingMenu - Mousehover to the Service Menu
2025-01-31 10:31:32,255 INFO  Services_DigitalMarketingMenu - Mousehover to the Digital Marketing Submenu
2025-01-31 10:31:32,871 INFO  Services_DigitalMarketingMenu - Submenu clicked
2025-01-31 10:31:32,887 INFO  Services_DigitalMarketingMenu - Google Search Optimization Sub Menu Validated
2025-01-31 10:31:33,249 INFO  Services_DigitalMarketingMenu - URL Entered
2025-01-31 10:31:33,648 INFO  Services_DigitalMarketingMenu - Mousehover to the Service Menu
2025-01-31 10:31:33,756 INFO  Services_DigitalMarketingMenu - Mousehover to the Digital Marketing Submenu
2025-01-31 10:31:34,422 INFO  Services_DigitalMarketingMenu - Submenu clicked
2025-01-31 10:31:34,437 INFO  Services_DigitalMarketingMenu - Google Grants Sub Menu Validated
2025-01-31 10:31:34,762 INFO  Services_DigitalMarketingMenu - URL Entered
2025-01-31 10:31:35,148 INFO  Services_DigitalMarketingMenu - Mousehover to the Service Menu
2025-01-31 10:31:35,266 INFO  Services_DigitalMarketingMenu - Mousehover to the Digital Marketing Submenu
2025-01-31 10:31:35,916 INFO  Services_DigitalMarketingMenu - Submenu clicked
2025-01-31 10:31:35,940 INFO  Services_DigitalMarketingMenu - Inbound marketing services Sub Menu Validated
2025-01-31 10:31:36,345 INFO  Services_DigitalMarketingMenu - URL Entered
2025-01-31 10:31:36,823 INFO  Services_DigitalMarketingMenu - Mousehover to the Service Menu
2025-01-31 10:31:36,939 INFO  Services_DigitalMarketingMenu - Mousehover to the Digital Marketing Submenu
2025-01-31 10:31:37,584 INFO  Services_DigitalMarketingMenu - Submenu clicked
2025-01-31 10:31:37,603 INFO  Services_DigitalMarketingMenu - DV360 Traffic Management Services Sub Menu Validated
2025-01-31 10:31:37,996 INFO  Services_DigitalMarketingMenu - URL Entered
2025-01-31 10:31:38,509 INFO  Services_DigitalMarketingMenu - Mousehover to the Service Menu
2025-01-31 10:31:38,589 INFO  Services_DigitalMarketingMenu - Mousehover to the Digital Marketing Submenu
2025-01-31 10:31:39,198 INFO  Services_DigitalMarketingMenu - Submenu clicked
2025-01-31 10:31:39,214 INFO  Services_DigitalMarketingMenu - Account Based Marketing Services Sub Menu Validated
