2025-01-31 10:30:42,105 INFO  Services_MobileAppDevelopmentMenu - Submenu clicked
2025-01-31 10:30:42,120 INFO  Services_MobileAppDevelopmentMenu - Android App Development Sub Menu Validated
2025-01-31 10:30:42,417 INFO  Services_MobileAppDevelopmentMenu - URL Entered
2025-01-31 10:30:42,587 INFO  Services_MobileAppDevelopmentMenu - Mousehover to the Service Menu
2025-01-31 10:30:43,533 INFO  Services_MobileAppDevelopmentMenu - Mousehover to the Mobile App development Submenu
2025-01-31 10:30:44,299 INFO  Services_MobileAppDevelopmentMenu - Submenu clicked
2025-01-31 10:30:44,377 INFO  Services_MobileAppDevelopmentMenu - Enterprise Mobile Application Development Sub Menu Validated
2025-01-31 10:30:44,660 INFO  Services_MobileAppDevelopmentMenu - URL Entered
2025-01-31 10:30:45,060 INFO  Services_MobileAppDevelopmentMenu - Mousehover to the Service Menu
2025-01-31 10:30:45,524 INFO  Services_MobileAppDevelopmentMenu - Mousehover to the Mobile App development Submenu
2025-01-31 10:31:02,164 INFO  Services_MobileAppDevelopmentMenu - Submenu clicked
2025-01-31 10:31:02,255 INFO  Services_MobileAppDevelopmentMenu - Startup App Development Sub Menu Validated
2025-01-31 10:31:02,810 INFO  Services_MobileAppDevelopmentMenu - URL Entered
2025-01-31 10:31:03,037 INFO  Services_MobileAppDevelopmentMenu - Mousehover to the Service Menu
2025-01-31 10:31:03,758 INFO  Services_MobileAppDevelopmentMenu - Mousehover to the Mobile App development Submenu
2025-01-31 10:31:04,360 INFO  Services_MobileAppDevelopmentMenu - Submenu clicked
2025-01-31 10:31:04,409 INFO  Services_MobileAppDevelopmentMenu - iOS App Development Sub Menu Validated
2025-01-31 10:31:04,698 INFO  Services_MobileAppDevelopmentMenu - URL Entered
2025-01-31 10:31:05,111 INFO  Services_MobileAppDevelopmentMenu - Mousehover to the Service Menu
2025-01-31 10:31:05,368 INFO  Services_MobileAppDevelopmentMenu - Mousehover to the Mobile App development Submenu
2025-01-31 10:31:06,258 INFO  Services_MobileAppDevelopmentMenu - Submenu clicked
2025-01-31 10:31:06,282 INFO  Services_MobileAppDevelopmentMenu - Blockchain Development Sub Menu Validated
