2025-01-31 10:25:51,732 INFO  Forms_Validation - Name Field Validated
2025-01-31 10:25:52,713 INFO  Forms_Validation - Email Field Validated
2025-01-31 10:25:53,014 INFO  Forms_Validation - Company Name Field Validated
2025-01-31 10:26:00,519 INFO  Forms_Validation - Select Interest is Validated
2025-01-31 10:26:02,804 INFO  Forms_Validation - Budget Field is Validated
2025-01-31 10:26:03,135 INFO  Forms_Validation - Requirement Field is validated
2025-01-31 10:26:03,135 INFO  Forms_Validation - Get Quote Form Validated
2025-01-31 10:26:03,727 INFO  Forms_Validation - URL Entered
2025-01-31 10:26:04,890 INFO  Forms_Validation - Name Field Validated
2025-01-31 10:26:04,972 INFO  Forms_Validation - Email Field Validated
2025-01-31 10:26:12,241 INFO  Forms_Validation - Select Interest is Validated
2025-01-31 10:26:15,657 INFO  Forms_Validation - Budget Field is Validated
2025-01-31 10:26:15,891 INFO  Forms_Validation - Requirement Field is validated
2025-01-31 10:26:15,891 INFO  Forms_Validation - Quick Consultation form Validated
2025-01-31 10:26:16,376 INFO  Forms_Validation - URL Entered
2025-01-31 10:26:18,488 INFO  Forms_Validation - Job Application Menu clicked
2025-01-31 10:26:22,725 INFO  Forms_Validation - Name Field Validated
2025-01-31 10:26:22,949 INFO  Forms_Validation - Email Field Validated
2025-01-31 10:26:24,084 INFO  Forms_Validation - phone number field validated
2025-01-31 10:26:27,949 INFO  Forms_Validation - Select Post is Validated
2025-01-31 10:26:29,726 INFO  Forms_Validation - Location Field is Validated
2025-01-31 10:26:31,950 INFO  Forms_Validation - Search Engine Field is Validated
2025-01-31 10:26:33,327 INFO  Forms_Validation - Gender Field Vaidated
2025-01-31 10:26:43,404 INFO  Forms_Validation - Year of Experience Field is Validated
2025-01-31 10:26:45,478 INFO  Forms_Validation - Month of experience Field is Validated
2025-01-31 10:26:45,606 INFO  Forms_Validation - Highest Qualification field is validated
2025-01-31 10:26:45,848 INFO  Forms_Validation - Key Skills field is validated
2025-01-31 10:26:45,940 INFO  Forms_Validation - Current Designation field is validated
2025-01-31 10:26:46,044 INFO  Forms_Validation - Current Location Field is validated
2025-01-31 10:26:46,047 INFO  Forms_Validation - Job Allication Form Validated
2025-01-31 10:26:46,629 INFO  Forms_Validation - URL Entered
2025-01-31 10:26:46,790 INFO  Forms_Validation - Moved to Home Element
2025-01-31 10:26:48,267 INFO  Forms_Validation - Online is Clicked
2025-01-31 10:26:48,851 INFO  Forms_Validation - Moved to Home Element
2025-01-31 10:26:50,307 INFO  Forms_Validation - Frame Closer Vaidated
2025-01-31 10:26:51,440 INFO  Forms_Validation - Online is Clicked
2025-01-31 10:26:51,716 INFO  Forms_Validation - Moved to Home Element
2025-01-31 10:26:52,277 INFO  Forms_Validation - Name Field Validated
2025-01-31 10:26:52,698 INFO  Forms_Validation - Email Field Validated
2025-01-31 10:26:53,062 INFO  Forms_Validation - Phone Field Validated
2025-01-31 10:27:00,273 INFO  Forms_Validation - Interested service validated
2025-01-31 10:27:00,961 INFO  Forms_Validation - Requirement field Validated
2025-01-31 10:27:01,945 INFO  Forms_Validation - Frame Closer Vaidated
2025-01-31 10:27:01,946 INFO  Forms_Validation - Send Message form Validated
2025-01-31 10:27:02,497 INFO  Forms_Validation - URL Entered
2025-01-31 10:27:03,949 INFO  Forms_Validation - Submenu clicked
2025-01-31 10:27:06,117 INFO  Forms_Validation - Name of the company Field Validated
2025-01-31 10:27:09,494 INFO  Forms_Validation - Number of employees is Validated
2025-01-31 10:27:12,517 INFO  Forms_Validation - Company Type is Validated
2025-01-31 10:27:15,406 INFO  Forms_Validation - Industry Experience Field is Validated
2025-01-31 10:27:23,726 INFO  Forms_Validation - TEch Expertise is Validated
2025-01-31 10:27:23,864 INFO  Forms_Validation - Tax ID Field Validated
2025-01-31 10:27:25,003 INFO  Forms_Validation - Registration Number Field Validated
2025-01-31 10:27:25,273 INFO  Forms_Validation - Address Field Validated
2025-01-31 10:27:25,379 INFO  Forms_Validation - City Field Validated
2025-01-31 10:27:25,484 INFO  Forms_Validation - Website Field Validated
2025-01-31 10:27:25,617 INFO  Forms_Validation - Portfolio URL Field Validated
2025-01-31 10:27:25,711 INFO  Forms_Validation - Name of the Contact person Field Validated
2025-01-31 10:27:25,829 INFO  Forms_Validation - Job title of contact person Field Validated
2025-01-31 10:27:25,950 INFO  Forms_Validation - Contact Number Field Validated
2025-01-31 10:27:26,076 INFO  Forms_Validation - Whatsapp  Field Validated
2025-01-31 10:27:26,214 INFO  Forms_Validation - Email field Field Validated
2025-01-31 10:27:26,342 INFO  Forms_Validation - Bank Details Field Validated
2025-01-31 10:27:26,439 INFO  Forms_Validation - Any Relevant Certificate Field Validated
2025-01-31 10:27:26,529 INFO  Forms_Validation - Decision Maker Field Validated
2025-01-31 10:27:26,680 INFO  Forms_Validation - Decision maker Email Field Validated
2025-01-31 10:27:26,913 INFO  Forms_Validation - Brief Description about the company Field Validated
2025-01-31 10:27:26,913 INFO  Forms_Validation - Vendor Registration form Validated
