2024-10-01 10:21:30,796 INFO  Forms_Validation - Name Field Validated
2024-10-01 10:21:30,862 INFO  Forms_Validation - Email Field Validated
2024-10-01 10:21:30,936 INFO  Forms_Validation - Company Name Validated
2024-10-01 10:21:39,451 INFO  Forms_Validation - Select Interest is Validated
2024-10-01 10:21:43,437 INFO  Forms_Validation - Budget Field is Validated
2024-10-01 10:21:43,556 INFO  Forms_Validation - Requirement Field is validated
2024-10-01 10:21:43,557 INFO  Forms_Validation - Contact form Validated
2024-10-01 10:21:43,974 INFO  Forms_Validation - URL Entered
2024-10-01 10:21:46,283 INFO  Forms_Validation - Name Field Validated
2024-10-01 10:21:46,374 INFO  Forms_Validation - Email Field Validated
2024-10-01 10:21:46,410 INFO  Forms_Validation - Company Name Field Validated
2024-10-01 10:21:55,895 INFO  Forms_Validation - Select Interest is Validated
2024-10-01 10:21:59,003 INFO  Forms_Validation - Budget Field is Validated
2024-10-01 10:21:59,145 INFO  Forms_Validation - Requirement Field is validated
2024-10-01 10:21:59,186 INFO  Forms_Validation - Get Quote Form Validated
2024-10-01 10:21:59,450 INFO  Forms_Validation - URL Entered
2024-10-01 10:22:00,567 INFO  Forms_Validation - Name Field Validated
2024-10-01 10:22:00,625 INFO  Forms_Validation - Email Field Validated
2024-10-01 10:22:09,213 INFO  Forms_Validation - Select Interest is Validated
2024-10-01 10:22:13,360 INFO  Forms_Validation - Budget Field is Validated
2024-10-01 10:22:13,470 INFO  Forms_Validation - Requirement Field is validated
2024-10-01 10:22:13,471 INFO  Forms_Validation - Quick Consultation form Validated
2024-10-01 10:22:13,822 INFO  Forms_Validation - URL Entered
2024-10-01 10:22:15,904 INFO  Forms_Validation - Job Application Menu clicked
2024-10-01 10:22:19,221 INFO  Forms_Validation - URL Entered
2024-10-01 10:22:25,530 INFO  Forms_Validation - Moved to Home Element
2024-10-01 10:22:25,892 INFO  Forms_Validation - Online is Clicked
2024-10-01 10:22:26,123 INFO  Forms_Validation - Moved to Home Element
2024-10-01 10:22:26,189 INFO  Forms_Validation - Name Field Validated
2024-10-01 10:22:26,224 INFO  Forms_Validation - Email Field Validated
2024-10-01 10:22:26,259 INFO  Forms_Validation - Phone Field Validated
2024-10-01 10:22:28,907 INFO  Forms_Validation - Interested service validated
2024-10-01 10:22:28,964 INFO  Forms_Validation - Requirement field Validated
2024-10-01 10:22:29,221 INFO  Forms_Validation - Frame Closer Vaidated
2024-10-01 10:22:29,221 INFO  Forms_Validation - Send Message form Validated
2024-10-01 10:22:29,452 INFO  Forms_Validation - URL Entered
2024-10-01 10:22:29,655 INFO  Forms_Validation - Submenu clicked
2024-10-01 10:22:31,798 INFO  Forms_Validation - Name of the company Field Validated
2024-10-01 10:22:35,637 INFO  Forms_Validation - Number of employees is Validated
2024-10-01 10:22:39,638 INFO  Forms_Validation - Company Type is Validated
2024-10-01 10:22:43,558 INFO  Forms_Validation - Industry Experience Field is Validated
2024-10-01 10:22:55,892 INFO  Forms_Validation - TEch Expertise is Validated
2024-10-01 10:22:55,940 INFO  Forms_Validation - Tax ID Field Validated
2024-10-01 10:22:57,002 INFO  Forms_Validation - Registration Number Field Validated
2024-10-01 10:22:57,117 INFO  Forms_Validation - Address Field Validated
2024-10-01 10:22:57,168 INFO  Forms_Validation - City Field Validated
2024-10-01 10:22:57,246 INFO  Forms_Validation - Website Field Validated
2024-10-01 10:22:57,347 INFO  Forms_Validation - Portfolio URL Field Validated
2024-10-01 10:22:57,431 INFO  Forms_Validation - Name of the Contact person Field Validated
2024-10-01 10:22:57,504 INFO  Forms_Validation - Job title of contact person Field Validated
2024-10-01 10:22:57,590 INFO  Forms_Validation - Contact Number Field Validated
2024-10-01 10:22:57,671 INFO  Forms_Validation - Whatsapp  Field Validated
2024-10-01 10:22:57,785 INFO  Forms_Validation - Email field Field Validated
2024-10-01 10:22:57,865 INFO  Forms_Validation - Bank Details Field Validated
2024-10-01 10:22:57,951 INFO  Forms_Validation - Any Relevant Certificate Field Validated
2024-10-01 10:22:58,022 INFO  Forms_Validation - Decision Maker Field Validated
2024-10-01 10:22:58,126 INFO  Forms_Validation - Decision maker Email Field Validated
2024-10-01 10:22:58,320 INFO  Forms_Validation - Brief Description about the company Field Validated
2024-10-01 10:22:58,320 INFO  Forms_Validation - Vendor Registration form Validated
