2024-10-01 10:30:10,643 INFO  Services_MobileAppDevelopmentMenu - Submenu clicked
2024-10-01 10:30:11,261 INFO  Services_MobileAppDevelopmentMenu - Enterprise Mobile Application Development Sub Menu Validated
2024-10-01 10:30:11,422 INFO  Services_MobileAppDevelopmentMenu - URL Entered
2024-10-01 10:30:11,586 INFO  Services_MobileAppDevelopmentMenu - Mousehover to the Service Menu
2024-10-01 10:30:11,719 INFO  Services_MobileAppDevelopmentMenu - Mousehover to the Mobile App development Submenu
2024-10-01 10:30:11,795 INFO  Services_MobileAppDevelopmentMenu - Submenu clicked
2024-10-01 10:30:12,545 INFO  Services_MobileAppDevelopmentMenu - Startup App Development Sub Menu Validated
2024-10-01 10:30:13,864 INFO  Services_MobileAppDevelopmentMenu - URL Entered
2024-10-01 10:30:14,006 INFO  Services_MobileAppDevelopmentMenu - Mousehover to the Service Menu
2024-10-01 10:30:14,157 INFO  Services_MobileAppDevelopmentMenu - Mousehover to the Mobile App development Submenu
2024-10-01 10:30:14,206 INFO  Services_MobileAppDevelopmentMenu - Submenu clicked
2024-10-01 10:30:14,961 INFO  Services_MobileAppDevelopmentMenu - iOS App Development Sub Menu Validated
2024-10-01 10:30:15,183 INFO  Services_MobileAppDevelopmentMenu - URL Entered
2024-10-01 10:30:15,340 INFO  Services_MobileAppDevelopmentMenu - Mousehover to the Service Menu
2024-10-01 10:30:15,492 INFO  Services_MobileAppDevelopmentMenu - Mousehover to the Mobile App development Submenu
2024-10-01 10:30:15,556 INFO  Services_MobileAppDevelopmentMenu - Submenu clicked
2024-10-01 10:30:16,249 INFO  Services_MobileAppDevelopmentMenu - iPad App Development Sub Menu Validated
2024-10-01 10:30:16,406 INFO  Services_MobileAppDevelopmentMenu - URL Entered
2024-10-01 10:30:16,564 INFO  Services_MobileAppDevelopmentMenu - Mousehover to the Service Menu
2024-10-01 10:30:16,730 INFO  Services_MobileAppDevelopmentMenu - Mousehover to the Mobile App development Submenu
2024-10-01 10:30:16,914 INFO  Services_MobileAppDevelopmentMenu - Submenu clicked
2024-10-01 10:30:17,539 INFO  Services_MobileAppDevelopmentMenu - HTML5 Development Sub Menu Validated
2024-10-01 10:30:17,716 INFO  Services_MobileAppDevelopmentMenu - URL Entered
2024-10-01 10:30:17,895 INFO  Services_MobileAppDevelopmentMenu - Mousehover to the Service Menu
2024-10-01 10:30:18,140 INFO  Services_MobileAppDevelopmentMenu - Mousehover to the Mobile App development Submenu
2024-10-01 10:30:18,230 INFO  Services_MobileAppDevelopmentMenu - Submenu clicked
2024-10-01 10:30:19,388 INFO  Services_MobileAppDevelopmentMenu - Windows Application Development Sub Menu Validated
