2024-10-01 10:19:00,636 INFO  Header_Menu_Header - About Us Menu Validated
2024-10-01 10:19:00,842 INFO  Header_Menu_Header - URL Entered
2024-10-01 10:19:02,201 INFO  Header_Menu_Header - Get_Quote Menu Validated
2024-10-01 10:19:02,418 INFO  Header_Menu_Header - URL Entered
2024-10-01 10:19:44,977 INFO  Header_Menu_Header - Contact Menu Validated
2024-10-01 10:19:45,147 INFO  Header_Menu_Header - URL Entered
2024-10-01 10:20:27,688 INFO  Header_Menu_Header - Portfolio Menu Validated
2024-10-01 10:20:27,846 INFO  Header_Menu_Header - URL Entered
2024-10-01 10:20:29,311 INFO  Header_Menu_Header - Blog Menu Validated
2024-10-01 10:20:29,499 INFO  Header_Menu_Header - URL Entered
2024-10-01 10:20:33,407 INFO  Header_Menu_Header - Contact Telephone Icon Validated
2024-10-01 10:25:17,907 INFO  Home_Page_Footer_Menu - Footer About Us Menu Validated
2024-10-01 10:25:18,077 INFO  Home_Page_Footer_Menu - URL Entered
2024-10-01 10:26:19,638 INFO  Home_Page_Footer_Menu - Footer Careers Menu Validated
2024-10-01 10:26:19,991 INFO  Home_Page_Footer_Menu - URL Entered
2024-10-01 10:27:03,769 INFO  Home_Page_Footer_Menu - Footer Become Our Representative Menu Validated
2024-10-01 10:27:04,051 INFO  Home_Page_Footer_Menu - URL Entered
2024-10-01 10:27:05,406 INFO  Home_Page_Footer_Menu - Footer Privacy Policy Menu Validated
2024-10-01 10:27:05,546 INFO  Home_Page_Footer_Menu - URL Entered
2024-10-01 10:27:48,074 INFO  Home_Page_Footer_Menu - Footer About Us Menu Validated
