2024-10-01 10:24:16,449 INFO  Header_About_Us_SubMenu - Submenu clicked
2024-10-01 10:24:16,968 INFO  Header_About_Us_SubMenu - Meet the Team Sub Menu Validated
2024-10-01 10:24:17,564 INFO  Header_About_Us_SubMenu - URL Entered
2024-10-01 10:24:17,617 INFO  Header_About_Us_SubMenu - Submenu clicked
2024-10-01 10:24:18,185 INFO  Header_About_Us_SubMenu - Our Clients Sub Menu Validated
2024-10-01 10:24:18,345 INFO  Header_About_Us_SubMenu - URL Entered
2024-10-01 10:24:18,383 INFO  Header_About_Us_SubMenu - Submenu clicked
2024-10-01 10:24:18,918 INFO  Header_About_Us_SubMenu - Products Sub Menu Validated
2024-10-01 10:24:19,117 INFO  Header_About_Us_SubMenu - URL Entered
2024-10-01 10:24:19,150 INFO  Header_About_Us_SubMenu - Submenu clicked
2024-10-01 10:24:19,667 INFO  Header_About_Us_SubMenu - Become Our Representative Sub Menu Validated
2024-10-01 10:24:19,853 INFO  Header_About_Us_SubMenu - URL Entered
2024-10-01 10:24:19,900 INFO  Header_About_Us_SubMenu - Submenu clicked
2024-10-01 10:24:20,443 INFO  Header_About_Us_SubMenu - Business Models Sub Menu Validated
2024-10-01 10:24:20,672 INFO  Header_About_Us_SubMenu - URL Entered
2024-10-01 10:24:20,697 INFO  Header_About_Us_SubMenu - Submenu clicked
2024-10-01 10:24:21,256 INFO  Header_About_Us_SubMenu - Awards Sub Menu Validated
2024-10-01 10:24:21,458 INFO  Header_About_Us_SubMenu - URL Entered
2024-10-01 10:24:21,484 INFO  Header_About_Us_SubMenu - Submenu clicked
2024-10-01 10:24:22,012 INFO  Header_About_Us_SubMenu - Partner With Us Sub Menu Validated
2024-10-01 10:24:22,259 INFO  Header_About_Us_SubMenu - URL Entered
2024-10-01 10:24:22,298 INFO  Header_About_Us_SubMenu - Submenu clicked
2024-10-01 10:24:22,889 INFO  Header_About_Us_SubMenu - Testimonials Sub Menu Validated
2024-10-01 10:24:23,104 INFO  Header_About_Us_SubMenu - URL Entered
2024-10-01 10:24:23,145 INFO  Header_About_Us_SubMenu - Submenu clicked
2024-10-01 10:24:23,656 INFO  Header_About_Us_SubMenu - Vendor Registration Sub Menu Validated
2024-10-01 10:24:23,834 INFO  Header_About_Us_SubMenu - URL Entered
2024-10-01 10:24:23,870 INFO  Header_About_Us_SubMenu - Submenu clicked
2024-10-01 10:24:24,419 INFO  Header_About_Us_SubMenu - Technologies Sub Menu Validated
2024-10-01 10:24:24,634 INFO  Header_About_Us_SubMenu - URL Entered
2024-10-01 10:24:24,661 INFO  Header_About_Us_SubMenu - Submenu clicked
2024-10-01 10:24:25,219 INFO  Header_About_Us_SubMenu - Methodology Sub Menu Validated
2024-10-01 10:24:25,391 INFO  Header_About_Us_SubMenu - URL Entered
2024-10-01 10:24:25,442 INFO  Header_About_Us_SubMenu - Submenu clicked
2024-10-01 10:24:25,989 INFO  Header_About_Us_SubMenu - Alliances Sub Menu Validated
2024-10-01 10:24:26,150 INFO  Header_About_Us_SubMenu - URL Entered
2024-10-01 10:24:26,181 INFO  Header_About_Us_SubMenu - Submenu clicked
2024-10-01 10:24:26,733 INFO  Header_About_Us_SubMenu - Infrastructure Sub Menu Validated
2024-10-01 10:24:26,910 INFO  Header_About_Us_SubMenu - URL Entered
2024-10-01 10:24:26,937 INFO  Header_About_Us_SubMenu - Submenu clicked
2024-10-01 10:24:27,504 INFO  Header_About_Us_SubMenu - Group Companies Sub Menu Validated
