2024-10-01 10:22:15,904 INFO  Forms_Validation - Job Application Menu clicked
2024-10-01 10:22:19,221 INFO  Forms_Validation - URL Entered
2024-10-01 10:22:25,530 INFO  Forms_Validation - Moved to Home Element
2024-10-01 10:22:25,892 INFO  Forms_Validation - Online is Clicked
2024-10-01 10:22:26,123 INFO  Forms_Validation - Moved to Home Element
2024-10-01 10:22:26,189 INFO  Forms_Validation - Name Field Validated
2024-10-01 10:22:26,224 INFO  Forms_Validation - Email Field Validated
2024-10-01 10:22:26,259 INFO  Forms_Validation - Phone Field Validated
2024-10-01 10:22:28,907 INFO  Forms_Validation - Interested service validated
2024-10-01 10:22:28,964 INFO  Forms_Validation - Requirement field Validated
2024-10-01 10:22:29,221 INFO  Forms_Validation - Frame Closer Vaidated
2024-10-01 10:22:29,221 INFO  Forms_Validation - Send Message form Validated
2024-10-01 10:22:29,452 INFO  Forms_Validation - URL Entered
2024-10-01 10:22:29,655 INFO  Forms_Validation - Submenu clicked
2024-10-01 10:22:31,798 INFO  Forms_Validation - Name of the company Field Validated
2024-10-01 10:22:35,637 INFO  Forms_Validation - Number of employees is Validated
2024-10-01 10:22:39,638 INFO  Forms_Validation - Company Type is Validated
2024-10-01 10:22:43,558 INFO  Forms_Validation - Industry Experience Field is Validated
2024-10-01 10:22:55,892 INFO  Forms_Validation - TEch Expertise is Validated
2024-10-01 10:22:55,940 INFO  Forms_Validation - Tax ID Field Validated
2024-10-01 10:22:57,002 INFO  Forms_Validation - Registration Number Field Validated
2024-10-01 10:22:57,117 INFO  Forms_Validation - Address Field Validated
2024-10-01 10:22:57,168 INFO  Forms_Validation - City Field Validated
2024-10-01 10:22:57,246 INFO  Forms_Validation - Website Field Validated
2024-10-01 10:22:57,347 INFO  Forms_Validation - Portfolio URL Field Validated
2024-10-01 10:22:57,431 INFO  Forms_Validation - Name of the Contact person Field Validated
2024-10-01 10:22:57,504 INFO  Forms_Validation - Job title of contact person Field Validated
2024-10-01 10:22:57,590 INFO  Forms_Validation - Contact Number Field Validated
2024-10-01 10:22:57,671 INFO  Forms_Validation - Whatsapp  Field Validated
2024-10-01 10:22:57,785 INFO  Forms_Validation - Email field Field Validated
2024-10-01 10:22:57,865 INFO  Forms_Validation - Bank Details Field Validated
2024-10-01 10:22:57,951 INFO  Forms_Validation - Any Relevant Certificate Field Validated
2024-10-01 10:22:58,022 INFO  Forms_Validation - Decision Maker Field Validated
2024-10-01 10:22:58,126 INFO  Forms_Validation - Decision maker Email Field Validated
2024-10-01 10:22:58,320 INFO  Forms_Validation - Brief Description about the company Field Validated
2024-10-01 10:22:58,320 INFO  Forms_Validation - Vendor Registration form Validated
