2024-10-01 10:23:07,155 INFO  Header_Services_Submenu - Submenu clicked
2024-10-01 10:23:08,729 INFO  Header_Services_Submenu - Digital Marketing Sub Menu Validated
2024-10-01 10:23:09,611 INFO  Header_Services_Submenu - URL Entered
2024-10-01 10:23:09,755 INFO  Header_Services_Submenu - Mousehover to the Service Menu
2024-10-01 10:23:09,801 INFO  Header_Services_Submenu - Submenu clicked
2024-10-01 10:23:10,839 INFO  Header_Services_Submenu - Mobile App Marketing Agency Sub Menu Validated
2024-10-01 10:23:11,035 INFO  Header_Services_Submenu - URL Entered
2024-10-01 10:23:11,182 INFO  Header_Services_Submenu - Mousehover to the Service Menu
2024-10-01 10:23:11,218 INFO  Header_Services_Submenu - Submenu clicked
2024-10-01 10:23:11,955 INFO  Header_Services_Submenu - Hire Our Didicated Developers Sub Menu Validated
2024-10-01 10:23:12,222 INFO  Header_Services_Submenu - URL Entered
2024-10-01 10:23:12,375 INFO  Header_Services_Submenu - Mousehover to the Service Menu
2024-10-01 10:23:12,439 INFO  Header_Services_Submenu - Submenu clicked
2024-10-01 10:23:12,439 INFO  Header_Services_Submenu - Web Design and Development Sub Menu Not Clickable
2024-10-01 10:23:12,964 INFO  Header_Services_Submenu - URL Entered
2024-10-01 10:23:13,211 INFO  Header_Services_Submenu - Mousehover to the Service Menu
2024-10-01 10:23:13,286 INFO  Header_Services_Submenu - Submenu clicked
2024-10-01 10:23:14,461 INFO  Header_Services_Submenu - Business Consulting Services Sub Menu Validated
2024-10-01 10:23:14,774 INFO  Header_Services_Submenu - URL Entered
2024-10-01 10:23:14,934 INFO  Header_Services_Submenu - Mousehover to the Service Menu
2024-10-01 10:23:15,033 INFO  Header_Services_Submenu - Submenu clicked
2024-10-01 10:23:16,069 INFO  Header_Services_Submenu - AI Services Sub Menu Validated
2024-10-01 10:23:16,355 INFO  Header_Services_Submenu - URL Entered
2024-10-01 10:23:16,566 INFO  Header_Services_Submenu - Mousehover to the Service Menu
2024-10-01 10:23:16,662 INFO  Header_Services_Submenu - Submenu clicked
2024-10-01 10:23:17,189 INFO  Header_Services_Submenu - Wallet Integration Service Sub Menu Validated
2024-10-01 10:23:17,450 INFO  Header_Services_Submenu - URL Entered
2024-10-01 10:23:17,615 INFO  Header_Services_Submenu - Mousehover to the Service Menu
2024-10-01 10:23:17,681 INFO  Header_Services_Submenu - Submenu clicked
2024-10-01 10:23:18,519 INFO  Header_Services_Submenu - Blockchain Development Sub Menu Validated
2024-10-01 10:23:18,781 INFO  Header_Services_Submenu - URL Entered
2024-10-01 10:23:18,948 INFO  Header_Services_Submenu - Mousehover to the Service Menu
2024-10-01 10:23:19,045 INFO  Header_Services_Submenu - Submenu clicked
2024-10-01 10:23:19,914 INFO  Header_Services_Submenu - Managed Services Sub Menu Validated
