2025-02-14 10:52:39,534 INFO  Forms_Validation - Name Field Validated
2025-02-14 10:52:39,645 INFO  Forms_Validation - Email Field Validated
2025-02-14 10:52:41,352 INFO  Forms_Validation - Company Name Field Validated
2025-02-14 10:52:48,942 INFO  Forms_Validation - Select Interest is Validated
2025-02-14 10:52:51,212 INFO  Forms_Validation - Budget Field is Validated
2025-02-14 10:52:51,505 INFO  Forms_Validation - Requirement Field is validated
2025-02-14 10:52:51,506 INFO  Forms_Validation - Get Quote Form Validated
2025-02-14 10:52:52,434 INFO  Forms_Validation - URL Entered
2025-02-14 10:52:53,580 INFO  Forms_Validation - Name Field Validated
2025-02-14 10:52:53,682 INFO  Forms_Validation - Email Field Validated
2025-02-14 10:52:57,425 INFO  Forms_Validation - Select Interest is Validated
2025-02-14 10:53:05,075 INFO  Forms_Validation - Budget Field is Validated
2025-02-14 10:53:05,365 INFO  Forms_Validation - Requirement Field is validated
2025-02-14 10:53:05,365 INFO  Forms_Validation - Quick Consultation form Validated
2025-02-14 10:53:05,905 INFO  Forms_Validation - URL Entered
2025-02-14 10:53:08,013 INFO  Forms_Validation - Job Application Menu clicked
2025-02-14 10:53:11,337 INFO  Forms_Validation - Name Field Validated
2025-02-14 10:53:12,690 INFO  Forms_Validation - Email Field Validated
2025-02-14 10:53:14,150 INFO  Forms_Validation - phone number field validated
2025-02-14 10:53:18,698 INFO  Forms_Validation - Select Post is Validated
2025-02-14 10:53:20,578 INFO  Forms_Validation - Location Field is Validated
2025-02-14 10:53:22,832 INFO  Forms_Validation - Search Engine Field is Validated
2025-02-14 10:53:24,293 INFO  Forms_Validation - Gender Field Vaidated
2025-02-14 10:53:34,577 INFO  Forms_Validation - Year of Experience Field is Validated
2025-02-14 10:53:36,844 INFO  Forms_Validation - Month of experience Field is Validated
2025-02-14 10:53:36,942 INFO  Forms_Validation - Highest Qualification field is validated
2025-02-14 10:53:37,212 INFO  Forms_Validation - Key Skills field is validated
2025-02-14 10:53:37,308 INFO  Forms_Validation - Current Designation field is validated
2025-02-14 10:53:37,408 INFO  Forms_Validation - Current Location Field is validated
2025-02-14 10:53:37,408 INFO  Forms_Validation - Job Allication Form Validated
2025-02-14 10:53:37,597 INFO  Forms_Validation - URL Entered
2025-02-14 10:53:38,499 INFO  Forms_Validation - Moved to Home Element
2025-02-14 10:53:41,378 INFO  Forms_Validation - Online is Clicked
2025-02-14 10:53:41,794 INFO  Forms_Validation - Moved to Home Element
2025-02-14 10:53:42,314 INFO  Forms_Validation - Frame Closer Vaidated
2025-02-14 10:53:42,669 INFO  Forms_Validation - Online is Clicked
2025-02-14 10:53:42,820 INFO  Forms_Validation - Moved to Home Element
2025-02-14 10:53:42,996 INFO  Forms_Validation - Name Field Validated
2025-02-14 10:53:43,124 INFO  Forms_Validation - Email Field Validated
2025-02-14 10:53:43,255 INFO  Forms_Validation - Phone Field Validated
2025-02-14 10:53:45,922 INFO  Forms_Validation - Interested service validated
2025-02-14 10:53:46,288 INFO  Forms_Validation - Requirement field Validated
2025-02-14 10:53:46,566 INFO  Forms_Validation - Frame Closer Vaidated
2025-02-14 10:53:46,566 INFO  Forms_Validation - Send Message form Validated
2025-02-14 10:53:47,127 INFO  Forms_Validation - URL Entered
2025-02-14 10:53:48,271 INFO  Forms_Validation - Submenu clicked
2025-02-14 10:53:50,388 INFO  Forms_Validation - Name of the company Field Validated
2025-02-14 10:53:53,682 INFO  Forms_Validation - Number of employees is Validated
2025-02-14 10:53:56,543 INFO  Forms_Validation - Company Type is Validated
2025-02-14 10:53:59,472 INFO  Forms_Validation - Industry Experience Field is Validated
2025-02-14 10:54:08,126 INFO  Forms_Validation - TEch Expertise is Validated
2025-02-14 10:54:08,243 INFO  Forms_Validation - Tax ID Field Validated
2025-02-14 10:54:09,363 INFO  Forms_Validation - Registration Number Field Validated
2025-02-14 10:54:09,565 INFO  Forms_Validation - Address Field Validated
2025-02-14 10:54:09,663 INFO  Forms_Validation - City Field Validated
2025-02-14 10:54:09,766 INFO  Forms_Validation - Website Field Validated
2025-02-14 10:54:09,886 INFO  Forms_Validation - Portfolio URL Field Validated
2025-02-14 10:54:09,976 INFO  Forms_Validation - Name of the Contact person Field Validated
2025-02-14 10:54:10,080 INFO  Forms_Validation - Job title of contact person Field Validated
2025-02-14 10:54:10,227 INFO  Forms_Validation - Contact Number Field Validated
2025-02-14 10:54:10,328 INFO  Forms_Validation - Whatsapp  Field Validated
2025-02-14 10:54:10,437 INFO  Forms_Validation - Email field Field Validated
2025-02-14 10:54:10,544 INFO  Forms_Validation - Bank Details Field Validated
2025-02-14 10:54:10,643 INFO  Forms_Validation - Any Relevant Certificate Field Validated
2025-02-14 10:54:10,730 INFO  Forms_Validation - Decision Maker Field Validated
2025-02-14 10:54:10,848 INFO  Forms_Validation - Decision maker Email Field Validated
2025-02-14 10:54:11,079 INFO  Forms_Validation - Brief Description about the company Field Validated
2025-02-14 10:54:11,079 INFO  Forms_Validation - Vendor Registration form Validated
