2025-02-14 10:58:54,508 INFO  Services_HireOurDedicatedDevelopers - Submenu clicked
2025-02-14 10:58:54,529 INFO  Services_HireOurDedicatedDevelopers - Hire Our Android Developer Sub Menu Validated
2025-02-14 10:58:54,853 INFO  Services_HireOurDedicatedDevelopers - URL Entered
2025-02-14 10:58:55,070 INFO  Services_HireOurDedicatedDevelopers - Mousehover to the Service Menu
2025-02-14 10:58:55,965 INFO  Services_HireOurDedicatedDevelopers - Hire Our Dedicated Developers Submenu
2025-02-14 10:58:56,555 INFO  Services_HireOurDedicatedDevelopers - Submenu clicked
2025-02-14 10:58:56,579 INFO  Services_HireOurDedicatedDevelopers - Hire Our iOS Developers Sub Menu Validated
2025-02-14 10:58:56,930 INFO  Services_HireOurDedicatedDevelopers - URL Entered
2025-02-14 10:58:57,450 INFO  Services_HireOurDedicatedDevelopers - Mousehover to the Service Menu
2025-02-14 10:58:57,658 INFO  Services_HireOurDedicatedDevelopers - Hire Our Dedicated Developers Submenu
2025-02-14 10:58:58,295 INFO  Services_HireOurDedicatedDevelopers - Submenu clicked
2025-02-14 10:58:58,339 INFO  Services_HireOurDedicatedDevelopers - Hire Our WordPress Developers Sub Menu Validated
2025-02-14 10:58:58,798 INFO  Services_HireOurDedicatedDevelopers - URL Entered
2025-02-14 10:58:59,270 INFO  Services_HireOurDedicatedDevelopers - Mousehover to the Service Menu
2025-02-14 10:58:59,489 INFO  Services_HireOurDedicatedDevelopers - Hire Our Dedicated Developers Submenu
2025-02-14 10:59:00,480 INFO  Services_HireOurDedicatedDevelopers - Submenu clicked
2025-02-14 10:59:00,501 INFO  Services_HireOurDedicatedDevelopers - Hire Our PHP Developers Sub Menu Validated
2025-02-14 10:59:00,853 INFO  Services_HireOurDedicatedDevelopers - URL Entered
2025-02-14 10:59:01,320 INFO  Services_HireOurDedicatedDevelopers - Mousehover to the Service Menu
2025-02-14 10:59:01,747 INFO  Services_HireOurDedicatedDevelopers - Hire Our Dedicated Developers Submenu
2025-02-14 10:59:03,328 INFO  Services_HireOurDedicatedDevelopers - Submenu clicked
2025-02-14 10:59:03,406 INFO  Services_HireOurDedicatedDevelopers - Hire Our .NET Developers Sub Menu Validated
