2025-02-14 10:56:43,370 INFO  Services_MobileAppDevelopmentMenu - Submenu clicked
2025-02-14 10:56:43,388 INFO  Services_MobileAppDevelopmentMenu - Android App Development Sub Menu Validated
2025-02-14 10:56:43,736 INFO  Services_MobileAppDevelopmentMenu - URL Entered
2025-02-14 10:56:44,567 INFO  Services_MobileAppDevelopmentMenu - Mousehover to the Service Menu
2025-02-14 10:56:44,970 INFO  Services_MobileAppDevelopmentMenu - Mousehover to the Mobile App development Submenu
2025-02-14 10:56:45,742 INFO  Services_MobileAppDevelopmentMenu - Submenu clicked
2025-02-14 10:56:45,822 INFO  Services_MobileAppDevelopmentMenu - Enterprise Mobile Application Development Sub Menu Validated
2025-02-14 10:56:46,199 INFO  Services_MobileAppDevelopmentMenu - URL Entered
2025-02-14 10:56:46,704 INFO  Services_MobileAppDevelopmentMenu - Mousehover to the Service Menu
2025-02-14 10:56:46,922 INFO  Services_MobileAppDevelopmentMenu - Mousehover to the Mobile App development Submenu
2025-02-14 10:57:03,411 INFO  Services_MobileAppDevelopmentMenu - Submenu clicked
2025-02-14 10:57:03,574 INFO  Services_MobileAppDevelopmentMenu - Startup App Development Sub Menu Validated
2025-02-14 10:57:04,311 INFO  Services_MobileAppDevelopmentMenu - URL Entered
2025-02-14 10:57:04,481 INFO  Services_MobileAppDevelopmentMenu - Mousehover to the Service Menu
2025-02-14 10:57:05,278 INFO  Services_MobileAppDevelopmentMenu - Mousehover to the Mobile App development Submenu
2025-02-14 10:57:06,058 INFO  Services_MobileAppDevelopmentMenu - Submenu clicked
2025-02-14 10:57:06,132 INFO  Services_MobileAppDevelopmentMenu - iOS App Development Sub Menu Validated
2025-02-14 10:57:06,465 INFO  Services_MobileAppDevelopmentMenu - URL Entered
2025-02-14 10:57:07,009 INFO  Services_MobileAppDevelopmentMenu - Mousehover to the Service Menu
2025-02-14 10:57:07,233 INFO  Services_MobileAppDevelopmentMenu - Mousehover to the Mobile App development Submenu
2025-02-14 10:57:08,202 INFO  Services_MobileAppDevelopmentMenu - Submenu clicked
2025-02-14 10:57:08,224 INFO  Services_MobileAppDevelopmentMenu - Blockchain Development Sub Menu Validated
