2025-02-14 10:57:21,121 INFO  Services_DigitalMarketingMenu - Submenu clicked
2025-02-14 10:57:21,146 INFO  Services_DigitalMarketingMenu - Influencer Marketing Services Sub Menu Validated
2025-02-14 10:57:21,551 INFO  Services_DigitalMarketingMenu - URL Entered
2025-02-14 10:57:22,104 INFO  Services_DigitalMarketingMenu - Mousehover to the Service Menu
2025-02-14 10:57:22,181 INFO  Services_DigitalMarketingMenu - Mousehover to the Digital Marketing Submenu
2025-02-14 10:57:23,206 INFO  Services_DigitalMarketingMenu - Submenu clicked
2025-02-14 10:57:23,540 INFO  Services_DigitalMarketingMenu - Search Engine Optimization Sub Menu Validated
2025-02-14 10:57:24,147 INFO  Services_DigitalMarketingMenu - URL Entered
2025-02-14 10:57:24,678 INFO  Services_DigitalMarketingMenu - Mousehover to the Service Menu
2025-02-14 10:57:24,830 INFO  Services_DigitalMarketingMenu - Mousehover to the Digital Marketing Submenu
2025-02-14 10:57:25,577 INFO  Services_DigitalMarketingMenu - Submenu clicked
2025-02-14 10:57:25,592 INFO  Services_DigitalMarketingMenu - PPC Management & Strategy Sub Menu Validated
2025-02-14 10:57:26,052 INFO  Services_DigitalMarketingMenu - URL Entered
2025-02-14 10:57:26,588 INFO  Services_DigitalMarketingMenu - Mousehover to the Service Menu
2025-02-14 10:57:26,665 INFO  Services_DigitalMarketingMenu - Mousehover to the Digital Marketing Submenu
2025-02-14 10:57:27,389 INFO  Services_DigitalMarketingMenu - Submenu clicked
2025-02-14 10:57:27,410 INFO  Services_DigitalMarketingMenu - Social Media Management & Strategy Sub Menu Validated
2025-02-14 10:57:27,801 INFO  Services_DigitalMarketingMenu - URL Entered
2025-02-14 10:57:28,338 INFO  Services_DigitalMarketingMenu - Mousehover to the Service Menu
2025-02-14 10:57:28,418 INFO  Services_DigitalMarketingMenu - Mousehover to the Digital Marketing Submenu
2025-02-14 10:57:29,101 INFO  Services_DigitalMarketingMenu - Submenu clicked
2025-02-14 10:57:29,129 INFO  Services_DigitalMarketingMenu - Conversion Rate Optimization Services Sub Menu Validated
2025-02-14 10:57:29,578 INFO  Services_DigitalMarketingMenu - URL Entered
2025-02-14 10:57:30,066 INFO  Services_DigitalMarketingMenu - Mousehover to the Service Menu
2025-02-14 10:57:30,158 INFO  Services_DigitalMarketingMenu - Mousehover to the Digital Marketing Submenu
2025-02-14 10:57:30,880 INFO  Services_DigitalMarketingMenu - Submenu clicked
2025-02-14 10:57:30,905 INFO  Services_DigitalMarketingMenu - Multilingual SEO Sub Menu Validated
2025-02-14 10:57:31,338 INFO  Services_DigitalMarketingMenu - URL Entered
2025-02-14 10:57:31,863 INFO  Services_DigitalMarketingMenu - Mousehover to the Service Menu
2025-02-14 10:57:31,920 INFO  Services_DigitalMarketingMenu - Mousehover to the Digital Marketing Submenu
2025-02-14 10:57:32,610 INFO  Services_DigitalMarketingMenu - Submenu clicked
2025-02-14 10:57:32,630 INFO  Services_DigitalMarketingMenu - Google Search Optimization Sub Menu Validated
2025-02-14 10:57:33,083 INFO  Services_DigitalMarketingMenu - URL Entered
2025-02-14 10:57:33,630 INFO  Services_DigitalMarketingMenu - Mousehover to the Service Menu
2025-02-14 10:57:33,708 INFO  Services_DigitalMarketingMenu - Mousehover to the Digital Marketing Submenu
2025-02-14 10:57:34,449 INFO  Services_DigitalMarketingMenu - Submenu clicked
2025-02-14 10:57:34,482 INFO  Services_DigitalMarketingMenu - Google Grants Sub Menu Validated
2025-02-14 10:57:34,817 INFO  Services_DigitalMarketingMenu - URL Entered
2025-02-14 10:57:35,359 INFO  Services_DigitalMarketingMenu - Mousehover to the Service Menu
2025-02-14 10:57:35,432 INFO  Services_DigitalMarketingMenu - Mousehover to the Digital Marketing Submenu
2025-02-14 10:57:36,136 INFO  Services_DigitalMarketingMenu - Submenu clicked
2025-02-14 10:57:36,158 INFO  Services_DigitalMarketingMenu - Inbound marketing services Sub Menu Validated
2025-02-14 10:57:36,620 INFO  Services_DigitalMarketingMenu - URL Entered
2025-02-14 10:57:37,154 INFO  Services_DigitalMarketingMenu - Mousehover to the Service Menu
2025-02-14 10:57:37,237 INFO  Services_DigitalMarketingMenu - Mousehover to the Digital Marketing Submenu
2025-02-14 10:57:37,945 INFO  Services_DigitalMarketingMenu - Submenu clicked
2025-02-14 10:57:37,974 INFO  Services_DigitalMarketingMenu - DV360 Traffic Management Services Sub Menu Validated
2025-02-14 10:57:38,382 INFO  Services_DigitalMarketingMenu - URL Entered
2025-02-14 10:57:38,951 INFO  Services_DigitalMarketingMenu - Mousehover to the Service Menu
2025-02-14 10:57:39,034 INFO  Services_DigitalMarketingMenu - Mousehover to the Digital Marketing Submenu
2025-02-14 10:57:39,779 INFO  Services_DigitalMarketingMenu - Submenu clicked
2025-02-14 10:57:39,864 INFO  Services_DigitalMarketingMenu - Account Based Marketing Services Sub Menu Validated
