2025-02-14 10:54:15,835 INFO  Header_Services_Submenu - Submenu clicked
2025-02-14 10:54:15,900 INFO  Header_Services_Submenu - Mobile App Development Sub Menu Validated
2025-02-14 10:54:16,275 INFO  Header_Services_Submenu - URL Entered
2025-02-14 10:54:16,480 INFO  Header_Services_Submenu - Mousehover to the Service Menu
2025-02-14 10:54:18,446 INFO  Header_Services_Submenu - Submenu clicked
2025-02-14 10:54:18,469 INFO  Header_Services_Submenu - Digital Marketing Sub Menu Validated
2025-02-14 10:54:18,828 INFO  Header_Services_Submenu - URL Entered
2025-02-14 10:54:19,030 INFO  Header_Services_Submenu - Mousehover to the Service Menu
2025-02-14 10:54:20,229 INFO  Header_Services_Submenu - Submenu clicked
2025-02-14 10:54:20,237 INFO  Header_Services_Submenu - Mobile App Marketing Agency Sub Menu Validated
2025-02-14 10:54:20,617 INFO  Header_Services_Submenu - URL Entered
2025-02-14 10:54:21,141 INFO  Header_Services_Submenu - Mousehover to the Service Menu
2025-02-14 10:54:21,958 INFO  Header_Services_Submenu - Submenu clicked
2025-02-14 10:54:22,031 INFO  Header_Services_Submenu - Hire Our Didicated Developers Sub Menu Validated
2025-02-14 10:54:22,189 INFO  Header_Services_Submenu - URL Entered
2025-02-14 10:54:22,931 INFO  Header_Services_Submenu - Mousehover to the Service Menu
2025-02-14 10:54:23,046 INFO  Header_Services_Submenu - Submenu clicked
2025-02-14 10:54:23,046 INFO  Header_Services_Submenu - Web Design and Development Sub Menu Not Clickable
2025-02-14 10:54:23,713 INFO  Header_Services_Submenu - URL Entered
2025-02-14 10:54:24,141 INFO  Header_Services_Submenu - Mousehover to the Service Menu
2025-02-14 10:54:24,867 INFO  Header_Services_Submenu - Submenu clicked
2025-02-14 10:54:24,921 INFO  Header_Services_Submenu - Business Consulting Services Sub Menu Validated
2025-02-14 10:54:25,381 INFO  Header_Services_Submenu - URL Entered
2025-02-14 10:54:25,961 INFO  Header_Services_Submenu - Mousehover to the Service Menu
2025-02-14 10:54:26,758 INFO  Header_Services_Submenu - Submenu clicked
2025-02-14 10:54:26,771 INFO  Header_Services_Submenu - AI Services Sub Menu Validated
2025-02-14 10:54:27,244 INFO  Header_Services_Submenu - URL Entered
2025-02-14 10:54:27,812 INFO  Header_Services_Submenu - Mousehover to the Service Menu
2025-02-14 10:54:29,453 INFO  Header_Services_Submenu - Submenu clicked
2025-02-14 10:54:29,499 INFO  Header_Services_Submenu - GIS Services Sub Menu Validated
