2025-02-14 10:57:58,785 INFO  Services_MobileAppMarketingAgency_Menu - Submenu clicked
2025-02-14 10:58:00,308 INFO  Services_MobileAppMarketingAgency_Menu - User Engagement Sub Menu Validated
2025-02-14 10:58:00,674 INFO  Services_MobileAppMarketingAgency_Menu - URL Entered
2025-02-14 10:58:01,196 INFO  Services_MobileAppMarketingAgency_Menu - Mousehover to the Service Menu
2025-02-14 10:58:01,433 INFO  Services_MobileAppMarketingAgency_Menu - Mousehover to the Mobile App Marketing Agency Submenu
2025-02-14 10:58:04,242 INFO  Services_MobileAppMarketingAgency_Menu - Submenu clicked
2025-02-14 10:58:05,765 INFO  Services_MobileAppMarketingAgency_Menu - Android Apps Marketing Sub Menu Validated
2025-02-14 10:58:06,136 INFO  Services_MobileAppMarketingAgency_Menu - URL Entered
2025-02-14 10:58:06,618 INFO  Services_MobileAppMarketingAgency_Menu - Mousehover to the Service Menu
2025-02-14 10:58:06,810 INFO  Services_MobileAppMarketingAgency_Menu - Mousehover to the Mobile App Marketing Agency Submenu
2025-02-14 10:58:09,558 INFO  Services_MobileAppMarketingAgency_Menu - Submenu clicked
2025-02-14 10:58:11,081 INFO  Services_MobileAppMarketingAgency_Menu - iPhone Apps Marketing Sub Menu Validated
2025-02-14 10:58:11,574 INFO  Services_MobileAppMarketingAgency_Menu - URL Entered
2025-02-14 10:58:11,743 INFO  Services_MobileAppMarketingAgency_Menu - Mousehover to the Service Menu
2025-02-14 10:58:12,600 INFO  Services_MobileAppMarketingAgency_Menu - Mousehover to the Mobile App Marketing Agency Submenu
2025-02-14 10:58:15,343 INFO  Services_MobileAppMarketingAgency_Menu - Submenu clicked
2025-02-14 10:58:16,869 INFO  Services_MobileAppMarketingAgency_Menu - Free Consulations Service Sub Menu Validated
2025-02-14 10:58:17,270 INFO  Services_MobileAppMarketingAgency_Menu - URL Entered
2025-02-14 10:58:17,818 INFO  Services_MobileAppMarketingAgency_Menu - Mousehover to the Service Menu
2025-02-14 10:58:18,026 INFO  Services_MobileAppMarketingAgency_Menu - Mousehover to the Mobile App Marketing Agency Submenu
2025-02-14 10:58:20,798 INFO  Services_MobileAppMarketingAgency_Menu - Submenu clicked
2025-02-14 10:58:22,329 INFO  Services_MobileAppMarketingAgency_Menu - Mobile App Ads Campaign Management Sub Menu Validated
2025-02-14 10:58:22,760 INFO  Services_MobileAppMarketingAgency_Menu - URL Entered
2025-02-14 10:58:22,967 INFO  Services_MobileAppMarketingAgency_Menu - Mousehover to the Service Menu
2025-02-14 10:58:23,543 INFO  Services_MobileAppMarketingAgency_Menu - Mousehover to the Mobile App Marketing Agency Submenu
2025-02-14 10:58:26,310 INFO  Services_MobileAppMarketingAgency_Menu - Submenu clicked
2025-02-14 10:58:27,856 INFO  Services_MobileAppMarketingAgency_Menu - Mobile Games Marketing Sub Menu Validated
2025-02-14 10:58:28,325 INFO  Services_MobileAppMarketingAgency_Menu - URL Entered
2025-02-14 10:58:28,536 INFO  Services_MobileAppMarketingAgency_Menu - Mousehover to the Service Menu
2025-02-14 10:58:29,117 INFO  Services_MobileAppMarketingAgency_Menu - Mousehover to the Mobile App Marketing Agency Submenu
2025-02-14 10:58:31,741 INFO  Services_MobileAppMarketingAgency_Menu - Submenu clicked
2025-02-14 10:58:33,281 INFO  Services_MobileAppMarketingAgency_Menu - Mobile Pre Launch Activities Sub Menu Validated
2025-02-14 10:58:33,693 INFO  Services_MobileAppMarketingAgency_Menu - URL Entered
2025-02-14 10:58:34,037 INFO  Services_MobileAppMarketingAgency_Menu - Mousehover to the Service Menu
2025-02-14 10:58:34,563 INFO  Services_MobileAppMarketingAgency_Menu - Mousehover to the Mobile App Marketing Agency Submenu
2025-02-14 10:58:37,217 INFO  Services_MobileAppMarketingAgency_Menu - Submenu clicked
2025-02-14 10:58:38,743 INFO  Services_MobileAppMarketingAgency_Menu - Mobile App Market Research Sub Menu Validated
2025-02-14 10:58:38,941 INFO  Services_MobileAppMarketingAgency_Menu - URL Entered
2025-02-14 10:58:39,655 INFO  Services_MobileAppMarketingAgency_Menu - Mousehover to the Service Menu
2025-02-14 10:58:39,860 INFO  Services_MobileAppMarketingAgency_Menu - Mousehover to the Mobile App Marketing Agency Submenu
2025-02-14 10:58:42,525 INFO  Services_MobileAppMarketingAgency_Menu - Submenu clicked
2025-02-14 10:58:44,067 INFO  Services_MobileAppMarketingAgency_Menu - Mobile App Growth Marketing Sub Menu Validated
2025-02-14 10:58:44,502 INFO  Services_MobileAppMarketingAgency_Menu - URL Entered
2025-02-14 10:58:45,043 INFO  Services_MobileAppMarketingAgency_Menu - Mousehover to the Service Menu
2025-02-14 10:58:45,244 INFO  Services_MobileAppMarketingAgency_Menu - Mousehover to the Mobile App Marketing Agency Submenu
2025-02-14 10:58:47,966 INFO  Services_MobileAppMarketingAgency_Menu - Submenu clicked
2025-02-14 10:58:49,510 INFO  Services_MobileAppMarketingAgency_Menu - Mobile App Prototype Sub Menu Validated
