2025-02-14 10:57:32,610 INFO  Services_DigitalMarketingMenu - Submenu clicked
2025-02-14 10:57:32,630 INFO  Services_DigitalMarketingMenu - Google Search Optimization Sub Menu Validated
2025-02-14 10:57:33,083 INFO  Services_DigitalMarketingMenu - URL Entered
2025-02-14 10:57:33,630 INFO  Services_DigitalMarketingMenu - Mousehover to the Service Menu
2025-02-14 10:57:33,708 INFO  Services_DigitalMarketingMenu - Mousehover to the Digital Marketing Submenu
2025-02-14 10:57:34,449 INFO  Services_DigitalMarketingMenu - Submenu clicked
2025-02-14 10:57:34,482 INFO  Services_DigitalMarketingMenu - Google Grants Sub Menu Validated
2025-02-14 10:57:34,817 INFO  Services_DigitalMarketingMenu - URL Entered
2025-02-14 10:57:35,359 INFO  Services_DigitalMarketingMenu - Mousehover to the Service Menu
2025-02-14 10:57:35,432 INFO  Services_DigitalMarketingMenu - Mousehover to the Digital Marketing Submenu
2025-02-14 10:57:36,136 INFO  Services_DigitalMarketingMenu - Submenu clicked
2025-02-14 10:57:36,158 INFO  Services_DigitalMarketingMenu - Inbound marketing services Sub Menu Validated
2025-02-14 10:57:36,620 INFO  Services_DigitalMarketingMenu - URL Entered
2025-02-14 10:57:37,154 INFO  Services_DigitalMarketingMenu - Mousehover to the Service Menu
2025-02-14 10:57:37,237 INFO  Services_DigitalMarketingMenu - Mousehover to the Digital Marketing Submenu
2025-02-14 10:57:37,945 INFO  Services_DigitalMarketingMenu - Submenu clicked
2025-02-14 10:57:37,974 INFO  Services_DigitalMarketingMenu - DV360 Traffic Management Services Sub Menu Validated
2025-02-14 10:57:38,382 INFO  Services_DigitalMarketingMenu - URL Entered
2025-02-14 10:57:38,951 INFO  Services_DigitalMarketingMenu - Mousehover to the Service Menu
2025-02-14 10:57:39,034 INFO  Services_DigitalMarketingMenu - Mousehover to the Digital Marketing Submenu
2025-02-14 10:57:39,779 INFO  Services_DigitalMarketingMenu - Submenu clicked
2025-02-14 10:57:39,864 INFO  Services_DigitalMarketingMenu - Account Based Marketing Services Sub Menu Validated
