2025-02-14 10:56:06,091 INFO  Home_Page_Footer_Menu - Mobile Games Marketing Menu clicked
2025-02-14 10:56:06,117 INFO  Home_Page_Footer_Menu - Mobile Games Marketing Menu Validated
2025-02-14 10:56:06,549 INFO  Home_Page_Footer_Menu - URL Entered
2025-02-14 10:56:07,525 INFO  Home_Page_Footer_Menu - App Store Optimization Services Menu clicked
2025-02-14 10:56:07,565 INFO  Home_Page_Footer_Menu - App Store Optimization Services Menu Validated
2025-02-14 10:56:07,972 INFO  Home_Page_Footer_Menu - URL Entered
2025-02-14 10:56:08,835 INFO  Home_Page_Footer_Menu - IoT Development Services Menu clicked
2025-02-14 10:56:08,865 INFO  Home_Page_Footer_Menu - IoT Development Services Menu Validated
2025-02-14 10:56:09,259 INFO  Home_Page_Footer_Menu - URL Entered
2025-02-14 10:56:10,297 INFO  Home_Page_Footer_Menu - AI Services Menu clicked
2025-02-14 10:56:10,387 INFO  Home_Page_Footer_Menu - AI Services Menu Validated
2025-02-14 10:56:10,801 INFO  Home_Page_Footer_Menu - URL Entered
2025-02-14 10:56:12,523 INFO  Home_Page_Footer_Menu - GIS Services Menu clicked
2025-02-14 10:56:12,543 INFO  Home_Page_Footer_Menu - GIS Services Menu Validated
2025-02-14 10:56:14,899 INFO  Home_Page_Footer_Menu - URL Entered
2025-02-14 10:56:16,077 INFO  Home_Page_Footer_Menu - Web App Development Menu clicked
2025-02-14 10:56:16,108 INFO  Home_Page_Footer_Menu - Web App Development Menu Validated
2025-02-14 10:56:16,574 INFO  Home_Page_Footer_Menu - URL Entered
2025-02-14 10:56:17,465 INFO  Home_Page_Footer_Menu - Wallet Integration Menu clicked
2025-02-14 10:56:17,494 INFO  Home_Page_Footer_Menu - Wallet Integration Menu Validated
2025-02-14 10:56:17,949 INFO  Home_Page_Footer_Menu - URL Entered
2025-02-14 10:56:18,854 INFO  Home_Page_Footer_Menu - Conversion Rate Optimization Services Menu clicked
2025-02-14 10:56:18,882 INFO  Home_Page_Footer_Menu - Conversion Rate Optimization Services Menu Validated
2025-02-14 10:56:19,363 INFO  Home_Page_Footer_Menu - URL Entered
2025-02-14 10:56:20,191 INFO  Home_Page_Footer_Menu - Performance Marketing Services Menu clicked
2025-02-14 10:56:20,382 INFO  Home_Page_Footer_Menu -  Performance Marketing Services Menu Validated
2025-02-14 10:56:20,839 INFO  Home_Page_Footer_Menu - URL Entered
2025-02-14 10:56:21,069 INFO  Home_Page_Footer_Menu - School Management Software Menu clicked
2025-02-14 10:56:23,166 INFO  Home_Page_Footer_Menu - School Management Software Menu Validated
2025-02-14 10:56:23,776 INFO  Home_Page_Footer_Menu - URL Entered
2025-02-14 10:56:24,005 INFO  Home_Page_Footer_Menu - Intelligent Business Process Automation Software Menu clicked
2025-02-14 10:56:25,428 INFO  Home_Page_Footer_Menu - Intelligent Business Process Automation Software Menu Validated
