2025-02-14 10:55:30,856 INFO  Header_About_Us_SubMenu - Submenu clicked
2025-02-14 10:55:30,881 INFO  Header_About_Us_SubMenu - Become Our Representative Sub Menu Validated
2025-02-14 10:55:31,216 INFO  Header_About_Us_SubMenu - URL Entered
2025-02-14 10:55:31,799 INFO  Header_About_Us_SubMenu - Submenu clicked
2025-02-14 10:55:31,845 INFO  Header_About_Us_SubMenu - Business Models Sub Menu Validated
2025-02-14 10:55:32,420 INFO  Header_About_Us_SubMenu - URL Entered
2025-02-14 10:55:33,109 INFO  Header_About_Us_SubMenu - Submenu clicked
2025-02-14 10:55:33,167 INFO  Header_About_Us_SubMenu - Awards Sub Menu Validated
2025-02-14 10:55:33,547 INFO  Header_About_Us_SubMenu - URL Entered
2025-02-14 10:55:34,306 INFO  Header_About_Us_SubMenu - Submenu clicked
2025-02-14 10:55:34,315 INFO  Header_About_Us_SubMenu - Partner With Us Sub Menu Validated
2025-02-14 10:55:34,747 INFO  Header_About_Us_SubMenu - URL Entered
2025-02-14 10:55:35,349 INFO  Header_About_Us_SubMenu - Submenu clicked
2025-02-14 10:55:35,427 INFO  Header_About_Us_SubMenu - Testimonials Sub Menu Validated
2025-02-14 10:55:35,866 INFO  Header_About_Us_SubMenu - URL Entered
2025-02-14 10:55:36,466 INFO  Header_About_Us_SubMenu - Submenu clicked
2025-02-14 10:55:36,480 INFO  Header_About_Us_SubMenu - Vendor Registration Sub Menu Validated
2025-02-14 10:55:36,805 INFO  Header_About_Us_SubMenu - URL Entered
2025-02-14 10:55:39,831 INFO  Header_About_Us_SubMenu - Submenu clicked
2025-02-14 10:55:39,898 INFO  Header_About_Us_SubMenu - Technologies Sub Menu Validated
2025-02-14 10:55:40,250 INFO  Header_About_Us_SubMenu - URL Entered
2025-02-14 10:55:40,791 INFO  Header_About_Us_SubMenu - Submenu clicked
2025-02-14 10:55:40,849 INFO  Header_About_Us_SubMenu - Methodology Sub Menu Validated
2025-02-14 10:55:41,206 INFO  Header_About_Us_SubMenu - URL Entered
2025-02-14 10:55:41,766 INFO  Header_About_Us_SubMenu - Submenu clicked
2025-02-14 10:55:41,819 INFO  Header_About_Us_SubMenu - Alliances Sub Menu Validated
2025-02-14 10:55:42,191 INFO  Header_About_Us_SubMenu - URL Entered
2025-02-14 10:55:42,743 INFO  Header_About_Us_SubMenu - Submenu clicked
2025-02-14 10:55:42,805 INFO  Header_About_Us_SubMenu - Infrastructure Sub Menu Validated
2025-02-14 10:55:43,146 INFO  Header_About_Us_SubMenu - URL Entered
2025-02-14 10:55:43,680 INFO  Header_About_Us_SubMenu - Submenu clicked
2025-02-14 10:55:43,742 INFO  Header_About_Us_SubMenu - Group Companies Sub Menu Validated
