2025-02-14 10:51:46,542 INFO  Header_Menu_Header - About Us Menu Validated
2025-02-14 10:51:47,012 INFO  Header_Menu_Header - URL Entered
2025-02-14 10:51:48,302 INFO  Header_Menu_Header - Get_Quote Menu Validated
2025-02-14 10:51:49,801 INFO  Header_Menu_Header - URL Entered
2025-02-14 10:51:50,695 INFO  Header_Menu_Header - Contact Menu Validated
2025-02-14 10:51:51,256 INFO  Header_Menu_Header - URL Entered
2025-02-14 10:51:52,064 INFO  Header_Menu_Header - Portfolio Menu Validated
2025-02-14 10:51:52,685 INFO  Header_Menu_Header - URL Entered
2025-02-14 10:51:53,668 INFO  Header_Menu_Header - Blog Menu Validated
2025-02-14 10:51:54,192 INFO  Header_Menu_Header - URL Entered
2025-02-14 10:52:01,768 INFO  Header_Menu_Header - Contact Telephone Icon Validated
2025-02-14 10:55:49,931 INFO  Home_Page_Footer_Menu - About us menu clicked
2025-02-14 10:55:50,007 INFO  Home_Page_Footer_Menu - Footer About Us Menu Validated
2025-02-14 10:55:50,400 INFO  Home_Page_Footer_Menu - URL Entered
2025-02-14 10:55:51,332 INFO  Home_Page_Footer_Menu - Careers Menu clicked
2025-02-14 10:55:51,390 INFO  Home_Page_Footer_Menu - Footer Careers Menu Validated
2025-02-14 10:55:51,775 INFO  Home_Page_Footer_Menu - URL Entered
2025-02-14 10:55:52,546 INFO  Home_Page_Footer_Menu - Become our Representatives menu clicked
2025-02-14 10:55:52,579 INFO  Home_Page_Footer_Menu - Footer Become Our Representative Menu Validated
2025-02-14 10:55:52,885 INFO  Home_Page_Footer_Menu - URL Entered
2025-02-14 10:55:53,628 INFO  Home_Page_Footer_Menu - Privacy policy menu clicked
2025-02-14 10:55:53,648 INFO  Home_Page_Footer_Menu - Footer Privacy Policy Menu Validated
2025-02-14 10:55:53,776 INFO  Home_Page_Footer_Menu - URL Entered
2025-02-14 10:55:54,722 INFO  Home_Page_Footer_Menu - site map menu clicked
2025-02-14 10:55:54,741 INFO  Home_Page_Footer_Menu - Footer Subscribe button Validated
2025-02-14 10:55:55,037 INFO  Home_Page_Footer_Menu - URL Entered
2025-02-14 10:55:55,264 INFO  Home_Page_Footer_Menu - Mousehover to the Service Menu
2025-02-14 10:55:59,548 INFO  Home_Page_Footer_Menu - Subscibe button clicked
2025-02-14 10:56:01,617 INFO  Home_Page_Footer_Menu - Footer Subscibe button Validated
2025-02-14 10:56:02,013 INFO  Home_Page_Footer_Menu - URL Entered
2025-02-14 10:56:02,852 INFO  Home_Page_Footer_Menu - iOS App Development Menu clicked
2025-02-14 10:56:02,875 INFO  Home_Page_Footer_Menu - iOS App Development Menu Validated
2025-02-14 10:56:03,280 INFO  Home_Page_Footer_Menu - URL Entered
2025-02-14 10:56:04,124 INFO  Home_Page_Footer_Menu - Android App Development Menu clicked
2025-02-14 10:56:04,150 INFO  Home_Page_Footer_Menu - Android App Development Menu Validated
2025-02-14 10:56:04,490 INFO  Home_Page_Footer_Menu - URL Entered
2025-02-14 10:56:06,091 INFO  Home_Page_Footer_Menu - Mobile Games Marketing Menu clicked
2025-02-14 10:56:06,117 INFO  Home_Page_Footer_Menu - Mobile Games Marketing Menu Validated
2025-02-14 10:56:06,549 INFO  Home_Page_Footer_Menu - URL Entered
2025-02-14 10:56:07,525 INFO  Home_Page_Footer_Menu - App Store Optimization Services Menu clicked
2025-02-14 10:56:07,565 INFO  Home_Page_Footer_Menu - App Store Optimization Services Menu Validated
2025-02-14 10:56:07,972 INFO  Home_Page_Footer_Menu - URL Entered
2025-02-14 10:56:08,835 INFO  Home_Page_Footer_Menu - IoT Development Services Menu clicked
2025-02-14 10:56:08,865 INFO  Home_Page_Footer_Menu - IoT Development Services Menu Validated
2025-02-14 10:56:09,259 INFO  Home_Page_Footer_Menu - URL Entered
2025-02-14 10:56:10,297 INFO  Home_Page_Footer_Menu - AI Services Menu clicked
2025-02-14 10:56:10,387 INFO  Home_Page_Footer_Menu - AI Services Menu Validated
2025-02-14 10:56:10,801 INFO  Home_Page_Footer_Menu - URL Entered
2025-02-14 10:56:12,523 INFO  Home_Page_Footer_Menu - GIS Services Menu clicked
2025-02-14 10:56:12,543 INFO  Home_Page_Footer_Menu - GIS Services Menu Validated
2025-02-14 10:56:14,899 INFO  Home_Page_Footer_Menu - URL Entered
2025-02-14 10:56:16,077 INFO  Home_Page_Footer_Menu - Web App Development Menu clicked
2025-02-14 10:56:16,108 INFO  Home_Page_Footer_Menu - Web App Development Menu Validated
2025-02-14 10:56:16,574 INFO  Home_Page_Footer_Menu - URL Entered
2025-02-14 10:56:17,465 INFO  Home_Page_Footer_Menu - Wallet Integration Menu clicked
2025-02-14 10:56:17,494 INFO  Home_Page_Footer_Menu - Wallet Integration Menu Validated
2025-02-14 10:56:17,949 INFO  Home_Page_Footer_Menu - URL Entered
2025-02-14 10:56:18,854 INFO  Home_Page_Footer_Menu - Conversion Rate Optimization Services Menu clicked
2025-02-14 10:56:18,882 INFO  Home_Page_Footer_Menu - Conversion Rate Optimization Services Menu Validated
2025-02-14 10:56:19,363 INFO  Home_Page_Footer_Menu - URL Entered
2025-02-14 10:56:20,191 INFO  Home_Page_Footer_Menu - Performance Marketing Services Menu clicked
2025-02-14 10:56:20,382 INFO  Home_Page_Footer_Menu -  Performance Marketing Services Menu Validated
2025-02-14 10:56:20,839 INFO  Home_Page_Footer_Menu - URL Entered
2025-02-14 10:56:21,069 INFO  Home_Page_Footer_Menu - School Management Software Menu clicked
2025-02-14 10:56:23,166 INFO  Home_Page_Footer_Menu - School Management Software Menu Validated
2025-02-14 10:56:23,776 INFO  Home_Page_Footer_Menu - URL Entered
2025-02-14 10:56:24,005 INFO  Home_Page_Footer_Menu - Intelligent Business Process Automation Software Menu clicked
2025-02-14 10:56:25,428 INFO  Home_Page_Footer_Menu - Intelligent Business Process Automation Software Menu Validated
