2024-10-10 10:10:10,324 INFO  Forms_Validation - Name Field Validated
2024-10-10 10:10:10,884 INFO  Forms_Validation - Email Field Validated
2024-10-10 10:10:18,292 INFO  Forms_Validation - Select Interest is Validated
2024-10-10 10:10:21,779 INFO  Forms_Validation - Budget Field is Validated
2024-10-10 10:10:22,066 INFO  Forms_Validation - Requirement Field is validated
2024-10-10 10:10:22,066 INFO  Forms_Validation - Quick Consultation form Validated
2024-10-10 10:10:22,484 INFO  Forms_Validation - URL Entered
2024-10-10 10:10:24,553 INFO  Forms_Validation - Job Application Menu clicked
2024-10-10 10:10:28,308 INFO  Forms_Validation - Name Field Validated
2024-10-10 10:10:29,169 INFO  Forms_Validation - Email Field Validated
2024-10-10 10:10:30,325 INFO  Forms_Validation - phone number field validated
2024-10-10 10:10:33,880 INFO  Forms_Validation - Select Post is Validated
2024-10-10 10:10:35,607 INFO  Forms_Validation - Location Field is Validated
2024-10-10 10:10:37,765 INFO  Forms_Validation - Search Engine Field is Validated
2024-10-10 10:10:39,037 INFO  Forms_Validation - Gender Field Vaidated
2024-10-10 10:10:48,234 INFO  Forms_Validation - Year of Experience Field is Validated
2024-10-10 10:10:50,208 INFO  Forms_Validation - Month of experience Field is Validated
2024-10-10 10:10:50,344 INFO  Forms_Validation - Highest Qualification field is validated
2024-10-10 10:10:50,633 INFO  Forms_Validation - Key Skills field is validated
2024-10-10 10:10:50,757 INFO  Forms_Validation - Current Designation field is validated
2024-10-10 10:10:50,885 INFO  Forms_Validation - Current Location Field is validated
2024-10-10 10:10:50,886 INFO  Forms_Validation - Job Allication Form Validated
2024-10-10 10:10:51,713 INFO  Forms_Validation - URL Entered
2024-10-10 10:10:52,126 INFO  Forms_Validation - Moved to Home Element
2024-10-10 10:10:53,558 INFO  Forms_Validation - Online is Clicked
2024-10-10 10:10:54,939 INFO  Forms_Validation - Moved to Home Element
2024-10-10 10:10:55,671 INFO  Forms_Validation - Name Field Validated
2024-10-10 10:10:56,091 INFO  Forms_Validation - Email Field Validated
2024-10-10 10:10:56,491 INFO  Forms_Validation - Phone Field Validated
2024-10-10 10:11:01,002 INFO  Forms_Validation - Interested service validated
2024-10-10 10:11:01,616 INFO  Forms_Validation - Requirement field Validated
2024-10-10 10:11:02,147 INFO  Forms_Validation - Frame Closer Vaidated
2024-10-10 10:11:02,147 INFO  Forms_Validation - Send Message form Validated
2024-10-10 10:11:02,795 INFO  Forms_Validation - URL Entered
2024-10-10 10:11:04,066 INFO  Forms_Validation - Submenu clicked
2024-10-10 10:11:06,191 INFO  Forms_Validation - Name of the company Field Validated
2024-10-10 10:11:09,144 INFO  Forms_Validation - Number of employees is Validated
2024-10-10 10:11:11,958 INFO  Forms_Validation - Company Type is Validated
2024-10-10 10:11:14,748 INFO  Forms_Validation - Industry Experience Field is Validated
2024-10-10 10:11:22,471 INFO  Forms_Validation - TEch Expertise is Validated
2024-10-10 10:11:22,590 INFO  Forms_Validation - Tax ID Field Validated
2024-10-10 10:11:23,735 INFO  Forms_Validation - Registration Number Field Validated
2024-10-10 10:11:23,977 INFO  Forms_Validation - Address Field Validated
2024-10-10 10:11:24,096 INFO  Forms_Validation - City Field Validated
2024-10-10 10:11:24,209 INFO  Forms_Validation - Website Field Validated
2024-10-10 10:11:24,353 INFO  Forms_Validation - Portfolio URL Field Validated
2024-10-10 10:11:24,454 INFO  Forms_Validation - Name of the Contact person Field Validated
2024-10-10 10:11:24,575 INFO  Forms_Validation - Job title of contact person Field Validated
2024-10-10 10:11:24,704 INFO  Forms_Validation - Contact Number Field Validated
2024-10-10 10:11:24,832 INFO  Forms_Validation - Whatsapp  Field Validated
2024-10-10 10:11:24,988 INFO  Forms_Validation - Email field Field Validated
2024-10-10 10:11:25,111 INFO  Forms_Validation - Bank Details Field Validated
2024-10-10 10:11:25,223 INFO  Forms_Validation - Any Relevant Certificate Field Validated
2024-10-10 10:11:25,324 INFO  Forms_Validation - Decision Maker Field Validated
2024-10-10 10:11:25,462 INFO  Forms_Validation - Decision maker Email Field Validated
2024-10-10 10:11:25,718 INFO  Forms_Validation - Brief Description about the company Field Validated
2024-10-10 10:11:25,718 INFO  Forms_Validation - Vendor Registration form Validated
