2024-10-10 12:07:12,389 INFO  Services_MobileAppDevelopmentMenu - Submenu clicked
2024-10-10 12:07:13,915 INFO  Services_MobileAppDevelopmentMenu - Android App Development Sub Menu Validated
2024-10-10 12:07:14,257 INFO  Services_MobileAppDevelopmentMenu - URL Entered
2024-10-10 12:07:14,421 INFO  Services_MobileAppDevelopmentMenu - Mousehover to the Service Menu
2024-10-10 12:07:15,421 INFO  Services_MobileAppDevelopmentMenu - Mousehover to the Mobile App development Submenu
2024-10-10 12:07:16,317 INFO  Services_MobileAppDevelopmentMenu - Submenu clicked
2024-10-10 12:07:16,404 INFO  Services_MobileAppDevelopmentMenu - Enterprise Mobile Application Development Sub Menu Validated
2024-10-10 12:07:16,725 INFO  Services_MobileAppDevelopmentMenu - URL Entered
2024-10-10 12:07:17,161 INFO  Services_MobileAppDevelopmentMenu - Mousehover to the Service Menu
2024-10-10 12:07:17,635 INFO  Services_MobileAppDevelopmentMenu - Mousehover to the Mobile App development Submenu
2024-10-10 12:07:32,439 INFO  Services_MobileAppDevelopmentMenu - Submenu clicked
2024-10-10 12:07:32,513 INFO  Services_MobileAppDevelopmentMenu - Startup App Development Sub Menu Validated
2024-10-10 12:07:32,990 INFO  Services_MobileAppDevelopmentMenu - URL Entered
2024-10-10 12:07:33,188 INFO  Services_MobileAppDevelopmentMenu - Mousehover to the Service Menu
2024-10-10 12:07:33,853 INFO  Services_MobileAppDevelopmentMenu - Mousehover to the Mobile App development Submenu
2024-10-10 12:07:34,508 INFO  Services_MobileAppDevelopmentMenu - Submenu clicked
2024-10-10 12:07:34,560 INFO  Services_MobileAppDevelopmentMenu - iOS App Development Sub Menu Validated
2024-10-10 12:07:34,841 INFO  Services_MobileAppDevelopmentMenu - URL Entered
2024-10-10 12:07:35,273 INFO  Services_MobileAppDevelopmentMenu - Mousehover to the Service Menu
2024-10-10 12:07:35,526 INFO  Services_MobileAppDevelopmentMenu - Mousehover to the Mobile App development Submenu
2024-10-10 12:07:36,148 INFO  Services_MobileAppDevelopmentMenu - Submenu clicked
2024-10-10 12:07:36,201 INFO  Services_MobileAppDevelopmentMenu - iPad App Development Sub Menu Validated
2024-10-10 12:07:36,494 INFO  Services_MobileAppDevelopmentMenu - URL Entered
2024-10-10 12:07:36,932 INFO  Services_MobileAppDevelopmentMenu - Mousehover to the Service Menu
2024-10-10 12:07:37,231 INFO  Services_MobileAppDevelopmentMenu - Mousehover to the Mobile App development Submenu
2024-10-10 12:07:37,774 INFO  Services_MobileAppDevelopmentMenu - Submenu clicked
2024-10-10 12:07:37,823 INFO  Services_MobileAppDevelopmentMenu - HTML5 Development Sub Menu Validated
2024-10-10 12:07:38,094 INFO  Services_MobileAppDevelopmentMenu - URL Entered
2024-10-10 12:07:38,550 INFO  Services_MobileAppDevelopmentMenu - Mousehover to the Service Menu
2024-10-10 12:07:38,803 INFO  Services_MobileAppDevelopmentMenu - Mousehover to the Mobile App development Submenu
2024-10-10 12:07:39,449 INFO  Services_MobileAppDevelopmentMenu - Submenu clicked
2024-10-10 12:07:39,487 INFO  Services_MobileAppDevelopmentMenu - Windows Application Development Sub Menu Validated
