2024-10-10 10:08:19,832 INFO  Header_Menu_Header - About Us Menu Validated
2024-10-10 10:08:40,045 INFO  Header_Menu_Header - URL Entered
2024-10-10 10:08:41,653 INFO  Header_Menu_Header - Get_Quote Menu Validated
2024-10-10 10:08:42,255 INFO  Header_Menu_Header - URL Entered
2024-10-10 10:08:43,204 INFO  Header_Menu_Header - Contact Menu Validated
2024-10-10 10:09:03,395 INFO  Header_Menu_Header - URL Entered
2024-10-10 10:09:04,293 INFO  Header_Menu_Header - Portfolio Menu Validated
2024-10-10 10:09:04,664 INFO  Header_Menu_Header - URL Entered
2024-10-10 10:09:25,887 INFO  Header_Menu_Header - Blog Menu Validated
2024-10-10 10:09:26,307 INFO  Header_Menu_Header - URL Entered
2024-10-10 10:09:32,291 INFO  Header_Menu_Header - Contact Telephone Icon Validated
2024-10-10 10:15:21,161 INFO  Home_Page_Footer_Menu - Footer About Us Menu Validated
2024-10-10 10:15:21,445 INFO  Home_Page_Footer_Menu - URL Entered
2024-10-10 10:15:22,737 INFO  Home_Page_Footer_Menu - Footer Careers Menu Validated
2024-10-10 10:15:23,006 INFO  Home_Page_Footer_Menu - URL Entered
2024-10-10 10:15:23,800 INFO  Home_Page_Footer_Menu - Footer Become Our Representative Menu Validated
2024-10-10 10:15:24,072 INFO  Home_Page_Footer_Menu - URL Entered
2024-10-10 10:15:25,522 INFO  Home_Page_Footer_Menu - Footer Privacy Policy Menu Validated
2024-10-10 10:15:40,952 INFO  Home_Page_Footer_Menu - URL Entered
2024-10-10 10:15:42,018 INFO  Home_Page_Footer_Menu - Footer About Us Menu Validated
