2024-10-10 12:02:40,777 INFO  Services_MobileAppDevelopmentMenu - Submenu clicked
2024-10-10 12:02:40,882 INFO  Services_MobileAppDevelopmentMenu - Enterprise Mobile Application Development Sub Menu Validated
2024-10-10 12:02:41,225 INFO  Services_MobileAppDevelopmentMenu - URL Entered
2024-10-10 12:02:41,582 INFO  Services_MobileAppDevelopmentMenu - Mousehover to the Service Menu
2024-10-10 12:02:41,846 INFO  Services_MobileAppDevelopmentMenu - Mousehover to the Mobile App development Submenu
2024-10-10 12:03:02,439 INFO  Services_MobileAppDevelopmentMenu - Submenu clicked
2024-10-10 12:03:02,516 INFO  Services_MobileAppDevelopmentMenu - Startup App Development Sub Menu Validated
2024-10-10 12:03:03,294 INFO  Services_MobileAppDevelopmentMenu - URL Entered
2024-10-10 12:03:03,488 INFO  Services_MobileAppDevelopmentMenu - Mousehover to the Service Menu
2024-10-10 12:03:03,997 INFO  Services_MobileAppDevelopmentMenu - Mousehover to the Mobile App development Submenu
2024-10-10 12:03:05,292 INFO  Services_MobileAppDevelopmentMenu - Submenu clicked
2024-10-10 12:03:05,353 INFO  Services_MobileAppDevelopmentMenu - iOS App Development Sub Menu Validated
2024-10-10 12:03:05,913 INFO  Services_MobileAppDevelopmentMenu - URL Entered
2024-10-10 12:03:06,303 INFO  Services_MobileAppDevelopmentMenu - Mousehover to the Service Menu
2024-10-10 12:03:06,552 INFO  Services_MobileAppDevelopmentMenu - Mousehover to the Mobile App development Submenu
2024-10-10 12:03:07,217 INFO  Services_MobileAppDevelopmentMenu - Submenu clicked
2024-10-10 12:03:07,261 INFO  Services_MobileAppDevelopmentMenu - iPad App Development Sub Menu Validated
2024-10-10 12:03:07,875 INFO  Services_MobileAppDevelopmentMenu - URL Entered
2024-10-10 12:03:08,248 INFO  Services_MobileAppDevelopmentMenu - Mousehover to the Service Menu
2024-10-10 12:03:08,508 INFO  Services_MobileAppDevelopmentMenu - Mousehover to the Mobile App development Submenu
2024-10-10 12:03:09,095 INFO  Services_MobileAppDevelopmentMenu - Submenu clicked
2024-10-10 12:03:09,140 INFO  Services_MobileAppDevelopmentMenu - HTML5 Development Sub Menu Validated
2024-10-10 12:03:09,757 INFO  Services_MobileAppDevelopmentMenu - URL Entered
2024-10-10 12:03:10,122 INFO  Services_MobileAppDevelopmentMenu - Mousehover to the Service Menu
2024-10-10 12:03:10,379 INFO  Services_MobileAppDevelopmentMenu - Mousehover to the Mobile App development Submenu
2024-10-10 12:03:10,975 INFO  Services_MobileAppDevelopmentMenu - Submenu clicked
2024-10-10 12:03:11,038 INFO  Services_MobileAppDevelopmentMenu - Windows Application Development Sub Menu Validated
