2024-10-10 10:12:56,938 INFO  Header_About_Us_SubMenu - Submenu clicked
2024-10-10 10:12:56,961 INFO  Header_About_Us_SubMenu - Meet the Team Sub Menu Validated
2024-10-10 10:13:18,398 INFO  Header_About_Us_SubMenu - URL Entered
2024-10-10 10:13:18,998 INFO  Header_About_Us_SubMenu - Submenu clicked
2024-10-10 10:13:19,065 INFO  Header_About_Us_SubMenu - Our Clients Sub Menu Validated
2024-10-10 10:13:19,379 INFO  Header_About_Us_SubMenu - URL Entered
2024-10-10 10:13:19,831 INFO  Header_About_Us_SubMenu - Submenu clicked
2024-10-10 10:13:19,879 INFO  Header_About_Us_SubMenu - Products Sub Menu Validated
2024-10-10 10:13:41,194 INFO  Header_About_Us_SubMenu - URL Entered
2024-10-10 10:13:41,728 INFO  Header_About_Us_SubMenu - Submenu clicked
2024-10-10 10:13:41,745 INFO  Header_About_Us_SubMenu - Become Our Representative Sub Menu Validated
2024-10-10 10:13:42,026 INFO  Header_About_Us_SubMenu - URL Entered
2024-10-10 10:13:42,480 INFO  Header_About_Us_SubMenu - Submenu clicked
2024-10-10 10:13:42,531 INFO  Header_About_Us_SubMenu - Business Models Sub Menu Validated
2024-10-10 10:14:20,328 INFO  Header_About_Us_SubMenu - URL Entered
2024-10-10 10:14:21,044 INFO  Header_About_Us_SubMenu - Submenu clicked
2024-10-10 10:14:21,103 INFO  Header_About_Us_SubMenu - Awards Sub Menu Validated
2024-10-10 10:14:21,387 INFO  Header_About_Us_SubMenu - URL Entered
2024-10-10 10:14:43,185 INFO  Header_About_Us_SubMenu - Submenu clicked
2024-10-10 10:14:43,239 INFO  Header_About_Us_SubMenu - Partner With Us Sub Menu Validated
2024-10-10 10:14:43,695 INFO  Header_About_Us_SubMenu - URL Entered
2024-10-10 10:14:44,262 INFO  Header_About_Us_SubMenu - Submenu clicked
2024-10-10 10:14:44,341 INFO  Header_About_Us_SubMenu - Testimonials Sub Menu Validated
2024-10-10 10:15:05,757 INFO  Header_About_Us_SubMenu - URL Entered
2024-10-10 10:15:06,348 INFO  Header_About_Us_SubMenu - Submenu clicked
2024-10-10 10:15:06,365 INFO  Header_About_Us_SubMenu - Vendor Registration Sub Menu Validated
2024-10-10 10:15:06,676 INFO  Header_About_Us_SubMenu - URL Entered
2024-10-10 10:15:07,267 INFO  Header_About_Us_SubMenu - Submenu clicked
2024-10-10 10:15:07,322 INFO  Header_About_Us_SubMenu - Technologies Sub Menu Validated
2024-10-10 10:15:07,627 INFO  Header_About_Us_SubMenu - URL Entered
2024-10-10 10:15:08,116 INFO  Header_About_Us_SubMenu - Submenu clicked
2024-10-10 10:15:08,166 INFO  Header_About_Us_SubMenu - Methodology Sub Menu Validated
2024-10-10 10:15:08,483 INFO  Header_About_Us_SubMenu - URL Entered
2024-10-10 10:15:11,010 INFO  Header_About_Us_SubMenu - Submenu clicked
2024-10-10 10:15:11,049 INFO  Header_About_Us_SubMenu - Alliances Sub Menu Validated
2024-10-10 10:15:11,360 INFO  Header_About_Us_SubMenu - URL Entered
2024-10-10 10:15:11,852 INFO  Header_About_Us_SubMenu - Submenu clicked
2024-10-10 10:15:11,910 INFO  Header_About_Us_SubMenu - Infrastructure Sub Menu Validated
2024-10-10 10:15:12,212 INFO  Header_About_Us_SubMenu - URL Entered
2024-10-10 10:15:14,707 INFO  Header_About_Us_SubMenu - Submenu clicked
2024-10-10 10:15:14,760 INFO  Header_About_Us_SubMenu - Group Companies Sub Menu Validated
