2025-04-30 10:19:18,126 INFO  Header_Services_Submenu - Submenu clicked
2025-04-30 10:19:18,176 INFO  Header_Services_Submenu - Mobile App Development Sub Menu Validated
2025-04-30 10:19:18,516 INFO  Header_Services_Submenu - URL Entered
2025-04-30 10:19:18,715 INFO  Header_Services_Submenu - Mousehover to the Service Menu
2025-04-30 10:19:20,702 INFO  Header_Services_Submenu - Submenu clicked
2025-04-30 10:19:20,723 INFO  Header_Services_Submenu - Digital Marketing Sub Menu Validated
2025-04-30 10:19:21,143 INFO  Header_Services_Submenu - URL Entered
2025-04-30 10:19:21,333 INFO  Header_Services_Submenu - Mousehover to the Service Menu
2025-04-30 10:19:22,741 INFO  Header_Services_Submenu - Submenu clicked
2025-04-30 10:19:22,749 INFO  Header_Services_Submenu - Mobile App Marketing Agency Sub Menu Validated
2025-04-30 10:19:23,105 INFO  Header_Services_Submenu - URL Entered
2025-04-30 10:19:23,703 INFO  Header_Services_Submenu - Mousehover to the Service Menu
2025-04-30 10:19:24,384 INFO  Header_Services_Submenu - Submenu clicked
2025-04-30 10:19:24,456 INFO  Header_Services_Submenu - Hire Our Didicated Developers Sub Menu Validated
2025-04-30 10:19:24,791 INFO  Header_Services_Submenu - URL Entered
2025-04-30 10:19:25,480 INFO  Header_Services_Submenu - Mousehover to the Service Menu
2025-04-30 10:19:25,652 INFO  Header_Services_Submenu - Submenu clicked
2025-04-30 10:19:25,652 INFO  Header_Services_Submenu - Web Design and Development Sub Menu Not Clickable
2025-04-30 10:19:26,534 INFO  Header_Services_Submenu - URL Entered
2025-04-30 10:19:27,128 INFO  Header_Services_Submenu - Mousehover to the Service Menu
2025-04-30 10:19:27,917 INFO  Header_Services_Submenu - Submenu clicked
2025-04-30 10:19:28,011 INFO  Header_Services_Submenu - Business Consulting Services Sub Menu Validated
2025-04-30 10:19:28,394 INFO  Header_Services_Submenu - URL Entered
2025-04-30 10:19:28,679 INFO  Header_Services_Submenu - Mousehover to the Service Menu
2025-04-30 10:19:29,814 INFO  Header_Services_Submenu - Submenu clicked
2025-04-30 10:19:40,639 INFO  Header_Services_Submenu - URL Entered
2025-04-30 10:19:40,937 INFO  Header_Services_Submenu - Mousehover to the Service Menu
2025-04-30 10:19:42,755 INFO  Header_Services_Submenu - Submenu clicked
2025-04-30 10:19:42,777 INFO  Header_Services_Submenu - GIS Services Sub Menu Validated
