2025-04-30 10:25:02,507 INFO  Services_WebDesignAndDevelopment_CMS_Submenu - Drupal Development Submenu clicked
2025-04-30 10:25:02,532 INFO  Services_WebDesignAndDevelopment_CMS_Submenu - Drupal Development Sub Menu Validated
2025-04-30 10:25:02,981 INFO  Services_WebDesignAndDevelopment_CMS_Submenu - URL Entered
2025-04-30 10:25:03,710 INFO  Services_WebDesignAndDevelopment_CMS_Submenu - Mousehover to the Service Menu
2025-04-30 10:25:04,063 INFO  Services_WebDesignAndDevelopment_CMS_Submenu - MouseOver to Web Design & Development Submenu
2025-04-30 10:25:04,221 INFO  Services_WebDesignAndDevelopment_CMS_Submenu - MouseOver to Content Management System Submenu
2025-04-30 10:25:04,754 INFO  Services_WebDesignAndDevelopment_CMS_Submenu - Joomla! Development Submenu clicked
2025-04-30 10:25:04,772 INFO  Services_WebDesignAndDevelopment_CMS_Submenu - Joomla! Development Sub Menu Validated
2025-04-30 10:25:05,082 INFO  Services_WebDesignAndDevelopment_CMS_Submenu - URL Entered
2025-04-30 10:25:05,649 INFO  Services_WebDesignAndDevelopment_CMS_Submenu - Mousehover to the Service Menu
2025-04-30 10:25:06,110 INFO  Services_WebDesignAndDevelopment_CMS_Submenu - MouseOver to Web Design & Development Submenu
2025-04-30 10:25:06,322 INFO  Services_WebDesignAndDevelopment_CMS_Submenu - MouseOver to Content Management System Submenu
2025-04-30 10:25:07,120 INFO  Services_WebDesignAndDevelopment_CMS_Submenu - Magento Development Submenu clicked
2025-04-30 10:25:07,136 INFO  Services_WebDesignAndDevelopment_CMS_Submenu - Magento Development Sub Menu Validated
2025-04-30 10:25:07,433 INFO  Services_WebDesignAndDevelopment_CMS_Submenu - URL Entered
2025-04-30 10:25:07,699 INFO  Services_WebDesignAndDevelopment_CMS_Submenu - Mousehover to the Service Menu
2025-04-30 10:25:08,571 INFO  Services_WebDesignAndDevelopment_CMS_Submenu - MouseOver to Web Design & Development Submenu
2025-04-30 10:25:08,752 INFO  Services_WebDesignAndDevelopment_CMS_Submenu - MouseOver to Content Management System Submenu
2025-04-30 10:25:09,367 INFO  Services_WebDesignAndDevelopment_CMS_Submenu - Woocommerce Submenu clicked
2025-04-30 10:25:09,395 INFO  Services_WebDesignAndDevelopment_CMS_Submenu - Woocommerce Sub Menu Validated
2025-04-30 10:25:09,716 INFO  Services_WebDesignAndDevelopment_CMS_Submenu - URL Entered
2025-04-30 10:25:09,929 INFO  Services_WebDesignAndDevelopment_CMS_Submenu - Mousehover to the Service Menu
2025-04-30 10:25:10,555 INFO  Services_WebDesignAndDevelopment_CMS_Submenu - MouseOver to Web Design & Development Submenu
2025-04-30 10:25:10,809 INFO  Services_WebDesignAndDevelopment_CMS_Submenu - MouseOver to Content Management System Submenu
2025-04-30 10:25:11,451 INFO  Services_WebDesignAndDevelopment_CMS_Submenu - WordPress Development Submenu clicked
2025-04-30 10:25:11,480 INFO  Services_WebDesignAndDevelopment_CMS_Submenu - WordPress Development Sub Menu Validated
