2025-04-30 10:20:37,806 INFO  Home_Menu_Body - Moved to Home Element
2025-04-30 10:20:39,886 INFO  Home_Menu_Body - View all button clicked
2025-04-30 10:20:39,910 INFO  Home_Menu_Body - Latest Bolg ViewAll button Validated
2025-04-30 10:20:40,303 INFO  Home_Menu_Body - URL Entered
2025-04-30 10:20:41,767 INFO  Home_Menu_Body - Mobile App development arrow icon clicked
2025-04-30 10:20:41,803 INFO  Home_Menu_Body - Mobile App Development arrow icon Validated
2025-04-30 10:20:42,159 INFO  Home_Menu_Body - URL Entered
2025-04-30 10:20:43,728 INFO  Home_Menu_Body - Digital Marketing arrow icon clicked
2025-04-30 10:20:43,739 INFO  Home_Menu_Body - Digital Marketing arrow icon Validated
2025-04-30 10:20:44,061 INFO  Home_Menu_Body - URL Entered
2025-04-30 10:20:45,576 INFO  Home_Menu_Body - Mobile App Marketing Arrow icon clicked
2025-04-30 10:20:45,677 INFO  Home_Menu_Body - Mobile App Marketing  arrow icon Validated
2025-04-30 10:20:46,025 INFO  Home_Menu_Body - URL Entered
2025-04-30 10:20:46,910 INFO  Home_Menu_Body - Hire our Dedicated developer Icon clicked
2025-04-30 10:20:46,962 INFO  Home_Menu_Body - Hire Our Didicated Developers Sub Menu Validated
2025-04-30 10:20:47,401 INFO  Home_Menu_Body - URL Entered
2025-04-30 10:20:47,975 INFO  Home_Menu_Body - Web development icon clicked
2025-04-30 10:20:47,988 INFO  Home_Menu_Body - Web development arrow icon Validated
2025-04-30 10:20:48,370 INFO  Home_Menu_Body - URL Entered
2025-04-30 10:20:49,724 INFO  Home_Menu_Body - GIS Service arrow icon clicked
2025-04-30 10:20:49,741 INFO  Home_Menu_Body - GIS Services arrow icon Validated
2025-04-30 10:20:50,913 INFO  Home_Menu_Body - URL Entered
2025-04-30 10:20:51,906 INFO  Home_Menu_Body - URL Entered
2025-04-30 10:20:55,527 INFO  Home_Menu_Body - URL Entered
2025-04-30 10:20:58,960 INFO  Home_Menu_Body - Footer Alignment Mismatch
