2025-04-30 10:23:38,360 INFO  Services_MobileAppMarketingAgency_Menu - Submenu clicked
2025-04-30 10:23:39,899 INFO  Services_MobileAppMarketingAgency_Menu - User Engagement Sub Menu Validated
2025-04-30 10:23:40,210 INFO  Services_MobileAppMarketingAgency_Menu - URL Entered
2025-04-30 10:23:40,420 INFO  Services_MobileAppMarketingAgency_Menu - Mousehover to the Service Menu
2025-04-30 10:23:41,079 INFO  Services_MobileAppMarketingAgency_Menu - Mousehover to the Mobile App Marketing Agency Submenu
2025-04-30 10:23:43,931 INFO  Services_MobileAppMarketingAgency_Menu - Submenu clicked
2025-04-30 10:23:45,457 INFO  Services_MobileAppMarketingAgency_Menu - Android Apps Marketing Sub Menu Validated
2025-04-30 10:23:45,793 INFO  Services_MobileAppMarketingAgency_Menu - URL Entered
2025-04-30 10:23:46,014 INFO  Services_MobileAppMarketingAgency_Menu - Mousehover to the Service Menu
2025-04-30 10:23:46,914 INFO  Services_MobileAppMarketingAgency_Menu - Mousehover to the Mobile App Marketing Agency Submenu
2025-04-30 10:23:52,271 INFO  Services_MobileAppMarketingAgency_Menu - Submenu clicked
2025-04-30 10:23:53,795 INFO  Services_MobileAppMarketingAgency_Menu - iPhone Apps Marketing Sub Menu Validated
2025-04-30 10:23:54,107 INFO  Services_MobileAppMarketingAgency_Menu - URL Entered
2025-04-30 10:23:54,292 INFO  Services_MobileAppMarketingAgency_Menu - Mousehover to the Service Menu
2025-04-30 10:23:55,001 INFO  Services_MobileAppMarketingAgency_Menu - Mousehover to the Mobile App Marketing Agency Submenu
2025-04-30 10:23:57,676 INFO  Services_MobileAppMarketingAgency_Menu - Submenu clicked
2025-04-30 10:23:59,189 INFO  Services_MobileAppMarketingAgency_Menu - Free Consulations Service Sub Menu Validated
2025-04-30 10:23:59,586 INFO  Services_MobileAppMarketingAgency_Menu - URL Entered
2025-04-30 10:24:00,195 INFO  Services_MobileAppMarketingAgency_Menu - Mousehover to the Service Menu
2025-04-30 10:24:00,363 INFO  Services_MobileAppMarketingAgency_Menu - Mousehover to the Mobile App Marketing Agency Submenu
2025-04-30 10:24:03,118 INFO  Services_MobileAppMarketingAgency_Menu - Submenu clicked
2025-04-30 10:24:04,656 INFO  Services_MobileAppMarketingAgency_Menu - Mobile App Ads Campaign Management Sub Menu Validated
2025-04-30 10:24:04,961 INFO  Services_MobileAppMarketingAgency_Menu - URL Entered
2025-04-30 10:24:05,149 INFO  Services_MobileAppMarketingAgency_Menu - Mousehover to the Service Menu
2025-04-30 10:24:06,003 INFO  Services_MobileAppMarketingAgency_Menu - Mousehover to the Mobile App Marketing Agency Submenu
2025-04-30 10:24:08,863 INFO  Services_MobileAppMarketingAgency_Menu - Submenu clicked
2025-04-30 10:24:10,395 INFO  Services_MobileAppMarketingAgency_Menu - Mobile Games Marketing Sub Menu Validated
2025-04-30 10:24:10,815 INFO  Services_MobileAppMarketingAgency_Menu - URL Entered
2025-04-30 10:24:11,003 INFO  Services_MobileAppMarketingAgency_Menu - Mousehover to the Service Menu
2025-04-30 10:24:11,674 INFO  Services_MobileAppMarketingAgency_Menu - Mousehover to the Mobile App Marketing Agency Submenu
2025-04-30 10:24:14,349 INFO  Services_MobileAppMarketingAgency_Menu - Submenu clicked
2025-04-30 10:24:15,878 INFO  Services_MobileAppMarketingAgency_Menu - Mobile Pre Launch Activities Sub Menu Validated
2025-04-30 10:24:16,270 INFO  Services_MobileAppMarketingAgency_Menu - URL Entered
2025-04-30 10:24:16,456 INFO  Services_MobileAppMarketingAgency_Menu - Mousehover to the Service Menu
2025-04-30 10:24:17,283 INFO  Services_MobileAppMarketingAgency_Menu - Mousehover to the Mobile App Marketing Agency Submenu
2025-04-30 10:24:20,061 INFO  Services_MobileAppMarketingAgency_Menu - Submenu clicked
2025-04-30 10:24:21,585 INFO  Services_MobileAppMarketingAgency_Menu - Mobile App Market Research Sub Menu Validated
2025-04-30 10:24:21,993 INFO  Services_MobileAppMarketingAgency_Menu - URL Entered
2025-04-30 10:24:22,213 INFO  Services_MobileAppMarketingAgency_Menu - Mousehover to the Service Menu
2025-04-30 10:24:22,793 INFO  Services_MobileAppMarketingAgency_Menu - Mousehover to the Mobile App Marketing Agency Submenu
2025-04-30 10:24:25,577 INFO  Services_MobileAppMarketingAgency_Menu - Submenu clicked
2025-04-30 10:24:27,100 INFO  Services_MobileAppMarketingAgency_Menu - Mobile App Growth Marketing Sub Menu Validated
2025-04-30 10:24:27,508 INFO  Services_MobileAppMarketingAgency_Menu - URL Entered
2025-04-30 10:24:27,716 INFO  Services_MobileAppMarketingAgency_Menu - Mousehover to the Service Menu
2025-04-30 10:24:28,706 INFO  Services_MobileAppMarketingAgency_Menu - Mousehover to the Mobile App Marketing Agency Submenu
2025-04-30 10:24:31,378 INFO  Services_MobileAppMarketingAgency_Menu - Submenu clicked
2025-04-30 10:24:32,905 INFO  Services_MobileAppMarketingAgency_Menu - Mobile App Prototype Sub Menu Validated
