2025-04-30 10:23:07,214 INFO  Services_DigitalMarketingMenu - Submenu clicked
2025-04-30 10:23:07,234 INFO  Services_DigitalMarketingMenu - Social Media Management & Strategy Sub Menu Validated
2025-04-30 10:23:07,573 INFO  Services_DigitalMarketingMenu - URL Entered
2025-04-30 10:23:07,828 INFO  Services_DigitalMarketingMenu - Mousehover to the Service Menu
2025-04-30 10:23:08,263 INFO  Services_DigitalMarketingMenu - Mousehover to the Digital Marketing Submenu
2025-04-30 10:23:09,089 INFO  Services_DigitalMarketingMenu - Submenu clicked
2025-04-30 10:23:09,119 INFO  Services_DigitalMarketingMenu - Conversion Rate Optimization Services Sub Menu Validated
2025-04-30 10:23:09,515 INFO  Services_DigitalMarketingMenu - URL Entered
2025-04-30 10:23:09,771 INFO  Services_DigitalMarketingMenu - Mousehover to the Service Menu
2025-04-30 10:23:10,227 INFO  Services_DigitalMarketingMenu - Mousehover to the Digital Marketing Submenu
2025-04-30 10:23:11,015 INFO  Services_DigitalMarketingMenu - Submenu clicked
2025-04-30 10:23:11,031 INFO  Services_DigitalMarketingMenu - Multilingual SEO Sub Menu Validated
2025-04-30 10:23:11,377 INFO  Services_DigitalMarketingMenu - URL Entered
2025-04-30 10:23:11,961 INFO  Services_DigitalMarketingMenu - Mousehover to the Service Menu
2025-04-30 10:23:12,079 INFO  Services_DigitalMarketingMenu - Mousehover to the Digital Marketing Submenu
2025-04-30 10:23:12,775 INFO  Services_DigitalMarketingMenu - Submenu clicked
2025-04-30 10:23:12,813 INFO  Services_DigitalMarketingMenu - Google Search Optimization Sub Menu Validated
2025-04-30 10:23:13,196 INFO  Services_DigitalMarketingMenu - URL Entered
2025-04-30 10:23:13,438 INFO  Services_DigitalMarketingMenu - Mousehover to the Service Menu
2025-04-30 10:23:13,898 INFO  Services_DigitalMarketingMenu - Mousehover to the Digital Marketing Submenu
2025-04-30 10:23:14,853 INFO  Services_DigitalMarketingMenu - Submenu clicked
2025-04-30 10:23:14,910 INFO  Services_DigitalMarketingMenu - Google Grants Sub Menu Validated
2025-04-30 10:23:15,235 INFO  Services_DigitalMarketingMenu - URL Entered
2025-04-30 10:23:15,494 INFO  Services_DigitalMarketingMenu - Mousehover to the Service Menu
2025-04-30 10:23:15,942 INFO  Services_DigitalMarketingMenu - Mousehover to the Digital Marketing Submenu
2025-04-30 10:23:16,794 INFO  Services_DigitalMarketingMenu - Submenu clicked
2025-04-30 10:23:16,822 INFO  Services_DigitalMarketingMenu - Inbound marketing services Sub Menu Validated
2025-04-30 10:23:17,212 INFO  Services_DigitalMarketingMenu - URL Entered
2025-04-30 10:23:17,832 INFO  Services_DigitalMarketingMenu - Mousehover to the Service Menu
2025-04-30 10:23:17,958 INFO  Services_DigitalMarketingMenu - Mousehover to the Digital Marketing Submenu
2025-04-30 10:23:18,609 INFO  Services_DigitalMarketingMenu - Submenu clicked
2025-04-30 10:23:18,644 INFO  Services_DigitalMarketingMenu - DV360 Traffic Management Services Sub Menu Validated
2025-04-30 10:23:19,032 INFO  Services_DigitalMarketingMenu - URL Entered
2025-04-30 10:23:19,608 INFO  Services_DigitalMarketingMenu - Mousehover to the Service Menu
2025-04-30 10:23:19,741 INFO  Services_DigitalMarketingMenu - Mousehover to the Digital Marketing Submenu
2025-04-30 10:23:20,534 INFO  Services_DigitalMarketingMenu - Submenu clicked
2025-04-30 10:23:20,547 INFO  Services_DigitalMarketingMenu - Account Based Marketing Services Sub Menu Validated
