2025-04-30 10:25:16,674 INFO  Services_GIS_ServicesMenu - Submenu clicked
2025-04-30 10:25:16,697 INFO  Services_GIS_ServicesMenu - BIM Services Sub Menu Validated
2025-04-30 10:25:18,155 INFO  Services_GIS_ServicesMenu - URL Entered
2025-04-30 10:25:18,408 INFO  Services_GIS_ServicesMenu - Mousehover to the Service Menu
2025-04-30 10:25:19,186 INFO  Services_GIS_ServicesMenu - Mousehover to the GIS Services SubMenu
2025-04-30 10:25:20,133 INFO  Services_GIS_ServicesMenu - Submenu clicked
2025-04-30 10:25:20,139 INFO  Services_GIS_ServicesMenu - Digital Photogrammetry Services Sub Menu Validated
2025-04-30 10:25:21,001 INFO  Services_GIS_ServicesMenu - URL Entered
2025-04-30 10:25:21,583 INFO  Services_GIS_ServicesMenu - Mousehover to the Service Menu
2025-04-30 10:25:21,637 INFO  Services_GIS_ServicesMenu - Mousehover to the GIS Services SubMenu
2025-04-30 10:25:22,783 INFO  Services_GIS_ServicesMenu - Submenu clicked
2025-04-30 10:25:22,826 INFO  Services_GIS_ServicesMenu - LiDAR Services Sub Menu Validated
2025-04-30 10:25:23,863 INFO  Services_GIS_ServicesMenu - URL Entered
2025-04-30 10:25:24,085 INFO  Services_GIS_ServicesMenu - Mousehover to the Service Menu
2025-04-30 10:25:24,558 INFO  Services_GIS_ServicesMenu - Mousehover to the GIS Services SubMenu
2025-04-30 10:25:26,617 INFO  Services_GIS_ServicesMenu - Submenu clicked
2025-04-30 10:25:26,631 INFO  Services_GIS_ServicesMenu - Mobile LiDAR Sub Menu Validated
2025-04-30 10:25:28,137 INFO  Services_GIS_ServicesMenu - URL Entered
2025-04-30 10:25:28,371 INFO  Services_GIS_ServicesMenu - Mousehover to the Service Menu
2025-04-30 10:25:28,845 INFO  Services_GIS_ServicesMenu - Mousehover to the GIS Services SubMenu
2025-04-30 10:25:30,163 INFO  Services_GIS_ServicesMenu - Submenu clicked
2025-04-30 10:25:30,180 INFO  Services_GIS_ServicesMenu - Orthophoto Process Sub Menu Validated
