2025-04-30 10:18:39,621 INFO  Forms_Validation - Moved to Home Element
2025-04-30 10:18:40,869 INFO  Forms_Validation - Online is Clicked
2025-04-30 10:18:43,127 INFO  Forms_Validation - Frame Closer Vaidated
2025-04-30 10:18:43,425 INFO  Forms_Validation - Online is Clicked
2025-04-30 10:18:43,427 INFO  Forms_Validation - Moved to Home Element
2025-04-30 10:18:44,161 INFO  Forms_Validation - Name Field Validated
2025-04-30 10:18:44,295 INFO  Forms_Validation - Email Field Validated
2025-04-30 10:18:44,437 INFO  Forms_Validation - Phone Field Validated
2025-04-30 10:18:46,979 INFO  Forms_Validation - Interested service validated
2025-04-30 10:18:47,249 INFO  Forms_Validation - Requirement field Validated
2025-04-30 10:18:47,489 INFO  Forms_Validation - Frame Closer Vaidated
2025-04-30 10:18:47,489 INFO  Forms_Validation - Send Message form Validated
2025-04-30 10:18:48,148 INFO  Forms_Validation - URL Entered
2025-04-30 10:18:49,479 INFO  Forms_Validation - Submenu clicked
2025-04-30 10:18:51,601 INFO  Forms_Validation - Name of the company Field Validated
2025-04-30 10:18:55,091 INFO  Forms_Validation - Number of employees is Validated
2025-04-30 10:18:58,089 INFO  Forms_Validation - Company Type is Validated
2025-04-30 10:19:00,990 INFO  Forms_Validation - Industry Experience Field is Validated
2025-04-30 10:19:09,808 INFO  Forms_Validation - TEch Expertise is Validated
2025-04-30 10:19:09,949 INFO  Forms_Validation - Tax ID Field Validated
2025-04-30 10:19:11,091 INFO  Forms_Validation - Registration Number Field Validated
2025-04-30 10:19:11,331 INFO  Forms_Validation - Address Field Validated
2025-04-30 10:19:11,461 INFO  Forms_Validation - City Field Validated
2025-04-30 10:19:11,559 INFO  Forms_Validation - Website Field Validated
2025-04-30 10:19:11,682 INFO  Forms_Validation - Portfolio URL Field Validated
2025-04-30 10:19:11,768 INFO  Forms_Validation - Name of the Contact person Field Validated
2025-04-30 10:19:11,874 INFO  Forms_Validation - Job title of contact person Field Validated
2025-04-30 10:19:12,011 INFO  Forms_Validation - Contact Number Field Validated
2025-04-30 10:19:12,122 INFO  Forms_Validation - Whatsapp  Field Validated
2025-04-30 10:19:12,233 INFO  Forms_Validation - Email field Field Validated
2025-04-30 10:19:12,357 INFO  Forms_Validation - Bank Details Field Validated
2025-04-30 10:19:12,442 INFO  Forms_Validation - Any Relevant Certificate Field Validated
2025-04-30 10:19:12,525 INFO  Forms_Validation - Decision Maker Field Validated
2025-04-30 10:19:12,651 INFO  Forms_Validation - Decision maker Email Field Validated
2025-04-30 10:19:12,887 INFO  Forms_Validation - Brief Description about the company Field Validated
2025-04-30 10:19:12,888 INFO  Forms_Validation - Vendor Registration form Validated
