2025-04-30 10:21:52,445 INFO  Home_Page_Footer_Menu - GIS Services Menu clicked
2025-04-30 10:21:52,465 INFO  Home_Page_Footer_Menu - GIS Services Menu Validated
2025-04-30 10:21:53,608 INFO  Home_Page_Footer_Menu - URL Entered
2025-04-30 10:21:54,362 INFO  Home_Page_Footer_Menu - Web App Development Menu clicked
2025-04-30 10:21:54,382 INFO  Home_Page_Footer_Menu - Web App Development Menu Validated
2025-04-30 10:21:54,704 INFO  Home_Page_Footer_Menu - URL Entered
2025-04-30 10:21:55,520 INFO  Home_Page_Footer_Menu - Wallet Integration Menu clicked
2025-04-30 10:21:55,558 INFO  Home_Page_Footer_Menu - Wallet Integration Menu Validated
2025-04-30 10:21:55,735 INFO  Home_Page_Footer_Menu - URL Entered
2025-04-30 10:21:56,803 INFO  Home_Page_Footer_Menu - Conversion Rate Optimization Services Menu clicked
2025-04-30 10:21:56,821 INFO  Home_Page_Footer_Menu - Conversion Rate Optimization Services Menu Validated
2025-04-30 10:21:57,278 INFO  Home_Page_Footer_Menu - URL Entered
2025-04-30 10:21:58,166 INFO  Home_Page_Footer_Menu - Performance Marketing Services Menu clicked
2025-04-30 10:21:58,300 INFO  Home_Page_Footer_Menu -  Performance Marketing Services Menu Validated
2025-04-30 10:21:58,675 INFO  Home_Page_Footer_Menu - URL Entered
2025-04-30 10:21:58,894 INFO  Home_Page_Footer_Menu - School Management Software Menu clicked
2025-04-30 10:22:00,960 INFO  Home_Page_Footer_Menu - School Management Software Menu Validated
2025-04-30 10:22:01,511 INFO  Home_Page_Footer_Menu - URL Entered
2025-04-30 10:22:01,719 INFO  Home_Page_Footer_Menu - Intelligent Business Process Automation Software Menu clicked
2025-04-30 10:22:02,416 INFO  Home_Page_Footer_Menu - Intelligent Business Process Automation Software Menu Validated
