2025-04-30 10:21:18,841 INFO  Home_Page_Footer_Menu - Job Enquiry apply here menu clicked
2025-04-30 10:21:19,503 INFO  Home_Page_Footer_Menu - Footer Job Application Menu Validated
2025-04-30 10:21:20,081 INFO  Home_Page_Footer_Menu - URL Entered
2025-04-30 10:21:20,679 INFO  Home_Page_Footer_Menu - About us menu clicked
2025-04-30 10:21:20,741 INFO  Home_Page_Footer_Menu - Footer About Us Menu Validated
2025-04-30 10:21:21,047 INFO  Home_Page_Footer_Menu - URL Entered
2025-04-30 10:21:21,696 INFO  Home_Page_Footer_Menu - Careers Menu clicked
2025-04-30 10:21:21,763 INFO  Home_Page_Footer_Menu - Footer Careers Menu Validated
2025-04-30 10:21:22,064 INFO  Home_Page_Footer_Menu - URL Entered
2025-04-30 10:21:22,860 INFO  Home_Page_Footer_Menu - Become our Representatives menu clicked
2025-04-30 10:21:22,882 INFO  Home_Page_Footer_Menu - Footer Become Our Representative Menu Validated
2025-04-30 10:21:23,159 INFO  Home_Page_Footer_Menu - URL Entered
2025-04-30 10:21:23,842 INFO  Home_Page_Footer_Menu - Privacy policy menu clicked
2025-04-30 10:21:23,852 INFO  Home_Page_Footer_Menu - Footer Privacy Policy Menu Validated
2025-04-30 10:21:24,129 INFO  Home_Page_Footer_Menu - URL Entered
2025-04-30 10:21:24,831 INFO  Home_Page_Footer_Menu - site map menu clicked
2025-04-30 10:21:24,845 INFO  Home_Page_Footer_Menu - Footer Subscribe button Validated
2025-04-30 10:21:25,229 INFO  Home_Page_Footer_Menu - URL Entered
2025-04-30 10:21:25,420 INFO  Home_Page_Footer_Menu - Mousehover to the Service Menu
2025-04-30 10:21:29,717 INFO  Home_Page_Footer_Menu - Subscibe button clicked
2025-04-30 10:21:31,775 INFO  Home_Page_Footer_Menu - Footer Subscibe button Validated
2025-04-30 10:21:32,126 INFO  Home_Page_Footer_Menu - URL Entered
2025-04-30 10:21:32,851 INFO  Home_Page_Footer_Menu - iOS App Development Menu clicked
2025-04-30 10:21:32,877 INFO  Home_Page_Footer_Menu - iOS App Development Menu Validated
2025-04-30 10:21:33,290 INFO  Home_Page_Footer_Menu - URL Entered
2025-04-30 10:21:34,177 INFO  Home_Page_Footer_Menu - Android App Development Menu clicked
2025-04-30 10:21:34,198 INFO  Home_Page_Footer_Menu - Android App Development Menu Validated
2025-04-30 10:21:34,584 INFO  Home_Page_Footer_Menu - URL Entered
2025-04-30 10:21:35,876 INFO  Home_Page_Footer_Menu - Mobile Games Marketing Menu clicked
2025-04-30 10:21:35,904 INFO  Home_Page_Footer_Menu - Mobile Games Marketing Menu Validated
2025-04-30 10:21:36,451 INFO  Home_Page_Footer_Menu - URL Entered
2025-04-30 10:21:37,445 INFO  Home_Page_Footer_Menu - App Store Optimization Services Menu clicked
2025-04-30 10:21:37,526 INFO  Home_Page_Footer_Menu - App Store Optimization Services Menu Validated
2025-04-30 10:21:37,862 INFO  Home_Page_Footer_Menu - URL Entered
2025-04-30 10:21:38,681 INFO  Home_Page_Footer_Menu - IoT Development Services Menu clicked
2025-04-30 10:21:38,704 INFO  Home_Page_Footer_Menu - IoT Development Services Menu Validated
2025-04-30 10:21:39,034 INFO  Home_Page_Footer_Menu - URL Entered
2025-04-30 10:21:40,027 INFO  Home_Page_Footer_Menu - AI Services Menu clicked
2025-04-30 10:21:50,835 INFO  Home_Page_Footer_Menu - URL Entered
2025-04-30 10:21:52,445 INFO  Home_Page_Footer_Menu - GIS Services Menu clicked
2025-04-30 10:21:52,465 INFO  Home_Page_Footer_Menu - GIS Services Menu Validated
2025-04-30 10:21:53,608 INFO  Home_Page_Footer_Menu - URL Entered
2025-04-30 10:21:54,362 INFO  Home_Page_Footer_Menu - Web App Development Menu clicked
2025-04-30 10:21:54,382 INFO  Home_Page_Footer_Menu - Web App Development Menu Validated
2025-04-30 10:21:54,704 INFO  Home_Page_Footer_Menu - URL Entered
2025-04-30 10:21:55,520 INFO  Home_Page_Footer_Menu - Wallet Integration Menu clicked
2025-04-30 10:21:55,558 INFO  Home_Page_Footer_Menu - Wallet Integration Menu Validated
2025-04-30 10:21:55,735 INFO  Home_Page_Footer_Menu - URL Entered
2025-04-30 10:21:56,803 INFO  Home_Page_Footer_Menu - Conversion Rate Optimization Services Menu clicked
2025-04-30 10:21:56,821 INFO  Home_Page_Footer_Menu - Conversion Rate Optimization Services Menu Validated
2025-04-30 10:21:57,278 INFO  Home_Page_Footer_Menu - URL Entered
2025-04-30 10:21:58,166 INFO  Home_Page_Footer_Menu - Performance Marketing Services Menu clicked
2025-04-30 10:21:58,300 INFO  Home_Page_Footer_Menu -  Performance Marketing Services Menu Validated
2025-04-30 10:21:58,675 INFO  Home_Page_Footer_Menu - URL Entered
2025-04-30 10:21:58,894 INFO  Home_Page_Footer_Menu - School Management Software Menu clicked
2025-04-30 10:22:00,960 INFO  Home_Page_Footer_Menu - School Management Software Menu Validated
2025-04-30 10:22:01,511 INFO  Home_Page_Footer_Menu - URL Entered
2025-04-30 10:22:01,719 INFO  Home_Page_Footer_Menu - Intelligent Business Process Automation Software Menu clicked
2025-04-30 10:22:02,416 INFO  Home_Page_Footer_Menu - Intelligent Business Process Automation Software Menu Validated
