2025-04-30 10:21:02,713 INFO  Header_About_Us_SubMenu - Submenu clicked
2025-04-30 10:21:02,754 INFO  Header_About_Us_SubMenu - Company Fact File Sub Menu Validated
2025-04-30 10:21:03,057 INFO  Header_About_Us_SubMenu - URL Entered
2025-04-30 10:21:03,590 INFO  Header_About_Us_SubMenu - Submenu clicked
2025-04-30 10:21:03,612 INFO  Header_About_Us_SubMenu - Meet the Team Sub Menu Validated
2025-04-30 10:21:03,950 INFO  Header_About_Us_SubMenu - URL Entered
2025-04-30 10:21:04,513 INFO  Header_About_Us_SubMenu - Submenu clicked
2025-04-30 10:21:04,598 INFO  Header_About_Us_SubMenu - Our Clients Sub Menu Validated
2025-04-30 10:21:04,907 INFO  Header_About_Us_SubMenu - URL Entered
2025-04-30 10:21:05,381 INFO  Header_About_Us_SubMenu - Submenu clicked
2025-04-30 10:21:05,451 INFO  Header_About_Us_SubMenu - Products Sub Menu Validated
2025-04-30 10:21:05,766 INFO  Header_About_Us_SubMenu - URL Entered
2025-04-30 10:21:06,260 INFO  Header_About_Us_SubMenu - Submenu clicked
2025-04-30 10:21:06,284 INFO  Header_About_Us_SubMenu - Become Our Representative Sub Menu Validated
2025-04-30 10:21:06,589 INFO  Header_About_Us_SubMenu - URL Entered
2025-04-30 10:21:07,023 INFO  Header_About_Us_SubMenu - Submenu clicked
2025-04-30 10:21:07,103 INFO  Header_About_Us_SubMenu - Business Models Sub Menu Validated
2025-04-30 10:21:07,508 INFO  Header_About_Us_SubMenu - URL Entered
2025-04-30 10:21:08,054 INFO  Header_About_Us_SubMenu - Submenu clicked
2025-04-30 10:21:08,158 INFO  Header_About_Us_SubMenu - Awards Sub Menu Validated
2025-04-30 10:21:08,478 INFO  Header_About_Us_SubMenu - URL Entered
2025-04-30 10:21:09,077 INFO  Header_About_Us_SubMenu - Submenu clicked
2025-04-30 10:21:09,095 INFO  Header_About_Us_SubMenu - Partner With Us Sub Menu Validated
2025-04-30 10:21:09,500 INFO  Header_About_Us_SubMenu - URL Entered
2025-04-30 10:21:10,147 INFO  Header_About_Us_SubMenu - Submenu clicked
2025-04-30 10:21:10,194 INFO  Header_About_Us_SubMenu - Testimonials Sub Menu Validated
2025-04-30 10:21:10,592 INFO  Header_About_Us_SubMenu - URL Entered
2025-04-30 10:21:11,122 INFO  Header_About_Us_SubMenu - Submenu clicked
2025-04-30 10:21:11,134 INFO  Header_About_Us_SubMenu - Vendor Registration Sub Menu Validated
2025-04-30 10:21:11,454 INFO  Header_About_Us_SubMenu - URL Entered
2025-04-30 10:21:12,059 INFO  Header_About_Us_SubMenu - Submenu clicked
2025-04-30 10:21:12,131 INFO  Header_About_Us_SubMenu - Technologies Sub Menu Validated
2025-04-30 10:21:12,433 INFO  Header_About_Us_SubMenu - URL Entered
2025-04-30 10:21:12,915 INFO  Header_About_Us_SubMenu - Submenu clicked
2025-04-30 10:21:12,956 INFO  Header_About_Us_SubMenu - Methodology Sub Menu Validated
2025-04-30 10:21:13,265 INFO  Header_About_Us_SubMenu - URL Entered
2025-04-30 10:21:13,783 INFO  Header_About_Us_SubMenu - Submenu clicked
2025-04-30 10:21:13,837 INFO  Header_About_Us_SubMenu - Alliances Sub Menu Validated
2025-04-30 10:21:14,152 INFO  Header_About_Us_SubMenu - URL Entered
2025-04-30 10:21:14,590 INFO  Header_About_Us_SubMenu - Submenu clicked
2025-04-30 10:21:14,645 INFO  Header_About_Us_SubMenu - Infrastructure Sub Menu Validated
2025-04-30 10:21:14,964 INFO  Header_About_Us_SubMenu - URL Entered
2025-04-30 10:21:15,451 INFO  Header_About_Us_SubMenu - Submenu clicked
2025-04-30 10:21:15,519 INFO  Header_About_Us_SubMenu - Group Companies Sub Menu Validated
