2025-04-30 10:22:46,993 INFO  Services_DigitalMarketingMenu - Submenu clicked
2025-04-30 10:22:47,019 INFO  Services_DigitalMarketingMenu - Performance Marketing services Sub Menu Validated
2025-04-30 10:22:47,373 INFO  Services_DigitalMarketingMenu - URL Entered
2025-04-30 10:22:47,614 INFO  Services_DigitalMarketingMenu - Mousehover to the Service Menu
2025-04-30 10:22:48,474 INFO  Services_DigitalMarketingMenu - Mousehover to the Digital Marketing Submenu
2025-04-30 10:22:57,341 INFO  Services_DigitalMarketingMenu - Submenu clicked
2025-04-30 10:22:57,390 INFO  Services_DigitalMarketingMenu - SaaS Marketing Sub Menu Validated
2025-04-30 10:22:57,693 INFO  Services_DigitalMarketingMenu - URL Entered
2025-04-30 10:22:58,322 INFO  Services_DigitalMarketingMenu - Mousehover to the Service Menu
2025-04-30 10:22:58,409 INFO  Services_DigitalMarketingMenu - Mousehover to the Digital Marketing Submenu
2025-04-30 10:22:59,298 INFO  Services_DigitalMarketingMenu - Submenu clicked
2025-04-30 10:22:59,325 INFO  Services_DigitalMarketingMenu - ICO Marketing Sub Menu Validated
2025-04-30 10:22:59,699 INFO  Services_DigitalMarketingMenu - URL Entered
2025-04-30 10:22:59,954 INFO  Services_DigitalMarketingMenu - Mousehover to the Service Menu
2025-04-30 10:23:00,400 INFO  Services_DigitalMarketingMenu - Mousehover to the Digital Marketing Submenu
2025-04-30 10:23:01,329 INFO  Services_DigitalMarketingMenu - Submenu clicked
2025-04-30 10:23:01,346 INFO  Services_DigitalMarketingMenu - Influencer Marketing Services Sub Menu Validated
2025-04-30 10:23:01,692 INFO  Services_DigitalMarketingMenu - URL Entered
2025-04-30 10:23:01,961 INFO  Services_DigitalMarketingMenu - Mousehover to the Service Menu
2025-04-30 10:23:02,386 INFO  Services_DigitalMarketingMenu - Mousehover to the Digital Marketing Submenu
2025-04-30 10:23:03,285 INFO  Services_DigitalMarketingMenu - Submenu clicked
2025-04-30 10:23:03,427 INFO  Services_DigitalMarketingMenu - Search Engine Optimization Sub Menu Validated
2025-04-30 10:23:03,933 INFO  Services_DigitalMarketingMenu - URL Entered
2025-04-30 10:23:04,192 INFO  Services_DigitalMarketingMenu - Mousehover to the Service Menu
2025-04-30 10:23:04,607 INFO  Services_DigitalMarketingMenu - Mousehover to the Digital Marketing Submenu
2025-04-30 10:23:05,393 INFO  Services_DigitalMarketingMenu - Submenu clicked
2025-04-30 10:23:05,410 INFO  Services_DigitalMarketingMenu - PPC Management & Strategy Sub Menu Validated
2025-04-30 10:23:05,757 INFO  Services_DigitalMarketingMenu - URL Entered
2025-04-30 10:23:06,356 INFO  Services_DigitalMarketingMenu - Mousehover to the Service Menu
2025-04-30 10:23:06,450 INFO  Services_DigitalMarketingMenu - Mousehover to the Digital Marketing Submenu
2025-04-30 10:23:07,214 INFO  Services_DigitalMarketingMenu - Submenu clicked
2025-04-30 10:23:07,234 INFO  Services_DigitalMarketingMenu - Social Media Management & Strategy Sub Menu Validated
2025-04-30 10:23:07,573 INFO  Services_DigitalMarketingMenu - URL Entered
2025-04-30 10:23:07,828 INFO  Services_DigitalMarketingMenu - Mousehover to the Service Menu
2025-04-30 10:23:08,263 INFO  Services_DigitalMarketingMenu - Mousehover to the Digital Marketing Submenu
2025-04-30 10:23:09,089 INFO  Services_DigitalMarketingMenu - Submenu clicked
2025-04-30 10:23:09,119 INFO  Services_DigitalMarketingMenu - Conversion Rate Optimization Services Sub Menu Validated
2025-04-30 10:23:09,515 INFO  Services_DigitalMarketingMenu - URL Entered
2025-04-30 10:23:09,771 INFO  Services_DigitalMarketingMenu - Mousehover to the Service Menu
2025-04-30 10:23:10,227 INFO  Services_DigitalMarketingMenu - Mousehover to the Digital Marketing Submenu
2025-04-30 10:23:11,015 INFO  Services_DigitalMarketingMenu - Submenu clicked
2025-04-30 10:23:11,031 INFO  Services_DigitalMarketingMenu - Multilingual SEO Sub Menu Validated
2025-04-30 10:23:11,377 INFO  Services_DigitalMarketingMenu - URL Entered
2025-04-30 10:23:11,961 INFO  Services_DigitalMarketingMenu - Mousehover to the Service Menu
2025-04-30 10:23:12,079 INFO  Services_DigitalMarketingMenu - Mousehover to the Digital Marketing Submenu
2025-04-30 10:23:12,775 INFO  Services_DigitalMarketingMenu - Submenu clicked
2025-04-30 10:23:12,813 INFO  Services_DigitalMarketingMenu - Google Search Optimization Sub Menu Validated
2025-04-30 10:23:13,196 INFO  Services_DigitalMarketingMenu - URL Entered
2025-04-30 10:23:13,438 INFO  Services_DigitalMarketingMenu - Mousehover to the Service Menu
2025-04-30 10:23:13,898 INFO  Services_DigitalMarketingMenu - Mousehover to the Digital Marketing Submenu
2025-04-30 10:23:14,853 INFO  Services_DigitalMarketingMenu - Submenu clicked
2025-04-30 10:23:14,910 INFO  Services_DigitalMarketingMenu - Google Grants Sub Menu Validated
2025-04-30 10:23:15,235 INFO  Services_DigitalMarketingMenu - URL Entered
2025-04-30 10:23:15,494 INFO  Services_DigitalMarketingMenu - Mousehover to the Service Menu
2025-04-30 10:23:15,942 INFO  Services_DigitalMarketingMenu - Mousehover to the Digital Marketing Submenu
2025-04-30 10:23:16,794 INFO  Services_DigitalMarketingMenu - Submenu clicked
2025-04-30 10:23:16,822 INFO  Services_DigitalMarketingMenu - Inbound marketing services Sub Menu Validated
2025-04-30 10:23:17,212 INFO  Services_DigitalMarketingMenu - URL Entered
2025-04-30 10:23:17,832 INFO  Services_DigitalMarketingMenu - Mousehover to the Service Menu
2025-04-30 10:23:17,958 INFO  Services_DigitalMarketingMenu - Mousehover to the Digital Marketing Submenu
2025-04-30 10:23:18,609 INFO  Services_DigitalMarketingMenu - Submenu clicked
2025-04-30 10:23:18,644 INFO  Services_DigitalMarketingMenu - DV360 Traffic Management Services Sub Menu Validated
2025-04-30 10:23:19,032 INFO  Services_DigitalMarketingMenu - URL Entered
2025-04-30 10:23:19,608 INFO  Services_DigitalMarketingMenu - Mousehover to the Service Menu
2025-04-30 10:23:19,741 INFO  Services_DigitalMarketingMenu - Mousehover to the Digital Marketing Submenu
2025-04-30 10:23:20,534 INFO  Services_DigitalMarketingMenu - Submenu clicked
2025-04-30 10:23:20,547 INFO  Services_DigitalMarketingMenu - Account Based Marketing Services Sub Menu Validated
