2024-10-11 10:08:59,696 INFO  Header_Menu_Header - About Us Menu Validated
2024-10-11 10:08:59,883 INFO  Header_Menu_Header - URL Entered
2024-10-11 10:09:01,755 INFO  Header_Menu_Header - Get_Quote Menu Validated
2024-10-11 10:09:03,433 INFO  Header_Menu_Header - URL Entered
2024-10-11 10:09:04,477 INFO  Header_Menu_Header - Contact Menu Validated
2024-10-11 10:09:04,799 INFO  Header_Menu_Header - URL Entered
2024-10-11 10:09:05,850 INFO  Header_Menu_Header - Portfolio Menu Validated
2024-10-11 10:09:06,348 INFO  Header_Menu_Header - URL Entered
2024-10-11 10:09:07,343 INFO  Header_Menu_Header - Blog Menu Validated
2024-10-11 10:09:07,723 INFO  Header_Menu_Header - URL Entered
2024-10-11 10:09:13,800 INFO  Header_Menu_Header - Contact Telephone Icon Validated
2024-10-11 10:13:04,999 INFO  Home_Page_Footer_Menu - Footer About Us Menu Validated
2024-10-11 10:13:05,344 INFO  Home_Page_Footer_Menu - URL Entered
2024-10-11 10:13:06,162 INFO  Home_Page_Footer_Menu - Footer Careers Menu Validated
2024-10-11 10:13:06,459 INFO  Home_Page_Footer_Menu - URL Entered
2024-10-11 10:13:07,786 INFO  Home_Page_Footer_Menu - Footer Become Our Representative Menu Validated
2024-10-11 10:13:08,117 INFO  Home_Page_Footer_Menu - URL Entered
2024-10-11 10:13:08,942 INFO  Home_Page_Footer_Menu - Footer Privacy Policy Menu Validated
2024-10-11 10:13:09,218 INFO  Home_Page_Footer_Menu - URL Entered
2024-10-11 10:13:10,029 INFO  Home_Page_Footer_Menu - Footer About Us Menu Validated
