2024-10-11 10:11:21,334 INFO  Header_Services_Submenu - Submenu clicked
2024-10-11 10:11:21,354 INFO  Header_Services_Submenu - Mobile App Marketing Agency Sub Menu Validated
2024-10-11 10:11:21,797 INFO  Header_Services_Submenu - URL Entered
2024-10-11 10:11:22,308 INFO  Header_Services_Submenu - Mousehover to the Service Menu
2024-10-11 10:11:23,221 INFO  Header_Services_Submenu - Submenu clicked
2024-10-11 10:11:23,281 INFO  Header_Services_Submenu - Hire Our Didicated Developers Sub Menu Validated
2024-10-11 10:11:23,604 INFO  Header_Services_Submenu - URL Entered
2024-10-11 10:11:23,789 INFO  Header_Services_Submenu - Mousehover to the Service Menu
2024-10-11 10:11:24,398 INFO  Header_Services_Submenu - Submenu clicked
2024-10-11 10:11:24,398 INFO  Header_Services_Submenu - Web Design and Development Sub Menu Not Clickable
2024-10-11 10:11:25,002 INFO  Header_Services_Submenu - URL Entered
2024-10-11 10:11:25,441 INFO  Header_Services_Submenu - Mousehover to the Service Menu
2024-10-11 10:11:26,646 INFO  Header_Services_Submenu - Submenu clicked
2024-10-11 10:11:26,690 INFO  Header_Services_Submenu - Business Consulting Services Sub Menu Validated
2024-10-11 10:11:27,068 INFO  Header_Services_Submenu - URL Entered
2024-10-11 10:11:27,527 INFO  Header_Services_Submenu - Mousehover to the Service Menu
2024-10-11 10:11:28,864 INFO  Header_Services_Submenu - Submenu clicked
2024-10-11 10:11:28,870 INFO  Header_Services_Submenu - AI Services Sub Menu Validated
2024-10-11 10:11:29,235 INFO  Header_Services_Submenu - URL Entered
2024-10-11 10:11:29,723 INFO  Header_Services_Submenu - Mousehover to the Service Menu
2024-10-11 10:11:30,398 INFO  Header_Services_Submenu - Submenu clicked
2024-10-11 10:11:30,421 INFO  Header_Services_Submenu - Wallet Integration Service Sub Menu Validated
2024-10-11 10:11:30,774 INFO  Header_Services_Submenu - URL Entered
2024-10-11 10:11:31,254 INFO  Header_Services_Submenu - Mousehover to the Service Menu
2024-10-11 10:11:32,017 INFO  Header_Services_Submenu - Submenu clicked
2024-10-11 10:11:32,072 INFO  Header_Services_Submenu - Blockchain Development Sub Menu Validated
2024-10-11 10:11:32,527 INFO  Header_Services_Submenu - URL Entered
2024-10-11 10:11:33,043 INFO  Header_Services_Submenu - Mousehover to the Service Menu
2024-10-11 10:11:33,795 INFO  Header_Services_Submenu - Submenu clicked
2024-10-11 10:11:33,843 INFO  Header_Services_Submenu - Managed Services Sub Menu Validated
