2024-10-11 10:10:07,706 INFO  Forms_Validation - Job Application Menu clicked
2024-10-11 10:10:10,966 INFO  Forms_Validation - Name Field Validated
2024-10-11 10:10:11,772 INFO  Forms_Validation - Email Field Validated
2024-10-11 10:10:13,343 INFO  Forms_Validation - phone number field validated
2024-10-11 10:10:17,431 INFO  Forms_Validation - Select Post is Validated
2024-10-11 10:10:19,171 INFO  Forms_Validation - Location Field is Validated
2024-10-11 10:10:21,532 INFO  Forms_Validation - Search Engine Field is Validated
2024-10-11 10:10:23,014 INFO  Forms_Validation - Gender Field Vaidated
2024-10-11 10:10:33,490 INFO  Forms_Validation - Year of Experience Field is Validated
2024-10-11 10:10:35,839 INFO  Forms_Validation - Month of experience Field is Validated
2024-10-11 10:10:35,995 INFO  Forms_Validation - Highest Qualification field is validated
2024-10-11 10:10:36,246 INFO  Forms_Validation - Key Skills field is validated
2024-10-11 10:10:36,339 INFO  Forms_Validation - Current Designation field is validated
2024-10-11 10:10:36,429 INFO  Forms_Validation - Current Location Field is validated
2024-10-11 10:10:36,429 INFO  Forms_Validation - Job Allication Form Validated
2024-10-11 10:10:37,085 INFO  Forms_Validation - URL Entered
2024-10-11 10:10:37,419 INFO  Forms_Validation - Moved to Home Element
2024-10-11 10:10:38,637 INFO  Forms_Validation - Online is Clicked
2024-10-11 10:10:39,442 INFO  Forms_Validation - Moved to Home Element
2024-10-11 10:10:40,385 INFO  Forms_Validation - Name Field Validated
2024-10-11 10:10:40,720 INFO  Forms_Validation - Email Field Validated
2024-10-11 10:10:41,064 INFO  Forms_Validation - Phone Field Validated
2024-10-11 10:10:45,758 INFO  Forms_Validation - Interested service validated
2024-10-11 10:10:46,366 INFO  Forms_Validation - Requirement field Validated
2024-10-11 10:10:46,872 INFO  Forms_Validation - Frame Closer Vaidated
2024-10-11 10:10:46,873 INFO  Forms_Validation - Send Message form Validated
2024-10-11 10:10:47,495 INFO  Forms_Validation - URL Entered
2024-10-11 10:10:48,607 INFO  Forms_Validation - Submenu clicked
2024-10-11 10:10:50,719 INFO  Forms_Validation - Name of the company Field Validated
2024-10-11 10:10:53,931 INFO  Forms_Validation - Number of employees is Validated
2024-10-11 10:10:56,844 INFO  Forms_Validation - Company Type is Validated
2024-10-11 10:10:59,734 INFO  Forms_Validation - Industry Experience Field is Validated
2024-10-11 10:11:07,807 INFO  Forms_Validation - TEch Expertise is Validated
2024-10-11 10:11:07,929 INFO  Forms_Validation - Tax ID Field Validated
2024-10-11 10:11:09,068 INFO  Forms_Validation - Registration Number Field Validated
2024-10-11 10:11:09,305 INFO  Forms_Validation - Address Field Validated
2024-10-11 10:11:09,414 INFO  Forms_Validation - City Field Validated
2024-10-11 10:11:09,518 INFO  Forms_Validation - Website Field Validated
2024-10-11 10:11:09,651 INFO  Forms_Validation - Portfolio URL Field Validated
2024-10-11 10:11:09,738 INFO  Forms_Validation - Name of the Contact person Field Validated
2024-10-11 10:11:09,849 INFO  Forms_Validation - Job title of contact person Field Validated
2024-10-11 10:11:09,990 INFO  Forms_Validation - Contact Number Field Validated
2024-10-11 10:11:10,227 INFO  Forms_Validation - Whatsapp  Field Validated
2024-10-11 10:11:10,393 INFO  Forms_Validation - Email field Field Validated
2024-10-11 10:11:10,517 INFO  Forms_Validation - Bank Details Field Validated
2024-10-11 10:11:10,613 INFO  Forms_Validation - Any Relevant Certificate Field Validated
2024-10-11 10:11:10,708 INFO  Forms_Validation - Decision Maker Field Validated
2024-10-11 10:11:10,840 INFO  Forms_Validation - Decision maker Email Field Validated
2024-10-11 10:11:11,088 INFO  Forms_Validation - Brief Description about the company Field Validated
2024-10-11 10:11:11,088 INFO  Forms_Validation - Vendor Registration form Validated
