2024-10-11 10:12:46,837 INFO  Header_About_Us_SubMenu - Submenu clicked
2024-10-11 10:12:46,893 INFO  Header_About_Us_SubMenu - Awards Sub Menu Validated
2024-10-11 10:12:47,260 INFO  Header_About_Us_SubMenu - URL Entered
2024-10-11 10:12:47,799 INFO  Header_About_Us_SubMenu - Submenu clicked
2024-10-11 10:12:47,815 INFO  Header_About_Us_SubMenu - Partner With Us Sub Menu Validated
2024-10-11 10:12:48,291 INFO  Header_About_Us_SubMenu - URL Entered
2024-10-11 10:12:48,921 INFO  Header_About_Us_SubMenu - Submenu clicked
2024-10-11 10:12:48,977 INFO  Header_About_Us_SubMenu - Testimonials Sub Menu Validated
2024-10-11 10:12:49,457 INFO  Header_About_Us_SubMenu - URL Entered
2024-10-11 10:12:49,979 INFO  Header_About_Us_SubMenu - Submenu clicked
2024-10-11 10:12:49,992 INFO  Header_About_Us_SubMenu - Vendor Registration Sub Menu Validated
2024-10-11 10:12:50,342 INFO  Header_About_Us_SubMenu - URL Entered
2024-10-11 10:12:50,951 INFO  Header_About_Us_SubMenu - Submenu clicked
2024-10-11 10:12:51,026 INFO  Header_About_Us_SubMenu - Technologies Sub Menu Validated
2024-10-11 10:12:51,394 INFO  Header_About_Us_SubMenu - URL Entered
2024-10-11 10:12:51,892 INFO  Header_About_Us_SubMenu - Submenu clicked
2024-10-11 10:12:51,947 INFO  Header_About_Us_SubMenu - Methodology Sub Menu Validated
2024-10-11 10:12:52,350 INFO  Header_About_Us_SubMenu - URL Entered
2024-10-11 10:12:52,837 INFO  Header_About_Us_SubMenu - Submenu clicked
2024-10-11 10:12:52,897 INFO  Header_About_Us_SubMenu - Alliances Sub Menu Validated
2024-10-11 10:12:53,265 INFO  Header_About_Us_SubMenu - URL Entered
2024-10-11 10:12:53,772 INFO  Header_About_Us_SubMenu - Submenu clicked
2024-10-11 10:12:53,839 INFO  Header_About_Us_SubMenu - Infrastructure Sub Menu Validated
2024-10-11 10:12:54,221 INFO  Header_About_Us_SubMenu - URL Entered
2024-10-11 10:12:54,715 INFO  Header_About_Us_SubMenu - Submenu clicked
2024-10-11 10:12:54,767 INFO  Header_About_Us_SubMenu - Group Companies Sub Menu Validated
