2024-10-11 10:10:48,607 INFO  Forms_Validation - Submenu clicked
2024-10-11 10:10:50,719 INFO  Forms_Validation - Name of the company Field Validated
2024-10-11 10:10:53,931 INFO  Forms_Validation - Number of employees is Validated
2024-10-11 10:10:56,844 INFO  Forms_Validation - Company Type is Validated
2024-10-11 10:10:59,734 INFO  Forms_Validation - Industry Experience Field is Validated
2024-10-11 10:11:07,807 INFO  Forms_Validation - TEch Expertise is Validated
2024-10-11 10:11:07,929 INFO  Forms_Validation - Tax ID Field Validated
2024-10-11 10:11:09,068 INFO  Forms_Validation - Registration Number Field Validated
2024-10-11 10:11:09,305 INFO  Forms_Validation - Address Field Validated
2024-10-11 10:11:09,414 INFO  Forms_Validation - City Field Validated
2024-10-11 10:11:09,518 INFO  Forms_Validation - Website Field Validated
2024-10-11 10:11:09,651 INFO  Forms_Validation - Portfolio URL Field Validated
2024-10-11 10:11:09,738 INFO  Forms_Validation - Name of the Contact person Field Validated
2024-10-11 10:11:09,849 INFO  Forms_Validation - Job title of contact person Field Validated
2024-10-11 10:11:09,990 INFO  Forms_Validation - Contact Number Field Validated
2024-10-11 10:11:10,227 INFO  Forms_Validation - Whatsapp  Field Validated
2024-10-11 10:11:10,393 INFO  Forms_Validation - Email field Field Validated
2024-10-11 10:11:10,517 INFO  Forms_Validation - Bank Details Field Validated
2024-10-11 10:11:10,613 INFO  Forms_Validation - Any Relevant Certificate Field Validated
2024-10-11 10:11:10,708 INFO  Forms_Validation - Decision Maker Field Validated
2024-10-11 10:11:10,840 INFO  Forms_Validation - Decision maker Email Field Validated
2024-10-11 10:11:11,088 INFO  Forms_Validation - Brief Description about the company Field Validated
2024-10-11 10:11:11,088 INFO  Forms_Validation - Vendor Registration form Validated
