2024-10-11 10:12:41,477 INFO  Header_About_Us_SubMenu - Submenu clicked
2024-10-11 10:12:41,536 INFO  Header_About_Us_SubMenu - Company Fact File Sub Menu Validated
2024-10-11 10:12:41,825 INFO  Header_About_Us_SubMenu - URL Entered
2024-10-11 10:12:42,403 INFO  Header_About_Us_SubMenu - Submenu clicked
2024-10-11 10:12:42,414 INFO  Header_About_Us_SubMenu - Meet the Team Sub Menu Validated
2024-10-11 10:12:42,745 INFO  Header_About_Us_SubMenu - URL Entered
2024-10-11 10:12:43,231 INFO  Header_About_Us_SubMenu - Submenu clicked
2024-10-11 10:12:43,316 INFO  Header_About_Us_SubMenu - Our Clients Sub Menu Validated
2024-10-11 10:12:43,615 INFO  Header_About_Us_SubMenu - URL Entered
2024-10-11 10:12:44,078 INFO  Header_About_Us_SubMenu - Submenu clicked
2024-10-11 10:12:44,111 INFO  Header_About_Us_SubMenu - Products Sub Menu Validated
2024-10-11 10:12:44,457 INFO  Header_About_Us_SubMenu - URL Entered
2024-10-11 10:12:44,978 INFO  Header_About_Us_SubMenu - Submenu clicked
2024-10-11 10:12:44,985 INFO  Header_About_Us_SubMenu - Become Our Representative Sub Menu Validated
2024-10-11 10:12:45,305 INFO  Header_About_Us_SubMenu - URL Entered
2024-10-11 10:12:45,762 INFO  Header_About_Us_SubMenu - Submenu clicked
2024-10-11 10:12:45,814 INFO  Header_About_Us_SubMenu - Business Models Sub Menu Validated
2024-10-11 10:12:46,277 INFO  Header_About_Us_SubMenu - URL Entered
2024-10-11 10:12:46,837 INFO  Header_About_Us_SubMenu - Submenu clicked
2024-10-11 10:12:46,893 INFO  Header_About_Us_SubMenu - Awards Sub Menu Validated
2024-10-11 10:12:47,260 INFO  Header_About_Us_SubMenu - URL Entered
2024-10-11 10:12:47,799 INFO  Header_About_Us_SubMenu - Submenu clicked
2024-10-11 10:12:47,815 INFO  Header_About_Us_SubMenu - Partner With Us Sub Menu Validated
2024-10-11 10:12:48,291 INFO  Header_About_Us_SubMenu - URL Entered
2024-10-11 10:12:48,921 INFO  Header_About_Us_SubMenu - Submenu clicked
2024-10-11 10:12:48,977 INFO  Header_About_Us_SubMenu - Testimonials Sub Menu Validated
2024-10-11 10:12:49,457 INFO  Header_About_Us_SubMenu - URL Entered
2024-10-11 10:12:49,979 INFO  Header_About_Us_SubMenu - Submenu clicked
2024-10-11 10:12:49,992 INFO  Header_About_Us_SubMenu - Vendor Registration Sub Menu Validated
2024-10-11 10:12:50,342 INFO  Header_About_Us_SubMenu - URL Entered
2024-10-11 10:12:50,951 INFO  Header_About_Us_SubMenu - Submenu clicked
2024-10-11 10:12:51,026 INFO  Header_About_Us_SubMenu - Technologies Sub Menu Validated
2024-10-11 10:12:51,394 INFO  Header_About_Us_SubMenu - URL Entered
2024-10-11 10:12:51,892 INFO  Header_About_Us_SubMenu - Submenu clicked
2024-10-11 10:12:51,947 INFO  Header_About_Us_SubMenu - Methodology Sub Menu Validated
2024-10-11 10:12:52,350 INFO  Header_About_Us_SubMenu - URL Entered
2024-10-11 10:12:52,837 INFO  Header_About_Us_SubMenu - Submenu clicked
2024-10-11 10:12:52,897 INFO  Header_About_Us_SubMenu - Alliances Sub Menu Validated
2024-10-11 10:12:53,265 INFO  Header_About_Us_SubMenu - URL Entered
2024-10-11 10:12:53,772 INFO  Header_About_Us_SubMenu - Submenu clicked
2024-10-11 10:12:53,839 INFO  Header_About_Us_SubMenu - Infrastructure Sub Menu Validated
2024-10-11 10:12:54,221 INFO  Header_About_Us_SubMenu - URL Entered
2024-10-11 10:12:54,715 INFO  Header_About_Us_SubMenu - Submenu clicked
2024-10-11 10:12:54,767 INFO  Header_About_Us_SubMenu - Group Companies Sub Menu Validated
