2025-03-28 10:56:06,310 INFO  Header_Menu_Header - About Us Menu Validated
2025-03-28 10:56:06,615 INFO  Header_Menu_Header - URL Entered
2025-03-28 10:56:07,894 INFO  Header_Menu_Header - Get_Quote Menu Validated
2025-03-28 10:56:08,814 INFO  Header_Menu_Header - URL Entered
2025-03-28 10:56:09,503 INFO  Header_Menu_Header - Contact Menu Validated
2025-03-28 10:56:09,839 INFO  Header_Menu_Header - URL Entered
2025-03-28 10:56:10,551 INFO  Header_Menu_Header - Portfolio Menu Validated
2025-03-28 10:56:10,941 INFO  Header_Menu_Header - URL Entered
2025-03-28 10:56:11,850 INFO  Header_Menu_Header - Blog Menu Validated
2025-03-28 10:56:12,173 INFO  Header_Menu_Header - URL Entered
2025-03-28 10:56:17,584 INFO  Header_Menu_Header - Contact Telephone Icon Validated
2025-03-28 11:00:45,712 INFO  Home_Page_Footer_Menu - About us menu clicked
2025-03-28 11:00:45,807 INFO  Home_Page_Footer_Menu - Footer About Us Menu Validated
2025-03-28 11:00:46,363 INFO  Home_Page_Footer_Menu - URL Entered
2025-03-28 11:00:47,159 INFO  Home_Page_Footer_Menu - Careers Menu clicked
2025-03-28 11:00:47,217 INFO  Home_Page_Footer_Menu - Footer Careers Menu Validated
2025-03-28 11:00:47,534 INFO  Home_Page_Footer_Menu - URL Entered
2025-03-28 11:00:48,203 INFO  Home_Page_Footer_Menu - Become our Representatives menu clicked
2025-03-28 11:00:48,232 INFO  Home_Page_Footer_Menu - Footer Become Our Representative Menu Validated
2025-03-28 11:00:48,536 INFO  Home_Page_Footer_Menu - URL Entered
2025-03-28 11:00:49,396 INFO  Home_Page_Footer_Menu - Privacy policy menu clicked
2025-03-28 11:00:49,419 INFO  Home_Page_Footer_Menu - Footer Privacy Policy Menu Validated
2025-03-28 11:00:49,701 INFO  Home_Page_Footer_Menu - URL Entered
2025-03-28 11:00:50,475 INFO  Home_Page_Footer_Menu - site map menu clicked
2025-03-28 11:00:50,496 INFO  Home_Page_Footer_Menu - Footer Subscribe button Validated
2025-03-28 11:00:50,796 INFO  Home_Page_Footer_Menu - URL Entered
2025-03-28 11:00:50,993 INFO  Home_Page_Footer_Menu - Mousehover to the Service Menu
2025-03-28 11:00:55,311 INFO  Home_Page_Footer_Menu - Subscibe button clicked
2025-03-28 11:00:57,385 INFO  Home_Page_Footer_Menu - Footer Subscibe button Validated
2025-03-28 11:00:57,765 INFO  Home_Page_Footer_Menu - URL Entered
2025-03-28 11:00:59,134 INFO  Home_Page_Footer_Menu - iOS App Development Menu clicked
2025-03-28 11:00:59,150 INFO  Home_Page_Footer_Menu - iOS App Development Menu Validated
2025-03-28 11:00:59,519 INFO  Home_Page_Footer_Menu - URL Entered
2025-03-28 11:01:03,148 INFO  Home_Page_Footer_Menu - Android App Development Menu clicked
2025-03-28 11:01:03,217 INFO  Home_Page_Footer_Menu - Android App Development Menu Validated
2025-03-28 11:01:03,530 INFO  Home_Page_Footer_Menu - URL Entered
2025-03-28 11:01:05,030 INFO  Home_Page_Footer_Menu - Mobile Games Marketing Menu clicked
2025-03-28 11:01:05,047 INFO  Home_Page_Footer_Menu - Mobile Games Marketing Menu Validated
2025-03-28 11:01:05,457 INFO  Home_Page_Footer_Menu - URL Entered
2025-03-28 11:01:07,032 INFO  Home_Page_Footer_Menu - App Store Optimization Services Menu clicked
2025-03-28 11:01:07,103 INFO  Home_Page_Footer_Menu - App Store Optimization Services Menu Validated
2025-03-28 11:01:07,694 INFO  Home_Page_Footer_Menu - URL Entered
2025-03-28 11:01:09,049 INFO  Home_Page_Footer_Menu - IoT Development Services Menu clicked
2025-03-28 11:01:09,072 INFO  Home_Page_Footer_Menu - IoT Development Services Menu Validated
2025-03-28 11:01:09,488 INFO  Home_Page_Footer_Menu - URL Entered
2025-03-28 11:01:10,863 INFO  Home_Page_Footer_Menu - AI Services Menu clicked
2025-03-28 11:01:10,909 INFO  Home_Page_Footer_Menu - AI Services Menu Validated
2025-03-28 11:01:11,340 INFO  Home_Page_Footer_Menu - URL Entered
2025-03-28 11:01:12,970 INFO  Home_Page_Footer_Menu - GIS Services Menu clicked
2025-03-28 11:01:12,989 INFO  Home_Page_Footer_Menu - GIS Services Menu Validated
2025-03-28 11:01:15,847 INFO  Home_Page_Footer_Menu - URL Entered
2025-03-28 11:01:19,879 INFO  Home_Page_Footer_Menu - Web App Development Menu clicked
2025-03-28 11:01:19,894 INFO  Home_Page_Footer_Menu - Web App Development Menu Validated
2025-03-28 11:01:20,172 INFO  Home_Page_Footer_Menu - URL Entered
2025-03-28 11:01:21,011 INFO  Home_Page_Footer_Menu - Wallet Integration Menu clicked
2025-03-28 11:01:21,040 INFO  Home_Page_Footer_Menu - Wallet Integration Menu Validated
2025-03-28 11:01:21,457 INFO  Home_Page_Footer_Menu - URL Entered
2025-03-28 11:01:22,750 INFO  Home_Page_Footer_Menu - Conversion Rate Optimization Services Menu clicked
2025-03-28 11:01:22,766 INFO  Home_Page_Footer_Menu - Conversion Rate Optimization Services Menu Validated
2025-03-28 11:01:23,187 INFO  Home_Page_Footer_Menu - URL Entered
2025-03-28 11:01:26,319 INFO  Home_Page_Footer_Menu - Performance Marketing Services Menu clicked
2025-03-28 11:01:26,458 INFO  Home_Page_Footer_Menu -  Performance Marketing Services Menu Validated
2025-03-28 11:01:26,849 INFO  Home_Page_Footer_Menu - URL Entered
2025-03-28 11:01:27,026 INFO  Home_Page_Footer_Menu - School Management Software Menu clicked
2025-03-28 11:01:29,132 INFO  Home_Page_Footer_Menu - School Management Software Menu Validated
2025-03-28 11:01:29,726 INFO  Home_Page_Footer_Menu - URL Entered
2025-03-28 11:01:29,915 INFO  Home_Page_Footer_Menu - Intelligent Business Process Automation Software Menu clicked
2025-03-28 11:01:31,184 INFO  Home_Page_Footer_Menu - Intelligent Business Process Automation Software Menu Validated
