2025-03-28 11:02:20,036 INFO  Services_DigitalMarketingMenu - Submenu clicked
2025-03-28 11:02:20,090 INFO  Services_DigitalMarketingMenu - Performance Marketing services Sub Menu Validated
2025-03-28 11:02:20,525 INFO  Services_DigitalMarketingMenu - URL Entered
2025-03-28 11:02:21,318 INFO  Services_DigitalMarketingMenu - Mousehover to the Service Menu
2025-03-28 11:02:21,386 INFO  Services_DigitalMarketingMenu - Mousehover to the Digital Marketing Submenu
2025-03-28 11:02:26,706 INFO  Services_DigitalMarketingMenu - Submenu clicked
2025-03-28 11:02:26,746 INFO  Services_DigitalMarketingMenu - SaaS Marketing Sub Menu Validated
2025-03-28 11:02:27,114 INFO  Services_DigitalMarketingMenu - URL Entered
2025-03-28 11:02:27,281 INFO  Services_DigitalMarketingMenu - Mousehover to the Service Menu
2025-03-28 11:02:27,776 INFO  Services_DigitalMarketingMenu - Mousehover to the Digital Marketing Submenu
2025-03-28 11:02:28,567 INFO  Services_DigitalMarketingMenu - Submenu clicked
2025-03-28 11:02:28,580 INFO  Services_DigitalMarketingMenu - ICO Marketing Sub Menu Validated
2025-03-28 11:02:29,031 INFO  Services_DigitalMarketingMenu - URL Entered
2025-03-28 11:02:29,209 INFO  Services_DigitalMarketingMenu - Mousehover to the Service Menu
2025-03-28 11:02:29,751 INFO  Services_DigitalMarketingMenu - Mousehover to the Digital Marketing Submenu
2025-03-28 11:02:30,453 INFO  Services_DigitalMarketingMenu - Submenu clicked
2025-03-28 11:02:30,472 INFO  Services_DigitalMarketingMenu - Influencer Marketing Services Sub Menu Validated
2025-03-28 11:02:30,842 INFO  Services_DigitalMarketingMenu - URL Entered
2025-03-28 11:02:31,498 INFO  Services_DigitalMarketingMenu - Mousehover to the Service Menu
2025-03-28 11:02:31,572 INFO  Services_DigitalMarketingMenu - Mousehover to the Digital Marketing Submenu
2025-03-28 11:02:32,318 INFO  Services_DigitalMarketingMenu - Submenu clicked
2025-03-28 11:02:32,510 INFO  Services_DigitalMarketingMenu - Search Engine Optimization Sub Menu Validated
2025-03-28 11:02:33,060 INFO  Services_DigitalMarketingMenu - URL Entered
2025-03-28 11:02:33,238 INFO  Services_DigitalMarketingMenu - Mousehover to the Service Menu
2025-03-28 11:02:33,782 INFO  Services_DigitalMarketingMenu - Mousehover to the Digital Marketing Submenu
2025-03-28 11:02:34,441 INFO  Services_DigitalMarketingMenu - Submenu clicked
2025-03-28 11:02:34,468 INFO  Services_DigitalMarketingMenu - PPC Management & Strategy Sub Menu Validated
2025-03-28 11:02:34,877 INFO  Services_DigitalMarketingMenu - URL Entered
2025-03-28 11:02:35,563 INFO  Services_DigitalMarketingMenu - Mousehover to the Service Menu
2025-03-28 11:02:35,639 INFO  Services_DigitalMarketingMenu - Mousehover to the Digital Marketing Submenu
2025-03-28 11:02:36,290 INFO  Services_DigitalMarketingMenu - Submenu clicked
2025-03-28 11:02:36,310 INFO  Services_DigitalMarketingMenu - Social Media Management & Strategy Sub Menu Validated
2025-03-28 11:02:36,725 INFO  Services_DigitalMarketingMenu - URL Entered
2025-03-28 11:02:36,914 INFO  Services_DigitalMarketingMenu - Mousehover to the Service Menu
2025-03-28 11:02:37,478 INFO  Services_DigitalMarketingMenu - Mousehover to the Digital Marketing Submenu
2025-03-28 11:02:38,079 INFO  Services_DigitalMarketingMenu - Submenu clicked
2025-03-28 11:02:38,102 INFO  Services_DigitalMarketingMenu - Conversion Rate Optimization Services Sub Menu Validated
2025-03-28 11:02:38,530 INFO  Services_DigitalMarketingMenu - URL Entered
2025-03-28 11:02:39,183 INFO  Services_DigitalMarketingMenu - Mousehover to the Service Menu
2025-03-28 11:02:39,265 INFO  Services_DigitalMarketingMenu - Mousehover to the Digital Marketing Submenu
2025-03-28 11:02:39,903 INFO  Services_DigitalMarketingMenu - Submenu clicked
2025-03-28 11:02:39,926 INFO  Services_DigitalMarketingMenu - Multilingual SEO Sub Menu Validated
2025-03-28 11:02:40,354 INFO  Services_DigitalMarketingMenu - URL Entered
2025-03-28 11:02:40,544 INFO  Services_DigitalMarketingMenu - Mousehover to the Service Menu
2025-03-28 11:02:41,067 INFO  Services_DigitalMarketingMenu - Mousehover to the Digital Marketing Submenu
2025-03-28 11:02:41,737 INFO  Services_DigitalMarketingMenu - Submenu clicked
2025-03-28 11:02:41,762 INFO  Services_DigitalMarketingMenu - Google Search Optimization Sub Menu Validated
2025-03-28 11:02:42,232 INFO  Services_DigitalMarketingMenu - URL Entered
2025-03-28 11:02:42,870 INFO  Services_DigitalMarketingMenu - Mousehover to the Service Menu
2025-03-28 11:02:42,945 INFO  Services_DigitalMarketingMenu - Mousehover to the Digital Marketing Submenu
2025-03-28 11:02:43,551 INFO  Services_DigitalMarketingMenu - Submenu clicked
2025-03-28 11:02:43,571 INFO  Services_DigitalMarketingMenu - Google Grants Sub Menu Validated
2025-03-28 11:02:43,919 INFO  Services_DigitalMarketingMenu - URL Entered
2025-03-28 11:02:44,125 INFO  Services_DigitalMarketingMenu - Mousehover to the Service Menu
2025-03-28 11:02:44,666 INFO  Services_DigitalMarketingMenu - Mousehover to the Digital Marketing Submenu
2025-03-28 11:02:45,327 INFO  Services_DigitalMarketingMenu - Submenu clicked
2025-03-28 11:02:45,348 INFO  Services_DigitalMarketingMenu - Inbound marketing services Sub Menu Validated
2025-03-28 11:02:45,785 INFO  Services_DigitalMarketingMenu - URL Entered
2025-03-28 11:02:45,975 INFO  Services_DigitalMarketingMenu - Mousehover to the Service Menu
2025-03-28 11:02:46,597 INFO  Services_DigitalMarketingMenu - Mousehover to the Digital Marketing Submenu
2025-03-28 11:02:47,260 INFO  Services_DigitalMarketingMenu - Submenu clicked
2025-03-28 11:02:47,279 INFO  Services_DigitalMarketingMenu - DV360 Traffic Management Services Sub Menu Validated
2025-03-28 11:02:47,701 INFO  Services_DigitalMarketingMenu - URL Entered
2025-03-28 11:02:47,898 INFO  Services_DigitalMarketingMenu - Mousehover to the Service Menu
2025-03-28 11:02:48,517 INFO  Services_DigitalMarketingMenu - Mousehover to the Digital Marketing Submenu
2025-03-28 11:02:49,386 INFO  Services_DigitalMarketingMenu - Submenu clicked
2025-03-28 11:02:49,471 INFO  Services_DigitalMarketingMenu - Account Based Marketing Services Sub Menu Validated
