2025-03-28 11:03:44,975 INFO  Services_MobileAppMarketingAgency_Menu - Submenu clicked
2025-03-28 11:03:46,519 INFO  Services_MobileAppMarketingAgency_Menu - Mobile Games Marketing Sub Menu Validated
2025-03-28 11:03:46,783 INFO  Services_MobileAppMarketingAgency_Menu - URL Entered
2025-03-28 11:03:47,788 INFO  Services_MobileAppMarketingAgency_Menu - Mousehover to the Service Menu
2025-03-28 11:03:48,014 INFO  Services_MobileAppMarketingAgency_Menu - Mousehover to the Mobile App Marketing Agency Submenu
2025-03-28 11:03:50,633 INFO  Services_MobileAppMarketingAgency_Menu - Submenu clicked
2025-03-28 11:03:52,154 INFO  Services_MobileAppMarketingAgency_Menu - Mobile Pre Launch Activities Sub Menu Validated
2025-03-28 11:03:52,772 INFO  Services_MobileAppMarketingAgency_Menu - URL Entered
2025-03-28 11:03:52,964 INFO  Services_MobileAppMarketingAgency_Menu - Mousehover to the Service Menu
2025-03-28 11:03:54,061 INFO  Services_MobileAppMarketingAgency_Menu - Mousehover to the Mobile App Marketing Agency Submenu
2025-03-28 11:03:59,344 INFO  Services_MobileAppMarketingAgency_Menu - Submenu clicked
2025-03-28 11:04:00,879 INFO  Services_MobileAppMarketingAgency_Menu - Mobile App Market Research Sub Menu Validated
2025-03-28 11:04:01,345 INFO  Services_MobileAppMarketingAgency_Menu - URL Entered
2025-03-28 11:04:01,963 INFO  Services_MobileAppMarketingAgency_Menu - Mousehover to the Service Menu
2025-03-28 11:04:02,288 INFO  Services_MobileAppMarketingAgency_Menu - Mousehover to the Mobile App Marketing Agency Submenu
2025-03-28 11:04:04,940 INFO  Services_MobileAppMarketingAgency_Menu - Submenu clicked
2025-03-28 11:04:06,479 INFO  Services_MobileAppMarketingAgency_Menu - Mobile App Growth Marketing Sub Menu Validated
2025-03-28 11:04:06,976 INFO  Services_MobileAppMarketingAgency_Menu - URL Entered
2025-03-28 11:04:07,163 INFO  Services_MobileAppMarketingAgency_Menu - Mousehover to the Service Menu
2025-03-28 11:04:07,820 INFO  Services_MobileAppMarketingAgency_Menu - Mousehover to the Mobile App Marketing Agency Submenu
2025-03-28 11:04:10,429 INFO  Services_MobileAppMarketingAgency_Menu - Submenu clicked
2025-03-28 11:04:11,971 INFO  Services_MobileAppMarketingAgency_Menu - Mobile App Prototype Sub Menu Validated
