2025-03-28 10:59:40,876 INFO  Home_Menu_Body - Moved to Home Element
2025-03-28 10:59:42,514 INFO  Home_Menu_Body - Get A Free Consultation clicked
2025-03-28 10:59:46,884 INFO  Home_Menu_Body - URL Entered
2025-03-28 10:59:47,089 INFO  Home_Menu_Body - Moved to Home Element
2025-03-28 10:59:49,164 INFO  Home_Menu_Body - View all button clicked
2025-03-28 10:59:49,186 INFO  Home_Menu_Body - Latest Bolg ViewAll button Validated
2025-03-28 10:59:49,529 INFO  Home_Menu_Body - URL Entered
2025-03-28 10:59:50,886 INFO  Home_Menu_Body - Mobile App development arrow icon clicked
2025-03-28 10:59:50,932 INFO  Home_Menu_Body - Mobile App Development arrow icon Validated
2025-03-28 10:59:51,370 INFO  Home_Menu_Body - URL Entered
2025-03-28 10:59:52,809 INFO  Home_Menu_Body - Digital Marketing arrow icon clicked
2025-03-28 10:59:52,829 INFO  Home_Menu_Body - Digital Marketing arrow icon Validated
2025-03-28 10:59:52,973 INFO  Home_Menu_Body - URL Entered
2025-03-28 10:59:54,671 INFO  Home_Menu_Body - Mobile App Marketing Arrow icon clicked
2025-03-28 10:59:54,747 INFO  Home_Menu_Body - Mobile App Marketing  arrow icon Validated
2025-03-28 10:59:55,118 INFO  Home_Menu_Body - URL Entered
2025-03-28 10:59:56,238 INFO  Home_Menu_Body - Hire our Dedicated developer Icon clicked
2025-03-28 10:59:56,349 INFO  Home_Menu_Body - Hire Our Didicated Developers Sub Menu Validated
2025-03-28 10:59:56,762 INFO  Home_Menu_Body - URL Entered
2025-03-28 10:59:57,436 INFO  Home_Menu_Body - Web development icon clicked
2025-03-28 10:59:57,452 INFO  Home_Menu_Body - Web development arrow icon Validated
2025-03-28 10:59:57,949 INFO  Home_Menu_Body - URL Entered
2025-03-28 10:59:59,463 INFO  Home_Menu_Body - GIS Service arrow icon clicked
2025-03-28 10:59:59,725 INFO  Home_Menu_Body - GIS Services arrow icon Validated
2025-03-28 11:00:01,829 INFO  Home_Menu_Body - URL Entered
2025-03-28 11:00:02,015 INFO  Home_Menu_Body - Header panel alignment Veified
2025-03-28 11:00:02,821 INFO  Home_Menu_Body - URL Entered
2025-03-28 11:00:05,682 INFO  Home_Menu_Body - Freezed Header panel alignment Veified
2025-03-28 11:00:06,859 INFO  Home_Menu_Body - URL Entered
2025-03-28 11:00:10,356 INFO  Home_Menu_Body - Footer Alignment Mismatch
