2025-03-28 11:04:50,087 INFO  Services_WebDesignAndDevelopment_CMS_Submenu - Drupal Development Submenu clicked
2025-03-28 11:04:50,111 INFO  Services_WebDesignAndDevelopment_CMS_Submenu - Drupal Development Sub Menu Validated
2025-03-28 11:04:50,452 INFO  Services_WebDesignAndDevelopment_CMS_Submenu - URL Entered
2025-03-28 11:04:50,939 INFO  Services_WebDesignAndDevelopment_CMS_Submenu - Mousehover to the Service Menu
2025-03-28 11:04:51,305 INFO  Services_WebDesignAndDevelopment_CMS_Submenu - MouseOver to Web Design & Development Submenu
2025-03-28 11:04:52,373 INFO  Services_WebDesignAndDevelopment_CMS_Submenu - MouseOver to Content Management System Submenu
2025-03-28 11:04:53,816 INFO  Services_WebDesignAndDevelopment_CMS_Submenu - Joomla! Development Submenu clicked
2025-03-28 11:04:53,840 INFO  Services_WebDesignAndDevelopment_CMS_Submenu - Joomla! Development Sub Menu Validated
2025-03-28 11:04:54,369 INFO  Services_WebDesignAndDevelopment_CMS_Submenu - URL Entered
2025-03-28 11:04:55,126 INFO  Services_WebDesignAndDevelopment_CMS_Submenu - Mousehover to the Service Menu
2025-03-28 11:04:55,539 INFO  Services_WebDesignAndDevelopment_CMS_Submenu - MouseOver to Web Design & Development Submenu
2025-03-28 11:04:55,710 INFO  Services_WebDesignAndDevelopment_CMS_Submenu - MouseOver to Content Management System Submenu
2025-03-28 11:04:56,408 INFO  Services_WebDesignAndDevelopment_CMS_Submenu - Magento Development Submenu clicked
2025-03-28 11:04:56,434 INFO  Services_WebDesignAndDevelopment_CMS_Submenu - Magento Development Sub Menu Validated
2025-03-28 11:04:56,750 INFO  Services_WebDesignAndDevelopment_CMS_Submenu - URL Entered
2025-03-28 11:04:56,968 INFO  Services_WebDesignAndDevelopment_CMS_Submenu - Mousehover to the Service Menu
2025-03-28 11:04:58,198 INFO  Services_WebDesignAndDevelopment_CMS_Submenu - MouseOver to Web Design & Development Submenu
2025-03-28 11:04:58,793 INFO  Services_WebDesignAndDevelopment_CMS_Submenu - MouseOver to Content Management System Submenu
2025-03-28 11:05:00,191 INFO  Services_WebDesignAndDevelopment_CMS_Submenu - Woocommerce Submenu clicked
2025-03-28 11:05:00,223 INFO  Services_WebDesignAndDevelopment_CMS_Submenu - Woocommerce Sub Menu Validated
2025-03-28 11:05:00,529 INFO  Services_WebDesignAndDevelopment_CMS_Submenu - URL Entered
2025-03-28 11:05:01,031 INFO  Services_WebDesignAndDevelopment_CMS_Submenu - Mousehover to the Service Menu
2025-03-28 11:05:01,264 INFO  Services_WebDesignAndDevelopment_CMS_Submenu - MouseOver to Web Design & Development Submenu
2025-03-28 11:05:01,610 INFO  Services_WebDesignAndDevelopment_CMS_Submenu - MouseOver to Content Management System Submenu
2025-03-28 11:05:02,249 INFO  Services_WebDesignAndDevelopment_CMS_Submenu - WordPress Development Submenu clicked
2025-03-28 11:05:02,262 INFO  Services_WebDesignAndDevelopment_CMS_Submenu - WordPress Development Sub Menu Validated
