2025-03-28 10:56:52,503 INFO  Forms_Validation - Name Field Validated
2025-03-28 10:56:52,583 INFO  Forms_Validation - Email Field Validated
2025-03-28 10:56:55,904 INFO  Forms_Validation - Select Interest is Validated
2025-03-28 10:57:03,348 INFO  Forms_Validation - Budget Field is Validated
2025-03-28 10:57:03,601 INFO  Forms_Validation - Requirement Field is validated
2025-03-28 10:57:03,601 INFO  Forms_Validation - Quick Consultation form Validated
2025-03-28 10:57:04,019 INFO  Forms_Validation - URL Entered
2025-03-28 10:57:06,140 INFO  Forms_Validation - Job Application Menu clicked
2025-03-28 10:57:09,361 INFO  Forms_Validation - Name Field Validated
2025-03-28 10:57:10,147 INFO  Forms_Validation - Email Field Validated
2025-03-28 10:57:11,483 INFO  Forms_Validation - phone number field validated
2025-03-28 10:57:15,352 INFO  Forms_Validation - Select Post is Validated
2025-03-28 10:57:17,152 INFO  Forms_Validation - Location Field is Validated
2025-03-28 10:57:19,434 INFO  Forms_Validation - Search Engine Field is Validated
2025-03-28 10:57:20,709 INFO  Forms_Validation - Gender Field Vaidated
2025-03-28 10:57:31,016 INFO  Forms_Validation - Year of Experience Field is Validated
2025-03-28 10:57:33,180 INFO  Forms_Validation - Month of experience Field is Validated
2025-03-28 10:57:33,307 INFO  Forms_Validation - Highest Qualification field is validated
2025-03-28 10:57:33,551 INFO  Forms_Validation - Key Skills field is validated
2025-03-28 10:57:33,626 INFO  Forms_Validation - Current Designation field is validated
2025-03-28 10:57:33,729 INFO  Forms_Validation - Current Location Field is validated
2025-03-28 10:57:33,729 INFO  Forms_Validation - Job Allication Form Validated
2025-03-28 10:57:34,532 INFO  Forms_Validation - URL Entered
2025-03-28 10:57:35,175 INFO  Forms_Validation - Moved to Home Element
2025-03-28 10:57:39,309 INFO  Forms_Validation - Online is Clicked
2025-03-28 10:57:40,136 INFO  Forms_Validation - Frame Closer Vaidated
2025-03-28 10:57:40,726 INFO  Forms_Validation - Online is Clicked
2025-03-28 10:57:40,737 INFO  Forms_Validation - Moved to Home Element
2025-03-28 10:57:41,414 INFO  Forms_Validation - Name Field Validated
2025-03-28 10:57:41,865 INFO  Forms_Validation - Email Field Validated
2025-03-28 10:57:42,251 INFO  Forms_Validation - Phone Field Validated
2025-03-28 10:57:48,080 INFO  Forms_Validation - Interested service validated
2025-03-28 10:57:48,505 INFO  Forms_Validation - Requirement field Validated
2025-03-28 10:57:48,822 INFO  Forms_Validation - Frame Closer Vaidated
2025-03-28 10:57:48,823 INFO  Forms_Validation - Send Message form Validated
2025-03-28 10:57:49,808 INFO  Forms_Validation - URL Entered
2025-03-28 10:57:54,428 INFO  Forms_Validation - Submenu clicked
2025-03-28 10:57:56,565 INFO  Forms_Validation - Name of the company Field Validated
2025-03-28 10:58:00,234 INFO  Forms_Validation - Number of employees is Validated
2025-03-28 10:58:03,190 INFO  Forms_Validation - Company Type is Validated
2025-03-28 10:58:06,100 INFO  Forms_Validation - Industry Experience Field is Validated
2025-03-28 10:58:14,875 INFO  Forms_Validation - TEch Expertise is Validated
2025-03-28 10:58:15,000 INFO  Forms_Validation - Tax ID Field Validated
2025-03-28 10:58:16,118 INFO  Forms_Validation - Registration Number Field Validated
2025-03-28 10:58:16,378 INFO  Forms_Validation - Address Field Validated
2025-03-28 10:58:16,516 INFO  Forms_Validation - City Field Validated
2025-03-28 10:58:16,624 INFO  Forms_Validation - Website Field Validated
2025-03-28 10:58:16,765 INFO  Forms_Validation - Portfolio URL Field Validated
2025-03-28 10:58:16,857 INFO  Forms_Validation - Name of the Contact person Field Validated
2025-03-28 10:58:16,952 INFO  Forms_Validation - Job title of contact person Field Validated
2025-03-28 10:58:17,066 INFO  Forms_Validation - Contact Number Field Validated
2025-03-28 10:58:17,184 INFO  Forms_Validation - Whatsapp  Field Validated
2025-03-28 10:58:17,332 INFO  Forms_Validation - Email field Field Validated
2025-03-28 10:58:17,473 INFO  Forms_Validation - Bank Details Field Validated
2025-03-28 10:58:17,608 INFO  Forms_Validation - Any Relevant Certificate Field Validated
2025-03-28 10:58:17,704 INFO  Forms_Validation - Decision Maker Field Validated
2025-03-28 10:58:17,836 INFO  Forms_Validation - Decision maker Email Field Validated
2025-03-28 10:58:18,121 INFO  Forms_Validation - Brief Description about the company Field Validated
2025-03-28 10:58:18,122 INFO  Forms_Validation - Vendor Registration form Validated
