2025-03-28 11:00:20,681 INFO  Header_About_Us_SubMenu - Submenu clicked
2025-03-28 11:00:20,733 INFO  Header_About_Us_SubMenu - Business Models Sub Menu Validated
2025-03-28 11:00:21,208 INFO  Header_About_Us_SubMenu - URL Entered
2025-03-28 11:00:21,836 INFO  Header_About_Us_SubMenu - Submenu clicked
2025-03-28 11:00:21,893 INFO  Header_About_Us_SubMenu - Awards Sub Menu Validated
2025-03-28 11:00:22,277 INFO  Header_About_Us_SubMenu - URL Entered
2025-03-28 11:00:22,819 INFO  Header_About_Us_SubMenu - Submenu clicked
2025-03-28 11:00:22,834 INFO  Header_About_Us_SubMenu - Partner With Us Sub Menu Validated
2025-03-28 11:00:23,233 INFO  Header_About_Us_SubMenu - URL Entered
2025-03-28 11:00:23,767 INFO  Header_About_Us_SubMenu - Submenu clicked
2025-03-28 11:00:23,840 INFO  Header_About_Us_SubMenu - Testimonials Sub Menu Validated
2025-03-28 11:00:24,270 INFO  Header_About_Us_SubMenu - URL Entered
2025-03-28 11:00:24,789 INFO  Header_About_Us_SubMenu - Submenu clicked
2025-03-28 11:00:24,802 INFO  Header_About_Us_SubMenu - Vendor Registration Sub Menu Validated
2025-03-28 11:00:25,111 INFO  Header_About_Us_SubMenu - URL Entered
2025-03-28 11:00:28,182 INFO  Header_About_Us_SubMenu - Submenu clicked
2025-03-28 11:00:28,247 INFO  Header_About_Us_SubMenu - Technologies Sub Menu Validated
2025-03-28 11:00:28,560 INFO  Header_About_Us_SubMenu - URL Entered
2025-03-28 11:00:29,050 INFO  Header_About_Us_SubMenu - Submenu clicked
2025-03-28 11:00:29,097 INFO  Header_About_Us_SubMenu - Methodology Sub Menu Validated
2025-03-28 11:00:29,411 INFO  Header_About_Us_SubMenu - URL Entered
2025-03-28 11:00:32,310 INFO  Header_About_Us_SubMenu - Submenu clicked
2025-03-28 11:00:32,359 INFO  Header_About_Us_SubMenu - Alliances Sub Menu Validated
2025-03-28 11:00:32,667 INFO  Header_About_Us_SubMenu - URL Entered
2025-03-28 11:00:35,431 INFO  Header_About_Us_SubMenu - Submenu clicked
2025-03-28 11:00:35,480 INFO  Header_About_Us_SubMenu - Infrastructure Sub Menu Validated
2025-03-28 11:00:35,818 INFO  Header_About_Us_SubMenu - URL Entered
2025-03-28 11:00:38,563 INFO  Header_About_Us_SubMenu - Submenu clicked
2025-03-28 11:00:38,616 INFO  Header_About_Us_SubMenu - Group Companies Sub Menu Validated
