2025-03-28 11:01:07,032 INFO  Home_Page_Footer_Menu - App Store Optimization Services Menu clicked
2025-03-28 11:01:07,103 INFO  Home_Page_Footer_Menu - App Store Optimization Services Menu Validated
2025-03-28 11:01:07,694 INFO  Home_Page_Footer_Menu - URL Entered
2025-03-28 11:01:09,049 INFO  Home_Page_Footer_Menu - IoT Development Services Menu clicked
2025-03-28 11:01:09,072 INFO  Home_Page_Footer_Menu - IoT Development Services Menu Validated
2025-03-28 11:01:09,488 INFO  Home_Page_Footer_Menu - URL Entered
2025-03-28 11:01:10,863 INFO  Home_Page_Footer_Menu - AI Services Menu clicked
2025-03-28 11:01:10,909 INFO  Home_Page_Footer_Menu - AI Services Menu Validated
2025-03-28 11:01:11,340 INFO  Home_Page_Footer_Menu - URL Entered
2025-03-28 11:01:12,970 INFO  Home_Page_Footer_Menu - GIS Services Menu clicked
2025-03-28 11:01:12,989 INFO  Home_Page_Footer_Menu - GIS Services Menu Validated
2025-03-28 11:01:15,847 INFO  Home_Page_Footer_Menu - URL Entered
2025-03-28 11:01:19,879 INFO  Home_Page_Footer_Menu - Web App Development Menu clicked
2025-03-28 11:01:19,894 INFO  Home_Page_Footer_Menu - Web App Development Menu Validated
2025-03-28 11:01:20,172 INFO  Home_Page_Footer_Menu - URL Entered
2025-03-28 11:01:21,011 INFO  Home_Page_Footer_Menu - Wallet Integration Menu clicked
2025-03-28 11:01:21,040 INFO  Home_Page_Footer_Menu - Wallet Integration Menu Validated
2025-03-28 11:01:21,457 INFO  Home_Page_Footer_Menu - URL Entered
2025-03-28 11:01:22,750 INFO  Home_Page_Footer_Menu - Conversion Rate Optimization Services Menu clicked
2025-03-28 11:01:22,766 INFO  Home_Page_Footer_Menu - Conversion Rate Optimization Services Menu Validated
2025-03-28 11:01:23,187 INFO  Home_Page_Footer_Menu - URL Entered
2025-03-28 11:01:26,319 INFO  Home_Page_Footer_Menu - Performance Marketing Services Menu clicked
2025-03-28 11:01:26,458 INFO  Home_Page_Footer_Menu -  Performance Marketing Services Menu Validated
2025-03-28 11:01:26,849 INFO  Home_Page_Footer_Menu - URL Entered
2025-03-28 11:01:27,026 INFO  Home_Page_Footer_Menu - School Management Software Menu clicked
2025-03-28 11:01:29,132 INFO  Home_Page_Footer_Menu - School Management Software Menu Validated
2025-03-28 11:01:29,726 INFO  Home_Page_Footer_Menu - URL Entered
2025-03-28 11:01:29,915 INFO  Home_Page_Footer_Menu - Intelligent Business Process Automation Software Menu clicked
2025-03-28 11:01:31,184 INFO  Home_Page_Footer_Menu - Intelligent Business Process Automation Software Menu Validated
