2025-03-28 10:58:28,078 INFO  Header_Services_Submenu - Submenu clicked
2025-03-28 10:58:28,100 INFO  Header_Services_Submenu - Digital Marketing Sub Menu Validated
2025-03-28 10:58:28,607 INFO  Header_Services_Submenu - URL Entered
2025-03-28 10:58:29,216 INFO  Header_Services_Submenu - Mousehover to the Service Menu
2025-03-28 10:58:32,907 INFO  Header_Services_Submenu - Submenu clicked
2025-03-28 10:58:32,924 INFO  Header_Services_Submenu - Mobile App Marketing Agency Sub Menu Validated
2025-03-28 10:58:33,404 INFO  Header_Services_Submenu - URL Entered
2025-03-28 10:58:33,962 INFO  Header_Services_Submenu - Mousehover to the Service Menu
2025-03-28 10:58:37,351 INFO  Header_Services_Submenu - Submenu clicked
2025-03-28 10:58:37,427 INFO  Header_Services_Submenu - Hire Our Didicated Developers Sub Menu Validated
2025-03-28 10:58:37,759 INFO  Header_Services_Submenu - URL Entered
2025-03-28 10:58:37,962 INFO  Header_Services_Submenu - Mousehover to the Service Menu
2025-03-28 10:58:38,542 INFO  Header_Services_Submenu - Submenu clicked
2025-03-28 10:58:38,542 INFO  Header_Services_Submenu - Web Design and Development Sub Menu Not Clickable
2025-03-28 10:58:39,162 INFO  Header_Services_Submenu - URL Entered
2025-03-28 10:58:39,343 INFO  Header_Services_Submenu - Mousehover to the Service Menu
2025-03-28 10:58:40,911 INFO  Header_Services_Submenu - Submenu clicked
2025-03-28 10:58:40,957 INFO  Header_Services_Submenu - Business Consulting Services Sub Menu Validated
2025-03-28 10:58:41,517 INFO  Header_Services_Submenu - URL Entered
2025-03-28 10:58:41,709 INFO  Header_Services_Submenu - Mousehover to the Service Menu
2025-03-28 10:58:42,897 INFO  Header_Services_Submenu - Submenu clicked
2025-03-28 10:58:42,912 INFO  Header_Services_Submenu - AI Services Sub Menu Validated
2025-03-28 10:58:43,275 INFO  Header_Services_Submenu - URL Entered
2025-03-28 10:58:43,899 INFO  Header_Services_Submenu - Mousehover to the Service Menu
2025-03-28 10:58:47,961 INFO  Header_Services_Submenu - Submenu clicked
2025-03-28 10:58:48,574 INFO  Header_Services_Submenu - GIS Services Sub Menu Validated
