2025-03-28 11:02:36,290 INFO  Services_DigitalMarketingMenu - Submenu clicked
2025-03-28 11:02:36,310 INFO  Services_DigitalMarketingMenu - Social Media Management & Strategy Sub Menu Validated
2025-03-28 11:02:36,725 INFO  Services_DigitalMarketingMenu - URL Entered
2025-03-28 11:02:36,914 INFO  Services_DigitalMarketingMenu - Mousehover to the Service Menu
2025-03-28 11:02:37,478 INFO  Services_DigitalMarketingMenu - Mousehover to the Digital Marketing Submenu
2025-03-28 11:02:38,079 INFO  Services_DigitalMarketingMenu - Submenu clicked
2025-03-28 11:02:38,102 INFO  Services_DigitalMarketingMenu - Conversion Rate Optimization Services Sub Menu Validated
2025-03-28 11:02:38,530 INFO  Services_DigitalMarketingMenu - URL Entered
2025-03-28 11:02:39,183 INFO  Services_DigitalMarketingMenu - Mousehover to the Service Menu
2025-03-28 11:02:39,265 INFO  Services_DigitalMarketingMenu - Mousehover to the Digital Marketing Submenu
2025-03-28 11:02:39,903 INFO  Services_DigitalMarketingMenu - Submenu clicked
2025-03-28 11:02:39,926 INFO  Services_DigitalMarketingMenu - Multilingual SEO Sub Menu Validated
2025-03-28 11:02:40,354 INFO  Services_DigitalMarketingMenu - URL Entered
2025-03-28 11:02:40,544 INFO  Services_DigitalMarketingMenu - Mousehover to the Service Menu
2025-03-28 11:02:41,067 INFO  Services_DigitalMarketingMenu - Mousehover to the Digital Marketing Submenu
2025-03-28 11:02:41,737 INFO  Services_DigitalMarketingMenu - Submenu clicked
2025-03-28 11:02:41,762 INFO  Services_DigitalMarketingMenu - Google Search Optimization Sub Menu Validated
2025-03-28 11:02:42,232 INFO  Services_DigitalMarketingMenu - URL Entered
2025-03-28 11:02:42,870 INFO  Services_DigitalMarketingMenu - Mousehover to the Service Menu
2025-03-28 11:02:42,945 INFO  Services_DigitalMarketingMenu - Mousehover to the Digital Marketing Submenu
2025-03-28 11:02:43,551 INFO  Services_DigitalMarketingMenu - Submenu clicked
2025-03-28 11:02:43,571 INFO  Services_DigitalMarketingMenu - Google Grants Sub Menu Validated
2025-03-28 11:02:43,919 INFO  Services_DigitalMarketingMenu - URL Entered
2025-03-28 11:02:44,125 INFO  Services_DigitalMarketingMenu - Mousehover to the Service Menu
2025-03-28 11:02:44,666 INFO  Services_DigitalMarketingMenu - Mousehover to the Digital Marketing Submenu
2025-03-28 11:02:45,327 INFO  Services_DigitalMarketingMenu - Submenu clicked
2025-03-28 11:02:45,348 INFO  Services_DigitalMarketingMenu - Inbound marketing services Sub Menu Validated
2025-03-28 11:02:45,785 INFO  Services_DigitalMarketingMenu - URL Entered
2025-03-28 11:02:45,975 INFO  Services_DigitalMarketingMenu - Mousehover to the Service Menu
2025-03-28 11:02:46,597 INFO  Services_DigitalMarketingMenu - Mousehover to the Digital Marketing Submenu
2025-03-28 11:02:47,260 INFO  Services_DigitalMarketingMenu - Submenu clicked
2025-03-28 11:02:47,279 INFO  Services_DigitalMarketingMenu - DV360 Traffic Management Services Sub Menu Validated
2025-03-28 11:02:47,701 INFO  Services_DigitalMarketingMenu - URL Entered
2025-03-28 11:02:47,898 INFO  Services_DigitalMarketingMenu - Mousehover to the Service Menu
2025-03-28 11:02:48,517 INFO  Services_DigitalMarketingMenu - Mousehover to the Digital Marketing Submenu
2025-03-28 11:02:49,386 INFO  Services_DigitalMarketingMenu - Submenu clicked
2025-03-28 11:02:49,471 INFO  Services_DigitalMarketingMenu - Account Based Marketing Services Sub Menu Validated
