2025-03-28 11:04:19,891 INFO  Services_HireOurDedicatedDevelopers - Submenu clicked
2025-03-28 11:04:19,912 INFO  Services_HireOurDedicatedDevelopers - Hire Our Android Developer Sub Menu Validated
2025-03-28 11:04:20,253 INFO  Services_HireOurDedicatedDevelopers - URL Entered
2025-03-28 11:04:20,456 INFO  Services_HireOurDedicatedDevelopers - Mousehover to the Service Menu
2025-03-28 11:04:21,093 INFO  Services_HireOurDedicatedDevelopers -  MouseOver to Hire Our Dedicated Developers Submenu
2025-03-28 11:04:21,819 INFO  Services_HireOurDedicatedDevelopers - Submenu clicked
2025-03-28 11:04:21,836 INFO  Services_HireOurDedicatedDevelopers - Hire Our iOS Developers Sub Menu Validated
2025-03-28 11:04:22,236 INFO  Services_HireOurDedicatedDevelopers - URL Entered
2025-03-28 11:04:22,835 INFO  Services_HireOurDedicatedDevelopers - Mousehover to the Service Menu
2025-03-28 11:04:23,341 INFO  Services_HireOurDedicatedDevelopers -  MouseOver to Hire Our Dedicated Developers Submenu
2025-03-28 11:04:25,628 INFO  Services_HireOurDedicatedDevelopers - Submenu clicked
2025-03-28 11:04:25,657 INFO  Services_HireOurDedicatedDevelopers - Hire Our WordPress Developers Sub Menu Validated
2025-03-28 11:04:26,333 INFO  Services_HireOurDedicatedDevelopers - URL Entered
2025-03-28 11:04:26,561 INFO  Services_HireOurDedicatedDevelopers - Mousehover to the Service Menu
2025-03-28 11:04:27,372 INFO  Services_HireOurDedicatedDevelopers -  MouseOver to Hire Our Dedicated Developers Submenu
2025-03-28 11:04:28,407 INFO  Services_HireOurDedicatedDevelopers - Submenu clicked
2025-03-28 11:04:28,442 INFO  Services_HireOurDedicatedDevelopers - Hire Our PHP Developers Sub Menu Validated
2025-03-28 11:04:28,812 INFO  Services_HireOurDedicatedDevelopers - URL Entered
2025-03-28 11:04:29,549 INFO  Services_HireOurDedicatedDevelopers - Mousehover to the Service Menu
2025-03-28 11:04:29,908 INFO  Services_HireOurDedicatedDevelopers -  MouseOver to Hire Our Dedicated Developers Submenu
2025-03-28 11:04:30,665 INFO  Services_HireOurDedicatedDevelopers - Submenu clicked
2025-03-28 11:04:30,684 INFO  Services_HireOurDedicatedDevelopers - Hire Our .NET Developers Sub Menu Validated
