2025-03-28 11:05:07,771 INFO  Services_GIS_ServicesMenu - Submenu clicked
2025-03-28 11:05:07,786 INFO  Services_GIS_ServicesMenu - BIM Services Sub Menu Validated
2025-03-28 11:05:09,197 INFO  Services_GIS_ServicesMenu - URL Entered
2025-03-28 11:05:09,483 INFO  Services_GIS_ServicesMenu - Mousehover to the Service Menu
2025-03-28 11:05:10,275 INFO  Services_GIS_ServicesMenu - Mousehover to the GIS Services SubMenu
2025-03-28 11:05:11,188 INFO  Services_GIS_ServicesMenu - Submenu clicked
2025-03-28 11:05:11,198 INFO  Services_GIS_ServicesMenu - Digital Photogrammetry Services Sub Menu Validated
2025-03-28 11:05:12,190 INFO  Services_GIS_ServicesMenu - URL Entered
2025-03-28 11:05:12,740 INFO  Services_GIS_ServicesMenu - Mousehover to the Service Menu
2025-03-28 11:05:12,826 INFO  Services_GIS_ServicesMenu - Mousehover to the GIS Services SubMenu
2025-03-28 11:05:13,792 INFO  Services_GIS_ServicesMenu - Submenu clicked
2025-03-28 11:05:13,804 INFO  Services_GIS_ServicesMenu - LiDAR Services Sub Menu Validated
2025-03-28 11:05:14,919 INFO  Services_GIS_ServicesMenu - URL Entered
2025-03-28 11:05:15,475 INFO  Services_GIS_ServicesMenu - Mousehover to the Service Menu
2025-03-28 11:05:15,552 INFO  Services_GIS_ServicesMenu - Mousehover to the GIS Services SubMenu
2025-03-28 11:05:17,431 INFO  Services_GIS_ServicesMenu - Submenu clicked
2025-03-28 11:05:17,449 INFO  Services_GIS_ServicesMenu - Mobile LiDAR Sub Menu Validated
2025-03-28 11:05:19,161 INFO  Services_GIS_ServicesMenu - URL Entered
2025-03-28 11:05:19,438 INFO  Services_GIS_ServicesMenu - Mousehover to the Service Menu
2025-03-28 11:05:19,979 INFO  Services_GIS_ServicesMenu - Mousehover to the GIS Services SubMenu
2025-03-28 11:05:21,294 INFO  Services_GIS_ServicesMenu - Submenu clicked
2025-03-28 11:05:21,312 INFO  Services_GIS_ServicesMenu - Orthophoto Process Sub Menu Validated
