2024-10-29 10:22:46,968 INFO  Services_MobileAppMarketingAgency_Menu - Submenu clicked
2024-10-29 10:22:48,479 INFO  Services_MobileAppMarketingAgency_Menu - Android Apps Marketing Sub Menu Validated
2024-10-29 10:22:48,781 INFO  Services_MobileAppMarketingAgency_Menu - URL Entered
2024-10-29 10:22:48,935 INFO  Services_MobileAppMarketingAgency_Menu - Mousehover to the Service Menu
2024-10-29 10:22:48,952 INFO  Services_MobileAppMarketingAgency_Menu - Mousehover to the Mobile App Marketing Agency Submenu
2024-10-29 10:22:48,983 INFO  Services_MobileAppMarketingAgency_Menu - Submenu clicked
2024-10-29 10:22:50,503 INFO  Services_MobileAppMarketingAgency_Menu - iPhone Apps Marketing Sub Menu Validated
2024-10-29 10:22:50,802 INFO  Services_MobileAppMarketingAgency_Menu - URL Entered
2024-10-29 10:22:50,945 INFO  Services_MobileAppMarketingAgency_Menu - Mousehover to the Service Menu
2024-10-29 10:22:50,958 INFO  Services_MobileAppMarketingAgency_Menu - Mousehover to the Mobile App Marketing Agency Submenu
2024-10-29 10:22:50,975 INFO  Services_MobileAppMarketingAgency_Menu - Submenu clicked
2024-10-29 10:22:52,482 INFO  Services_MobileAppMarketingAgency_Menu - Free Consulations Service Sub Menu Validated
2024-10-29 10:22:52,768 INFO  Services_MobileAppMarketingAgency_Menu - URL Entered
2024-10-29 10:22:52,914 INFO  Services_MobileAppMarketingAgency_Menu - Mousehover to the Service Menu
2024-10-29 10:22:52,932 INFO  Services_MobileAppMarketingAgency_Menu - Mousehover to the Mobile App Marketing Agency Submenu
2024-10-29 10:22:52,963 INFO  Services_MobileAppMarketingAgency_Menu - Submenu clicked
2024-10-29 10:22:54,495 INFO  Services_MobileAppMarketingAgency_Menu - Mobile App Ads Campaign Management Sub Menu Validated
2024-10-29 10:22:54,706 INFO  Services_MobileAppMarketingAgency_Menu - URL Entered
2024-10-29 10:22:54,899 INFO  Services_MobileAppMarketingAgency_Menu - Mousehover to the Service Menu
2024-10-29 10:22:54,926 INFO  Services_MobileAppMarketingAgency_Menu - Mousehover to the Mobile App Marketing Agency Submenu
2024-10-29 10:22:55,001 INFO  Services_MobileAppMarketingAgency_Menu - Submenu clicked
2024-10-29 10:22:56,531 INFO  Services_MobileAppMarketingAgency_Menu - Mobile Games Marketing Sub Menu Validated
2024-10-29 10:22:56,980 INFO  Services_MobileAppMarketingAgency_Menu - URL Entered
2024-10-29 10:22:57,180 INFO  Services_MobileAppMarketingAgency_Menu - Mousehover to the Service Menu
2024-10-29 10:22:57,200 INFO  Services_MobileAppMarketingAgency_Menu - Mousehover to the Mobile App Marketing Agency Submenu
2024-10-29 10:22:57,231 INFO  Services_MobileAppMarketingAgency_Menu - Submenu clicked
2024-10-29 10:22:58,749 INFO  Services_MobileAppMarketingAgency_Menu - Mobile Pre Launch Activities Sub Menu Validated
2024-10-29 10:22:58,996 INFO  Services_MobileAppMarketingAgency_Menu - URL Entered
2024-10-29 10:22:59,157 INFO  Services_MobileAppMarketingAgency_Menu - Mousehover to the Service Menu
2024-10-29 10:22:59,186 INFO  Services_MobileAppMarketingAgency_Menu - Mousehover to the Mobile App Marketing Agency Submenu
2024-10-29 10:22:59,220 INFO  Services_MobileAppMarketingAgency_Menu - Submenu clicked
2024-10-29 10:23:00,741 INFO  Services_MobileAppMarketingAgency_Menu - Mobile App Market Research Sub Menu Validated
2024-10-29 10:23:00,965 INFO  Services_MobileAppMarketingAgency_Menu - URL Entered
2024-10-29 10:23:01,094 INFO  Services_MobileAppMarketingAgency_Menu - Mousehover to the Service Menu
2024-10-29 10:23:01,122 INFO  Services_MobileAppMarketingAgency_Menu - Mousehover to the Mobile App Marketing Agency Submenu
2024-10-29 10:23:01,151 INFO  Services_MobileAppMarketingAgency_Menu - Submenu clicked
2024-10-29 10:23:02,682 INFO  Services_MobileAppMarketingAgency_Menu - Mobile App Growth Marketing Sub Menu Validated
2024-10-29 10:23:02,931 INFO  Services_MobileAppMarketingAgency_Menu - URL Entered
2024-10-29 10:23:03,084 INFO  Services_MobileAppMarketingAgency_Menu - Mousehover to the Service Menu
2024-10-29 10:23:03,101 INFO  Services_MobileAppMarketingAgency_Menu - Mousehover to the Mobile App Marketing Agency Submenu
2024-10-29 10:23:03,124 INFO  Services_MobileAppMarketingAgency_Menu - Submenu clicked
2024-10-29 10:23:04,638 INFO  Services_MobileAppMarketingAgency_Menu - Mobile App Prototype Sub Menu Validated
