2024-10-29 10:21:52,178 INFO  Services_MobileAppDevelopmentMenu - Submenu clicked
2024-10-29 10:21:53,693 INFO  Services_MobileAppDevelopmentMenu - Android App Development Sub Menu Validated
2024-10-29 10:21:53,934 INFO  Services_MobileAppDevelopmentMenu - URL Entered
2024-10-29 10:21:54,090 INFO  Services_MobileAppDevelopmentMenu - Mousehover to the Service Menu
2024-10-29 10:21:54,290 INFO  Services_MobileAppDevelopmentMenu - Mousehover to the Mobile App development Submenu
2024-10-29 10:21:54,372 INFO  Services_MobileAppDevelopmentMenu - Submenu clicked
2024-10-29 10:21:54,939 INFO  Services_MobileAppDevelopmentMenu - Enterprise Mobile Application Development Sub Menu Validated
2024-10-29 10:21:55,138 INFO  Services_MobileAppDevelopmentMenu - URL Entered
2024-10-29 10:21:55,306 INFO  Services_MobileAppDevelopmentMenu - Mousehover to the Service Menu
2024-10-29 10:21:55,487 INFO  Services_MobileAppDevelopmentMenu - Mousehover to the Mobile App development Submenu
2024-10-29 10:21:55,578 INFO  Services_MobileAppDevelopmentMenu - Submenu clicked
2024-10-29 10:21:56,268 INFO  Services_MobileAppDevelopmentMenu - Startup App Development Sub Menu Validated
2024-10-29 10:21:57,125 INFO  Services_MobileAppDevelopmentMenu - URL Entered
2024-10-29 10:21:57,284 INFO  Services_MobileAppDevelopmentMenu - Mousehover to the Service Menu
2024-10-29 10:21:57,415 INFO  Services_MobileAppDevelopmentMenu - Mousehover to the Mobile App development Submenu
2024-10-29 10:21:57,466 INFO  Services_MobileAppDevelopmentMenu - Submenu clicked
2024-10-29 10:21:58,033 INFO  Services_MobileAppDevelopmentMenu - iOS App Development Sub Menu Validated
2024-10-29 10:21:58,230 INFO  Services_MobileAppDevelopmentMenu - URL Entered
2024-10-29 10:21:58,377 INFO  Services_MobileAppDevelopmentMenu - Mousehover to the Service Menu
2024-10-29 10:21:58,510 INFO  Services_MobileAppDevelopmentMenu - Mousehover to the Mobile App development Submenu
2024-10-29 10:21:58,595 INFO  Services_MobileAppDevelopmentMenu - Submenu clicked
2024-10-29 10:21:59,163 INFO  Services_MobileAppDevelopmentMenu - iPad App Development Sub Menu Validated
2024-10-29 10:21:59,377 INFO  Services_MobileAppDevelopmentMenu - URL Entered
2024-10-29 10:21:59,498 INFO  Services_MobileAppDevelopmentMenu - Mousehover to the Service Menu
2024-10-29 10:21:59,623 INFO  Services_MobileAppDevelopmentMenu - Mousehover to the Mobile App development Submenu
2024-10-29 10:21:59,841 INFO  Services_MobileAppDevelopmentMenu - Submenu clicked
2024-10-29 10:22:00,390 INFO  Services_MobileAppDevelopmentMenu - HTML5 Development Sub Menu Validated
2024-10-29 10:22:00,599 INFO  Services_MobileAppDevelopmentMenu - URL Entered
2024-10-29 10:22:00,731 INFO  Services_MobileAppDevelopmentMenu - Mousehover to the Service Menu
2024-10-29 10:22:00,936 INFO  Services_MobileAppDevelopmentMenu - Mousehover to the Mobile App development Submenu
2024-10-29 10:22:01,007 INFO  Services_MobileAppDevelopmentMenu - Submenu clicked
2024-10-29 10:22:01,671 INFO  Services_MobileAppDevelopmentMenu - Windows Application Development Sub Menu Validated
