2024-10-29 10:17:39,714 INFO  Header_About_Us_SubMenu - Submenu clicked
2024-10-29 10:17:40,273 INFO  Header_About_Us_SubMenu - Company Fact File Sub Menu Validated
2024-10-29 10:17:40,515 INFO  Header_About_Us_SubMenu - URL Entered
2024-10-29 10:17:40,548 INFO  Header_About_Us_SubMenu - Submenu clicked
2024-10-29 10:17:41,070 INFO  Header_About_Us_SubMenu - Meet the Team Sub Menu Validated
2024-10-29 10:17:41,287 INFO  Header_About_Us_SubMenu - URL Entered
2024-10-29 10:17:41,308 INFO  Header_About_Us_SubMenu - Submenu clicked
2024-10-29 10:17:41,891 INFO  Header_About_Us_SubMenu - Our Clients Sub Menu Validated
2024-10-29 10:17:42,092 INFO  Header_About_Us_SubMenu - URL Entered
2024-10-29 10:17:42,121 INFO  Header_About_Us_SubMenu - Submenu clicked
2024-10-29 10:17:43,243 INFO  Header_About_Us_SubMenu - Products Sub Menu Validated
2024-10-29 10:17:43,473 INFO  Header_About_Us_SubMenu - URL Entered
2024-10-29 10:17:43,511 INFO  Header_About_Us_SubMenu - Submenu clicked
2024-10-29 10:17:44,020 INFO  Header_About_Us_SubMenu - Become Our Representative Sub Menu Validated
2024-10-29 10:17:44,193 INFO  Header_About_Us_SubMenu - URL Entered
2024-10-29 10:17:44,228 INFO  Header_About_Us_SubMenu - Submenu clicked
2024-10-29 10:17:44,761 INFO  Header_About_Us_SubMenu - Business Models Sub Menu Validated
2024-10-29 10:17:44,965 INFO  Header_About_Us_SubMenu - URL Entered
2024-10-29 10:17:45,002 INFO  Header_About_Us_SubMenu - Submenu clicked
2024-10-29 10:17:48,154 INFO  Header_About_Us_SubMenu - Awards Sub Menu Validated
2024-10-29 10:17:48,371 INFO  Header_About_Us_SubMenu - URL Entered
2024-10-29 10:17:48,396 INFO  Header_About_Us_SubMenu - Submenu clicked
2024-10-29 10:17:48,912 INFO  Header_About_Us_SubMenu - Partner With Us Sub Menu Validated
2024-10-29 10:17:49,132 INFO  Header_About_Us_SubMenu - URL Entered
2024-10-29 10:17:49,165 INFO  Header_About_Us_SubMenu - Submenu clicked
2024-10-29 10:17:49,748 INFO  Header_About_Us_SubMenu - Testimonials Sub Menu Validated
2024-10-29 10:17:50,186 INFO  Header_About_Us_SubMenu - URL Entered
2024-10-29 10:17:50,232 INFO  Header_About_Us_SubMenu - Submenu clicked
2024-10-29 10:17:50,747 INFO  Header_About_Us_SubMenu - Vendor Registration Sub Menu Validated
2024-10-29 10:17:50,986 INFO  Header_About_Us_SubMenu - URL Entered
2024-10-29 10:17:51,019 INFO  Header_About_Us_SubMenu - Submenu clicked
2024-10-29 10:17:51,558 INFO  Header_About_Us_SubMenu - Technologies Sub Menu Validated
2024-10-29 10:17:51,720 INFO  Header_About_Us_SubMenu - URL Entered
2024-10-29 10:17:51,745 INFO  Header_About_Us_SubMenu - Submenu clicked
2024-10-29 10:17:52,298 INFO  Header_About_Us_SubMenu - Methodology Sub Menu Validated
2024-10-29 10:17:52,483 INFO  Header_About_Us_SubMenu - URL Entered
2024-10-29 10:17:52,520 INFO  Header_About_Us_SubMenu - Submenu clicked
2024-10-29 10:17:53,069 INFO  Header_About_Us_SubMenu - Alliances Sub Menu Validated
2024-10-29 10:17:53,290 INFO  Header_About_Us_SubMenu - URL Entered
2024-10-29 10:17:53,315 INFO  Header_About_Us_SubMenu - Submenu clicked
2024-10-29 10:17:53,861 INFO  Header_About_Us_SubMenu - Infrastructure Sub Menu Validated
2024-10-29 10:17:54,051 INFO  Header_About_Us_SubMenu - URL Entered
2024-10-29 10:17:54,083 INFO  Header_About_Us_SubMenu - Submenu clicked
2024-10-29 10:17:54,623 INFO  Header_About_Us_SubMenu - Group Companies Sub Menu Validated
