2024-10-29 10:17:21,838 INFO  Home_Menu_Body - Moved to Home Element
2024-10-29 10:17:24,849 INFO  Home_Menu_Body - Right Arrow clicked
2024-10-29 10:17:26,160 INFO  Home_Menu_Body - Get in touch clicked
2024-10-29 10:17:26,686 INFO  Home_Menu_Body - GET IN TOUCH 2 button Validated
2024-10-29 10:17:26,986 INFO  Home_Menu_Body - URL Entered
2024-10-29 10:17:27,134 INFO  Home_Menu_Body - Moved to Home Element
2024-10-29 10:17:27,188 INFO  Home_Menu_Body - Get in touch clicked
2024-10-29 10:17:29,608 INFO  Home_Menu_Body - Move to form is true
2024-10-29 10:17:29,608 INFO  Home_Menu_Body - GET IN TOUCH button 3 Validated
2024-10-29 10:17:30,245 INFO  Home_Menu_Body - URL Entered
2024-10-29 10:17:30,379 INFO  Home_Menu_Body - Moved to Home Element
2024-10-29 10:17:32,927 INFO  Home_Menu_Body - services Sea more button clicked
2024-10-29 10:17:33,428 INFO  Home_Menu_Body - IoT Development visibility - true
2024-10-29 10:17:33,459 INFO  Home_Menu_Body - Enterprise App Development - true
2024-10-29 10:17:33,479 INFO  Home_Menu_Body - UI / UX Design visibility - true
2024-10-29 10:17:33,531 INFO  Home_Menu_Body - Web development services - true
2024-10-29 10:17:33,531 INFO  Home_Menu_Body - Our Services Sea more button  Validated
2024-10-29 10:17:34,248 INFO  Home_Menu_Body - URL Entered
2024-10-29 10:17:34,377 INFO  Home_Menu_Body - Moved to Home Element
2024-10-29 10:17:34,429 INFO  Home_Menu_Body - Explore More button clicked
