2024-10-29 10:16:21,637 INFO  Header_Services_Submenu - Submenu clicked
2024-10-29 10:16:22,161 INFO  Header_Services_Submenu - Mobile App Marketing Agency Sub Menu Validated
2024-10-29 10:16:22,437 INFO  Header_Services_Submenu - URL Entered
2024-10-29 10:16:22,582 INFO  Header_Services_Submenu - Mousehover to the Service Menu
2024-10-29 10:16:22,609 INFO  Header_Services_Submenu - Submenu clicked
2024-10-29 10:16:23,197 INFO  Header_Services_Submenu - Hire Our Didicated Developers Sub Menu Validated
2024-10-29 10:16:23,440 INFO  Header_Services_Submenu - URL Entered
2024-10-29 10:16:23,595 INFO  Header_Services_Submenu - Mousehover to the Service Menu
2024-10-29 10:16:23,622 INFO  Header_Services_Submenu - Submenu clicked
2024-10-29 10:16:23,622 INFO  Header_Services_Submenu - Web Design and Development Sub Menu Not Clickable
2024-10-29 10:16:24,497 INFO  Header_Services_Submenu - URL Entered
2024-10-29 10:16:24,635 INFO  Header_Services_Submenu - Mousehover to the Service Menu
2024-10-29 10:16:24,664 INFO  Header_Services_Submenu - Submenu clicked
2024-10-29 10:16:25,226 INFO  Header_Services_Submenu - Business Consulting Services Sub Menu Validated
2024-10-29 10:16:25,435 INFO  Header_Services_Submenu - URL Entered
2024-10-29 10:16:25,569 INFO  Header_Services_Submenu - Mousehover to the Service Menu
2024-10-29 10:16:25,590 INFO  Header_Services_Submenu - Submenu clicked
2024-10-29 10:16:26,099 INFO  Header_Services_Submenu - AI Services Sub Menu Validated
2024-10-29 10:16:26,403 INFO  Header_Services_Submenu - URL Entered
2024-10-29 10:16:26,580 INFO  Header_Services_Submenu - Mousehover to the Service Menu
2024-10-29 10:16:26,621 INFO  Header_Services_Submenu - Submenu clicked
2024-10-29 10:16:27,136 INFO  Header_Services_Submenu - Wallet Integration Service Sub Menu Validated
2024-10-29 10:16:27,389 INFO  Header_Services_Submenu - URL Entered
2024-10-29 10:16:27,541 INFO  Header_Services_Submenu - Mousehover to the Service Menu
2024-10-29 10:16:27,572 INFO  Header_Services_Submenu - Submenu clicked
2024-10-29 10:16:28,127 INFO  Header_Services_Submenu - Blockchain Development Sub Menu Validated
2024-10-29 10:16:28,433 INFO  Header_Services_Submenu - URL Entered
2024-10-29 10:16:28,582 INFO  Header_Services_Submenu - Mousehover to the Service Menu
2024-10-29 10:16:28,602 INFO  Header_Services_Submenu - Submenu clicked
2024-10-29 10:16:29,213 INFO  Header_Services_Submenu - Managed Services Sub Menu Validated
