2024-10-29 10:22:09,368 INFO  Services_DigitalMarketingMenu - Submenu clicked
2024-10-29 10:22:10,898 INFO  Services_DigitalMarketingMenu - SaaS Marketing Sub Menu Validated
2024-10-29 10:22:11,106 INFO  Services_DigitalMarketingMenu - URL Entered
2024-10-29 10:22:11,254 INFO  Services_DigitalMarketingMenu - Mousehover to the Service Menu
2024-10-29 10:22:11,267 INFO  Services_DigitalMarketingMenu - Mousehover to the Digital Marketing Submenu
2024-10-29 10:22:11,285 INFO  Services_DigitalMarketingMenu - Submenu clicked
2024-10-29 10:22:12,793 INFO  Services_DigitalMarketingMenu - ICO Marketing Sub Menu Validated
2024-10-29 10:22:13,033 INFO  Services_DigitalMarketingMenu - URL Entered
2024-10-29 10:22:13,190 INFO  Services_DigitalMarketingMenu - Mousehover to the Service Menu
2024-10-29 10:22:13,197 INFO  Services_DigitalMarketingMenu - Mousehover to the Digital Marketing Submenu
2024-10-29 10:22:13,220 INFO  Services_DigitalMarketingMenu - Submenu clicked
2024-10-29 10:22:14,737 INFO  Services_DigitalMarketingMenu - Influencer Marketing Services Sub Menu Validated
2024-10-29 10:22:14,961 INFO  Services_DigitalMarketingMenu - URL Entered
2024-10-29 10:22:15,107 INFO  Services_DigitalMarketingMenu - Mousehover to the Service Menu
2024-10-29 10:22:15,140 INFO  Services_DigitalMarketingMenu - Mousehover to the Digital Marketing Submenu
2024-10-29 10:22:15,163 INFO  Services_DigitalMarketingMenu - Submenu clicked
2024-10-29 10:22:16,671 INFO  Services_DigitalMarketingMenu - Search Engine Optimization Sub Menu Validated
2024-10-29 10:22:16,868 INFO  Services_DigitalMarketingMenu - URL Entered
2024-10-29 10:22:17,006 INFO  Services_DigitalMarketingMenu - Mousehover to the Service Menu
2024-10-29 10:22:17,020 INFO  Services_DigitalMarketingMenu - Mousehover to the Digital Marketing Submenu
2024-10-29 10:22:17,041 INFO  Services_DigitalMarketingMenu - Submenu clicked
2024-10-29 10:22:18,557 INFO  Services_DigitalMarketingMenu - PPC Management & Strategy Sub Menu Validated
2024-10-29 10:22:18,804 INFO  Services_DigitalMarketingMenu - URL Entered
2024-10-29 10:22:18,965 INFO  Services_DigitalMarketingMenu - Mousehover to the Service Menu
2024-10-29 10:22:18,977 INFO  Services_DigitalMarketingMenu - Mousehover to the Digital Marketing Submenu
2024-10-29 10:22:18,995 INFO  Services_DigitalMarketingMenu - Submenu clicked
2024-10-29 10:22:20,506 INFO  Services_DigitalMarketingMenu - Social Media Management & Strategy Sub Menu Validated
2024-10-29 10:22:20,747 INFO  Services_DigitalMarketingMenu - URL Entered
2024-10-29 10:22:20,891 INFO  Services_DigitalMarketingMenu - Mousehover to the Service Menu
2024-10-29 10:22:20,902 INFO  Services_DigitalMarketingMenu - Mousehover to the Digital Marketing Submenu
2024-10-29 10:22:20,919 INFO  Services_DigitalMarketingMenu - Submenu clicked
2024-10-29 10:22:22,438 INFO  Services_DigitalMarketingMenu - Conversion Rate Optimization Services Sub Menu Validated
2024-10-29 10:22:22,653 INFO  Services_DigitalMarketingMenu - URL Entered
2024-10-29 10:22:22,805 INFO  Services_DigitalMarketingMenu - Mousehover to the Service Menu
2024-10-29 10:22:22,822 INFO  Services_DigitalMarketingMenu - Mousehover to the Digital Marketing Submenu
2024-10-29 10:22:22,873 INFO  Services_DigitalMarketingMenu - Submenu clicked
2024-10-29 10:22:24,382 INFO  Services_DigitalMarketingMenu - Multilingual SEO Sub Menu Validated
2024-10-29 10:22:24,606 INFO  Services_DigitalMarketingMenu - URL Entered
2024-10-29 10:22:24,746 INFO  Services_DigitalMarketingMenu - Mousehover to the Service Menu
2024-10-29 10:22:24,765 INFO  Services_DigitalMarketingMenu - Mousehover to the Digital Marketing Submenu
2024-10-29 10:22:24,790 INFO  Services_DigitalMarketingMenu - Submenu clicked
2024-10-29 10:22:26,303 INFO  Services_DigitalMarketingMenu - Google Search Optimization Sub Menu Validated
2024-10-29 10:22:26,554 INFO  Services_DigitalMarketingMenu - URL Entered
2024-10-29 10:22:26,686 INFO  Services_DigitalMarketingMenu - Mousehover to the Service Menu
2024-10-29 10:22:26,703 INFO  Services_DigitalMarketingMenu - Mousehover to the Digital Marketing Submenu
2024-10-29 10:22:26,725 INFO  Services_DigitalMarketingMenu - Submenu clicked
2024-10-29 10:22:28,874 INFO  Services_DigitalMarketingMenu - URL Entered
2024-10-29 10:22:29,034 INFO  Services_DigitalMarketingMenu - Mousehover to the Service Menu
2024-10-29 10:22:29,069 INFO  Services_DigitalMarketingMenu - Mousehover to the Digital Marketing Submenu
2024-10-29 10:22:29,095 INFO  Services_DigitalMarketingMenu - Submenu clicked
2024-10-29 10:22:31,122 INFO  Services_DigitalMarketingMenu - URL Entered
2024-10-29 10:22:31,296 INFO  Services_DigitalMarketingMenu - Mousehover to the Service Menu
2024-10-29 10:22:31,338 INFO  Services_DigitalMarketingMenu - Mousehover to the Digital Marketing Submenu
2024-10-29 10:22:31,359 INFO  Services_DigitalMarketingMenu - Submenu clicked
2024-10-29 10:22:32,877 INFO  Services_DigitalMarketingMenu - DV360 Traffic Management Services Sub Menu Validated
2024-10-29 10:22:33,122 INFO  Services_DigitalMarketingMenu - URL Entered
2024-10-29 10:22:33,253 INFO  Services_DigitalMarketingMenu - Mousehover to the Service Menu
2024-10-29 10:22:33,295 INFO  Services_DigitalMarketingMenu - Mousehover to the Digital Marketing Submenu
2024-10-29 10:22:33,326 INFO  Services_DigitalMarketingMenu - Submenu clicked
2024-10-29 10:22:34,831 INFO  Services_DigitalMarketingMenu - Account Based Marketing Services Sub Menu Validated
