2025-05-07 10:15:28,878 INFO  Home_Page_Footer_Menu - Mobile Games Marketing Menu clicked
2025-05-07 10:15:28,898 INFO  Home_Page_Footer_Menu - Mobile Games Marketing Menu Validated
2025-05-07 10:15:29,247 INFO  Home_Page_Footer_Menu - URL Entered
2025-05-07 10:15:30,750 INFO  Home_Page_Footer_Menu - App Store Optimization Services Menu clicked
2025-05-07 10:15:30,813 INFO  Home_Page_Footer_Menu - App Store Optimization Services Menu Validated
2025-05-07 10:15:31,149 INFO  Home_Page_Footer_Menu - URL Entered
2025-05-07 10:15:32,006 INFO  Home_Page_Footer_Menu - IoT Development Services Menu clicked
2025-05-07 10:15:32,020 INFO  Home_Page_Footer_Menu - IoT Development Services Menu Validated
2025-05-07 10:15:32,364 INFO  Home_Page_Footer_Menu - URL Entered
2025-05-07 10:15:33,508 INFO  Home_Page_Footer_Menu - AI Services Menu clicked
2025-05-07 10:15:33,538 INFO  Home_Page_Footer_Menu - AI Services Menu Validated
2025-05-07 10:15:33,960 INFO  Home_Page_Footer_Menu - URL Entered
2025-05-07 10:15:35,785 INFO  Home_Page_Footer_Menu - GIS Services Menu clicked
2025-05-07 10:15:35,819 INFO  Home_Page_Footer_Menu - GIS Services Menu Validated
2025-05-07 10:15:37,132 INFO  Home_Page_Footer_Menu - URL Entered
2025-05-07 10:15:37,947 INFO  Home_Page_Footer_Menu - Web App Development Menu clicked
2025-05-07 10:15:37,963 INFO  Home_Page_Footer_Menu - Web App Development Menu Validated
2025-05-07 10:15:38,355 INFO  Home_Page_Footer_Menu - URL Entered
2025-05-07 10:15:39,180 INFO  Home_Page_Footer_Menu - Wallet Integration Menu clicked
2025-05-07 10:15:39,219 INFO  Home_Page_Footer_Menu - Wallet Integration Menu Validated
2025-05-07 10:15:39,671 INFO  Home_Page_Footer_Menu - URL Entered
2025-05-07 10:15:40,542 INFO  Home_Page_Footer_Menu - Conversion Rate Optimization Services Menu clicked
2025-05-07 10:15:40,558 INFO  Home_Page_Footer_Menu - Conversion Rate Optimization Services Menu Validated
2025-05-07 10:15:40,914 INFO  Home_Page_Footer_Menu - URL Entered
2025-05-07 10:15:41,903 INFO  Home_Page_Footer_Menu - Performance Marketing Services Menu clicked
2025-05-07 10:15:42,052 INFO  Home_Page_Footer_Menu -  Performance Marketing Services Menu Validated
2025-05-07 10:15:42,503 INFO  Home_Page_Footer_Menu - URL Entered
2025-05-07 10:15:42,702 INFO  Home_Page_Footer_Menu - School Management Software Menu clicked
2025-05-07 10:15:44,823 INFO  Home_Page_Footer_Menu - School Management Software Menu Validated
2025-05-07 10:15:45,373 INFO  Home_Page_Footer_Menu - URL Entered
2025-05-07 10:15:45,576 INFO  Home_Page_Footer_Menu - Intelligent Business Process Automation Software Menu clicked
2025-05-07 10:15:46,859 INFO  Home_Page_Footer_Menu - Intelligent Business Process Automation Software Menu Validated
