2025-05-07 10:18:57,550 INFO  Services_WebDesignAndDevelopment_CMS_Submenu - Drupal Development Submenu clicked
2025-05-07 10:18:57,573 INFO  Services_WebDesignAndDevelopment_CMS_Submenu - Drupal Development Sub Menu Validated
2025-05-07 10:18:57,873 INFO  Services_WebDesignAndDevelopment_CMS_Submenu - URL Entered
2025-05-07 10:18:58,489 INFO  Services_WebDesignAndDevelopment_CMS_Submenu - Mousehover to the Service Menu
2025-05-07 10:18:58,753 INFO  Services_WebDesignAndDevelopment_CMS_Submenu - MouseOver to Web Design & Development Submenu
2025-05-07 10:18:58,897 INFO  Services_WebDesignAndDevelopment_CMS_Submenu - MouseOver to Content Management System Submenu
2025-05-07 10:18:59,838 INFO  Services_WebDesignAndDevelopment_CMS_Submenu - Joomla! Development Submenu clicked
2025-05-07 10:18:59,849 INFO  Services_WebDesignAndDevelopment_CMS_Submenu - Joomla! Development Sub Menu Validated
2025-05-07 10:19:00,148 INFO  Services_WebDesignAndDevelopment_CMS_Submenu - URL Entered
2025-05-07 10:19:00,464 INFO  Services_WebDesignAndDevelopment_CMS_Submenu - Mousehover to the Service Menu
2025-05-07 10:19:00,867 INFO  Services_WebDesignAndDevelopment_CMS_Submenu - MouseOver to Web Design & Development Submenu
2025-05-07 10:19:01,135 INFO  Services_WebDesignAndDevelopment_CMS_Submenu - MouseOver to Content Management System Submenu
2025-05-07 10:19:01,820 INFO  Services_WebDesignAndDevelopment_CMS_Submenu - Magento Development Submenu clicked
2025-05-07 10:19:01,844 INFO  Services_WebDesignAndDevelopment_CMS_Submenu - Magento Development Sub Menu Validated
2025-05-07 10:19:02,120 INFO  Services_WebDesignAndDevelopment_CMS_Submenu - URL Entered
2025-05-07 10:19:02,702 INFO  Services_WebDesignAndDevelopment_CMS_Submenu - Mousehover to the Service Menu
2025-05-07 10:19:02,875 INFO  Services_WebDesignAndDevelopment_CMS_Submenu - MouseOver to Web Design & Development Submenu
2025-05-07 10:19:03,043 INFO  Services_WebDesignAndDevelopment_CMS_Submenu - MouseOver to Content Management System Submenu
2025-05-07 10:19:04,271 INFO  Services_WebDesignAndDevelopment_CMS_Submenu - Woocommerce Submenu clicked
2025-05-07 10:19:04,284 INFO  Services_WebDesignAndDevelopment_CMS_Submenu - Woocommerce Sub Menu Validated
2025-05-07 10:19:04,562 INFO  Services_WebDesignAndDevelopment_CMS_Submenu - URL Entered
2025-05-07 10:19:05,129 INFO  Services_WebDesignAndDevelopment_CMS_Submenu - Mousehover to the Service Menu
2025-05-07 10:19:05,316 INFO  Services_WebDesignAndDevelopment_CMS_Submenu - MouseOver to Web Design & Development Submenu
2025-05-07 10:19:05,608 INFO  Services_WebDesignAndDevelopment_CMS_Submenu - MouseOver to Content Management System Submenu
2025-05-07 10:19:06,196 INFO  Services_WebDesignAndDevelopment_CMS_Submenu - WordPress Development Submenu clicked
2025-05-07 10:19:06,214 INFO  Services_WebDesignAndDevelopment_CMS_Submenu - WordPress Development Sub Menu Validated
