2025-05-07 10:16:57,202 INFO  Services_DigitalMarketingMenu - Submenu clicked
2025-05-07 10:16:57,220 INFO  Services_DigitalMarketingMenu - Google Search Optimization Sub Menu Validated
2025-05-07 10:16:57,611 INFO  Services_DigitalMarketingMenu - URL Entered
2025-05-07 10:16:58,178 INFO  Services_DigitalMarketingMenu - Mousehover to the Service Menu
2025-05-07 10:16:58,237 INFO  Services_DigitalMarketingMenu - Mousehover to the Digital Marketing Submenu
2025-05-07 10:16:58,852 INFO  Services_DigitalMarketingMenu - Submenu clicked
2025-05-07 10:16:58,895 INFO  Services_DigitalMarketingMenu - Google Grants Sub Menu Validated
2025-05-07 10:16:59,208 INFO  Services_DigitalMarketingMenu - URL Entered
2025-05-07 10:16:59,758 INFO  Services_DigitalMarketingMenu - Mousehover to the Service Menu
2025-05-07 10:16:59,860 INFO  Services_DigitalMarketingMenu - Mousehover to the Digital Marketing Submenu
2025-05-07 10:17:00,484 INFO  Services_DigitalMarketingMenu - Submenu clicked
2025-05-07 10:17:00,530 INFO  Services_DigitalMarketingMenu - Inbound marketing services Sub Menu Validated
2025-05-07 10:17:01,053 INFO  Services_DigitalMarketingMenu - URL Entered
2025-05-07 10:17:01,628 INFO  Services_DigitalMarketingMenu - Mousehover to the Service Menu
2025-05-07 10:17:01,681 INFO  Services_DigitalMarketingMenu - Mousehover to the Digital Marketing Submenu
2025-05-07 10:17:02,327 INFO  Services_DigitalMarketingMenu - Submenu clicked
2025-05-07 10:17:02,364 INFO  Services_DigitalMarketingMenu - DV360 Traffic Management Services Sub Menu Validated
2025-05-07 10:17:02,752 INFO  Services_DigitalMarketingMenu - URL Entered
2025-05-07 10:17:03,333 INFO  Services_DigitalMarketingMenu - Mousehover to the Service Menu
2025-05-07 10:17:03,392 INFO  Services_DigitalMarketingMenu - Mousehover to the Digital Marketing Submenu
2025-05-07 10:17:04,018 INFO  Services_DigitalMarketingMenu - Submenu clicked
2025-05-07 10:17:04,044 INFO  Services_DigitalMarketingMenu - Account Based Marketing Services Sub Menu Validated
