2025-05-07 10:12:53,799 INFO  Header_Services_Submenu - Submenu clicked
2025-05-07 10:12:53,817 INFO  Header_Services_Submenu - Digital Marketing Sub Menu Validated
2025-05-07 10:12:54,139 INFO  Header_Services_Submenu - URL Entered
2025-05-07 10:12:54,760 INFO  Header_Services_Submenu - Mousehover to the Service Menu
2025-05-07 10:12:55,702 INFO  Header_Services_Submenu - Submenu clicked
2025-05-07 10:12:55,720 INFO  Header_Services_Submenu - Mobile App Marketing Agency Sub Menu Validated
2025-05-07 10:12:56,233 INFO  Header_Services_Submenu - URL Entered
2025-05-07 10:12:56,415 INFO  Header_Services_Submenu - Mousehover to the Service Menu
2025-05-07 10:12:57,682 INFO  Header_Services_Submenu - Submenu clicked
2025-05-07 10:12:57,795 INFO  Header_Services_Submenu - Hire Our Didicated Developers Sub Menu Validated
2025-05-07 10:12:58,122 INFO  Header_Services_Submenu - URL Entered
2025-05-07 10:12:58,726 INFO  Header_Services_Submenu - Mousehover to the Service Menu
2025-05-07 10:12:58,841 INFO  Header_Services_Submenu - Submenu clicked
2025-05-07 10:12:58,841 INFO  Header_Services_Submenu - Web Design and Development Sub Menu Not Clickable
2025-05-07 10:12:59,449 INFO  Header_Services_Submenu - URL Entered
2025-05-07 10:12:59,735 INFO  Header_Services_Submenu - Mousehover to the Service Menu
2025-05-07 10:13:00,656 INFO  Header_Services_Submenu - Submenu clicked
2025-05-07 10:13:00,706 INFO  Header_Services_Submenu - Business Consulting Services Sub Menu Validated
2025-05-07 10:13:01,197 INFO  Header_Services_Submenu - URL Entered
2025-05-07 10:13:01,863 INFO  Header_Services_Submenu - Mousehover to the Service Menu
2025-05-07 10:13:02,805 INFO  Header_Services_Submenu - Submenu clicked
2025-05-07 10:13:02,873 INFO  Header_Services_Submenu - AI Services Sub Menu Validated
2025-05-07 10:13:03,334 INFO  Header_Services_Submenu - URL Entered
2025-05-07 10:13:03,575 INFO  Header_Services_Submenu - Mousehover to the Service Menu
2025-05-07 10:13:05,361 INFO  Header_Services_Submenu - Submenu clicked
2025-05-07 10:13:05,389 INFO  Header_Services_Submenu - GIS Services Sub Menu Validated
