2025-05-07 10:16:42,163 INFO  Services_DigitalMarketingMenu - Submenu clicked
2025-05-07 10:16:42,177 INFO  Services_DigitalMarketingMenu - ICO Marketing Sub Menu Validated
2025-05-07 10:16:42,550 INFO  Services_DigitalMarketingMenu - URL Entered
2025-05-07 10:16:43,147 INFO  Services_DigitalMarketingMenu - Mousehover to the Service Menu
2025-05-07 10:16:43,220 INFO  Services_DigitalMarketingMenu - Mousehover to the Digital Marketing Submenu
2025-05-07 10:16:44,411 INFO  Services_DigitalMarketingMenu - Submenu clicked
2025-05-07 10:16:44,432 INFO  Services_DigitalMarketingMenu - Influencer Marketing Services Sub Menu Validated
2025-05-07 10:16:44,754 INFO  Services_DigitalMarketingMenu - URL Entered
2025-05-07 10:16:45,345 INFO  Services_DigitalMarketingMenu - Mousehover to the Service Menu
2025-05-07 10:16:45,393 INFO  Services_DigitalMarketingMenu - Mousehover to the Digital Marketing Submenu
2025-05-07 10:16:46,901 INFO  Services_DigitalMarketingMenu - Submenu clicked
2025-05-07 10:16:46,979 INFO  Services_DigitalMarketingMenu - Search Engine Optimization Sub Menu Validated
2025-05-07 10:16:47,446 INFO  Services_DigitalMarketingMenu - URL Entered
2025-05-07 10:16:48,052 INFO  Services_DigitalMarketingMenu - Mousehover to the Service Menu
2025-05-07 10:16:48,077 INFO  Services_DigitalMarketingMenu - Mousehover to the Digital Marketing Submenu
2025-05-07 10:16:49,298 INFO  Services_DigitalMarketingMenu - Submenu clicked
2025-05-07 10:16:49,317 INFO  Services_DigitalMarketingMenu - PPC Management & Strategy Sub Menu Validated
2025-05-07 10:16:49,708 INFO  Services_DigitalMarketingMenu - URL Entered
2025-05-07 10:16:50,291 INFO  Services_DigitalMarketingMenu - Mousehover to the Service Menu
2025-05-07 10:16:50,343 INFO  Services_DigitalMarketingMenu - Mousehover to the Digital Marketing Submenu
2025-05-07 10:16:51,029 INFO  Services_DigitalMarketingMenu - Submenu clicked
2025-05-07 10:16:51,084 INFO  Services_DigitalMarketingMenu - Social Media Management & Strategy Sub Menu Validated
2025-05-07 10:16:51,431 INFO  Services_DigitalMarketingMenu - URL Entered
2025-05-07 10:16:52,014 INFO  Services_DigitalMarketingMenu - Mousehover to the Service Menu
2025-05-07 10:16:52,071 INFO  Services_DigitalMarketingMenu - Mousehover to the Digital Marketing Submenu
2025-05-07 10:16:53,252 INFO  Services_DigitalMarketingMenu - Submenu clicked
2025-05-07 10:16:53,288 INFO  Services_DigitalMarketingMenu - Conversion Rate Optimization Services Sub Menu Validated
2025-05-07 10:16:53,677 INFO  Services_DigitalMarketingMenu - URL Entered
2025-05-07 10:16:53,935 INFO  Services_DigitalMarketingMenu - Mousehover to the Service Menu
2025-05-07 10:16:54,320 INFO  Services_DigitalMarketingMenu - Mousehover to the Digital Marketing Submenu
2025-05-07 10:16:54,903 INFO  Services_DigitalMarketingMenu - Submenu clicked
2025-05-07 10:16:54,935 INFO  Services_DigitalMarketingMenu - Multilingual SEO Sub Menu Validated
2025-05-07 10:16:55,329 INFO  Services_DigitalMarketingMenu - URL Entered
2025-05-07 10:16:55,934 INFO  Services_DigitalMarketingMenu - Mousehover to the Service Menu
2025-05-07 10:16:55,985 INFO  Services_DigitalMarketingMenu - Mousehover to the Digital Marketing Submenu
2025-05-07 10:16:57,202 INFO  Services_DigitalMarketingMenu - Submenu clicked
2025-05-07 10:16:57,220 INFO  Services_DigitalMarketingMenu - Google Search Optimization Sub Menu Validated
2025-05-07 10:16:57,611 INFO  Services_DigitalMarketingMenu - URL Entered
2025-05-07 10:16:58,178 INFO  Services_DigitalMarketingMenu - Mousehover to the Service Menu
2025-05-07 10:16:58,237 INFO  Services_DigitalMarketingMenu - Mousehover to the Digital Marketing Submenu
2025-05-07 10:16:58,852 INFO  Services_DigitalMarketingMenu - Submenu clicked
2025-05-07 10:16:58,895 INFO  Services_DigitalMarketingMenu - Google Grants Sub Menu Validated
2025-05-07 10:16:59,208 INFO  Services_DigitalMarketingMenu - URL Entered
2025-05-07 10:16:59,758 INFO  Services_DigitalMarketingMenu - Mousehover to the Service Menu
2025-05-07 10:16:59,860 INFO  Services_DigitalMarketingMenu - Mousehover to the Digital Marketing Submenu
2025-05-07 10:17:00,484 INFO  Services_DigitalMarketingMenu - Submenu clicked
2025-05-07 10:17:00,530 INFO  Services_DigitalMarketingMenu - Inbound marketing services Sub Menu Validated
2025-05-07 10:17:01,053 INFO  Services_DigitalMarketingMenu - URL Entered
2025-05-07 10:17:01,628 INFO  Services_DigitalMarketingMenu - Mousehover to the Service Menu
2025-05-07 10:17:01,681 INFO  Services_DigitalMarketingMenu - Mousehover to the Digital Marketing Submenu
2025-05-07 10:17:02,327 INFO  Services_DigitalMarketingMenu - Submenu clicked
2025-05-07 10:17:02,364 INFO  Services_DigitalMarketingMenu - DV360 Traffic Management Services Sub Menu Validated
2025-05-07 10:17:02,752 INFO  Services_DigitalMarketingMenu - URL Entered
2025-05-07 10:17:03,333 INFO  Services_DigitalMarketingMenu - Mousehover to the Service Menu
2025-05-07 10:17:03,392 INFO  Services_DigitalMarketingMenu - Mousehover to the Digital Marketing Submenu
2025-05-07 10:17:04,018 INFO  Services_DigitalMarketingMenu - Submenu clicked
2025-05-07 10:17:04,044 INFO  Services_DigitalMarketingMenu - Account Based Marketing Services Sub Menu Validated
