2025-05-07 10:15:12,086 INFO  Home_Page_Footer_Menu - Become our Representatives menu clicked
2025-05-07 10:15:12,121 INFO  Home_Page_Footer_Menu - Footer Become Our Representative Menu Validated
2025-05-07 10:15:12,399 INFO  Home_Page_Footer_Menu - URL Entered
2025-05-07 10:15:13,244 INFO  Home_Page_Footer_Menu - Privacy policy menu clicked
2025-05-07 10:15:13,257 INFO  Home_Page_Footer_Menu - Footer Privacy Policy Menu Validated
2025-05-07 10:15:13,546 INFO  Home_Page_Footer_Menu - URL Entered
2025-05-07 10:15:14,250 INFO  Home_Page_Footer_Menu - site map menu clicked
2025-05-07 10:15:14,275 INFO  Home_Page_Footer_Menu - Footer Subscribe button Validated
2025-05-07 10:15:14,563 INFO  Home_Page_Footer_Menu - URL Entered
2025-05-07 10:15:14,776 INFO  Home_Page_Footer_Menu - Mousehover to the Service Menu
2025-05-07 10:15:19,090 INFO  Home_Page_Footer_Menu - Subscibe button clicked
2025-05-07 10:15:21,150 INFO  Home_Page_Footer_Menu - Footer Subscibe button Validated
2025-05-07 10:15:21,497 INFO  Home_Page_Footer_Menu - URL Entered
2025-05-07 10:15:25,566 INFO  Home_Page_Footer_Menu - iOS App Development Menu clicked
2025-05-07 10:15:25,601 INFO  Home_Page_Footer_Menu - iOS App Development Menu Validated
2025-05-07 10:15:25,917 INFO  Home_Page_Footer_Menu - URL Entered
2025-05-07 10:15:26,860 INFO  Home_Page_Footer_Menu - Android App Development Menu clicked
2025-05-07 10:15:26,866 INFO  Home_Page_Footer_Menu - Android App Development Menu Validated
2025-05-07 10:15:27,206 INFO  Home_Page_Footer_Menu - URL Entered
2025-05-07 10:15:28,878 INFO  Home_Page_Footer_Menu - Mobile Games Marketing Menu clicked
2025-05-07 10:15:28,898 INFO  Home_Page_Footer_Menu - Mobile Games Marketing Menu Validated
2025-05-07 10:15:29,247 INFO  Home_Page_Footer_Menu - URL Entered
2025-05-07 10:15:30,750 INFO  Home_Page_Footer_Menu - App Store Optimization Services Menu clicked
2025-05-07 10:15:30,813 INFO  Home_Page_Footer_Menu - App Store Optimization Services Menu Validated
2025-05-07 10:15:31,149 INFO  Home_Page_Footer_Menu - URL Entered
2025-05-07 10:15:32,006 INFO  Home_Page_Footer_Menu - IoT Development Services Menu clicked
2025-05-07 10:15:32,020 INFO  Home_Page_Footer_Menu - IoT Development Services Menu Validated
2025-05-07 10:15:32,364 INFO  Home_Page_Footer_Menu - URL Entered
2025-05-07 10:15:33,508 INFO  Home_Page_Footer_Menu - AI Services Menu clicked
2025-05-07 10:15:33,538 INFO  Home_Page_Footer_Menu - AI Services Menu Validated
2025-05-07 10:15:33,960 INFO  Home_Page_Footer_Menu - URL Entered
2025-05-07 10:15:35,785 INFO  Home_Page_Footer_Menu - GIS Services Menu clicked
2025-05-07 10:15:35,819 INFO  Home_Page_Footer_Menu - GIS Services Menu Validated
2025-05-07 10:15:37,132 INFO  Home_Page_Footer_Menu - URL Entered
2025-05-07 10:15:37,947 INFO  Home_Page_Footer_Menu - Web App Development Menu clicked
2025-05-07 10:15:37,963 INFO  Home_Page_Footer_Menu - Web App Development Menu Validated
2025-05-07 10:15:38,355 INFO  Home_Page_Footer_Menu - URL Entered
2025-05-07 10:15:39,180 INFO  Home_Page_Footer_Menu - Wallet Integration Menu clicked
2025-05-07 10:15:39,219 INFO  Home_Page_Footer_Menu - Wallet Integration Menu Validated
2025-05-07 10:15:39,671 INFO  Home_Page_Footer_Menu - URL Entered
2025-05-07 10:15:40,542 INFO  Home_Page_Footer_Menu - Conversion Rate Optimization Services Menu clicked
2025-05-07 10:15:40,558 INFO  Home_Page_Footer_Menu - Conversion Rate Optimization Services Menu Validated
2025-05-07 10:15:40,914 INFO  Home_Page_Footer_Menu - URL Entered
2025-05-07 10:15:41,903 INFO  Home_Page_Footer_Menu - Performance Marketing Services Menu clicked
2025-05-07 10:15:42,052 INFO  Home_Page_Footer_Menu -  Performance Marketing Services Menu Validated
2025-05-07 10:15:42,503 INFO  Home_Page_Footer_Menu - URL Entered
2025-05-07 10:15:42,702 INFO  Home_Page_Footer_Menu - School Management Software Menu clicked
2025-05-07 10:15:44,823 INFO  Home_Page_Footer_Menu - School Management Software Menu Validated
2025-05-07 10:15:45,373 INFO  Home_Page_Footer_Menu - URL Entered
2025-05-07 10:15:45,576 INFO  Home_Page_Footer_Menu - Intelligent Business Process Automation Software Menu clicked
2025-05-07 10:15:46,859 INFO  Home_Page_Footer_Menu - Intelligent Business Process Automation Software Menu Validated
