2025-05-07 10:18:29,048 INFO  Services_HireOurDedicatedDevelopers - Submenu clicked
2025-05-07 10:18:29,068 INFO  Services_HireOurDedicatedDevelopers - Hire Our Android Developer Sub Menu Validated
2025-05-07 10:18:29,409 INFO  Services_HireOurDedicatedDevelopers - URL Entered
2025-05-07 10:18:29,649 INFO  Services_HireOurDedicatedDevelopers - Mousehover to the Service Menu
2025-05-07 10:18:30,551 INFO  Services_HireOurDedicatedDevelopers -  MouseOver to Hire Our Dedicated Developers Submenu
2025-05-07 10:18:31,339 INFO  Services_HireOurDedicatedDevelopers - Submenu clicked
2025-05-07 10:18:31,354 INFO  Services_HireOurDedicatedDevelopers - Hire Our iOS Developers Sub Menu Validated
2025-05-07 10:18:31,647 INFO  Services_HireOurDedicatedDevelopers - URL Entered
2025-05-07 10:18:31,957 INFO  Services_HireOurDedicatedDevelopers - Mousehover to the Service Menu
2025-05-07 10:18:32,436 INFO  Services_HireOurDedicatedDevelopers -  MouseOver to Hire Our Dedicated Developers Submenu
2025-05-07 10:18:33,225 INFO  Services_HireOurDedicatedDevelopers - Submenu clicked
2025-05-07 10:18:33,239 INFO  Services_HireOurDedicatedDevelopers - Hire Our WordPress Developers Sub Menu Validated
2025-05-07 10:18:33,530 INFO  Services_HireOurDedicatedDevelopers - URL Entered
2025-05-07 10:18:34,107 INFO  Services_HireOurDedicatedDevelopers - Mousehover to the Service Menu
2025-05-07 10:18:34,282 INFO  Services_HireOurDedicatedDevelopers -  MouseOver to Hire Our Dedicated Developers Submenu
2025-05-07 10:18:35,785 INFO  Services_HireOurDedicatedDevelopers - Submenu clicked
2025-05-07 10:18:35,807 INFO  Services_HireOurDedicatedDevelopers - Hire Our PHP Developers Sub Menu Validated
2025-05-07 10:18:36,118 INFO  Services_HireOurDedicatedDevelopers - URL Entered
2025-05-07 10:18:36,357 INFO  Services_HireOurDedicatedDevelopers - Mousehover to the Service Menu
2025-05-07 10:18:37,247 INFO  Services_HireOurDedicatedDevelopers -  MouseOver to Hire Our Dedicated Developers Submenu
2025-05-07 10:18:37,814 INFO  Services_HireOurDedicatedDevelopers - Submenu clicked
2025-05-07 10:18:37,841 INFO  Services_HireOurDedicatedDevelopers - Hire Our .NET Developers Sub Menu Validated
