2025-05-07 10:17:17,607 INFO  Services_MobileAppMarketingAgency_Menu - Submenu clicked
2025-05-07 10:17:19,124 INFO  Services_MobileAppMarketingAgency_Menu - Localization Sub Menu Validated
2025-05-07 10:17:19,469 INFO  Services_MobileAppMarketingAgency_Menu - URL Entered
2025-05-07 10:17:19,682 INFO  Services_MobileAppMarketingAgency_Menu - Mousehover to the Service Menu
2025-05-07 10:17:20,251 INFO  Services_MobileAppMarketingAgency_Menu - Mousehover to the Mobile App Marketing Agency Submenu
2025-05-07 10:17:23,382 INFO  Services_MobileAppMarketingAgency_Menu - Submenu clicked
2025-05-07 10:17:24,900 INFO  Services_MobileAppMarketingAgency_Menu - User Engagement Sub Menu Validated
2025-05-07 10:17:25,264 INFO  Services_MobileAppMarketingAgency_Menu - URL Entered
2025-05-07 10:17:25,863 INFO  Services_MobileAppMarketingAgency_Menu - Mousehover to the Service Menu
2025-05-07 10:17:26,018 INFO  Services_MobileAppMarketingAgency_Menu - Mousehover to the Mobile App Marketing Agency Submenu
2025-05-07 10:17:28,634 INFO  Services_MobileAppMarketingAgency_Menu - Submenu clicked
2025-05-07 10:17:30,154 INFO  Services_MobileAppMarketingAgency_Menu - Android Apps Marketing Sub Menu Validated
2025-05-07 10:17:30,472 INFO  Services_MobileAppMarketingAgency_Menu - URL Entered
2025-05-07 10:17:31,050 INFO  Services_MobileAppMarketingAgency_Menu - Mousehover to the Service Menu
2025-05-07 10:17:31,237 INFO  Services_MobileAppMarketingAgency_Menu - Mousehover to the Mobile App Marketing Agency Submenu
2025-05-07 10:17:34,453 INFO  Services_MobileAppMarketingAgency_Menu - Submenu clicked
2025-05-07 10:17:35,976 INFO  Services_MobileAppMarketingAgency_Menu - iPhone Apps Marketing Sub Menu Validated
2025-05-07 10:17:36,333 INFO  Services_MobileAppMarketingAgency_Menu - URL Entered
2025-05-07 10:17:36,931 INFO  Services_MobileAppMarketingAgency_Menu - Mousehover to the Service Menu
2025-05-07 10:17:37,244 INFO  Services_MobileAppMarketingAgency_Menu - Mousehover to the Mobile App Marketing Agency Submenu
2025-05-07 10:17:43,068 INFO  Services_MobileAppMarketingAgency_Menu - Submenu clicked
2025-05-07 10:17:44,587 INFO  Services_MobileAppMarketingAgency_Menu - Free Consulations Service Sub Menu Validated
2025-05-07 10:17:44,999 INFO  Services_MobileAppMarketingAgency_Menu - URL Entered
2025-05-07 10:17:45,618 INFO  Services_MobileAppMarketingAgency_Menu - Mousehover to the Service Menu
2025-05-07 10:17:45,804 INFO  Services_MobileAppMarketingAgency_Menu - Mousehover to the Mobile App Marketing Agency Submenu
2025-05-07 10:17:51,629 INFO  Services_MobileAppMarketingAgency_Menu - Submenu clicked
2025-05-07 10:17:53,154 INFO  Services_MobileAppMarketingAgency_Menu - Mobile App Ads Campaign Management Sub Menu Validated
2025-05-07 10:17:53,449 INFO  Services_MobileAppMarketingAgency_Menu - URL Entered
2025-05-07 10:17:54,032 INFO  Services_MobileAppMarketingAgency_Menu - Mousehover to the Service Menu
2025-05-07 10:17:54,328 INFO  Services_MobileAppMarketingAgency_Menu - Mousehover to the Mobile App Marketing Agency Submenu
2025-05-07 10:17:57,184 INFO  Services_MobileAppMarketingAgency_Menu - Submenu clicked
2025-05-07 10:17:58,714 INFO  Services_MobileAppMarketingAgency_Menu - Mobile Games Marketing Sub Menu Validated
2025-05-07 10:17:59,110 INFO  Services_MobileAppMarketingAgency_Menu - URL Entered
2025-05-07 10:17:59,354 INFO  Services_MobileAppMarketingAgency_Menu - Mousehover to the Service Menu
2025-05-07 10:17:59,957 INFO  Services_MobileAppMarketingAgency_Menu - Mousehover to the Mobile App Marketing Agency Submenu
2025-05-07 10:18:02,673 INFO  Services_MobileAppMarketingAgency_Menu - Submenu clicked
2025-05-07 10:18:04,197 INFO  Services_MobileAppMarketingAgency_Menu - Mobile Pre Launch Activities Sub Menu Validated
2025-05-07 10:18:04,630 INFO  Services_MobileAppMarketingAgency_Menu - URL Entered
2025-05-07 10:18:04,838 INFO  Services_MobileAppMarketingAgency_Menu - Mousehover to the Service Menu
2025-05-07 10:18:05,456 INFO  Services_MobileAppMarketingAgency_Menu - Mousehover to the Mobile App Marketing Agency Submenu
2025-05-07 10:18:11,218 INFO  Services_MobileAppMarketingAgency_Menu - Submenu clicked
2025-05-07 10:18:12,740 INFO  Services_MobileAppMarketingAgency_Menu - Mobile App Market Research Sub Menu Validated
2025-05-07 10:18:13,173 INFO  Services_MobileAppMarketingAgency_Menu - URL Entered
2025-05-07 10:18:13,408 INFO  Services_MobileAppMarketingAgency_Menu - Mousehover to the Service Menu
2025-05-07 10:18:14,137 INFO  Services_MobileAppMarketingAgency_Menu - Mousehover to the Mobile App Marketing Agency Submenu
2025-05-07 10:18:16,780 INFO  Services_MobileAppMarketingAgency_Menu - Submenu clicked
2025-05-07 10:18:18,297 INFO  Services_MobileAppMarketingAgency_Menu - Mobile App Growth Marketing Sub Menu Validated
2025-05-07 10:18:18,701 INFO  Services_MobileAppMarketingAgency_Menu - URL Entered
2025-05-07 10:18:18,907 INFO  Services_MobileAppMarketingAgency_Menu - Mousehover to the Service Menu
2025-05-07 10:18:19,556 INFO  Services_MobileAppMarketingAgency_Menu - Mousehover to the Mobile App Marketing Agency Submenu
2025-05-07 10:18:22,272 INFO  Services_MobileAppMarketingAgency_Menu - Submenu clicked
2025-05-07 10:18:23,801 INFO  Services_MobileAppMarketingAgency_Menu - Mobile App Prototype Sub Menu Validated
