2025-05-07 10:11:00,319 INFO  Forms_Validation - Name Field Validated
2025-05-07 10:11:01,158 INFO  Forms_Validation - Email Field Validated
2025-05-07 10:11:01,405 INFO  Forms_Validation - Company Name Validated
2025-05-07 10:11:09,591 INFO  Forms_Validation - Select Interest is Validated
2025-05-07 10:11:13,001 INFO  Forms_Validation - Budget Field is Validated
2025-05-07 10:11:13,396 INFO  Forms_Validation - Requirement Field is validated
2025-05-07 10:11:13,396 INFO  Forms_Validation - Contact form Validated
2025-05-07 10:11:14,129 INFO  Forms_Validation - URL Entered
2025-05-07 10:11:16,459 INFO  Forms_Validation - Name Field Validated
2025-05-07 10:11:17,081 INFO  Forms_Validation - Email Field Validated
2025-05-07 10:11:17,590 INFO  Forms_Validation - Company Name Field Validated
2025-05-07 10:11:25,409 INFO  Forms_Validation - Select Interest is Validated
2025-05-07 10:11:27,821 INFO  Forms_Validation - Budget Field is Validated
2025-05-07 10:11:28,152 INFO  Forms_Validation - Requirement Field is validated
2025-05-07 10:11:28,152 INFO  Forms_Validation - Get Quote Form Validated
2025-05-07 10:11:28,945 INFO  Forms_Validation - URL Entered
2025-05-07 10:11:30,139 INFO  Forms_Validation - Name Field Validated
2025-05-07 10:11:30,213 INFO  Forms_Validation - Email Field Validated
2025-05-07 10:11:33,915 INFO  Forms_Validation - Select Interest is Validated
2025-05-07 10:11:41,475 INFO  Forms_Validation - Budget Field is Validated
2025-05-07 10:11:41,764 INFO  Forms_Validation - Requirement Field is validated
2025-05-07 10:11:41,764 INFO  Forms_Validation - Quick Consultation form Validated
2025-05-07 10:11:42,288 INFO  Forms_Validation - URL Entered
2025-05-07 10:11:44,361 INFO  Forms_Validation - Job Application Menu clicked
2025-05-07 10:11:47,826 INFO  Forms_Validation - Name Field Validated
2025-05-07 10:11:49,351 INFO  Forms_Validation - Email Field Validated
2025-05-07 10:11:50,653 INFO  Forms_Validation - phone number field validated
2025-05-07 10:11:54,641 INFO  Forms_Validation - Select Post is Validated
2025-05-07 10:11:56,433 INFO  Forms_Validation - Location Field is Validated
2025-05-07 10:11:58,622 INFO  Forms_Validation - Search Engine Field is Validated
2025-05-07 10:11:59,960 INFO  Forms_Validation - Gender Field Vaidated
2025-05-07 10:12:10,073 INFO  Forms_Validation - Year of Experience Field is Validated
2025-05-07 10:12:12,267 INFO  Forms_Validation - Month of experience Field is Validated
2025-05-07 10:12:12,392 INFO  Forms_Validation - Highest Qualification field is validated
2025-05-07 10:12:12,646 INFO  Forms_Validation - Key Skills field is validated
2025-05-07 10:12:12,748 INFO  Forms_Validation - Current Designation field is validated
2025-05-07 10:12:12,869 INFO  Forms_Validation - Current Location Field is validated
2025-05-07 10:12:12,869 INFO  Forms_Validation - Job Allication Form Validated
2025-05-07 10:12:13,573 INFO  Forms_Validation - URL Entered
2025-05-07 10:12:13,779 INFO  Forms_Validation - Moved to Home Element
2025-05-07 10:12:15,406 INFO  Forms_Validation - Online is Clicked
2025-05-07 10:12:16,776 INFO  Forms_Validation - Name Field Validated
2025-05-07 10:12:17,075 INFO  Forms_Validation - Email Field Validated
2025-05-07 10:12:17,185 INFO  Forms_Validation - Phone Field Validated
2025-05-07 10:12:19,564 INFO  Forms_Validation - Interested service validated
2025-05-07 10:12:19,800 INFO  Forms_Validation - Requirement field Validated
2025-05-07 10:12:20,001 INFO  Forms_Validation - Frame Closer Vaidated
2025-05-07 10:12:20,002 INFO  Forms_Validation - Send Message form Validated
2025-05-07 10:12:20,534 INFO  Forms_Validation - URL Entered
2025-05-07 10:12:21,724 INFO  Forms_Validation - Submenu clicked
2025-05-07 10:12:23,805 INFO  Forms_Validation - Name of the company Field Validated
2025-05-07 10:12:26,777 INFO  Forms_Validation - Number of employees is Validated
2025-05-07 10:12:29,783 INFO  Forms_Validation - Company Type is Validated
2025-05-07 10:12:32,703 INFO  Forms_Validation - Industry Experience Field is Validated
2025-05-07 10:12:41,216 INFO  Forms_Validation - TEch Expertise is Validated
2025-05-07 10:12:41,347 INFO  Forms_Validation - Tax ID Field Validated
2025-05-07 10:12:42,509 INFO  Forms_Validation - Registration Number Field Validated
2025-05-07 10:12:42,668 INFO  Forms_Validation - Address Field Validated
2025-05-07 10:12:42,763 INFO  Forms_Validation - City Field Validated
2025-05-07 10:12:42,849 INFO  Forms_Validation - Website Field Validated
2025-05-07 10:12:42,964 INFO  Forms_Validation - Portfolio URL Field Validated
2025-05-07 10:12:43,047 INFO  Forms_Validation - Name of the Contact person Field Validated
2025-05-07 10:12:43,126 INFO  Forms_Validation - Job title of contact person Field Validated
2025-05-07 10:12:43,279 INFO  Forms_Validation - Contact Number Field Validated
2025-05-07 10:12:43,378 INFO  Forms_Validation - Whatsapp  Field Validated
2025-05-07 10:12:43,504 INFO  Forms_Validation - Email field Field Validated
2025-05-07 10:12:43,631 INFO  Forms_Validation - Bank Details Field Validated
2025-05-07 10:12:43,714 INFO  Forms_Validation - Any Relevant Certificate Field Validated
2025-05-07 10:12:43,793 INFO  Forms_Validation - Decision Maker Field Validated
2025-05-07 10:12:43,909 INFO  Forms_Validation - Decision maker Email Field Validated
2025-05-07 10:12:44,135 INFO  Forms_Validation - Brief Description about the company Field Validated
2025-05-07 10:12:44,135 INFO  Forms_Validation - Vendor Registration form Validated
