2025-05-07 10:14:53,703 INFO  Header_About_Us_SubMenu - Submenu clicked
2025-05-07 10:14:53,748 INFO  Header_About_Us_SubMenu - Products Sub Menu Validated
2025-05-07 10:14:54,033 INFO  Header_About_Us_SubMenu - URL Entered
2025-05-07 10:14:55,206 INFO  Header_About_Us_SubMenu - Submenu clicked
2025-05-07 10:14:55,220 INFO  Header_About_Us_SubMenu - Become Our Representative Sub Menu Validated
2025-05-07 10:14:55,524 INFO  Header_About_Us_SubMenu - URL Entered
2025-05-07 10:14:56,122 INFO  Header_About_Us_SubMenu - Submenu clicked
2025-05-07 10:14:56,167 INFO  Header_About_Us_SubMenu - Business Models Sub Menu Validated
2025-05-07 10:14:56,508 INFO  Header_About_Us_SubMenu - URL Entered
2025-05-07 10:14:57,079 INFO  Header_About_Us_SubMenu - Submenu clicked
2025-05-07 10:14:57,143 INFO  Header_About_Us_SubMenu - Awards Sub Menu Validated
2025-05-07 10:14:57,448 INFO  Header_About_Us_SubMenu - URL Entered
2025-05-07 10:14:58,179 INFO  Header_About_Us_SubMenu - Submenu clicked
2025-05-07 10:14:58,199 INFO  Header_About_Us_SubMenu - Partner With Us Sub Menu Validated
2025-05-07 10:14:58,565 INFO  Header_About_Us_SubMenu - URL Entered
2025-05-07 10:14:59,170 INFO  Header_About_Us_SubMenu - Submenu clicked
2025-05-07 10:14:59,237 INFO  Header_About_Us_SubMenu - Testimonials Sub Menu Validated
2025-05-07 10:14:59,612 INFO  Header_About_Us_SubMenu - URL Entered
2025-05-07 10:15:00,165 INFO  Header_About_Us_SubMenu - Submenu clicked
2025-05-07 10:15:00,176 INFO  Header_About_Us_SubMenu - Vendor Registration Sub Menu Validated
2025-05-07 10:15:00,500 INFO  Header_About_Us_SubMenu - URL Entered
2025-05-07 10:15:01,032 INFO  Header_About_Us_SubMenu - Submenu clicked
2025-05-07 10:15:01,100 INFO  Header_About_Us_SubMenu - Technologies Sub Menu Validated
2025-05-07 10:15:01,382 INFO  Header_About_Us_SubMenu - URL Entered
2025-05-07 10:15:01,861 INFO  Header_About_Us_SubMenu - Submenu clicked
2025-05-07 10:15:01,909 INFO  Header_About_Us_SubMenu - Methodology Sub Menu Validated
2025-05-07 10:15:02,181 INFO  Header_About_Us_SubMenu - URL Entered
2025-05-07 10:15:02,675 INFO  Header_About_Us_SubMenu - Submenu clicked
2025-05-07 10:15:02,720 INFO  Header_About_Us_SubMenu - Alliances Sub Menu Validated
2025-05-07 10:15:03,015 INFO  Header_About_Us_SubMenu - URL Entered
2025-05-07 10:15:03,507 INFO  Header_About_Us_SubMenu - Submenu clicked
2025-05-07 10:15:03,565 INFO  Header_About_Us_SubMenu - Infrastructure Sub Menu Validated
2025-05-07 10:15:03,911 INFO  Header_About_Us_SubMenu - URL Entered
2025-05-07 10:15:04,373 INFO  Header_About_Us_SubMenu - Submenu clicked
2025-05-07 10:15:04,432 INFO  Header_About_Us_SubMenu - Group Companies Sub Menu Validated
