2025-05-07 10:17:57,184 INFO  Services_MobileAppMarketingAgency_Menu - Submenu clicked
2025-05-07 10:17:58,714 INFO  Services_MobileAppMarketingAgency_Menu - Mobile Games Marketing Sub Menu Validated
2025-05-07 10:17:59,110 INFO  Services_MobileAppMarketingAgency_Menu - URL Entered
2025-05-07 10:17:59,354 INFO  Services_MobileAppMarketingAgency_Menu - Mousehover to the Service Menu
2025-05-07 10:17:59,957 INFO  Services_MobileAppMarketingAgency_Menu - Mousehover to the Mobile App Marketing Agency Submenu
2025-05-07 10:18:02,673 INFO  Services_MobileAppMarketingAgency_Menu - Submenu clicked
2025-05-07 10:18:04,197 INFO  Services_MobileAppMarketingAgency_Menu - Mobile Pre Launch Activities Sub Menu Validated
2025-05-07 10:18:04,630 INFO  Services_MobileAppMarketingAgency_Menu - URL Entered
2025-05-07 10:18:04,838 INFO  Services_MobileAppMarketingAgency_Menu - Mousehover to the Service Menu
2025-05-07 10:18:05,456 INFO  Services_MobileAppMarketingAgency_Menu - Mousehover to the Mobile App Marketing Agency Submenu
2025-05-07 10:18:11,218 INFO  Services_MobileAppMarketingAgency_Menu - Submenu clicked
2025-05-07 10:18:12,740 INFO  Services_MobileAppMarketingAgency_Menu - Mobile App Market Research Sub Menu Validated
2025-05-07 10:18:13,173 INFO  Services_MobileAppMarketingAgency_Menu - URL Entered
2025-05-07 10:18:13,408 INFO  Services_MobileAppMarketingAgency_Menu - Mousehover to the Service Menu
2025-05-07 10:18:14,137 INFO  Services_MobileAppMarketingAgency_Menu - Mousehover to the Mobile App Marketing Agency Submenu
2025-05-07 10:18:16,780 INFO  Services_MobileAppMarketingAgency_Menu - Submenu clicked
2025-05-07 10:18:18,297 INFO  Services_MobileAppMarketingAgency_Menu - Mobile App Growth Marketing Sub Menu Validated
2025-05-07 10:18:18,701 INFO  Services_MobileAppMarketingAgency_Menu - URL Entered
2025-05-07 10:18:18,907 INFO  Services_MobileAppMarketingAgency_Menu - Mousehover to the Service Menu
2025-05-07 10:18:19,556 INFO  Services_MobileAppMarketingAgency_Menu - Mousehover to the Mobile App Marketing Agency Submenu
2025-05-07 10:18:22,272 INFO  Services_MobileAppMarketingAgency_Menu - Submenu clicked
2025-05-07 10:18:23,801 INFO  Services_MobileAppMarketingAgency_Menu - Mobile App Prototype Sub Menu Validated
