2025-05-07 10:14:17,524 INFO  Home_Menu_Body - Moved to Home Element
2025-05-07 10:14:17,582 INFO  Home_Menu_Body - AI Case Study clicked
2025-05-07 10:14:17,608 INFO  Home_Menu_Body - AI Case button Validated
2025-05-07 10:14:17,940 INFO  Home_Menu_Body - URL Entered
2025-05-07 10:14:18,160 INFO  Home_Menu_Body - Moved to Home Element
2025-05-07 10:14:18,254 INFO  Home_Menu_Body - Get A Free Consultation clicked
2025-05-07 10:14:21,549 INFO  Home_Menu_Body - URL Entered
2025-05-07 10:14:21,775 INFO  Home_Menu_Body - Moved to Home Element
2025-05-07 10:14:23,553 INFO  Home_Menu_Body - View all button clicked
2025-05-07 10:14:23,572 INFO  Home_Menu_Body - Latest Bolg ViewAll button Validated
2025-05-07 10:14:23,896 INFO  Home_Menu_Body - URL Entered
2025-05-07 10:14:25,339 INFO  Home_Menu_Body - Mobile App development arrow icon clicked
2025-05-07 10:14:25,373 INFO  Home_Menu_Body - Mobile App Development arrow icon Validated
2025-05-07 10:14:25,720 INFO  Home_Menu_Body - URL Entered
2025-05-07 10:14:27,081 INFO  Home_Menu_Body - Digital Marketing arrow icon clicked
2025-05-07 10:14:27,106 INFO  Home_Menu_Body - Digital Marketing arrow icon Validated
2025-05-07 10:14:27,440 INFO  Home_Menu_Body - URL Entered
2025-05-07 10:14:29,396 INFO  Home_Menu_Body - Mobile App Marketing Arrow icon clicked
2025-05-07 10:14:29,480 INFO  Home_Menu_Body - Mobile App Marketing  arrow icon Validated
2025-05-07 10:14:29,829 INFO  Home_Menu_Body - URL Entered
2025-05-07 10:14:31,344 INFO  Home_Menu_Body - Hire our Dedicated developer Icon clicked
2025-05-07 10:14:31,411 INFO  Home_Menu_Body - Hire Our Didicated Developers Sub Menu Validated
2025-05-07 10:14:31,741 INFO  Home_Menu_Body - URL Entered
2025-05-07 10:14:32,958 INFO  Home_Menu_Body - Web development icon clicked
2025-05-07 10:14:32,976 INFO  Home_Menu_Body - Web development arrow icon Validated
2025-05-07 10:14:33,359 INFO  Home_Menu_Body - URL Entered
2025-05-07 10:14:35,378 INFO  Home_Menu_Body - GIS Service arrow icon clicked
2025-05-07 10:14:35,393 INFO  Home_Menu_Body - GIS Services arrow icon Validated
2025-05-07 10:14:36,515 INFO  Home_Menu_Body - URL Entered
2025-05-07 10:14:37,497 INFO  Home_Menu_Body - URL Entered
2025-05-07 10:14:40,957 INFO  Home_Menu_Body - URL Entered
2025-05-07 10:14:44,516 INFO  Home_Menu_Body - Footer Alignment Mismatch
