2025-05-07 10:12:21,724 INFO  Forms_Validation - Submenu clicked
2025-05-07 10:12:23,805 INFO  Forms_Validation - Name of the company Field Validated
2025-05-07 10:12:26,777 INFO  Forms_Validation - Number of employees is Validated
2025-05-07 10:12:29,783 INFO  Forms_Validation - Company Type is Validated
2025-05-07 10:12:32,703 INFO  Forms_Validation - Industry Experience Field is Validated
2025-05-07 10:12:41,216 INFO  Forms_Validation - TEch Expertise is Validated
2025-05-07 10:12:41,347 INFO  Forms_Validation - Tax ID Field Validated
2025-05-07 10:12:42,509 INFO  Forms_Validation - Registration Number Field Validated
2025-05-07 10:12:42,668 INFO  Forms_Validation - Address Field Validated
2025-05-07 10:12:42,763 INFO  Forms_Validation - City Field Validated
2025-05-07 10:12:42,849 INFO  Forms_Validation - Website Field Validated
2025-05-07 10:12:42,964 INFO  Forms_Validation - Portfolio URL Field Validated
2025-05-07 10:12:43,047 INFO  Forms_Validation - Name of the Contact person Field Validated
2025-05-07 10:12:43,126 INFO  Forms_Validation - Job title of contact person Field Validated
2025-05-07 10:12:43,279 INFO  Forms_Validation - Contact Number Field Validated
2025-05-07 10:12:43,378 INFO  Forms_Validation - Whatsapp  Field Validated
2025-05-07 10:12:43,504 INFO  Forms_Validation - Email field Field Validated
2025-05-07 10:12:43,631 INFO  Forms_Validation - Bank Details Field Validated
2025-05-07 10:12:43,714 INFO  Forms_Validation - Any Relevant Certificate Field Validated
2025-05-07 10:12:43,793 INFO  Forms_Validation - Decision Maker Field Validated
2025-05-07 10:12:43,909 INFO  Forms_Validation - Decision maker Email Field Validated
2025-05-07 10:12:44,135 INFO  Forms_Validation - Brief Description about the company Field Validated
2025-05-07 10:12:44,135 INFO  Forms_Validation - Vendor Registration form Validated
